<program> at 1:1.
  <body> at 3:5.
    <vardef> at 3:5.
      <type> at 3:5.
      </type> at 3:9.
    </vardef> at 5:5.
    <statements> at 5:5.
      <statement> at 5:5.
        <input> at 5:5.
        </input> at 5:13.
      </statement> at 5:13.
      <statement> at 7:5.
        <if> at 7:5.
          <expr> at 7:8.
            <simple> at 7:8.
              <term> at 7:8.
                <factor> at 7:8.
                </factor> at 7:10.
              </term> at 7:10.
            </simple> at 7:10.
            <simple> at 7:12.
              <term> at 7:12.
                <factor> at 7:12.
                </factor> at 7:13.
              </term> at 7:13.
            </simple> at 7:13.
          </expr> at 7:13.
          <statements> at 8:9.
            <statement> at 8:9.
