<program> at 1:1.
  <body> at 3:5.
    <vardef> at 3:5.
      <type> at 3:5.
      </type> at 3:9.
    </vardef> at 5:5.
    <statements> at 5:5.
      <statement> at 5:5.
        <output> at 5:5.
        </output> at 5:40.
      </statement> at 5:40.
      <statement> at 6:5.
        <input> at 6:5.
        </input> at 6:13.
      </statement> at 6:13.
      <statement> at 7:5.
        <output> at 7:5.
          <expr> at 7:30.
            <simple> at 7:30.
              <term> at 7:30.
                <factor> at 7:30.
                </factor> at 7:32.
              </term> at 7:32.
            </simple> at 7:32.
          </expr> at 7:32.
        </output> at 7:40.
      </statement> at 7:40.
    </statements> at 7:40.
  </body> at 7:40.
</program> at 7:40.
Success!
