<program> at 1:1.
  <subdef> at 5:1.
    <type> at 5:9.
    </type> at 5:19.
    <type> at 5:22.
    </type> at 5:26.
    <type> at 5:29.
    </type> at 5:33.
    <type> at 5:39.
    </type> at 5:42.
    <body> at 6:5.
      <vardef> at 6:5.
        <type> at 6:5.
        </type> at 6:9.
      </vardef> at 8:5.
      <statements> at 8:5.
        <statement> at 8:5.
          <assign> at 8:5.
            <expr> at 8:13.
              <simple> at 8:13.
                <term> at 8:13.
                  <factor> at 8:13.
                  </factor> at 8:14.
                </term> at 8:14.
              </simple> at 8:14.
            </expr> at 8:14.
          </assign> at 8:14.
        </statement> at 8:14.
        <statement> at 9:5.
          <assign> at 9:5.
            <expr> at 9:15.
              <simple> at 9:15.
                <term> at 9:15.
                  <factor> at 9:15.
                  </factor> at 9:16.
                </term> at 9:16.
              </simple> at 9:16.
            </expr> at 9:16.
          </assign> at 9:16.
        </statement> at 9:16.
        <statement> at 10:5.
          <while> at 10:5.
            <expr> at 10:11.
              <simple> at 10:11.
                <term> at 10:11.
                  <factor> at 10:11.
                  </factor> at 10:13.
                </term> at 10:13.
              </simple> at 10:13.
              <simple> at 10:15.
                <term> at 10:15.
                  <factor> at 10:15.
                  </factor> at 10:16.
                </term> at 10:16.
              </simple> at 10:16.
            </expr> at 10:16.
            <statements> at 11:9.
              <statement> at 11:9.
                <if> at 11:9.
                  <expr> at 11:12.
                    <simple> at 11:12.
                      <term> at 11:12.
                        <factor> at 11:12.
                          <index> at 11:13.
                            <simple> at 11:14.
                              <term> at 11:14.
                                <factor> at 11:14.
                                </factor> at 11:15.
                              </term> at 11:15.
                            </simple> at 11:15.
                          </index> at 11:17.
                        </factor> at 11:17.
                      </term> at 11:17.
                    </simple> at 11:17.
                    <simple> at 11:19.
                      <term> at 11:19.
                        <factor> at 11:19.
                          <index> at 11:20.
                            <simple> at 11:21.
                              <term> at 11:21.
                                <factor> at 11:21.
                                </factor> at 11:24.
                              </term> at 11:24.
                            </simple> at 11:24.
                          </index> at 11:25.
                        </factor> at 11:25.
                      </term> at 11:25.
                    </simple> at 11:25.
                  </expr> at 11:25.
                  <statements> at 12:13.
                    <statement> at 12:13.
                      <assign> at 12:13.
                        <expr> at 12:23.
                          <simple> at 12:23.
                            <term> at 12:23.
                              <factor> at 12:23.
                              </factor> at 13:9.
                            </term> at 13:9.
                          </simple> at 13:9.
                        </expr> at 13:9.
                      </assign> at 13:9.
                    </statement> at 13:9.
                  </statements> at 13:9.
                </if> at 13:12.
              </statement> at 13:12.
              <statement> at 14:9.
                <assign> at 14:9.
                  <expr> at 14:17.
                    <simple> at 14:17.
                      <term> at 14:17.
                        <factor> at 14:17.
                        </factor> at 14:19.
                      </term> at 14:19.
                      <term> at 14:21.
                        <factor> at 14:21.
                        </factor> at 15:5.
                      </term> at 15:5.
                    </simple> at 15:5.
                  </expr> at 15:5.
                </assign> at 15:5.
              </statement> at 15:5.
            </statements> at 15:5.
          </while> at 15:8.
        </statement> at 15:8.
        <statement> at 17:5.
          <return> at 17:5.
            <expr> at 17:12.
              <simple> at 17:12.
                <term> at 17:12.
                  <factor> at 17:12.
                  </factor> at 20:1.
                </term> at 20:1.
              </simple> at 20:1.
            </expr> at 20:1.
          </return> at 20:1.
        </statement> at 20:1.
      </statements> at 20:1.
    </body> at 20:1.
  </subdef> at 20:1.
  <subdef> at 20:1.
    <type> at 20:6.
    </type> at 20:16.
    <type> at 20:19.
    </type> at 20:23.
    <body> at 21:5.
      <vardef> at 21:5.
        <type> at 21:5.
        </type> at 21:9.
      </vardef> at 23:5.
      <statements> at 23:5.
        <statement> at 23:5.
          <assign> at 23:5.
            <expr> at 23:13.
              <simple> at 23:13.
                <term> at 23:13.
                  <factor> at 23:13.
                  </factor> at 23:14.
                </term> at 23:14.
              </simple> at 23:14.
            </expr> at 23:14.
          </assign> at 23:14.
        </statement> at 23:14.
        <statement> at 24:5.
          <while> at 24:5.
            <expr> at 24:11.
              <simple> at 24:11.
                <term> at 24:11.
                  <factor> at 24:11.
                  </factor> at 24:13.
                </term> at 24:13.
              </simple> at 24:13.
              <simple> at 24:15.
                <term> at 24:15.
                  <factor> at 24:15.
                  </factor> at 24:16.
                </term> at 24:16.
              </simple> at 24:16.
            </expr> at 24:16.
            <statements> at 26:9.
              <statement> at 26:9.
                <assign> at 26:9.
                  <expr> at 26:19.
                    <simple> at 26:19.
                      <term> at 26:19.
                        <factor> at 26:19.
                          <arglist> at 26:26.
                            <expr> at 26:27.
                              <simple> at 26:27.
                                <term> at 26:27.
                                  <factor> at 26:27.
                                  </factor> at 26:28.
                                </term> at 26:28.
                              </simple> at 26:28.
                            </expr> at 26:28.
                            <expr> at 26:30.
                              <simple> at 26:30.
                                <term> at 26:30.
                                  <factor> at 26:30.
                                  </factor> at 26:31.
                                </term> at 26:31.
                              </simple> at 26:31.
                            </expr> at 26:31.
                            <expr> at 26:33.
                              <simple> at 26:33.
                                <term> at 26:33.
                                  <factor> at 26:33.
                                  </factor> at 26:34.
                                </term> at 26:34.
                              </simple> at 26:34.
                            </expr> at 26:34.
                          </arglist> at 26:35.
                        </factor> at 26:35.
                      </term> at 26:35.
                    </simple> at 26:35.
                  </expr> at 26:35.
                </assign> at 26:35.
              </statement> at 26:35.
              <statement> at 29:9.
                <assign> at 29:9.
                  <expr> at 29:19.
                    <simple> at 29:19.
                      <term> at 29:19.
                        <factor> at 29:19.
                          <index> at 29:20.
                            <simple> at 29:21.
                              <term> at 29:21.
                                <factor> at 29:21.
                                </factor> at 29:24.
                              </term> at 29:24.
                            </simple> at 29:24.
                          </index> at 29:25.
                        </factor> at 29:25.
                      </term> at 29:25.
                    </simple> at 29:25.
                  </expr> at 29:25.
                </assign> at 29:25.
              </statement> at 29:25.
              <statement> at 30:9.
                <assign> at 30:9.
                  <index> at 30:14.
                    <simple> at 30:15.
                      <term> at 30:15.
                        <factor> at 30:15.
                        </factor> at 30:18.
                      </term> at 30:18.
                    </simple> at 30:18.
                  </index> at 30:20.
                  <expr> at 30:22.
                    <simple> at 30:22.
                      <term> at 30:22.
                        <factor> at 30:22.
                          <index> at 30:23.
                            <simple> at 30:24.
                              <term> at 30:24.
                                <factor> at 30:24.
                                </factor> at 30:25.
                              </term> at 30:25.
                            </simple> at 30:25.
                          </index> at 30:26.
                        </factor> at 30:26.
                      </term> at 30:26.
                    </simple> at 30:26.
                  </expr> at 30:26.
                </assign> at 30:26.
              </statement> at 30:26.
              <statement> at 31:9.
                <assign> at 31:9.
                  <index> at 31:14.
                    <simple> at 31:15.
                      <term> at 31:15.
                        <factor> at 31:15.
                        </factor> at 31:16.
                      </term> at 31:16.
                    </simple> at 31:16.
                  </index> at 31:18.
                  <expr> at 31:20.
                    <simple> at 31:20.
                      <term> at 31:20.
                        <factor> at 31:20.
                        </factor> at 31:23.
                      </term> at 31:23.
                    </simple> at 31:23.
                  </expr> at 31:23.
                </assign> at 31:23.
              </statement> at 31:23.
              <statement> at 34:9.
                <assign> at 34:9.
                  <expr> at 34:17.
                    <simple> at 34:17.
                      <term> at 34:17.
                        <factor> at 34:17.
                        </factor> at 34:19.
                      </term> at 34:19.
                      <term> at 34:21.
                        <factor> at 34:21.
                        </factor> at 35:5.
                      </term> at 35:5.
                    </simple> at 35:5.
                  </expr> at 35:5.
                </assign> at 35:5.
              </statement> at 35:5.
            </statements> at 35:5.
          </while> at 38:1.
        </statement> at 38:1.
      </statements> at 38:1.
    </body> at 38:1.
  </subdef> at 38:1.
  <body> at 39:5.
    <vardef> at 39:5.
      <type> at 39:5.
      </type> at 39:9.
    </vardef> at 40:5.
    <vardef> at 40:5.
      <type> at 40:5.
      </type> at 40:15.
    </vardef> at 43:5.
    <statements> at 43:5.
      <statement> at 43:5.
        <input> at 43:5.
        </input> at 43:13.
      </statement> at 43:13.
      <statement> at 44:5.
        <assign> at 44:5.
          <simple> at 44:19.
            <term> at 44:19.
              <factor> at 44:19.
              </factor> at 44:20.
            </term> at 44:20.
          </simple> at 44:20.
        </assign> at 44:20.
      </statement> at 44:20.
      <statement> at 47:5.
        <assign> at 47:5.
          <expr> at 47:13.
            <simple> at 47:13.
              <term> at 47:13.
                <factor> at 47:13.
                </factor> at 47:14.
              </term> at 47:14.
            </simple> at 47:14.
          </expr> at 47:14.
        </assign> at 47:14.
      </statement> at 47:14.
      <statement> at 48:5.
        <while> at 48:5.
          <expr> at 48:11.
            <simple> at 48:11.
              <term> at 48:11.
                <factor> at 48:11.
                </factor> at 48:13.
              </term> at 48:13.
            </simple> at 48:13.
            <simple> at 48:15.
              <term> at 48:15.
                <factor> at 48:15.
                </factor> at 48:16.
              </term> at 48:16.
            </simple> at 48:16.
          </expr> at 48:16.
          <statements> at 49:9.
            <statement> at 49:9.
              <input> at 49:9.
                <index> at 49:16.
                  <simple> at 49:17.
                    <term> at 49:17.
                      <factor> at 49:17.
                      </factor> at 49:18.
                    </term> at 49:18.
                  </simple> at 49:18.
                </index> at 49:19.
              </input> at 49:20.
            </statement> at 49:20.
            <statement> at 50:9.
              <assign> at 50:9.
                <expr> at 50:17.
                  <simple> at 50:17.
                    <term> at 50:17.
                      <factor> at 50:17.
                      </factor> at 50:19.
                    </term> at 50:19.
                    <term> at 50:21.
                      <factor> at 50:21.
                      </factor> at 51:5.
                    </term> at 51:5.
                  </simple> at 51:5.
                </expr> at 51:5.
              </assign> at 51:5.
            </statement> at 51:5.
          </statements> at 51:5.
        </while> at 51:8.
      </statement> at 51:8.
      <statement> at 54:5.
        <call> at 54:5.
          <arglist> at 54:9.
            <expr> at 54:10.
              <simple> at 54:10.
                <term> at 54:10.
                  <factor> at 54:10.
                  </factor> at 54:11.
                </term> at 54:11.
              </simple> at 54:11.
            </expr> at 54:11.
            <expr> at 54:13.
              <simple> at 54:13.
                <term> at 54:13.
                  <factor> at 54:13.
                  </factor> at 54:14.
                </term> at 54:14.
              </simple> at 54:14.
            </expr> at 54:14.
          </arglist> at 54:15.
        </call> at 54:15.
      </statement> at 54:15.
      <statement> at 55:5.
        <output> at 55:5.
        </output> at 55:16.
      </statement> at 55:16.
      <statement> at 56:5.
        <assign> at 56:5.
          <expr> at 56:13.
            <simple> at 56:13.
              <term> at 56:13.
                <factor> at 56:13.
                </factor> at 56:14.
              </term> at 56:14.
            </simple> at 56:14.
          </expr> at 56:14.
        </assign> at 56:14.
      </statement> at 56:14.
      <statement> at 57:5.
        <while> at 57:5.
          <expr> at 57:11.
            <simple> at 57:11.
              <term> at 57:11.
                <factor> at 57:11.
                </factor> at 57:13.
              </term> at 57:13.
            </simple> at 57:13.
            <simple> at 57:15.
              <term> at 57:15.
                <factor> at 57:15.
                </factor> at 57:16.
              </term> at 57:16.
            </simple> at 57:16.
          </expr> at 57:16.
          <statements> at 58:9.
            <statement> at 58:9.
              <output> at 58:9.
                <expr> at 58:16.
                  <simple> at 58:16.
                    <term> at 58:16.
                      <factor> at 58:16.
                        <index> at 58:17.
                          <simple> at 58:18.
                            <term> at 58:18.
                              <factor> at 58:18.
                              </factor> at 58:19.
                            </term> at 58:19.
                          </simple> at 58:19.
                        </index> at 58:20.
                      </factor> at 58:20.
                    </term> at 58:20.
                  </simple> at 58:20.
                </expr> at 58:20.
              </output> at 58:21.
            </statement> at 58:21.
            <statement> at 59:9.
              <assign> at 59:9.
                <expr> at 59:17.
                  <simple> at 59:17.
                    <term> at 59:17.
                      <factor> at 59:17.
                      </factor> at 59:19.
                    </term> at 59:19.
                    <term> at 59:21.
                      <factor> at 59:21.
                      </factor> at 59:22.
                    </term> at 59:22.
                  </simple> at 59:22.
                </expr> at 59:22.
              </assign> at 59:22.
            </statement> at 59:22.
            <statement> at 60:9.
              <if> at 60:9.
                <expr> at 60:12.
                  <simple> at 60:12.
                    <term> at 60:12.
                      <factor> at 60:12.
                      </factor> at 60:14.
                    </term> at 60:14.
                  </simple> at 60:14.
                  <simple> at 60:17.
                    <term> at 60:17.
                      <factor> at 60:17.
                      </factor> at 60:18.
                    </term> at 60:18.
                  </simple> at 60:18.
                </expr> at 60:18.
                <statements> at 61:13.
                  <statement> at 61:13.
                    <output> at 61:13.
                    </output> at 62:9.
                  </statement> at 62:9.
                </statements> at 62:9.
              </if> at 63:5.
            </statement> at 63:5.
          </statements> at 63:5.
        </while> at 63:8.
      </statement> at 63:8.
      <statement> at 64:5.
        <output> at 64:5.
        </output> at 64:18.
      </statement> at 64:18.
    </statements> at 64:18.
  </body> at 64:18.
</program> at 64:18.
Success!
