<program> at 2:1.
  <body> at 5:5.
    <vardef> at 5:5.
      <type> at 5:5.
      </type> at 5:9.
    </vardef> at 6:5.
    <vardef> at 6:5.
      <type> at 6:5.
      </type> at 6:15.
    </vardef> at 7:5.
    <statements> at 7:5.
      <statement> at 7:5.
        <assign> at 7:5.
          <expr> at 7:13.
            <simple> at 7:13.
              <term> at 7:13.
                <factor> at 7:13.
                  <index> at 7:20.
                    <simple> at 7:21.
                      <term> at 7:21.
                        <factor> at 7:21.
                        </factor> at 7:25.
                      </term> at 7:25.
                    </simple> at 7:25.
