<program> at 2:1.
  <subdef> at 4:1.
    <type> at 4:16.
    </type> at 4:20.
    <body> at 5:5.
      <statements> at 5:5.
      </statements> at 7:1.
    </body> at 7:1.
  </subdef> at 7:1.
  <body> at 8:5.
    <statements> at 8:5.
      <statement> at 8:5.
        <call> at 8:5.
          <arglist> at 8:19.
            <expr> at 8:20.
              <simple> at 8:20.
                <term> at 8:20.
                  <factor> at 8:20.
                  </factor> at 8:24.
                </term> at 8:24.
              </simple> at 8:24.
            </expr> at 8:24.
