<program> at 1:1.
  <body> at 4:5.
    <vardef> at 4:5.
      <type> at 4:5.
      </type> at 4:9.
    </vardef> at 5:5.
    <vardef> at 5:5.
      <type> at 5:5.
      </type> at 5:9.
    </vardef> at 6:5.
    <vardef> at 6:5.
      <type> at 6:5.
      </type> at 6:9.
    </vardef> at 8:5.
    <statements> at 8:5.
      <statement> at 8:5.
        <assign> at 8:5.
          <expr> at 8:33.
            <simple> at 8:33.
              <term> at 8:33.
                <factor> at 8:33.
                </factor> at 8:34.
              </term> at 8:34.
            </simple> at 8:34.
          </expr> at 8:34.
        </assign> at 8:34.
      </statement> at 8:34.
      <statement> at 10:5.
        <output> at 10:5.
        </output> at 11:5.
      </statement> at 11:5.
    </statements> at 11:5.
  </body> at 11:5.
