<program> at 1:1.
  <body> at 3:5.
    <vardef> at 3:5.
      <type> at 3:5.
      </type> at 3:9.
    </vardef> at 4:5.
    <statements> at 4:5.
      <statement> at 4:5.
        <while> at 4:5.
          <expr> at 4:11.
            <simple> at 4:11.
              <term> at 4:11.
                <factor> at 4:11.
                </factor> at 4:13.
              </term> at 4:13.
            </simple> at 4:13.
            <simple> at 4:15.
              <term> at 4:15.
                <factor> at 4:15.
                </factor> at 4:16.
              </term> at 4:16.
            </simple> at 4:16.
          </expr> at 4:16.
          <statements> at 5:5.
            <statement> at 5:5.
