<program> at 1:1.
  <body> at 3:5.
    <statements> at 3:5.
      <statement> at 3:5.
        <output> at 3:5.
          <expr> at 3:12.
            <simple> at 3:12.
              <term> at 3:12.
                <factor> at 3:12.
                  <expr> at 3:13.
                    <simple> at 3:13.
                      <term> at 3:13.
                        <factor> at 3:13.
                        </factor> at 3:17.
                      </term> at 3:17.
                    </simple> at 3:17.
                  </expr> at 3:17.
                </factor> at 3:18.
              </term> at 3:18.
            </simple> at 3:18.
          </expr> at 3:18.
