<program> at 1:1.
  <body> at 3:5.
    <vardef> at 3:5.
      <type> at 3:5.
      </type> at 3:9.
    </vardef> at 4:5.
    <vardef> at 4:5.
      <type> at 4:5.
      </type> at 4:15.
    </vardef> at 5:5.
    <vardef> at 5:5.
      <type> at 5:5.
      </type> at 5:10.
    </vardef> at 6:5.
    <vardef> at 6:5.
      <type> at 6:5.
      </type> at 6:16.
    </vardef> at 8:5.
    <statements> at 8:5.
      <statement> at 8:5.
        <assign> at 8:5.
          <expr> at 8:13.
            <simple> at 8:13.
              <term> at 8:13.
                <factor> at 8:13.
                </factor> at 8:14.
              </term> at 8:14.
            </simple> at 8:14.
          </expr> at 8:14.
        </assign> at 8:14.
      </statement> at 8:14.
      <statement> at 9:5.
        <assign> at 9:5.
