<program> at 2:5.
  <subdef> at 3:5.
    <type> at 3:20.
    </type> at 3:24.
    <body> at 4:9.
      <statements> at 4:9.
      </statements> at 7:5.
    </body> at 7:5.
  </subdef> at 7:5.
  <body> at 8:9.
    <statements> at 8:9.
      <statement> at 8:9.
        <call> at 8:9.
          <arglist> at 8:23.
            <expr> at 8:24.
              <simple> at 8:24.
                <term> at 8:24.
                  <factor> at 8:24.
                  </factor> at 8:25.
                </term> at 8:25.
              </simple> at 8:25.
            </expr> at 8:25.
