<program> at 2:1.
  <body> at 5:5.
    <vardef> at 5:5.
      <type> at 5:5.
      </type> at 5:9.
    </vardef> at 6:5.
    <vardef> at 6:5.
      <type> at 6:5.
      </type> at 6:10.
    </vardef> at 7:5.
    <statements> at 7:5.
      <statement> at 7:5.
        <assign> at 7:5.
          <expr> at 7:17.
            <simple> at 7:17.
              <term> at 7:17.
                <factor> at 7:17.
                </factor> at 7:23.
              </term> at 7:23.
            </simple> at 7:23.
          </expr> at 7:23.
