<program> at 2:1.
  <body> at 5:5.
    <vardef> at 5:5.
      <type> at 5:5.
      </type> at 5:9.
    </vardef> at 6:5.
    <vardef> at 6:5.
      <type> at 6:5.
      </type> at 6:10.
    </vardef> at 7:5.
    <vardef> at 7:5.
      <type> at 7:5.
      </type> at 7:9.
    </vardef> at 8:5.
    <statements> at 8:5.
      <statement> at 8:5.
        <assign> at 8:5.
          <expr> at 8:13.
            <simple> at 8:13.
              <term> at 8:13.
                <factor> at 8:13.
                </factor> at 8:19.
              </term> at 8:19.
              <term> at 8:21.
                <factor> at 8:21.
                </factor> at 8:27.
              </term> at 8:27.
