<program> at 1:1.
  <body> at 3:2.
    <vardef> at 3:2.
      <type> at 3:2.
      </type> at 3:12.
    </vardef> at 4:2.
    <vardef> at 4:2.
      <type> at 4:2.
      </type> at 4:6.
    </vardef> at 6:2.
    <statements> at 6:2.
      <statement> at 6:2.
        <output> at 6:2.
          <expr> at 6:9.
            <simple> at 6:9.
              <term> at 6:9.
                <factor> at 6:9.
                </factor> at 6:12.
              </term> at 6:12.
            </simple> at 6:12.
          </expr> at 6:12.
