<program> at 1:1.
  <subdef> at 3:1.
    <type> at 3:5.
    </type> at 3:9.
    <type> at 3:12.
    </type> at 3:16.
    <type> at 3:22.
    </type> at 3:25.
    <body> at 5:2.
      <statements> at 5:2.
        <statement> at 5:2.
          <return> at 5:2.
            <expr> at 5:9.
              <simple> at 5:9.
                <term> at 5:9.
                  <factor> at 5:9.
                  </factor> at 7:1.
                </term> at 7:1.
              </simple> at 7:1.
            </expr> at 7:1.
          </return> at 7:1.
        </statement> at 7:1.
      </statements> at 7:1.
    </body> at 7:1.
  </subdef> at 7:1.
  <body> at 8:2.
    <vardef> at 8:2.
      <type> at 8:2.
      </type> at 8:6.
    </vardef> at 9:2.
    <vardef> at 9:2.
      <type> at 9:2.
      </type> at 9:12.
    </vardef> at 11:2.
    <statements> at 11:2.
      <statement> at 11:2.
        <assign> at 11:2.
          <expr> at 11:10.
            <simple> at 11:10.
              <term> at 11:10.
                <factor> at 11:10.
                  <factor> at 11:14.
                  </factor> at 13:2.
