<program> at 1:1.
  <subdef> at 2:5.
    <type> at 2:9.
    </type> at 2:13.
    <type> at 2:16.
    </type> at 2:20.
    <type> at 2:23.
    </type> at 2:28.
    <type> at 2:34.
    </type> at 2:37.
    <body> at 3:5.
      <vardef> at 3:5.
        <type> at 3:5.
        </type> at 3:9.
      </vardef> at 4:9.
      <statements> at 4:9.
        <statement> at 4:9.
          <assign> at 4:9.
            <expr> at 4:22.
              <simple> at 4:22.
                <term> at 4:22.
                  <factor> at 4:22.
                  </factor> at 4:24.
                </term> at 4:24.
                <term> at 4:26.
                  <factor> at 4:26.
                  </factor> at 4:27.
                </term> at 4:27.
              </simple> at 4:27.
            </expr> at 4:27.
          </assign> at 4:27.
        </statement> at 4:27.
        <statement> at 5:9.
          <return> at 5:9.
            <expr> at 5:16.
              <simple> at 5:16.
                <term> at 5:16.
                  <factor> at 5:16.
                  </factor> at 7:5.
                </term> at 7:5.
              </simple> at 7:5.
            </expr> at 7:5.
          </return> at 7:5.
        </statement> at 7:5.
      </statements> at 7:5.
    </body> at 7:5.
  </subdef> at 7:5.
  <subdef> at 7:5.
    <type> at 7:14.
    </type> at 7:18.
    <type> at 7:21.
    </type> at 7:25.
    <type> at 7:31.
    </type> at 7:34.
    <body> at 8:6.
      <vardef> at 8:6.
        <type> at 8:6.
        </type> at 8:10.
      </vardef> at 9:6.
      <statements> at 9:6.
        <statement> at 9:6.
          <input> at 9:6.
          </input> at 9:19.
        </statement> at 9:19.
        <statement> at 10:9.
          <assign> at 10:9.
            <expr> at 10:22.
              <simple> at 10:22.
                <term> at 10:22.
                  <factor> at 10:22.
                  </factor> at 10:24.
                </term> at 10:24.
                <term> at 10:26.
                  <factor> at 10:26.
                  </factor> at 10:27.
                </term> at 10:27.
              </simple> at 10:27.
            </expr> at 10:27.
          </assign> at 10:27.
        </statement> at 10:27.
        <statement> at 11:9.
          <return> at 11:9.
            <expr> at 11:16.
              <simple> at 11:16.
                <term> at 11:16.
                  <factor> at 11:16.
                  </factor> at 13:5.
                </term> at 13:5.
              </simple> at 13:5.
            </expr> at 13:5.
          </return> at 13:5.
        </statement> at 13:5.
      </statements> at 13:5.
    </body> at 13:5.
  </subdef> at 13:5.
  <body> at 14:6.
    <vardef> at 14:6.
      <type> at 14:6.
      </type> at 14:10.
    </vardef> at 15:9.
    <statements> at 15:9.
      <statement> at 15:9.
        <assign> at 15:9.
          <expr> at 15:17.
            <simple> at 15:17.
              <term> at 15:17.
                <factor> at 15:17.
                </factor> at 15:18.
              </term> at 15:18.
            </simple> at 15:18.
          </expr> at 15:18.
        </assign> at 15:18.
      </statement> at 15:18.
      <statement> at 16:9.
        <assign> at 16:9.
          <expr> at 16:17.
            <simple> at 16:17.
              <term> at 16:17.
                <factor> at 16:17.
                </factor> at 16:18.
              </term> at 16:18.
            </simple> at 16:18.
          </expr> at 16:18.
        </assign> at 16:18.
      </statement> at 16:18.
      <statement> at 17:9.
        <input> at 17:9.
        </input> at 17:17.
      </statement> at 17:17.
      <statement> at 18:9.
        <assign> at 18:9.
          <expr> at 18:19.
            <simple> at 18:19.
              <term> at 18:19.
                <factor> at 18:19.
                  <arglist> at 18:22.
                    <expr> at 18:23.
                      <simple> at 18:23.
                        <term> at 18:23.
                          <factor> at 18:23.
                            <arglist> at 18:31.
                              <expr> at 18:32.
                                <simple> at 18:32.
                                  <term> at 18:32.
                                    <factor> at 18:32.
                                    </factor> at 18:33.
                                  </term> at 18:33.
                                </simple> at 18:33.
                              </expr> at 18:33.
                              <expr> at 18:35.
                                <simple> at 18:35.
                                  <term> at 18:35.
                                    <factor> at 18:35.
                                    </factor> at 18:36.
                                  </term> at 18:36.
                                </simple> at 18:36.
                              </expr> at 18:36.
                            </arglist> at 18:37.
                          </factor> at 18:37.
                        </term> at 18:37.
                      </simple> at 18:37.
                    </expr> at 18:37.
                    <expr> at 18:39.
                      <simple> at 18:39.
                        <term> at 18:39.
                          <factor> at 18:39.
                          </factor> at 18:40.
                        </term> at 18:40.
                      </simple> at 18:40.
                    </expr> at 18:40.
                    <expr> at 18:42.
                      <simple> at 18:42.
                        <term> at 18:42.
                          <factor> at 18:42.
                          </factor> at 18:46.
                        </term> at 18:46.
                      </simple> at 18:46.
                    </expr> at 18:46.
                  </arglist> at 18:47.
                </factor> at 18:47.
              </term> at 18:47.
            </simple> at 18:47.
          </expr> at 18:47.
        </assign> at 18:47.
      </statement> at 18:47.
      <statement> at 19:9.
        <assign> at 19:9.
          <expr> at 19:26.
            <simple> at 19:26.
              <term> at 19:26.
                <factor> at 19:26.
                  <arglist> at 19:34.
                    <expr> at 19:35.
                      <simple> at 19:35.
                        <term> at 19:35.
                          <factor> at 19:35.
                          </factor> at 19:36.
                        </term> at 19:36.
                      </simple> at 19:36.
                    </expr> at 19:36.
                    <expr> at 19:38.
                      <simple> at 19:38.
                        <term> at 19:38.
                          <factor> at 19:38.
                          </factor> at 19:39.
                        </term> at 19:39.
                      </simple> at 19:39.
                    </expr> at 19:39.
                  </arglist> at 19:40.
                </factor> at 19:40.
              </term> at 19:40.
            </simple> at 19:40.
          </expr> at 19:40.
        </assign> at 19:40.
      </statement> at 19:40.
      <statement> at 20:9.
        <output> at 20:9.
          <expr> at 20:32.
            <simple> at 20:32.
              <term> at 20:32.
                <factor> at 20:32.
                </factor> at 20:33.
              </term> at 20:33.
            </simple> at 20:33.
          </expr> at 20:33.
          <expr> at 20:46.
            <simple> at 20:46.
              <term> at 20:46.
                <factor> at 20:46.
                </factor> at 20:47.
              </term> at 20:47.
            </simple> at 20:47.
          </expr> at 20:47.
          <expr> at 20:59.
            <simple> at 20:59.
              <term> at 20:59.
                <factor> at 20:59.
                </factor> at 20:62.
              </term> at 20:62.
            </simple> at 20:62.
          </expr> at 20:62.
        </output> at 20:63.
      </statement> at 20:63.
      <statement> at 21:9.
        <output> at 21:9.
          <expr> at 21:44.
            <simple> at 21:44.
              <term> at 21:44.
                <factor> at 21:44.
                </factor> at 21:45.
              </term> at 21:45.
            </simple> at 21:45.
          </expr> at 21:45.
          <expr> at 21:58.
            <simple> at 21:58.
              <term> at 21:58.
                <factor> at 21:58.
                </factor> at 21:59.
              </term> at 21:59.
            </simple> at 21:59.
          </expr> at 21:59.
          <expr> at 21:71.
            <simple> at 21:71.
              <term> at 21:71.
                <factor> at 21:71.
                </factor> at 21:81.
              </term> at 21:81.
            </simple> at 21:81.
          </expr> at 21:81.
        </output> at 22:52.
      </statement> at 22:52.
    </statements> at 22:52.
  </body> at 22:52.
</program> at 22:52.
Success!
