<program> at 1:1.
  <body> at 3:5.
    <vardef> at 3:5.
      <type> at 3:5.
      </type> at 3:9.
    </vardef> at 4:9.
    <statements> at 4:9.
      <statement> at 4:9.
        <assign> at 4:9.
          <expr> at 4:17.
            <simple> at 4:17.
              <term> at 4:17.
                <factor> at 4:17.
                </factor> at 5:9.
              </term> at 5:9.
            </simple> at 5:9.
          </expr> at 5:9.
        </assign> at 5:9.
      </statement> at 5:9.
    </statements> at 5:9.
  </body> at 5:9.
