<program> at 1:1.
  <body> at 3:6.
    <vardef> at 3:6.
      <type> at 3:6.
      </type> at 3:10.
    </vardef> at 4:9.
    <statements> at 4:9.
      <statement> at 4:9.
        <assign> at 4:9.
          <expr> at 4:17.
            <simple> at 4:17.
              <term> at 4:17.
                <factor> at 4:17.
                </factor> at 4:19.
              </term> at 4:19.
            </simple> at 4:19.
          </expr> at 4:19.
        </assign> at 4:19.
      </statement> at 4:19.
      <statement> at 5:9.
        <while> at 5:9.
          <expr> at 5:15.
            <simple> at 5:15.
              <term> at 5:15.
                <factor> at 5:15.
                </factor> at 5:16.
              </term> at 5:16.
            </simple> at 5:16.
          </expr> at 5:16.
