<program> at 1:1.
  <body> at 3:5.
    <vardef> at 3:5.
      <type> at 3:5.
      </type> at 3:15.
    </vardef> at 4:5.
    <vardef> at 4:5.
      <type> at 4:5.
      </type> at 4:9.
    </vardef> at 5:9.
    <statements> at 5:9.
      <statement> at 5:9.
        <assign> at 5:9.
          <simple> at 5:25.
            <term> at 5:25.
              <factor> at 5:25.
              </factor> at 5:27.
            </term> at 5:27.
          </simple> at 5:27.
        </assign> at 5:27.
      </statement> at 5:27.
      <statement> at 6:9.
        <assign> at 6:9.
          <expr> at 6:17.
            <simple> at 6:17.
              <term> at 6:17.
                <factor> at 6:17.
                </factor> at 6:20.
              </term> at 6:20.
            </simple> at 6:20.
          </expr> at 6:20.
