<program> at 1:1.
  <subdef> at 2:5.
    <type> at 2:19.
    </type> at 2:24.
    <body> at 3:9.
      <statements> at 3:9.
        <statement> at 3:9.
          <output> at 3:9.
            <expr> at 3:16.
              <simple> at 3:16.
                <term> at 3:16.
                  <factor> at 3:16.
                  </factor> at 3:17.
                </term> at 3:17.
              </simple> at 3:17.
            </expr> at 3:17.
          </output> at 3:18.
        </statement> at 3:18.
        <statement> at 4:9.
          <return> at 4:9.
