<program> at 1:1.
  <subdef> at 2:5.
    <type> at 2:9.
    </type> at 2:13.
    <type> at 2:16.
    </type> at 2:20.
    <type> at 2:26.
    </type> at 2:29.
    <body> at 3:6.
      <vardef> at 3:6.
        <type> at 3:6.
        </type> at 3:10.
      </vardef> at 4:9.
      <statements> at 4:9.
        <statement> at 4:9.
          <assign> at 4:9.
            <expr> at 4:22.
              <simple> at 4:22.
                <term> at 4:22.
                  <factor> at 4:22.
                  </factor> at 4:24.
                </term> at 4:24.
                <term> at 4:26.
                  <factor> at 4:26.
                  </factor> at 4:27.
                </term> at 4:27.
              </simple> at 4:27.
            </expr> at 4:27.
          </assign> at 4:27.
        </statement> at 4:27.
        <statement> at 5:9.
          <return> at 5:9.
