<program> at 1:1.
  <body> at 3:9.
    <vardef> at 3:9.
      <type> at 3:9.
      </type> at 3:19.
    </vardef> at 4:9.
    <vardef> at 4:9.
      <type> at 4:9.
      </type> at 4:19.
    </vardef> at 5:9.
    <statements> at 5:9.
      <statement> at 5:9.
        <assign> at 5:9.
          <index> at 5:16.
            <simple> at 5:17.
              <term> at 5:17.
                <factor> at 5:17.
                </factor> at 5:18.
              </term> at 5:18.
            </simple> at 5:18.
          </index> at 5:20.
          <expr> at 5:22.
            <simple> at 5:22.
              <term> at 5:22.
                <factor> at 5:22.
                </factor> at 5:26.
              </term> at 5:26.
            </simple> at 5:26.
          </expr> at 5:26.
