<program> at 1:1.
  <subdef> at 2:1.
    <type> at 2:5.
    </type> at 2:9.
    <type> at 2:12.
    </type> at 2:16.
    <type> at 2:22.
    </type> at 2:25.
    <body> at 3:2.
      <statements> at 3:2.
        <statement> at 3:2.
          <return> at 3:2.
            <expr> at 3:9.
              <simple> at 3:9.
                <term> at 3:9.
                  <factor> at 3:9.
                  </factor> at 4:5.
                </term> at 4:5.
              </simple> at 4:5.
            </expr> at 4:5.
          </return> at 4:5.
        </statement> at 4:5.
      </statements> at 4:5.
    </body> at 4:5.
  </subdef> at 4:5.
  <body> at 5:9.
    <statements> at 5:9.
      <statement> at 5:9.
        <input> at 5:9.
