<program> at 1:1.
  <body> at 3:9.
    <vardef> at 3:9.
      <type> at 3:9.
      </type> at 3:19.
    </vardef> at 4:9.
    <vardef> at 4:9.
      <type> at 4:9.
      </type> at 4:19.
    </vardef> at 5:9.
    <statements> at 5:9.
      <statement> at 5:9.
        <assign> at 5:9.
          <index> at 5:16.
            <simple> at 5:17.
              <term> at 5:17.
                <factor> at 5:17.
                  <index> at 5:21.
                    <simple> at 5:22.
                      <term> at 5:22.
                        <factor> at 5:22.
                        </factor> at 5:23.
                      </term> at 5:23.
                    </simple> at 5:23.
                  </index> at 5:24.
                </factor> at 5:24.
              </term> at 5:24.
            </simple> at 5:24.
          </index> at 5:26.
          <expr> at 5:28.
            <simple> at 5:28.
              <term> at 5:28.
                <factor> at 5:28.
                </factor> at 5:86.
              </term> at 5:86.
            </simple> at 5:86.
          </expr> at 5:86.
        </assign> at 5:86.
      </statement> at 5:86.
    </statements> at 5:86.
  </body> at 5:86.
</program> at 5:86.
Success!
