<program> at 1:1.
  <body> at 3:9.
    <vardef> at 3:9.
      <type> at 3:9.
      </type> at 3:19.
    </vardef> at 4:9.
    <statements> at 4:9.
      <statement> at 4:9.
        <assign> at 4:9.
          <index> at 4:16.
            <simple> at 4:17.
              <term> at 4:17.
                <factor> at 4:17.
                </factor> at 4:18.
              </term> at 4:18.
            </simple> at 4:18.
          </index> at 4:20.
          <expr> at 4:22.
            <simple> at 4:22.
              <term> at 4:22.
                <factor> at 4:22.
                </factor> at 4:26.
              </term> at 4:26.
            </simple> at 4:26.
          </expr> at 4:26.
