<program> at 1:1.
  <body> at 3:9.
    <vardef> at 3:9.
      <type> at 3:9.
      </type> at 3:19.
    </vardef> at 4:9.
    <statements> at 4:9.
      <statement> at 4:9.
        <assign> at 4:9.
          <simple> at 4:25.
            <term> at 4:25.
              <factor> at 4:25.
              </factor> at 4:27.
            </term> at 4:27.
          </simple> at 4:27.
        </assign> at 4:27.
      </statement> at 4:27.
    </statements> at 4:27.
  </body> at 4:27.
</program> at 4:27.
Success!
