<program> at 1:1.
  <subdef> at 2:5.
    <type> at 2:9.
    </type> at 2:13.
    <type> at 2:16.
    </type> at 2:26.
    <type> at 2:34.
    </type> at 2:37.
    <body> at 3:9.
      <statements> at 3:9.
        <statement> at 3:9.
          <return> at 3:9.
            <expr> at 3:16.
              <simple> at 3:16.
                <term> at 3:16.
                  <factor> at 3:16.
                  </factor> at 3:18.
                </term> at 3:18.
                <term> at 3:20.
                  <factor> at 3:20.
                    <index> at 3:23.
                      <simple> at 3:24.
                        <term> at 3:24.
                          <factor> at 3:24.
                          </factor> at 3:25.
                        </term> at 3:25.
                      </simple> at 3:25.
                    </index> at 3:26.
                  </factor> at 3:26.
                </term> at 3:26.
              </simple> at 3:26.
            </expr> at 3:26.
          </return> at 3:26.
        </statement> at 3:26.
        <statement> at 4:5.
