<program> at 1:1.
  <body> at 3:9.
    <vardef> at 3:9.
      <type> at 3:9.
      </type> at 3:14.
    </vardef> at 4:9.
    <vardef> at 4:9.
      <type> at 4:9.
      </type> at 4:19.
    </vardef> at 5:9.
    <statements> at 5:9.
      <statement> at 5:9.
        <assign> at 5:9.
          <expr> at 5:17.
            <simple> at 5:17.
              <term> at 5:17.
                <factor> at 5:17.
                </factor> at 5:19.
              </term> at 5:19.
            </simple> at 5:19.
            <simple> at 5:21.
              <term> at 5:21.
                <factor> at 5:21.
                </factor> at 5:24.
              </term> at 5:24.
            </simple> at 5:24.
