<program> at 1:1.
  <body> at 3:9.
    <vardef> at 3:9.
      <type> at 3:9.
      </type> at 3:19.
    </vardef> at 4:9.
    <vardef> at 4:9.
      <type> at 4:9.
      </type> at 4:19.
    </vardef> at 5:9.
    <statements> at 5:9.
      <statement> at 5:9.
        <assign> at 5:9.
          <expr> at 5:20.
            <simple> at 5:20.
              <term> at 5:20.
                <factor> at 5:20.
                </factor> at 5:24.
              </term> at 5:24.
            </simple> at 5:24.
          </expr> at 5:24.
        </assign> at 5:24.
      </statement> at 5:24.
    </statements> at 5:24.
  </body> at 5:24.
</program> at 5:24.
Success!
