<program> at 1:1.
  <subdef> at 2:5.
    <type> at 2:13.
    </type> at 2:17.
    <type> at 2:21.
    </type> at 2:25.
    <body> at 3:9.
      <statements> at 3:9.
        <statement> at 3:9.
          <if> at 3:9.
            <expr> at 3:12.
              <simple> at 3:12.
                <term> at 3:12.
                  <factor> at 3:12.
                  </factor> at 3:14.
                  <factor> at 3:16.
                  </factor> at 3:18.
                </term> at 3:18.
              </simple> at 3:18.
              <simple> at 3:20.
                <term> at 3:20.
                  <factor> at 3:20.
                  </factor> at 3:21.
                </term> at 3:21.
              </simple> at 3:21.
            </expr> at 3:21.
            <statements> at 4:13.
              <statement> at 4:13.
                <return> at 4:13.
                  <expr> at 4:20.
                    <simple> at 4:20.
                      <term> at 4:20.
                        <factor> at 4:20.
                        </factor> at 5:9.
                      </term> at 5:9.
                    </simple> at 5:9.
                  </expr> at 5:9.
                </return> at 5:9.
              </statement> at 5:9.
            </statements> at 5:9.
            <else> at 5:9.
            <statements> at 6:13.
              <statement> at 6:13.
                <return> at 6:13.
                  <expr> at 6:20.
                    <simple> at 6:20.
                      <term> at 6:20.
                        <factor> at 6:20.
                        </factor> at 7:13.
                      </term> at 7:13.
                    </simple> at 7:13.
                  </expr> at 7:13.
