<program> at 1:1.
  <subdef> at 2:5.
    <type> at 2:9.
    </type> at 2:13.
    <type> at 2:16.
    </type> at 2:20.
    <body> at 3:9.
      <statements> at 3:9.
        <statement> at 3:9.
          <return> at 3:9.
          </return> at 4:5.
        </statement> at 4:5.
      </statements> at 4:5.
    </body> at 4:5.
  </subdef> at 4:5.
  <body> at 5:9.
    <vardef> at 5:9.
      <type> at 5:9.
      </type> at 5:19.
    </vardef> at 6:9.
    <statements> at 6:9.
      <statement> at 6:9.
        <call> at 6:9.
          <arglist> at 6:12.
            <expr> at 6:13.
              <simple> at 6:13.
                <term> at 6:13.
                  <factor> at 6:13.
                  </factor> at 6:16.
                </term> at 6:16.
              </simple> at 6:16.
            </expr> at 6:16.
