<program> at 1:1.
  <subdef> at 2:5.
    <type> at 2:9.
    </type> at 2:13.
    <type> at 2:16.
    </type> at 2:21.
    <type> at 2:26.
    </type> at 2:29.
    <body> at 3:9.
      <statements> at 3:9.
        <statement> at 3:9.
          <if> at 3:9.
            <expr> at 3:12.
              <simple> at 3:12.
                <term> at 3:12.
                  <factor> at 3:12.
                  </factor> at 3:13.
                </term> at 3:13.
              </simple> at 3:13.
            </expr> at 3:13.
            <statements> at 4:13.
              <statement> at 4:13.
                <return> at 4:13.
                  <expr> at 4:20.
                    <simple> at 4:20.
                      <term> at 4:20.
                        <factor> at 4:20.
                        </factor> at 5:9.
                      </term> at 5:9.
                    </simple> at 5:9.
                  </expr> at 5:9.
                </return> at 5:9.
              </statement> at 5:9.
            </statements> at 5:9.
            <else> at 5:9.
            <statements> at 6:13.
              <statement> at 6:13.
                <return> at 6:13.
                  <expr> at 6:20.
                    <simple> at 6:20.
                      <term> at 6:20.
                        <factor> at 6:20.
                        </factor> at 7:13.
                      </term> at 7:13.
                    </simple> at 7:13.
                  </expr> at 7:13.
                </return> at 7:13.
              </statement> at 7:13.
            </statements> at 7:13.
            </else> at 7:13.
          </if> at 8:5.
        </statement> at 8:5.
      </statements> at 8:5.
    </body> at 8:5.
  </subdef> at 8:5.
  <body> at 9:9.
    <vardef> at 9:9.
      <type> at 9:9.
      </type> at 9:13.
    </vardef> at 10:9.
    <statements> at 10:9.
      <statement> at 10:9.
        <assign> at 10:9.
          <expr> at 10:17.
            <simple> at 10:17.
              <term> at 10:17.
                <factor> at 10:17.
                  <arglist> at 10:20.
                    <expr> at 10:21.
                      <simple> at 10:21.
                        <term> at 10:21.
                          <factor> at 10:21.
                          </factor> at 10:22.
                        </term> at 10:22.
                      </simple> at 10:22.
                    </expr> at 10:22.
                    <expr> at 10:24.
                      <simple> at 10:24.
                        <term> at 10:24.
                          <factor> at 10:24.
                          </factor> at 10:26.
                        </term> at 10:26.
                      </simple> at 10:26.
                    </expr> at 10:26.
