<program> at 1:1.
  <subdef> at 2:5.
    <type> at 2:13.
    </type> at 2:17.
    <type> at 2:21.
    </type> at 2:25.
    <body> at 3:9.
      <statements> at 3:9.
        <statement> at 3:9.
          <if> at 3:9.
            <expr> at 3:12.
              <simple> at 3:12.
                <term> at 3:12.
                  <factor> at 3:12.
                  </factor> at 3:14.
                  <factor> at 3:16.
                  </factor> at 3:18.
                </term> at 3:18.
              </simple> at 3:18.
              <simple> at 3:20.
                <term> at 3:20.
                  <factor> at 3:20.
                  </factor> at 3:21.
                </term> at 3:21.
              </simple> at 3:21.
            </expr> at 3:21.
            <statements> at 4:13.
              <statement> at 4:13.
                <return> at 4:13.
                  <expr> at 4:20.
                    <simple> at 4:20.
                      <term> at 4:20.
                        <factor> at 4:20.
                        </factor> at 5:9.
                      </term> at 5:9.
                    </simple> at 5:9.
                  </expr> at 5:9.
                </return> at 5:9.
              </statement> at 5:9.
            </statements> at 5:9.
            <elif> at 5:9.
            <expr> at 5:14.
              <simple> at 5:14.
                <term> at 5:14.
                  <factor> at 5:14.
                  </factor> at 5:16.
                </term> at 5:16.
              </simple> at 5:16.
              <simple> at 5:18.
                <term> at 5:18.
                  <factor> at 5:18.
                    <arglist> at 5:25.
                      <expr> at 5:26.
                        <simple> at 5:26.
                          <term> at 5:26.
                            <factor> at 5:26.
                            </factor> at 5:27.
                          </term> at 5:27.
                        </simple> at 5:27.
                      </expr> at 5:27.
                    </arglist> at 5:28.
                  </factor> at 5:28.
                </term> at 5:28.
              </simple> at 5:28.
