<program> at 1:1.
  <body> at 3:9.
    <vardef> at 3:9.
      <type> at 3:9.
      </type> at 3:13.
    </vardef> at 4:9.
    <vardef> at 4:9.
      <type> at 4:9.
      </type> at 4:19.
    </vardef> at 5:9.
    <vardef> at 5:9.
      <type> at 5:9.
      </type> at 5:20.
    </vardef> at 6:9.
    <statements> at 6:9.
      <statement> at 6:9.
        <assign> at 6:9.
          <index> at 6:16.
            <simple> at 6:17.
              <term> at 6:17.
                <factor> at 6:17.
                </factor> at 6:18.
              </term> at 6:18.
            </simple> at 6:18.
          </index> at 6:20.
          <expr> at 6:22.
            <simple> at 6:22.
              <term> at 6:22.
                <factor> at 6:22.
                </factor> at 7:9.
              </term> at 7:9.
            </simple> at 7:9.
          </expr> at 7:9.
