<program> at 1:1.
  <body> at 3:2.
    <vardef> at 3:2.
      <type> at 3:2.
      </type> at 3:6.
    </vardef> at 5:2.
    <statements> at 5:2.
      <statement> at 5:2.
        <assign> at 5:2.
          <expr> at 5:11.
            <simple> at 5:11.
              <term> at 5:11.
                <factor> at 5:11.
                </factor> at 5:12.
              </term> at 5:12.
            </simple> at 5:12.
          </expr> at 5:12.
        </assign> at 5:12.
      </statement> at 5:12.
      <statement> at 6:2.
        <assign> at 6:2.
          <expr> at 6:11.
            <simple> at 6:11.
              <term> at 6:11.
                <factor> at 6:11.
                </factor> at 6:12.
              </term> at 6:12.
            </simple> at 6:12.
          </expr> at 6:12.
        </assign> at 6:12.
      </statement> at 6:12.
      <statement> at 7:2.
        <assign> at 7:2.
          <expr> at 7:11.
            <simple> at 7:11.
              <term> at 7:11.
                <factor> at 7:11.
                </factor> at 7:12.
              </term> at 7:12.
            </simple> at 7:12.
          </expr> at 7:12.
        </assign> at 7:12.
      </statement> at 7:12.
      <statement> at 8:2.
        <assign> at 8:2.
          <expr> at 8:11.
            <simple> at 8:11.
              <term> at 8:11.
                <factor> at 8:11.
                </factor> at 8:12.
              </term> at 8:12.
            </simple> at 8:12.
          </expr> at 8:12.
        </assign> at 8:12.
      </statement> at 8:12.
      <statement> at 9:2.
        <assign> at 9:2.
          <expr> at 9:11.
            <simple> at 9:11.
              <term> at 9:11.
                <factor> at 9:11.
                </factor> at 9:12.
              </term> at 9:12.
            </simple> at 9:12.
          </expr> at 9:12.
        </assign> at 9:12.
      </statement> at 9:12.
      <statement> at 11:2.
        <output> at 11:2.
          <expr> at 11:9.
            <simple> at 11:9.
              <term> at 11:9.
                <factor> at 11:9.
                </factor> at 11:11.
                <factor> at 11:12.
                </factor> at 11:15.
              </term> at 11:15.
            </simple> at 11:15.
          </expr> at 11:15.
        </output> at 11:23.
      </statement> at 11:23.
      <statement> at 12:2.
        <output> at 12:2.
          <expr> at 12:9.
            <simple> at 12:9.
              <term> at 12:9.
                <factor> at 12:9.
                </factor> at 12:11.
                <factor> at 12:12.
                </factor> at 12:14.
              </term> at 12:14.
            </simple> at 12:14.
          </expr> at 12:14.
        </output> at 12:22.
      </statement> at 12:22.
      <statement> at 13:2.
        <output> at 13:2.
          <expr> at 13:9.
            <simple> at 13:9.
              <term> at 13:9.
                <factor> at 13:9.
                </factor> at 13:11.
                <factor> at 13:12.
                </factor> at 13:15.
              </term> at 13:15.
            </simple> at 13:15.
          </expr> at 13:15.
        </output> at 13:23.
      </statement> at 13:23.
      <statement> at 14:2.
        <output> at 14:2.
          <expr> at 14:9.
            <simple> at 14:9.
              <term> at 14:9.
                <factor> at 14:9.
                </factor> at 14:11.
              </term> at 14:11.
              <term> at 14:12.
                <factor> at 14:12.
                </factor> at 14:15.
              </term> at 14:15.
            </simple> at 14:15.
          </expr> at 14:15.
        </output> at 14:23.
      </statement> at 14:23.
      <statement> at 15:2.
        <output> at 15:2.
          <expr> at 15:9.
            <simple> at 15:9.
              <term> at 15:10.
                <factor> at 15:10.
                </factor> at 15:13.
              </term> at 15:13.
            </simple> at 15:13.
          </expr> at 15:13.
        </output> at 15:21.
      </statement> at 15:21.
      <statement> at 16:2.
        <output> at 16:2.
          <expr> at 16:9.
            <simple> at 16:9.
              <term> at 16:9.
                <factor> at 16:9.
                </factor> at 16:11.
              </term> at 16:11.
              <term> at 16:12.
                <factor> at 16:12.
                </factor> at 16:15.
              </term> at 16:15.
            </simple> at 16:15.
          </expr> at 16:15.
        </output> at 16:23.
      </statement> at 16:23.
      <statement> at 17:2.
        <output> at 17:2.
          <expr> at 17:9.
            <simple> at 17:9.
              <term> at 17:9.
                <factor> at 17:9.
                  <expr> at 17:10.
                    <simple> at 17:10.
                      <term> at 17:11.
                        <factor> at 17:11.
                        </factor> at 17:13.
                      </term> at 17:13.
                      <term> at 17:14.
                        <factor> at 17:14.
                        </factor> at 17:16.
                      </term> at 17:16.
                    </simple> at 17:16.
                  </expr> at 17:16.
                </factor> at 17:17.
              </term> at 17:17.
              <term> at 17:18.
                <factor> at 17:18.
                </factor> at 17:21.
              </term> at 17:21.
            </simple> at 17:21.
          </expr> at 17:21.
        </output> at 17:29.
      </statement> at 17:29.
      <statement> at 19:2.
        <output> at 19:2.
          <expr> at 19:9.
            <simple> at 19:9.
              <term> at 19:9.
                <factor> at 19:9.
                </factor> at 19:12.
              </term> at 19:12.
            </simple> at 19:12.
            <simple> at 19:14.
              <term> at 19:14.
                <factor> at 19:14.
                </factor> at 19:17.
              </term> at 19:17.
            </simple> at 19:17.
          </expr> at 19:17.
        </output> at 19:25.
      </statement> at 19:25.
      <statement> at 20:2.
        <output> at 20:2.
          <expr> at 20:9.
            <simple> at 20:9.
              <term> at 20:9.
                <factor> at 20:9.
                </factor> at 20:12.
              </term> at 20:12.
            </simple> at 20:12.
            <simple> at 20:15.
              <term> at 20:15.
                <factor> at 20:15.
                </factor> at 20:18.
              </term> at 20:18.
            </simple> at 20:18.
          </expr> at 20:18.
        </output> at 20:26.
      </statement> at 20:26.
      <statement> at 21:2.
        <output> at 21:2.
          <expr> at 21:9.
            <simple> at 21:9.
              <term> at 21:9.
                <factor> at 21:9.
                </factor> at 21:12.
              </term> at 21:12.
            </simple> at 21:12.
            <simple> at 21:15.
              <term> at 21:15.
                <factor> at 21:15.
                </factor> at 21:18.
              </term> at 21:18.
            </simple> at 21:18.
          </expr> at 21:18.
        </output> at 21:26.
      </statement> at 21:26.
      <statement> at 22:2.
        <output> at 22:2.
          <expr> at 22:9.
            <simple> at 22:9.
              <term> at 22:9.
                <factor> at 22:9.
                  <expr> at 22:10.
                    <simple> at 22:10.
                      <term> at 22:10.
                        <factor> at 22:10.
                        </factor> at 22:13.
                      </term> at 22:13.
                    </simple> at 22:13.
                    <simple> at 22:16.
                      <term> at 22:16.
                        <factor> at 22:16.
                        </factor> at 22:18.
                      </term> at 22:18.
                    </simple> at 22:18.
                  </expr> at 22:18.
                </factor> at 22:20.
                <factor> at 22:24.
                  <expr> at 22:25.
                    <simple> at 22:25.
                      <term> at 22:25.
                        <factor> at 22:25.
                        </factor> at 22:28.
                      </term> at 22:28.
                    </simple> at 22:28.
                    <simple> at 22:30.
                      <term> at 22:30.
                        <factor> at 22:30.
                        </factor> at 22:32.
                      </term> at 22:32.
                    </simple> at 22:32.
                  </expr> at 22:32.
                </factor> at 22:34.
              </term> at 22:34.
            </simple> at 22:34.
          </expr> at 22:34.
        </output> at 22:42.
      </statement> at 22:42.
      <statement> at 23:2.
        <output> at 23:2.
          <expr> at 23:9.
            <simple> at 23:9.
              <term> at 23:9.
                <factor> at 23:9.
                  <expr> at 23:10.
                    <simple> at 23:10.
                      <term> at 23:10.
                        <factor> at 23:10.
                        </factor> at 23:13.
                      </term> at 23:13.
                    </simple> at 23:13.
                    <simple> at 23:15.
                      <term> at 23:15.
                        <factor> at 23:15.
                        </factor> at 23:17.
                      </term> at 23:17.
                    </simple> at 23:17.
                  </expr> at 23:17.
                </factor> at 23:19.
                <factor> at 23:23.
                  <expr> at 23:24.
                    <simple> at 23:24.
                      <term> at 23:24.
                        <factor> at 23:24.
                        </factor> at 23:27.
                      </term> at 23:27.
                    </simple> at 23:27.
                    <simple> at 23:29.
                      <term> at 23:29.
                        <factor> at 23:29.
                        </factor> at 23:31.
                      </term> at 23:31.
                    </simple> at 23:31.
                  </expr> at 23:31.
                </factor> at 23:33.
              </term> at 23:33.
            </simple> at 23:33.
          </expr> at 23:33.
        </output> at 23:41.
      </statement> at 23:41.
      <statement> at 24:2.
        <output> at 24:2.
          <expr> at 24:9.
            <simple> at 24:9.
              <term> at 24:9.
                <factor> at 24:9.
                  <expr> at 24:10.
                    <simple> at 24:10.
                      <term> at 24:10.
                        <factor> at 24:10.
                        </factor> at 24:13.
                      </term> at 24:13.
                    </simple> at 24:13.
                    <simple> at 24:16.
                      <term> at 24:16.
                        <factor> at 24:16.
                        </factor> at 24:18.
                      </term> at 24:18.
                    </simple> at 24:18.
                  </expr> at 24:18.
                </factor> at 24:20.
              </term> at 24:20.
              <term> at 24:23.
                <factor> at 24:23.
                  <expr> at 24:24.
                    <simple> at 24:24.
                      <term> at 24:24.
                        <factor> at 24:24.
                        </factor> at 24:29.
                      </term> at 24:29.
                    </simple> at 24:29.
                  </expr> at 24:29.
                </factor> at 24:31.
              </term> at 24:31.
            </simple> at 24:31.
          </expr> at 24:31.
        </output> at 25:1.
      </statement> at 25:1.
    </statements> at 25:1.
  </body> at 25:1.
</program> at 25:1.
Success!
