<program> at 1:1.
  <body> at 3:3.
    <vardef> at 3:3.
      <type> at 3:3.
      </type> at 3:14.
    </vardef> at 4:3.
    <vardef> at 4:3.
      <type> at 4:3.
      </type> at 4:7.
    </vardef> at 6:3.
    <statements> at 6:3.
      <statement> at 6:3.
        <assign> at 6:3.
          <expr> at 6:11.
            <simple> at 6:11.
              <term> at 6:11.
                <factor> at 6:11.
                </factor> at 6:12.
                <factor> at 6:13.
                </factor> at 6:14.
              </term> at 6:14.
            </simple> at 6:14.
          </expr> at 6:14.
