<program> at 1:1.
  <subdef> at 3:1.
    <type> at 3:5.
    </type> at 3:9.
    <type> at 3:19.
    </type> at 3:23.
    <body> at 4:3.
      <vardef> at 4:3.
        <type> at 4:3.
        </type> at 4:14.
      </vardef> at 5:3.
      <statements> at 5:3.
        <statement> at 5:3.
          <return> at 5:3.
            <expr> at 5:10.
              <simple> at 5:10.
                <term> at 5:10.
                  <factor> at 5:10.
                  </factor> at 7:1.
                </term> at 7:1.
              </simple> at 7:1.
            </expr> at 7:1.
