<program> at 1:1.
  <body> at 4:3.
    <vardef> at 4:3.
      <type> at 4:3.
      </type> at 4:7.
    </vardef> at 6:3.
    <statements> at 6:3.
      <statement> at 6:3.
        <input> at 6:3.
        </input> at 6:11.
      </statement> at 6:11.
      <statement> at 7:3.
        <if> at 7:3.
          <expr> at 7:6.
            <simple> at 7:6.
              <term> at 7:6.
                <factor> at 7:6.
                </factor> at 7:7.
              </term> at 7:7.
            </simple> at 7:7.
          </expr> at 7:7.
