<program> at 1:1.
  <body> at 4:3.
    <vardef> at 4:3.
      <type> at 4:3.
      </type> at 4:7.
    </vardef> at 6:3.
    <statements> at 6:3.
      <statement> at 6:3.
        <input> at 6:3.
        </input> at 6:11.
      </statement> at 6:11.
      <statement> at 7:3.
        <if> at 7:3.
          <expr> at 7:6.
            <simple> at 7:6.
              <term> at 7:6.
                <factor> at 7:6.
                </factor> at 7:8.
              </term> at 7:8.
            </simple> at 7:8.
            <simple> at 7:10.
              <term> at 7:10.
                <factor> at 7:10.
                </factor> at 7:11.
              </term> at 7:11.
            </simple> at 7:11.
          </expr> at 7:11.
          <statements> at 8:5.
          </statements> at 9:3.
          <elif> at 9:3.
          <expr> at 9:8.
            <simple> at 9:8.
              <term> at 9:8.
                <factor> at 9:8.
                </factor> at 9:9.
              </term> at 9:9.
            </simple> at 9:9.
          </expr> at 9:9.
