<program> at 1:1.
  <body> at 4:3.
    <vardef> at 4:3.
      <type> at 4:3.
      </type> at 4:7.
    </vardef> at 6:3.
    <statements> at 6:3.
      <statement> at 6:3.
        <assign> at 6:3.
          <expr> at 6:11.
            <simple> at 6:11.
              <term> at 6:12.
                <factor> at 6:12.
                  <expr> at 6:13.
                    <simple> at 6:13.
                      <term> at 6:13.
                        <factor> at 6:13.
                        </factor> at 6:15.
                      </term> at 6:15.
                    </simple> at 6:15.
                    <simple> at 6:17.
                      <term> at 6:17.
                        <factor> at 6:17.
                        </factor> at 6:19.
                      </term> at 6:19.
                    </simple> at 6:19.
                  </expr> at 6:19.
                </factor> at 6:20.
              </term> at 6:20.
