<program> at 1:1.
  <body> at 4:3.
    <vardef> at 4:3.
      <type> at 4:3.
      </type> at 4:7.
    </vardef> at 5:3.
    <vardef> at 5:3.
      <type> at 5:3.
      </type> at 5:8.
    </vardef> at 7:3.
    <statements> at 7:3.
      <statement> at 7:3.
        <assign> at 7:3.
          <expr> at 7:11.
            <simple> at 7:11.
              <term> at 7:11.
                <factor> at 7:11.
                </factor> at 7:13.
                <factor> at 7:17.
                </factor> at 7:19.
