<program> at 1:1.
  <subdef> at 3:1.
    <type> at 3:5.
    </type> at 3:9.
    <type> at 3:13.
    </type> at 3:17.
    <type> at 3:21.
    </type> at 3:25.
    <body> at 4:3.
      <statements> at 4:3.
        <statement> at 4:3.
          <return> at 4:3.
          </return> at 6:1.
        </statement> at 6:1.
      </statements> at 6:1.
    </body> at 6:1.
  </subdef> at 6:1.
  <body> at 7:3.
    <vardef> at 7:3.
      <type> at 7:3.
      </type> at 7:7.
    </vardef> at 8:3.
    <vardef> at 8:3.
      <type> at 8:3.
      </type> at 8:8.
    </vardef> at 10:3.
    <statements> at 10:3.
      <statement> at 10:3.
        <call> at 10:3.
          <arglist> at 10:6.
            <expr> at 10:7.
              <simple> at 10:7.
                <term> at 10:7.
                  <factor> at 10:7.
                  </factor> at 10:8.
                </term> at 10:8.
              </simple> at 10:8.
            </expr> at 10:8.
            <expr> at 10:10.
              <simple> at 10:10.
                <term> at 10:10.
                  <factor> at 10:10.
                  </factor> at 10:11.
                </term> at 10:11.
              </simple> at 10:11.
            </expr> at 10:11.
