<program> at 1:1.
  <subdef> at 3:1.
    <type> at 3:5.
    </type> at 3:9.
    <type> at 3:16.
    </type> at 3:19.
    <body> at 4:3.
      <statements> at 4:3.
        <statement> at 4:3.
          <return> at 4:3.
            <expr> at 4:10.
              <simple> at 4:10.
                <term> at 4:10.
                  <factor> at 4:10.
                  </factor> at 4:13.
                </term> at 4:13.
                <term> at 4:15.
                  <factor> at 4:15.
                  </factor> at 6:1.
                </term> at 6:1.
              </simple> at 6:1.
            </expr> at 6:1.
          </return> at 6:1.
        </statement> at 6:1.
      </statements> at 6:1.
    </body> at 6:1.
  </subdef> at 6:1.
  <body> at 7:3.
    <statements> at 7:3.
      <statement> at 7:3.
        <call> at 7:3.
