<program> at 1:1.
  <subdef> at 3:1.
    <type> at 3:5.
    </type> at 3:9.
    <type> at 3:13.
    </type> at 3:17.
    <type> at 3:21.
    </type> at 3:25.
    <body> at 4:3.
      <statements> at 4:3.
      </statements> at 6:1.
    </body> at 6:1.
  </subdef> at 6:1.
  <body> at 7:3.
    <statements> at 7:3.
      <statement> at 7:3.
        <call> at 7:3.
          <arglist> at 7:6.
            <expr> at 7:7.
              <simple> at 7:7.
                <term> at 7:7.
                  <factor> at 7:7.
                  </factor> at 7:8.
                </term> at 7:8.
              </simple> at 7:8.
            </expr> at 7:8.
            <expr> at 7:10.
              <simple> at 7:10.
                <term> at 7:10.
                  <factor> at 7:10.
                  </factor> at 7:12.
                </term> at 7:12.
                <term> at 7:14.
                  <factor> at 7:14.
                  </factor> at 7:15.
                </term> at 7:15.
              </simple> at 7:15.
            </expr> at 7:15.
            <expr> at 7:17.
              <simple> at 7:17.
                <term> at 7:17.
                  <factor> at 7:17.
                  </factor> at 7:18.
                </term> at 7:18.
              </simple> at 7:18.
            </expr> at 7:18.
