<program> at 1:1.
  <body> at 4:3.
    <vardef> at 4:3.
      <type> at 4:3.
      </type> at 4:7.
    </vardef> at 5:3.
    <vardef> at 5:3.
      <type> at 5:3.
      </type> at 5:13.
    </vardef> at 6:3.
    <vardef> at 6:3.
      <type> at 6:3.
      </type> at 6:8.
    </vardef> at 8:3.
    <statements> at 8:3.
      <statement> at 8:3.
        <assign> at 8:3.
          <expr> at 8:11.
            <simple> at 8:11.
              <term> at 8:11.
                <factor> at 8:11.
                </factor> at 8:13.
              </term> at 8:13.
              <term> at 8:15.
                <factor> at 8:15.
                </factor> at 8:16.
              </term> at 8:16.
