<program> at 1:1.
  <subdef> at 3:1.
    <type> at 3:5.
    </type> at 3:9.
    <body> at 4:3.
      <statements> at 4:3.
      </statements> at 6:1.
    </body> at 6:1.
  </subdef> at 6:1.
  <body> at 7:3.
    <statements> at 7:3.
      <statement> at 7:3.
        <output> at 7:3.
          <expr> at 7:10.
            <simple> at 7:10.
              <term> at 7:10.
                <factor> at 7:10.
                </factor> at 7:12.
              </term> at 7:12.
              <term> at 7:14.
                <factor> at 7:14.
                </factor> at 7:16.
                <factor> at 7:18.
                </factor> at 7:20.
                <factor> at 7:22.
