<program> at 1:1.
  <body> at 3:5.
    <vardef> at 3:5.
      <type> at 3:5.
      </type> at 3:9.
    </vardef> at 5:5.
    <statements> at 5:5.
      <statement> at 5:5.
        <assign> at 5:5.
          <expr> at 5:13.
            <simple> at 5:13.
              <term> at 5:13.
                <factor> at 5:13.
                </factor> at 5:14.
              </term> at 5:14.
            </simple> at 5:14.
          </expr> at 5:14.
        </assign> at 5:14.
      </statement> at 5:14.
      <statement> at 6:5.
        <assign> at 6:5.
