<program> at 1:1.
  <body> at 3:5.
    <vardef> at 3:5.
      <type> at 3:5.
      </type> at 3:9.
    </vardef> at 5:5.
    <statements> at 5:5.
      <statement> at 5:5.
        <assign> at 5:5.
          <expr> at 5:13.
            <simple> at 5:13.
              <term> at 5:13.
                <factor> at 5:13.
                </factor> at 5:15.
              </term> at 5:15.
            </simple> at 5:15.
          </expr> at 5:15.
        </assign> at 5:15.
      </statement> at 5:15.
      <statement> at 6:5.
        <assign> at 6:5.
          <expr> at 6:13.
            <simple> at 6:13.
              <term> at 6:13.
                <factor> at 6:13.
                </factor> at 6:15.
              </term> at 6:15.
            </simple> at 6:15.
            <simple> at 6:17.
              <term> at 6:17.
                <factor> at 6:17.
                </factor> at 6:18.
              </term> at 6:18.
            </simple> at 6:18.
          </expr> at 6:18.
