<program> at 1:1.
  <body> at 3:5.
    <vardef> at 3:5.
      <type> at 3:5.
      </type> at 3:9.
    </vardef> at 5:5.
    <statements> at 5:5.
      <statement> at 5:5.
        <assign> at 5:5.
          <expr> at 5:13.
            <simple> at 5:13.
              <term> at 5:13.
                <factor> at 5:13.
                </factor> at 5:15.
              </term> at 5:15.
            </simple> at 5:15.
          </expr> at 5:15.
        </assign> at 5:15.
      </statement> at 5:15.
      <statement> at 6:5.
        <while> at 6:5.
          <expr> at 6:11.
            <simple> at 6:11.
              <term> at 6:11.
                <factor> at 6:11.
                </factor> at 6:12.
              </term> at 6:12.
            </simple> at 6:12.
          </expr> at 6:12.
