<program> at 1:1.
  <body> at 3:5.
    <vardef> at 3:5.
      <type> at 3:5.
      </type> at 3:15.
    </vardef> at 5:5.
    <statements> at 5:5.
      <statement> at 5:5.
        <assign> at 5:5.
          <simple> at 5:22.
            <term> at 5:22.
              <factor> at 5:22.
              </factor> at 5:24.
            </term> at 5:24.
          </simple> at 5:24.
        </assign> at 5:24.
      </statement> at 5:24.
      <statement> at 6:5.
        <if> at 6:5.
          <expr> at 6:8.
            <simple> at 6:8.
              <term> at 6:8.
                <factor> at 6:8.
                </factor> at 6:12.
              </term> at 6:12.
            </simple> at 6:12.
          </expr> at 6:12.
