<program> at 1:1.
  <body> at 3:5.
    <vardef> at 3:5.
      <type> at 3:5.
      </type> at 3:9.
    </vardef> at 5:5.
    <statements> at 5:5.
      <statement> at 5:5.
        <input> at 5:5.
        </input> at 5:14.
      </statement> at 5:14.
      <statement> at 6:5.
        <if> at 6:5.
          <expr> at 6:8.
            <simple> at 6:8.
              <term> at 6:8.
                <factor> at 6:8.
                </factor> at 6:10.
              </term> at 6:10.
            </simple> at 6:10.
            <simple> at 6:12.
              <term> at 6:12.
                <factor> at 6:12.
                </factor> at 6:13.
              </term> at 6:13.
            </simple> at 6:13.
          </expr> at 6:13.
          <statements> at 7:9.
          </statements> at 8:5.
          <elif> at 8:5.
          <expr> at 8:10.
            <simple> at 8:10.
              <term> at 8:10.
                <factor> at 8:10.
                </factor> at 8:11.
              </term> at 8:11.
            </simple> at 8:11.
          </expr> at 8:11.
