<program> at 1:1.
  <body> at 3:5.
    <vardef> at 3:5.
      <type> at 3:5.
      </type> at 3:16.
    </vardef> at 5:5.
    <statements> at 5:5.
      <statement> at 5:5.
        <output> at 5:5.
          <expr> at 5:12.
            <simple> at 5:12.
              <term> at 5:12.
                <factor> at 5:12.
                  <index> at 5:18.
                    <simple> at 5:19.
                      <term> at 5:19.
                        <factor> at 5:19.
                        </factor> at 5:20.
                      </term> at 5:20.
                    </simple> at 5:20.
                  </index> at 5:22.
                </factor> at 5:22.
              </term> at 5:22.
              <term> at 5:24.
                <factor> at 5:24.
                </factor> at 5:29.
              </term> at 5:29.
