<program> at 1:1.
  <body> at 3:5.
    <vardef> at 3:5.
      <type> at 3:5.
      </type> at 3:10.
    </vardef> at 4:5.
    <vardef> at 4:5.
      <type> at 4:5.
      </type> at 4:9.
    </vardef> at 6:5.
    <statements> at 6:5.
      <statement> at 6:5.
        <assign> at 6:5.
          <expr> at 6:13.
            <simple> at 6:13.
              <term> at 6:13.
                <factor> at 6:13.
                </factor> at 6:15.
              </term> at 6:15.
            </simple> at 6:15.
            <simple> at 6:17.
              <term> at 6:17.
                <factor> at 6:17.
                </factor> at 6:17.
              </term> at 6:17.
            </simple> at 6:17.
