<program> at 1:1.
  <subdef> at 3:1.
    <type> at 3:5.
    </type> at 3:9.
    <type> at 3:15.
    </type> at 3:18.
    <body> at 4:5.
      <statements> at 4:5.
        <statement> at 4:5.
          <return> at 4:5.
            <expr> at 4:12.
              <simple> at 4:12.
                <term> at 4:12.
                  <factor> at 4:12.
                  </factor> at 4:14.
                </term> at 4:14.
                <term> at 4:16.
                  <factor> at 4:16.
                  </factor> at 6:1.
                </term> at 6:1.
              </simple> at 6:1.
            </expr> at 6:1.
          </return> at 6:1.
        </statement> at 6:1.
      </statements> at 6:1.
    </body> at 6:1.
  </subdef> at 6:1.
  <body> at 7:5.
    <statements> at 7:5.
      <statement> at 7:5.
        <call> at 7:5.
