<program> at 1:1.
  <subdef> at 3:1.
    <type> at 3:6.
    </type> at 3:10.
    <type> at 3:16.
    </type> at 3:19.
    <body> at 4:5.
      <statements> at 4:5.
        <statement> at 4:5.
          <return> at 4:5.
            <expr> at 4:12.
              <simple> at 4:12.
                <term> at 4:12.
                  <factor> at 4:12.
                  </factor> at 4:14.
                </term> at 4:14.
                <term> at 4:16.
                  <factor> at 4:16.
                  </factor> at 4:18.
                </term> at 4:18.
                <term> at 4:20.
                  <factor> at 4:20.
                  </factor> at 6:1.
                </term> at 6:1.
              </simple> at 6:1.
            </expr> at 6:1.
          </return> at 6:1.
        </statement> at 6:1.
      </statements> at 6:1.
    </body> at 6:1.
  </subdef> at 6:1.
  <subdef> at 6:1.
    <type> at 6:7.
    </type> at 6:11.
    <type> at 6:14.
    </type> at 6:18.
    <type> at 6:24.
    </type> at 6:27.
    <body> at 7:5.
      <statements> at 7:5.
        <statement> at 7:5.
          <if> at 7:5.
            <expr> at 7:8.
              <simple> at 7:8.
                <term> at 7:8.
                  <factor> at 7:8.
                  </factor> at 7:10.
                </term> at 7:10.
              </simple> at 7:10.
              <simple> at 7:12.
                <term> at 7:12.
                  <factor> at 7:12.
                  </factor> at 7:13.
                </term> at 7:13.
              </simple> at 7:13.
            </expr> at 7:13.
            <statements> at 8:9.
              <statement> at 8:9.
                <return> at 8:9.
