<program> at 1:1.
  <body> at 3:3.
    <vardef> at 3:3.
      <type> at 3:3.
      </type> at 3:7.
    </vardef> at 4:3.
    <vardef> at 4:3.
      <type> at 4:3.
      </type> at 4:7.
    </vardef> at 6:3.
    <statements> at 6:3.
      <statement> at 6:3.
        <assign> at 6:3.
          <expr> at 6:11.
            <simple> at 6:11.
              <term> at 6:11.
                <factor> at 6:11.
                </factor> at 6:12.
              </term> at 6:12.
            </simple> at 6:12.
          </expr> at 6:12.
        </assign> at 6:12.
      </statement> at 6:12.
      <statement> at 7:3.
        <input> at 7:3.
        </input> at 7:11.
      </statement> at 7:11.
    </statements> at 7:11.
  </body> at 7:11.
</program> at 7:11.
Success!
