<program> at 1:1.
  <body> at 3:3.
    <vardef> at 3:3.
      <type> at 3:3.
      </type> at 3:7.
    </vardef> at 4:3.
    <vardef> at 4:3.
      <type> at 4:3.
      </type> at 4:7.
    </vardef> at 6:3.
    <statements> at 6:3.
      <statement> at 6:3.
        <input> at 6:3.
        </input> at 6:11.
      </statement> at 6:11.
      <statement> at 7:3.
        <input> at 7:3.
        </input> at 7:11.
      </statement> at 7:11.
      <statement> at 8:3.
        <assign> at 8:3.
          <expr> at 8:11.
            <simple> at 8:11.
              <term> at 8:11.
                <factor> at 8:11.
                </factor> at 8:13.
                <factor> at 8:15.
                </factor> at 8:16.
              </term> at 8:16.
            </simple> at 8:16.
          </expr> at 8:16.
        </assign> at 8:16.
      </statement> at 8:16.
      <statement> at 9:3.
        <output> at 9:3.
          <expr> at 9:10.
            <simple> at 9:10.
              <term> at 9:10.
                <factor> at 9:10.
                </factor> at 9:11.
              </term> at 9:11.
            </simple> at 9:11.
          </expr> at 9:11.
        </output> at 9:12.
      </statement> at 9:12.
    </statements> at 9:12.
  </body> at 9:12.
</program> at 9:12.
Success!
