<program> at 1:1.
  <body> at 3:3.
    <vardef> at 3:3.
      <type> at 3:3.
      </type> at 3:7.
    </vardef> at 5:3.
    <statements> at 5:3.
      <statement> at 5:3.
        <input> at 5:3.
        </input> at 5:11.
      </statement> at 5:11.
      <statement> at 6:3.
        <assign> at 6:3.
          <expr> at 6:11.
            <simple> at 6:11.
              <term> at 6:12.
                <factor> at 6:12.
                </factor> at 6:13.
              </term> at 6:13.
            </simple> at 6:13.
          </expr> at 6:13.
        </assign> at 6:13.
      </statement> at 6:13.
      <statement> at 7:3.
        <output> at 7:3.
          <expr> at 7:10.
            <simple> at 7:10.
              <term> at 7:10.
                <factor> at 7:10.
                </factor> at 7:11.
              </term> at 7:11.
            </simple> at 7:11.
          </expr> at 7:11.
        </output> at 7:12.
      </statement> at 7:12.
    </statements> at 7:12.
  </body> at 7:12.
</program> at 7:12.
Success!
