<program> at 1:1.
  <body> at 3:3.
    <vardef> at 3:3.
      <type> at 3:3.
      </type> at 3:8.
    </vardef> at 5:3.
    <statements> at 5:3.
      <statement> at 5:3.
        <assign> at 5:3.
          <expr> at 5:11.
            <simple> at 5:11.
              <term> at 5:11.
                <factor> at 5:11.
                </factor> at 5:16.
              </term> at 5:16.
            </simple> at 5:16.
          </expr> at 5:16.
        </assign> at 5:16.
      </statement> at 5:16.
    </statements> at 5:16.
  </body> at 5:16.
</program> at 5:16.
Success!
