<program> at 1:1.
  <body> at 3:3.
    <vardef> at 3:3.
      <type> at 3:3.
      </type> at 3:14.
    </vardef> at 4:3.
    <vardef> at 4:3.
      <type> at 4:3.
      </type> at 4:8.
    </vardef> at 6:3.
    <statements> at 6:3.
      <statement> at 6:3.
        <assign> at 6:3.
          <simple> at 6:17.
            <term> at 6:17.
              <factor> at 6:17.
              </factor> at 6:18.
            </term> at 6:18.
          </simple> at 6:18.
        </assign> at 6:18.
      </statement> at 6:18.
      <statement> at 7:3.
        <assign> at 7:3.
          <expr> at 7:11.
            <simple> at 7:11.
              <term> at 7:11.
                <factor> at 7:11.
                  <index> at 7:12.
                    <simple> at 7:13.
                      <term> at 7:13.
                        <factor> at 7:13.
                        </factor> at 7:14.
                      </term> at 7:14.
                    </simple> at 7:14.
                  </index> at 7:16.
                </factor> at 7:16.
                <factor> at 7:20.
                </factor> at 7:24.
              </term> at 7:24.
            </simple> at 7:24.
          </expr> at 7:24.
        </assign> at 7:24.
      </statement> at 7:24.
    </statements> at 7:24.
  </body> at 7:24.
</program> at 7:24.
Success!
