<program> at 1:1.
  <body> at 3:3.
    <vardef> at 3:3.
      <type> at 3:3.
      </type> at 3:13.
    </vardef> at 4:3.
    <vardef> at 4:3.
      <type> at 4:3.
      </type> at 4:7.
    </vardef> at 6:3.
    <statements> at 6:3.
      <statement> at 6:3.
        <assign> at 6:3.
          <simple> at 6:17.
            <term> at 6:17.
              <factor> at 6:17.
              </factor> at 6:18.
            </term> at 6:18.
          </simple> at 6:18.
        </assign> at 6:18.
      </statement> at 6:18.
      <statement> at 7:3.
        <assign> at 7:3.
          <index> at 7:8.
            <simple> at 7:9.
              <term> at 7:9.
                <factor> at 7:9.
                </factor> at 7:10.
              </term> at 7:10.
            </simple> at 7:10.
          </index> at 7:12.
          <expr> at 7:14.
            <simple> at 7:14.
              <term> at 7:14.
                <factor> at 7:14.
                </factor> at 7:16.
                <factor> at 7:18.
                </factor> at 7:19.
              </term> at 7:19.
            </simple> at 7:19.
          </expr> at 7:19.
        </assign> at 7:19.
      </statement> at 7:19.
    </statements> at 7:19.
  </body> at 7:19.
</program> at 7:19.
Success!
