<program> at 1:1.
  <subdef> at 3:1.
    <type> at 3:5.
    </type> at 3:9.
    <type> at 3:12.
    </type> at 3:16.
    <type> at 3:19.
    </type> at 3:24.
    <type> at 3:27.
    </type> at 3:32.
    <type> at 3:35.
    </type> at 3:45.
    <type> at 3:48.
    </type> at 3:59.
    <type> at 3:62.
    </type> at 3:73.
    <type> at 4:7.
    </type> at 4:17.
    <type> at 4:23.
    </type> at 4:27.
    <body> at 5:3.
      <statements> at 5:3.
      </statements> at 7:1.
    </body> at 7:1.
  </subdef> at 7:1.
  <body> at 8:3.
    <vardef> at 8:3.
      <type> at 8:3.
      </type> at 8:7.
    </vardef> at 9:3.
    <vardef> at 9:3.
      <type> at 9:3.
      </type> at 9:13.
    </vardef> at 10:3.
    <vardef> at 10:3.
      <type> at 10:3.
      </type> at 10:8.
    </vardef> at 11:3.
    <vardef> at 11:3.
      <type> at 11:3.
      </type> at 11:14.
    </vardef> at 13:3.
    <statements> at 13:3.
      <statement> at 13:3.
        <assign> at 13:3.
          <expr> at 13:14.
            <simple> at 13:14.
              <term> at 13:14.
                <factor> at 13:14.
                  <arglist> at 13:17.
                    <expr> at 13:18.
                      <simple> at 13:18.
                        <term> at 13:18.
                          <factor> at 13:18.
                          </factor> at 13:20.
                        </term> at 13:20.
                      </simple> at 13:20.
                    </expr> at 13:20.
                    <expr> at 13:22.
                      <simple> at 13:22.
                        <term> at 13:22.
                          <factor> at 13:22.
                          </factor> at 13:24.
                        </term> at 13:24.
                      </simple> at 13:24.
                    </expr> at 13:24.
                    <expr> at 13:26.
                      <simple> at 13:26.
                        <term> at 13:26.
                          <factor> at 13:26.
                          </factor> at 13:28.
                        </term> at 13:28.
                      </simple> at 13:28.
                    </expr> at 13:28.
                    <expr> at 13:30.
                      <simple> at 13:30.
                        <term> at 13:30.
                          <factor> at 13:30.
                          </factor> at 13:32.
                        </term> at 13:32.
                      </simple> at 13:32.
                    </expr> at 13:32.
                    <expr> at 13:34.
                      <simple> at 13:34.
                        <term> at 13:34.
                          <factor> at 13:34.
                          </factor> at 13:36.
                        </term> at 13:36.
                      </simple> at 13:36.
                    </expr> at 13:36.
                    <expr> at 13:38.
                      <simple> at 13:38.
                        <term> at 13:38.
                          <factor> at 13:38.
                          </factor> at 13:40.
                        </term> at 13:40.
                      </simple> at 13:40.
                    </expr> at 13:40.
                    <expr> at 13:42.
                      <simple> at 13:42.
                        <term> at 13:42.
                          <factor> at 13:42.
                          </factor> at 13:44.
                        </term> at 13:44.
                      </simple> at 13:44.
                    </expr> at 13:44.
                    <expr> at 13:46.
                      <simple> at 13:46.
                        <term> at 13:46.
                          <factor> at 13:46.
                          </factor> at 13:48.
                        </term> at 13:48.
                      </simple> at 13:48.
                    </expr> at 13:48.
                  </arglist> at 13:49.
                </factor> at 13:49.
              </term> at 13:49.
            </simple> at 13:49.
          </expr> at 13:49.
        </assign> at 13:49.
      </statement> at 13:49.
    </statements> at 13:49.
  </body> at 13:49.
</program> at 13:49.
Success!
