<program> at 1:1.
  <subdef> at 3:1.
    <type> at 3:10.
    </type> at 3:14.
    <body> at 4:3.
      <statements> at 4:3.
        <statement> at 4:3.
          <output> at 4:3.
            <expr> at 4:10.
              <simple> at 4:10.
                <term> at 4:10.
                  <factor> at 4:10.
                  </factor> at 4:12.
                </term> at 4:12.
              </simple> at 4:12.
            </expr> at 4:12.
          </output> at 6:1.
        </statement> at 6:1.
      </statements> at 6:1.
    </body> at 6:1.
  </subdef> at 6:1.
  <body> at 7:3.
    <statements> at 7:3.
      <statement> at 7:3.
        <call> at 7:3.
          <arglist> at 7:11.
            <expr> at 7:12.
              <simple> at 7:12.
                <term> at 7:12.
                  <factor> at 7:12.
                  </factor> at 7:14.
                </term> at 7:14.
              </simple> at 7:14.
            </expr> at 7:14.
          </arglist> at 7:15.
        </call> at 7:15.
      </statement> at 7:15.
    </statements> at 7:15.
  </body> at 7:15.
</program> at 7:15.
Success!
