<program> at 1:1.
  <subdef> at 3:1.
    <type> at 3:9.
    </type> at 3:19.
    <type> at 3:22.
    </type> at 3:26.
    <type> at 3:29.
    </type> at 3:33.
    <type> at 3:39.
    </type> at 3:42.
    <body> at 7:3.
      <vardef> at 7:3.
        <type> at 7:3.
        </type> at 7:7.
      </vardef> at 9:3.
      <statements> at 9:3.
        <statement> at 9:3.
          <assign> at 9:3.
            <expr> at 9:11.
              <simple> at 9:11.
                <term> at 9:11.
                  <factor> at 9:11.
                  </factor> at 9:12.
                </term> at 9:12.
              </simple> at 9:12.
            </expr> at 9:12.
          </assign> at 9:12.
        </statement> at 9:12.
        <statement> at 10:3.
          <assign> at 10:3.
            <expr> at 10:13.
              <simple> at 10:13.
                <term> at 10:13.
                  <factor> at 10:13.
                  </factor> at 10:14.
                </term> at 10:14.
              </simple> at 10:14.
            </expr> at 10:14.
          </assign> at 10:14.
        </statement> at 10:14.
        <statement> at 11:3.
          <while> at 11:3.
            <expr> at 11:9.
              <simple> at 11:9.
                <term> at 11:9.
                  <factor> at 11:9.
                  </factor> at 11:11.
                </term> at 11:11.
              </simple> at 11:11.
              <simple> at 11:13.
                <term> at 11:13.
                  <factor> at 11:13.
                  </factor> at 11:14.
                </term> at 11:14.
              </simple> at 11:14.
            </expr> at 11:14.
            <statements> at 12:5.
              <statement> at 12:5.
                <if> at 12:5.
                  <expr> at 12:8.
                    <simple> at 12:8.
                      <term> at 12:8.
                        <factor> at 12:8.
                          <index> at 12:9.
                            <simple> at 12:10.
                              <term> at 12:10.
                                <factor> at 12:10.
                                </factor> at 12:11.
                              </term> at 12:11.
                            </simple> at 12:11.
                          </index> at 12:13.
                        </factor> at 12:13.
                      </term> at 12:13.
                    </simple> at 12:13.
                    <simple> at 12:15.
                      <term> at 12:15.
                        <factor> at 12:15.
                          <index> at 12:16.
                            <simple> at 12:17.
                              <term> at 12:17.
                                <factor> at 12:17.
                                </factor> at 12:20.
                              </term> at 12:20.
                            </simple> at 12:20.
                          </index> at 12:21.
                        </factor> at 12:21.
                      </term> at 12:21.
                    </simple> at 12:21.
                  </expr> at 12:21.
                  <statements> at 13:7.
                    <statement> at 13:7.
                      <assign> at 13:7.
                        <expr> at 13:17.
                          <simple> at 13:17.
                            <term> at 13:17.
                              <factor> at 13:17.
                              </factor> at 14:7.
                            </term> at 14:7.
                          </simple> at 14:7.
                        </expr> at 14:7.
                      </assign> at 14:7.
                    </statement> at 14:7.
                  </statements> at 14:7.
                </if> at 14:10.
              </statement> at 14:10.
              <statement> at 15:5.
                <assign> at 15:5.
                  <expr> at 15:13.
                    <simple> at 15:13.
                      <term> at 15:13.
                        <factor> at 15:13.
                        </factor> at 15:15.
                      </term> at 15:15.
                      <term> at 15:17.
                        <factor> at 15:17.
                        </factor> at 16:5.
                      </term> at 16:5.
                    </simple> at 16:5.
                  </expr> at 16:5.
                </assign> at 16:5.
              </statement> at 16:5.
            </statements> at 16:5.
          </while> at 16:8.
        </statement> at 16:8.
        <statement> at 18:3.
          <return> at 18:3.
            <expr> at 18:10.
              <simple> at 18:10.
                <term> at 18:10.
                  <factor> at 18:10.
                  </factor> at 20:1.
                </term> at 20:1.
              </simple> at 20:1.
            </expr> at 20:1.
          </return> at 20:1.
        </statement> at 20:1.
      </statements> at 20:1.
    </body> at 20:1.
  </subdef> at 20:1.
  <subdef> at 20:1.
    <type> at 20:6.
    </type> at 20:16.
    <type> at 20:19.
    </type> at 20:23.
    <body> at 24:3.
      <vardef> at 24:3.
        <type> at 24:3.
        </type> at 24:7.
      </vardef> at 26:3.
      <statements> at 26:3.
        <statement> at 26:3.
          <assign> at 26:3.
            <expr> at 26:11.
              <simple> at 26:11.
                <term> at 26:11.
                  <factor> at 26:11.
                  </factor> at 26:12.
                </term> at 26:12.
              </simple> at 26:12.
            </expr> at 26:12.
          </assign> at 26:12.
        </statement> at 26:12.
        <statement> at 27:3.
          <while> at 27:3.
            <expr> at 27:9.
              <simple> at 27:9.
                <term> at 27:9.
                  <factor> at 27:9.
                  </factor> at 27:11.
                </term> at 27:11.
              </simple> at 27:11.
              <simple> at 27:13.
                <term> at 27:13.
                  <factor> at 27:13.
                  </factor> at 27:14.
                </term> at 27:14.
              </simple> at 27:14.
            </expr> at 27:14.
            <statements> at 29:5.
              <statement> at 29:5.
                <assign> at 29:5.
                  <expr> at 29:15.
                    <simple> at 29:15.
                      <term> at 29:15.
                        <factor> at 29:15.
                          <arglist> at 29:22.
                            <expr> at 29:23.
                              <simple> at 29:23.
                                <term> at 29:23.
                                  <factor> at 29:23.
                                  </factor> at 29:24.
                                </term> at 29:24.
                              </simple> at 29:24.
                            </expr> at 29:24.
                            <expr> at 29:26.
                              <simple> at 29:26.
                                <term> at 29:26.
                                  <factor> at 29:26.
                                  </factor> at 29:27.
                                </term> at 29:27.
                              </simple> at 29:27.
                            </expr> at 29:27.
                            <expr> at 29:29.
                              <simple> at 29:29.
                                <term> at 29:29.
                                  <factor> at 29:29.
                                  </factor> at 29:30.
                                </term> at 29:30.
                              </simple> at 29:30.
                            </expr> at 29:30.
                          </arglist> at 29:31.
                        </factor> at 29:31.
                      </term> at 29:31.
                    </simple> at 29:31.
                  </expr> at 29:31.
                </assign> at 29:31.
              </statement> at 29:31.
              <statement> at 32:5.
                <assign> at 32:5.
                  <expr> at 32:15.
                    <simple> at 32:15.
                      <term> at 32:15.
                        <factor> at 32:15.
                          <index> at 32:16.
                            <simple> at 32:17.
                              <term> at 32:17.
                                <factor> at 32:17.
                                </factor> at 32:20.
                              </term> at 32:20.
                            </simple> at 32:20.
                          </index> at 32:21.
                        </factor> at 32:21.
                      </term> at 32:21.
                    </simple> at 32:21.
                  </expr> at 32:21.
                </assign> at 32:21.
              </statement> at 32:21.
              <statement> at 33:5.
                <assign> at 33:5.
                  <index> at 33:10.
                    <simple> at 33:11.
                      <term> at 33:11.
                        <factor> at 33:11.
                        </factor> at 33:14.
                      </term> at 33:14.
                    </simple> at 33:14.
                  </index> at 33:16.
                  <expr> at 33:18.
                    <simple> at 33:18.
                      <term> at 33:18.
                        <factor> at 33:18.
                          <index> at 33:19.
                            <simple> at 33:20.
                              <term> at 33:20.
                                <factor> at 33:20.
                                </factor> at 33:21.
                              </term> at 33:21.
                            </simple> at 33:21.
                          </index> at 33:22.
                        </factor> at 33:22.
                      </term> at 33:22.
                    </simple> at 33:22.
                  </expr> at 33:22.
                </assign> at 33:22.
              </statement> at 33:22.
              <statement> at 34:5.
                <assign> at 34:5.
                  <index> at 34:10.
                    <simple> at 34:11.
                      <term> at 34:11.
                        <factor> at 34:11.
                        </factor> at 34:12.
                      </term> at 34:12.
                    </simple> at 34:12.
                  </index> at 34:14.
                  <expr> at 34:16.
                    <simple> at 34:16.
                      <term> at 34:16.
                        <factor> at 34:16.
                        </factor> at 34:19.
                      </term> at 34:19.
                    </simple> at 34:19.
                  </expr> at 34:19.
                </assign> at 34:19.
              </statement> at 34:19.
              <statement> at 37:5.
                <assign> at 37:5.
                  <expr> at 37:13.
                    <simple> at 37:13.
                      <term> at 37:13.
                        <factor> at 37:13.
                        </factor> at 37:15.
                      </term> at 37:15.
                      <term> at 37:17.
                        <factor> at 37:17.
                        </factor> at 38:5.
                      </term> at 38:5.
                    </simple> at 38:5.
                  </expr> at 38:5.
                </assign> at 38:5.
              </statement> at 38:5.
            </statements> at 38:5.
          </while> at 40:1.
        </statement> at 40:1.
      </statements> at 40:1.
    </body> at 40:1.
  </subdef> at 40:1.
  <body> at 41:3.
    <vardef> at 41:3.
      <type> at 41:3.
      </type> at 41:7.
    </vardef> at 42:3.
    <vardef> at 42:3.
      <type> at 42:3.
      </type> at 42:13.
    </vardef> at 45:3.
    <statements> at 45:3.
      <statement> at 45:3.
        <input> at 45:3.
        </input> at 45:11.
      </statement> at 45:11.
      <statement> at 46:3.
        <assign> at 46:3.
          <simple> at 46:17.
            <term> at 46:17.
              <factor> at 46:17.
              </factor> at 46:18.
            </term> at 46:18.
          </simple> at 46:18.
        </assign> at 46:18.
      </statement> at 46:18.
      <statement> at 49:3.
        <assign> at 49:3.
          <expr> at 49:11.
            <simple> at 49:11.
              <term> at 49:11.
                <factor> at 49:11.
                </factor> at 49:12.
              </term> at 49:12.
            </simple> at 49:12.
          </expr> at 49:12.
        </assign> at 49:12.
      </statement> at 49:12.
      <statement> at 50:3.
        <while> at 50:3.
          <expr> at 50:9.
            <simple> at 50:9.
              <term> at 50:9.
                <factor> at 50:9.
                </factor> at 50:11.
              </term> at 50:11.
            </simple> at 50:11.
            <simple> at 50:13.
              <term> at 50:13.
                <factor> at 50:13.
                </factor> at 50:14.
              </term> at 50:14.
            </simple> at 50:14.
          </expr> at 50:14.
          <statements> at 51:5.
            <statement> at 51:5.
              <input> at 51:5.
                <index> at 51:12.
                  <simple> at 51:13.
                    <term> at 51:13.
                      <factor> at 51:13.
                      </factor> at 51:14.
                    </term> at 51:14.
                  </simple> at 51:14.
                </index> at 51:15.
              </input> at 51:16.
            </statement> at 51:16.
            <statement> at 52:5.
              <assign> at 52:5.
                <expr> at 52:13.
                  <simple> at 52:13.
                    <term> at 52:13.
                      <factor> at 52:13.
                      </factor> at 52:15.
                    </term> at 52:15.
                    <term> at 52:17.
                      <factor> at 52:17.
                      </factor> at 53:5.
                    </term> at 53:5.
                  </simple> at 53:5.
                </expr> at 53:5.
              </assign> at 53:5.
            </statement> at 53:5.
          </statements> at 53:5.
        </while> at 53:8.
      </statement> at 53:8.
      <statement> at 56:3.
        <call> at 56:3.
          <arglist> at 56:7.
            <expr> at 56:8.
              <simple> at 56:8.
                <term> at 56:8.
                  <factor> at 56:8.
                  </factor> at 56:9.
                </term> at 56:9.
              </simple> at 56:9.
            </expr> at 56:9.
            <expr> at 56:11.
              <simple> at 56:11.
                <term> at 56:11.
                  <factor> at 56:11.
                  </factor> at 56:12.
                </term> at 56:12.
              </simple> at 56:12.
            </expr> at 56:12.
          </arglist> at 56:13.
        </call> at 56:13.
      </statement> at 56:13.
      <statement> at 57:3.
        <output> at 57:3.
        </output> at 57:14.
      </statement> at 57:14.
      <statement> at 58:3.
        <assign> at 58:3.
          <expr> at 58:11.
            <simple> at 58:11.
              <term> at 58:11.
                <factor> at 58:11.
                </factor> at 58:12.
              </term> at 58:12.
            </simple> at 58:12.
          </expr> at 58:12.
        </assign> at 58:12.
      </statement> at 58:12.
      <statement> at 59:3.
        <while> at 59:3.
          <expr> at 59:9.
            <simple> at 59:9.
              <term> at 59:9.
                <factor> at 59:9.
                </factor> at 59:11.
              </term> at 59:11.
            </simple> at 59:11.
            <simple> at 59:13.
              <term> at 59:13.
                <factor> at 59:13.
                </factor> at 59:14.
              </term> at 59:14.
            </simple> at 59:14.
          </expr> at 59:14.
          <statements> at 60:5.
            <statement> at 60:5.
              <output> at 60:5.
                <expr> at 60:12.
                  <simple> at 60:12.
                    <term> at 60:12.
                      <factor> at 60:12.
                        <index> at 60:13.
                          <simple> at 60:14.
                            <term> at 60:14.
                              <factor> at 60:14.
                              </factor> at 60:15.
                            </term> at 60:15.
                          </simple> at 60:15.
                        </index> at 60:16.
                      </factor> at 60:16.
                    </term> at 60:16.
                  </simple> at 60:16.
                </expr> at 60:16.
              </output> at 60:17.
            </statement> at 60:17.
            <statement> at 61:5.
              <assign> at 61:5.
                <expr> at 61:13.
                  <simple> at 61:13.
                    <term> at 61:13.
                      <factor> at 61:13.
                      </factor> at 61:15.
                    </term> at 61:15.
                    <term> at 61:17.
                      <factor> at 61:17.
                      </factor> at 61:18.
                    </term> at 61:18.
                  </simple> at 61:18.
                </expr> at 61:18.
              </assign> at 61:18.
            </statement> at 61:18.
            <statement> at 62:5.
              <if> at 62:5.
                <expr> at 62:8.
                  <simple> at 62:8.
                    <term> at 62:8.
                      <factor> at 62:8.
                      </factor> at 62:10.
                    </term> at 62:10.
                  </simple> at 62:10.
                  <simple> at 62:13.
                    <term> at 62:13.
                      <factor> at 62:13.
                      </factor> at 62:14.
                    </term> at 62:14.
                  </simple> at 62:14.
                </expr> at 62:14.
                <statements> at 63:7.
                  <statement> at 63:7.
                    <output> at 63:7.
                    </output> at 64:7.
                  </statement> at 64:7.
                </statements> at 64:7.
              </if> at 65:5.
            </statement> at 65:5.
          </statements> at 65:5.
        </while> at 65:8.
      </statement> at 65:8.
      <statement> at 66:3.
        <output> at 66:3.
        </output> at 66:16.
      </statement> at 66:16.
    </statements> at 66:16.
  </body> at 66:16.
</program> at 66:16.
Success!
