<program> at 1:1.
  <body> at 3:5.
    <vardef> at 3:5.
      <type> at 3:5.
      </type> at 3:15.
    </vardef> at 5:5.
    <statements> at 5:5.
      <statement> at 5:5.
        <assign> at 5:5.
          <simple> at 5:22.
            <term> at 5:22.
              <factor> at 5:22.
              </factor> at 5:24.
            </term> at 5:24.
          </simple> at 5:24.
        </assign> at 5:24.
      </statement> at 5:24.
      <statement> at 6:5.
        <assign> at 6:5.
          <simple> at 6:25.
            <term> at 6:25.
              <factor> at 6:25.
              </factor> at 6:26.
            </term> at 6:26.
          </simple> at 6:26.
        </assign> at 6:26.
      </statement> at 6:26.
      <statement> at 7:5.
        <assign> at 7:5.
          <expr> at 7:19.
            <simple> at 7:19.
              <term> at 7:19.
                <factor> at 7:19.
                </factor> at 7:22.
              </term> at 7:22.
            </simple> at 7:22.
          </expr> at 7:22.
        </assign> at 7:22.
      </statement> at 7:22.
    </statements> at 7:22.
  </body> at 7:22.
</program> at 7:22.
Success!
