<program> at 1:1.
  <body> at 3:5.
    <vardef> at 3:5.
      <type> at 3:5.
      </type> at 3:15.
    </vardef> at 5:5.
    <statements> at 5:5.
      <statement> at 5:5.
        <assign> at 5:5.
          <simple> at 5:22.
            <term> at 5:22.
              <factor> at 5:22.
              </factor> at 5:24.
            </term> at 5:24.
          </simple> at 5:24.
        </assign> at 5:24.
      </statement> at 5:24.
      <statement> at 6:5.
        <output> at 6:5.
          <expr> at 6:12.
            <simple> at 6:12.
              <term> at 6:12.
                <factor> at 6:12.
                  <index> at 6:17.
                    <simple> at 6:18.
                      <term> at 6:18.
                        <factor> at 6:18.
                        </factor> at 6:19.
                      </term> at 6:19.
                    </simple> at 6:19.
                  </index> at 6:21.
                </factor> at 6:21.
              </term> at 6:21.
              <term> at 6:23.
                <factor> at 6:23.
                </factor> at 6:25.
              </term> at 6:25.
            </simple> at 6:25.
          </expr> at 6:25.
        </output> at 6:25.
      </statement> at 6:25.
    </statements> at 6:25.
  </body> at 6:25.
</program> at 6:25.
Success!
