<program> at 1:1.
  <subdef> at 3:1.
    <type> at 3:5.
    </type> at 3:9.
    <type> at 3:12.
    </type> at 3:16.
    <type> at 3:19.
    </type> at 3:24.
    <type> at 3:30.
    </type> at 3:33.
    <body> at 4:5.
      <statements> at 4:5.
      </statements> at 6:1.
    </body> at 6:1.
  </subdef> at 6:1.
  <body> at 7:5.
    <vardef> at 7:5.
      <type> at 7:5.
      </type> at 7:9.
    </vardef> at 8:5.
    <vardef> at 8:5.
      <type> at 8:5.
      </type> at 8:9.
    </vardef> at 10:5.
    <statements> at 10:5.
    </statements> at 10:11.
  </body> at 10:11.
</program> at 10:11.
Success!
