<program> at 1:1.
  <subdef> at 3:1.
    <type> at 3:9.
    </type> at 3:19.
    <type> at 3:22.
    </type> at 3:26.
    <type> at 3:29.
    </type> at 3:33.
    <type> at 3:39.
    </type> at 3:42.
    <body> at 4:5.
      <vardef> at 4:5.
        <type> at 4:5.
        </type> at 4:9.
      </vardef> at 6:5.
      <statements> at 6:5.
        <statement> at 6:5.
          <assign> at 6:5.
            <expr> at 6:13.
              <simple> at 6:13.
                <term> at 6:13.
                  <factor> at 6:13.
                  </factor> at 6:14.
                </term> at 6:14.
              </simple> at 6:14.
            </expr> at 6:14.
          </assign> at 6:14.
        </statement> at 6:14.
        <statement> at 7:5.
          <assign> at 7:5.
            <expr> at 7:15.
              <simple> at 7:15.
                <term> at 7:15.
                  <factor> at 7:15.
                  </factor> at 7:16.
                </term> at 7:16.
              </simple> at 7:16.
            </expr> at 7:16.
          </assign> at 7:16.
        </statement> at 7:16.
        <statement> at 8:5.
          <while> at 8:5.
            <expr> at 8:11.
              <simple> at 8:11.
                <term> at 8:11.
                  <factor> at 8:11.
                  </factor> at 8:13.
                </term> at 8:13.
              </simple> at 8:13.
              <simple> at 8:15.
                <term> at 8:15.
                  <factor> at 8:15.
                  </factor> at 8:16.
                </term> at 8:16.
              </simple> at 8:16.
            </expr> at 8:16.
            <statements> at 9:9.
              <statement> at 9:9.
                <if> at 9:9.
                  <expr> at 9:12.
                    <simple> at 9:12.
                      <term> at 9:12.
                        <factor> at 9:12.
                          <index> at 9:14.
                            <simple> at 9:15.
                              <term> at 9:15.
                                <factor> at 9:15.
                                </factor> at 9:16.
                              </term> at 9:16.
                            </simple> at 9:16.
                          </index> at 9:18.
                        </factor> at 9:18.
                      </term> at 9:18.
                    </simple> at 9:18.
                    <simple> at 9:20.
                      <term> at 9:20.
                        <factor> at 9:20.
                          <index> at 9:22.
                            <simple> at 9:23.
                              <term> at 9:23.
                                <factor> at 9:23.
                                </factor> at 9:26.
                              </term> at 9:26.
                            </simple> at 9:26.
                          </index> at 9:27.
                        </factor> at 9:27.
                      </term> at 9:27.
                    </simple> at 9:27.
                  </expr> at 9:27.
                  <statements> at 10:13.
                    <statement> at 10:13.
                      <assign> at 10:13.
                        <expr> at 10:23.
                          <simple> at 10:23.
                            <term> at 10:23.
                              <factor> at 10:23.
                              </factor> at 11:9.
                            </term> at 11:9.
                          </simple> at 11:9.
                        </expr> at 11:9.
                      </assign> at 11:9.
                    </statement> at 11:9.
                  </statements> at 11:9.
                </if> at 12:5.
              </statement> at 12:5.
            </statements> at 12:5.
          </while> at 12:8.
        </statement> at 12:8.
        <statement> at 13:5.
          <return> at 13:5.
            <expr> at 13:12.
              <simple> at 13:12.
                <term> at 13:12.
                  <factor> at 13:12.
                  </factor> at 15:1.
                </term> at 15:1.
              </simple> at 15:1.
            </expr> at 15:1.
          </return> at 15:1.
        </statement> at 15:1.
      </statements> at 15:1.
    </body> at 15:1.
  </subdef> at 15:1.
  <subdef> at 15:1.
    <type> at 15:6.
    </type> at 15:16.
    <type> at 15:19.
    </type> at 15:23.
    <body> at 16:5.
      <vardef> at 16:5.
        <type> at 16:5.
        </type> at 16:9.
      </vardef> at 18:5.
      <statements> at 18:5.
        <statement> at 18:5.
          <assign> at 18:5.
            <expr> at 18:13.
              <simple> at 18:13.
                <term> at 18:13.
                  <factor> at 18:13.
                  </factor> at 18:14.
                </term> at 18:14.
              </simple> at 18:14.
            </expr> at 18:14.
          </assign> at 18:14.
        </statement> at 18:14.
        <statement> at 19:5.
          <while> at 19:5.
            <expr> at 19:11.
              <simple> at 19:11.
                <term> at 19:11.
                  <factor> at 19:11.
                  </factor> at 19:13.
                </term> at 19:13.
              </simple> at 19:13.
              <simple> at 19:15.
                <term> at 19:15.
                  <factor> at 19:15.
                  </factor> at 19:16.
                </term> at 19:16.
              </simple> at 19:16.
            </expr> at 19:16.
            <statements> at 20:9.
              <statement> at 20:9.
                <assign> at 20:9.
                  <expr> at 20:19.
                    <simple> at 20:19.
                      <term> at 20:19.
                        <factor> at 20:19.
                          <arglist> at 20:26.
                            <expr> at 20:27.
                              <simple> at 20:27.
                                <term> at 20:27.
                                  <factor> at 20:27.
                                  </factor> at 20:28.
                                </term> at 20:28.
                              </simple> at 20:28.
                            </expr> at 20:28.
                            <expr> at 20:30.
                              <simple> at 20:30.
                                <term> at 20:30.
                                  <factor> at 20:30.
                                  </factor> at 20:31.
                                </term> at 20:31.
                              </simple> at 20:31.
                            </expr> at 20:31.
                            <expr> at 20:33.
                              <simple> at 20:33.
                                <term> at 20:33.
                                  <factor> at 20:33.
                                  </factor> at 20:34.
                                </term> at 20:34.
                              </simple> at 20:34.
                            </expr> at 20:34.
                          </arglist> at 20:35.
                        </factor> at 20:35.
                      </term> at 20:35.
                    </simple> at 20:35.
                  </expr> at 20:35.
                </assign> at 20:35.
              </statement> at 20:35.
              <statement> at 21:9.
                <assign> at 21:9.
                  <expr> at 21:19.
                    <simple> at 21:19.
                      <term> at 21:19.
                        <factor> at 21:19.
                          <index> at 21:21.
                            <simple> at 21:22.
                              <term> at 21:22.
                                <factor> at 21:22.
                                </factor> at 21:25.
                              </term> at 21:25.
                            </simple> at 21:25.
                          </index> at 21:26.
                        </factor> at 21:26.
                      </term> at 21:26.
                    </simple> at 21:26.
                  </expr> at 21:26.
                </assign> at 21:26.
              </statement> at 21:26.
              <statement> at 22:9.
                <assign> at 22:9.
                  <index> at 22:14.
                    <simple> at 22:15.
                      <term> at 22:15.
                        <factor> at 22:15.
                        </factor> at 22:18.
                      </term> at 22:18.
                    </simple> at 22:18.
                  </index> at 22:20.
                  <expr> at 22:22.
                    <simple> at 22:22.
                      <term> at 22:22.
                        <factor> at 22:22.
                          <index> at 22:24.
                            <simple> at 22:25.
                              <term> at 22:25.
                                <factor> at 22:25.
                                </factor> at 22:26.
                              </term> at 22:26.
                            </simple> at 22:26.
                          </index> at 22:27.
                        </factor> at 22:27.
                      </term> at 22:27.
                    </simple> at 22:27.
                  </expr> at 22:27.
                </assign> at 22:27.
              </statement> at 22:27.
              <statement> at 23:9.
                <assign> at 23:9.
                  <index> at 23:14.
                    <simple> at 23:15.
                      <term> at 23:15.
                        <factor> at 23:15.
                        </factor> at 23:16.
                      </term> at 23:16.
                    </simple> at 23:16.
                  </index> at 23:18.
                  <expr> at 23:20.
                    <simple> at 23:20.
                      <term> at 23:20.
                        <factor> at 23:20.
                        </factor> at 23:23.
                      </term> at 23:23.
                    </simple> at 23:23.
                  </expr> at 23:23.
                </assign> at 23:23.
              </statement> at 23:23.
              <statement> at 24:9.
                <assign> at 24:9.
                  <expr> at 24:17.
                    <simple> at 24:17.
                      <term> at 24:17.
                        <factor> at 24:17.
                        </factor> at 24:19.
                      </term> at 24:19.
                      <term> at 24:21.
                        <factor> at 24:21.
                        </factor> at 25:5.
                      </term> at 25:5.
                    </simple> at 25:5.
                  </expr> at 25:5.
                </assign> at 25:5.
              </statement> at 25:5.
            </statements> at 25:5.
          </while> at 27:1.
        </statement> at 27:1.
      </statements> at 27:1.
    </body> at 27:1.
  </subdef> at 27:1.
  <body> at 28:5.
    <vardef> at 28:5.
      <type> at 28:5.
      </type> at 28:9.
    </vardef> at 29:5.
    <vardef> at 29:5.
      <type> at 29:5.
      </type> at 29:15.
    </vardef> at 31:5.
    <statements> at 31:5.
      <statement> at 31:5.
        <input> at 31:5.
        </input> at 31:14.
      </statement> at 31:14.
      <statement> at 32:5.
        <assign> at 32:5.
          <simple> at 32:19.
            <term> at 32:19.
              <factor> at 32:19.
              </factor> at 32:20.
            </term> at 32:20.
          </simple> at 32:20.
        </assign> at 32:20.
      </statement> at 32:20.
      <statement> at 33:5.
        <assign> at 33:5.
          <expr> at 33:13.
            <simple> at 33:13.
              <term> at 33:13.
                <factor> at 33:13.
                </factor> at 33:14.
              </term> at 33:14.
            </simple> at 33:14.
          </expr> at 33:14.
        </assign> at 33:14.
      </statement> at 33:14.
      <statement> at 34:5.
        <while> at 34:5.
          <expr> at 34:11.
            <simple> at 34:11.
              <term> at 34:11.
                <factor> at 34:11.
                </factor> at 34:13.
              </term> at 34:13.
            </simple> at 34:13.
            <simple> at 34:15.
              <term> at 34:15.
                <factor> at 34:15.
                </factor> at 34:16.
              </term> at 34:16.
            </simple> at 34:16.
          </expr> at 34:16.
          <statements> at 35:9.
            <statement> at 35:9.
              <input> at 35:9.
                <index> at 35:16.
                  <simple> at 35:17.
                    <term> at 35:17.
                      <factor> at 35:17.
                      </factor> at 35:18.
                    </term> at 35:18.
                  </simple> at 35:18.
                </index> at 35:19.
              </input> at 35:20.
            </statement> at 35:20.
            <statement> at 36:9.
              <assign> at 36:9.
                <expr> at 36:17.
                  <simple> at 36:17.
                    <term> at 36:17.
                      <factor> at 36:17.
                      </factor> at 36:19.
                    </term> at 36:19.
                    <term> at 36:21.
                      <factor> at 36:21.
                      </factor> at 37:5.
                    </term> at 37:5.
                  </simple> at 37:5.
                </expr> at 37:5.
              </assign> at 37:5.
            </statement> at 37:5.
          </statements> at 37:5.
        </while> at 37:8.
      </statement> at 37:8.
      <statement> at 38:5.
        <call> at 38:5.
          <arglist> at 38:9.
            <expr> at 38:10.
              <simple> at 38:10.
                <term> at 38:10.
                  <factor> at 38:10.
                  </factor> at 38:11.
                </term> at 38:11.
              </simple> at 38:11.
            </expr> at 38:11.
            <expr> at 38:13.
              <simple> at 38:13.
                <term> at 38:13.
                  <factor> at 38:13.
                  </factor> at 38:14.
                </term> at 38:14.
              </simple> at 38:14.
            </expr> at 38:14.
          </arglist> at 38:15.
        </call> at 38:15.
      </statement> at 38:15.
      <statement> at 39:5.
        <output> at 39:5.
        </output> at 39:16.
      </statement> at 39:16.
      <statement> at 40:5.
        <assign> at 40:5.
          <expr> at 40:13.
            <simple> at 40:13.
              <term> at 40:13.
                <factor> at 40:13.
                </factor> at 40:14.
              </term> at 40:14.
            </simple> at 40:14.
          </expr> at 40:14.
        </assign> at 40:14.
      </statement> at 40:14.
      <statement> at 41:5.
        <while> at 41:5.
          <expr> at 41:11.
            <simple> at 41:11.
              <term> at 41:11.
                <factor> at 41:11.
                </factor> at 41:13.
              </term> at 41:13.
            </simple> at 41:13.
            <simple> at 41:15.
              <term> at 41:15.
                <factor> at 41:15.
                </factor> at 41:16.
              </term> at 41:16.
            </simple> at 41:16.
          </expr> at 41:16.
          <statements> at 42:9.
            <statement> at 42:9.
              <output> at 42:9.
                <expr> at 42:16.
                  <simple> at 42:16.
                    <term> at 42:16.
                      <factor> at 42:16.
                        <index> at 42:18.
                          <simple> at 42:19.
                            <term> at 42:19.
                              <factor> at 42:19.
                              </factor> at 42:20.
                            </term> at 42:20.
                          </simple> at 42:20.
                        </index> at 42:21.
                      </factor> at 42:21.
                    </term> at 42:21.
                  </simple> at 42:21.
                </expr> at 42:21.
              </output> at 42:22.
            </statement> at 42:22.
            <statement> at 43:9.
              <assign> at 43:9.
                <expr> at 43:17.
                  <simple> at 43:17.
                    <term> at 43:17.
                      <factor> at 43:17.
                      </factor> at 43:19.
                    </term> at 43:19.
                    <term> at 43:21.
                      <factor> at 43:21.
                      </factor> at 43:22.
                    </term> at 43:22.
                  </simple> at 43:22.
                </expr> at 43:22.
              </assign> at 43:22.
            </statement> at 43:22.
            <statement> at 44:9.
              <if> at 44:9.
                <expr> at 44:12.
                  <simple> at 44:12.
                    <term> at 44:12.
                      <factor> at 44:12.
                      </factor> at 44:14.
                    </term> at 44:14.
                  </simple> at 44:14.
                  <simple> at 44:17.
                    <term> at 44:17.
                      <factor> at 44:17.
                      </factor> at 44:18.
                    </term> at 44:18.
                  </simple> at 44:18.
                </expr> at 44:18.
                <statements> at 45:13.
                  <statement> at 45:13.
                    <output> at 45:13.
                    </output> at 46:9.
                  </statement> at 46:9.
                </statements> at 46:9.
              </if> at 47:5.
            </statement> at 47:5.
          </statements> at 47:5.
        </while> at 47:8.
      </statement> at 47:8.
      <statement> at 48:5.
        <output> at 48:5.
        </output> at 48:17.
      </statement> at 48:17.
    </statements> at 48:17.
  </body> at 48:17.
</program> at 48:17.
Success!
