<program> at 1:1.
  <body> at 3:9.
    <statements> at 3:9.
      <statement> at 3:9.
        <while> at 3:9.
          <expr> at 3:15.
            <simple> at 3:15.
              <term> at 3:15.
                <factor> at 3:15.
                </factor> at 3:19.
              </term> at 3:19.
            </simple> at 3:19.
          </expr> at 3:19.
          <statements> at 4:13.
            <statement> at 4:13.
              <output> at 4:13.
              </output> at 5:9.
            </statement> at 5:9.
          </statements> at 5:9.
        </while> at 7:9.
      </statement> at 7:9.
    </statements> at 7:9.
  </body> at 7:9.
</program> at 7:9.
Success!
