<program> at 1:1.
  <body> at 3:5.
    <statements> at 3:5.
      <statement> at 3:5.
        <if> at 3:5.
          <expr> at 3:8.
            <simple> at 3:8.
              <term> at 3:8.
                <factor> at 3:8.
                  <factor> at 3:12.
                    <factor> at 3:16.
                      <factor> at 3:20.
                        <factor> at 3:24.
                          <factor> at 3:28.
                            <factor> at 3:32.
                              <factor> at 3:36.
                                <factor> at 3:40.
                                  <factor> at 3:44.
                                    <factor> at 3:48.
                                      <factor> at 3:52.
                                        <factor> at 3:56.
                                          <factor> at 3:60.
                                            <factor> at 3:64.
                                              <factor> at 3:68.
                                                <factor> at 3:72.
                                                  <factor> at 3:76.
                                                    <factor> at 3:80.
                                                      <factor> at 3:84.
                                                        <factor> at 3:88.
                                                          <factor> at 3:92.
                                                            <factor> at 3:96.
                                                              <factor> at 3:100.
                                                                <factor> at 3:104.
                                                                  <factor> at 3:108.
                                                                    <factor> at 3:112.
                                                                      <factor> at 3:116.
                                                                        <factor> at 3:120.
                                                                          <factor> at 3:124.
                                                                            <factor> at 3:128.
                                                                              <factor> at 3:132.
                                                                                <factor> at 3:136.
                                                                                  <factor> at 3:140.
                                                                                    <factor> at 3:144.
                                                                                      <factor> at 3:148.
                                                                                        <factor> at 3:152.
                                                                                          <factor> at 3:156.
                                                                                            <factor> at 3:160.
                                                                                              <factor> at 3:164.
                                                                                                <factor> at 3:168.
                                                                                                  <factor> at 3:172.
                                                                                                    <factor> at 3:176.
                                                                                                      <factor> at 3:180.
                                                                                                        <factor> at 3:184.
                                                                                                          <factor> at 3:188.
                                                                                                            <factor> at 3:192.
                                                                                                              <factor> at 3:196.
                                                                                                                <factor> at 3:200.
                                                                                                                  <factor> at 3:204.
                                                                                                                    <factor> at 3:208.
                                                                                                                      <factor> at 3:212.
                                                                                                                        <factor> at 3:216.
                                                                                                                          <factor> at 3:220.
                                                                                                                            <factor> at 3:224.
                                                                                                                              <factor> at 3:228.
                                                                                                                                <factor> at 3:232.
                                                                                                                                  <factor> at 3:236.
                                                                                                                                    <factor> at 3:240.
                                                                                                                                      <factor> at 3:244.
                                                                                                                                        <factor> at 3:248.
                                                                                                                                          <factor> at 3:252.
                                                                                                                                            <factor> at 3:256.
                                                                                                                                              <factor> at 3:260.
                                                                                                                                                <factor> at 3:264.
                                                                                                                                                  <factor> at 3:268.
                                                                                                                                                    <factor> at 3:272.
                                                                                                                                                      <factor> at 3:276.
                                                                                                                                                        <factor> at 3:280.
                                                                                                                                                        </factor> at 3:285.
                                                                                                                                                      </factor> at 3:285.
                                                                                                                                                    </factor> at 3:285.
                                                                                                                                                  </factor> at 3:285.
                                                                                                                                                </factor> at 3:285.
                                                                                                                                              </factor> at 3:285.
                                                                                                                                            </factor> at 3:285.
                                                                                                                                          </factor> at 3:285.
                                                                                                                                        </factor> at 3:285.
                                                                                                                                      </factor> at 3:285.
                                                                                                                                    </factor> at 3:285.
                                                                                                                                  </factor> at 3:285.
                                                                                                                                </factor> at 3:285.
                                                                                                                              </factor> at 3:285.
                                                                                                                            </factor> at 3:285.
                                                                                                                          </factor> at 3:285.
                                                                                                                        </factor> at 3:285.
                                                                                                                      </factor> at 3:285.
                                                                                                                    </factor> at 3:285.
                                                                                                                  </factor> at 3:285.
                                                                                                                </factor> at 3:285.
                                                                                                              </factor> at 3:285.
                                                                                                            </factor> at 3:285.
                                                                                                          </factor> at 3:285.
                                                                                                        </factor> at 3:285.
                                                                                                      </factor> at 3:285.
                                                                                                    </factor> at 3:285.
                                                                                                  </factor> at 3:285.
                                                                                                </factor> at 3:285.
                                                                                              </factor> at 3:285.
                                                                                            </factor> at 3:285.
                                                                                          </factor> at 3:285.
                                                                                        </factor> at 3:285.
                                                                                      </factor> at 3:285.
                                                                                    </factor> at 3:285.
                                                                                  </factor> at 3:285.
                                                                                </factor> at 3:285.
                                                                              </factor> at 3:285.
                                                                            </factor> at 3:285.
                                                                          </factor> at 3:285.
                                                                        </factor> at 3:285.
                                                                      </factor> at 3:285.
                                                                    </factor> at 3:285.
                                                                  </factor> at 3:285.
                                                                </factor> at 3:285.
                                                              </factor> at 3:285.
                                                            </factor> at 3:285.
                                                          </factor> at 3:285.
                                                        </factor> at 3:285.
                                                      </factor> at 3:285.
                                                    </factor> at 3:285.
                                                  </factor> at 3:285.
                                                </factor> at 3:285.
                                              </factor> at 3:285.
                                            </factor> at 3:285.
                                          </factor> at 3:285.
                                        </factor> at 3:285.
                                      </factor> at 3:285.
                                    </factor> at 3:285.
                                  </factor> at 3:285.
                                </factor> at 3:285.
                              </factor> at 3:285.
                            </factor> at 3:285.
                          </factor> at 3:285.
                        </factor> at 3:285.
                      </factor> at 3:285.
                    </factor> at 3:285.
                  </factor> at 3:285.
                </factor> at 3:285.
              </term> at 3:285.
            </simple> at 3:285.
          </expr> at 3:285.
          <statements> at 4:9.
            <statement> at 4:9.
              <output> at 4:9.
              </output> at 5:5.
            </statement> at 5:5.
          </statements> at 5:5.
          <else> at 5:5.
          <statements> at 6:9.
            <statement> at 6:9.
              <output> at 6:9.
              </output> at 7:5.
            </statement> at 7:5.
          </statements> at 7:5.
          </else> at 7:5.
        </if> at 7:8.
      </statement> at 7:8.
    </statements> at 7:8.
  </body> at 7:8.
</program> at 7:8.
Success!
