'program'
Identifier: 'ExampleFullProgram'
':'
'main'
':'
'int'
Identifier: 'numDepartments'
';'
'int'
Identifier: 'totalDepartmentSalary'
';'
'int'
Identifier: 'i'
';'
'let'
Identifier: 'totalDepartmentSalary'
'='
Number: 0
';'
'output'
'('
String: "Enter the number of departments: "
')'
'input'
'('
Identifier: 'numDepartments'
')'
'while'
Identifier: 'i'
'<'
Identifier: 'numDepartments'
':'
'output'
'('
String: "Managing department: "
'..'
Identifier: 'departments'
'['
Identifier: 'i'
']'
')'
'let'
Identifier: 'totalDepartmentSalary'
'='
Identifier: 'totalDepartmentSalary'
'+'
Number: 1000
';'
'let'
Identifier: 'i'
'='
Identifier: 'i'
'+'
Number: 1
';'
'end'
';'
'output'
'('
String: "Total salary for all departments: "
'..'
Identifier: 'totalDepartmentSalary'
')'
