'program'
Identifier: 'FibonacciCalculator'
':'
Identifier: 'Fibonacci'
'('
'int'
Identifier: 'n'
')'
'->'
'int'
':'
'if'
Identifier: 'n'
'<='
Number: 1
':'
'return'
Identifier: 'n'
'else'
':'
'return'
Identifier: 'Fibonacci'
'('
Identifier: 'n'
'-'
Number: 1
')'
'+'
Identifier: 'Fibonacci'
'('
Identifier: 'n'
'-'
Number: 2
')'
'end'
'main'
':'
'int'
Identifier: 'termCount'
';'
'int'
Identifier: 'fibonacciNumber'
';'
'let'
Identifier: 'termCount'
'='
Number: 10
';'
'while'
Identifier: 'termCount'
'>'
Number: 0
':'
'let'
Identifier: 'fibonacciNumber'
'='
Identifier: 'Fibonacci'
'('
Identifier: 'termCount'
')'
';'
'output'
'('
String: "Fibonacci("
'..'
Identifier: 'termCount'
'..'
String: ") = "
'..'
Identifier: 'fibonacciNumber'
')'
';'
'let'
Identifier: 'termCount'
'='
Identifier: 'termCount'
'-'
Number: 1
';'
'end'
