'program'
Identifier: 'Chatbot'
':'
Identifier: 'greet'
':'
'output'
'('
String: "Hello! I am your friendly chatbot."
')'
'output'
'('
String: "Ask me anything or type 'exit' to end the conversation."
')'
'main'
':'
Identifier: 'greet'
'('
')'
'while'
'true'
':'
'let'
Identifier: 'userMessage'
'='
'input'
'('
String: "You: "
')'
'if'
Identifier: 'userMessage'
'='
'='
String: "exit"
':'
'output'
'('
String: "Goodbye! Have a great day."
')'
'chillax'
'else'
':'
'output'
'('
String: "Chatbot: I'm still learning, but I hear you. You said: '"
'..'
Identifier: 'userMessage'
'..'
String: "'"
')'
'end'
