'program'
Identifier: 'excessive_factors'
':'
'main'
':'
'if'
'not'
'not'
'not'
'not'
'not'
'not'
'not'
'not'
'not'
'not'
'not'
'not'
'not'
'not'
'not'
'not'
'not'
'not'
'not'
'not'
'not'
'not'
'not'
'not'
'not'
'not'
'not'
'not'
'not'
'not'
'not'
'not'
'not'
'not'
'not'
'not'
'not'
'not'
'not'
'not'
'not'
'not'
'not'
'not'
'not'
'not'
'not'
'not'
'not'
'not'
'not'
'not'
'not'
'not'
'not'
'not'
'not'
'not'
'not'
'not'
'not'
'not'
'not'
'not'
'not'
'not'
'not'
'not'
'false'
':'
'output'
'('
String: "Maybe I'm here"
')'
'else'
':'
'output'
'('
String: "Maybe I'm actually here"
')'
'end'
