<program> at 1:1.
  <body> at 3:2.
    <statements> at 3:2.
      <statement> at 3:2.
        <output> at 3:2.
        </output> at 3:30.
      </statement> at 3:30.
      <statement> at 4:2.
        <output> at 4:2.
          <expr> at 4:9.
            <simple> at 4:9.
              <term> at 4:9.
                <factor> at 4:9.
                </factor> at 4:14.
              </term> at 4:14.
            </simple> at 4:14.
          </expr> at 4:14.
        </output> at 4:30.
      </statement> at 4:30.
      <statement> at 5:2.
        <output> at 5:2.
          <expr> at 5:9.
            <simple> at 5:9.
              <term> at 5:9.
                <factor> at 5:9.
                </factor> at 5:15.
              </term> at 5:15.
            </simple> at 5:15.
          </expr> at 5:15.
        </output> at 5:31.
      </statement> at 5:31.
    </statements> at 5:31.
  </body> at 5:31.
</program> at 5:31.
Generated: test10.class
.class public test10
.super java/lang/Object

.field private static final charsetName Ljava/lang/String;
.field private static final usLocale Ljava/util/Locale;
.field private static final scanner Ljava/util/Scanner;

.method static public <clinit>()V
.limit stack 5
.limit locals 1 
	ldc	"UTF-8"
	putstatic test10/charsetName Ljava/lang/String;
	new	java/util/Locale
	dup
	ldc	"en"
	ldc	"US"
	invokespecial java/util/Locale/<init>(Ljava/lang/String;Ljava/lang/String;)V
	putstatic test10/usLocale Ljava/util/Locale;
	new	java/util/Scanner
	dup
	new	java/io/BufferedInputStream
	dup
	getstatic java/lang/System/in Ljava/io/InputStream;
	invokespecial java/io/BufferedInputStream/<init>(Ljava/io/InputStream;)V
	getstatic test10/charsetName Ljava/lang/String;
	invokespecial java/util/Scanner/<init>(Ljava/io/InputStream;Ljava/lang/String;)V
	putstatic test10/scanner Ljava/util/Scanner;
	getstatic test10/scanner Ljava/util/Scanner;
	getstatic test10/usLocale Ljava/util/Locale;
	invokevirtual java/util/Scanner/useLocale(Ljava/util/Locale;)Ljava/util/Scanner;
	pop
	return
.end method

.method public <init>()V
	aload_0
	invokespecial java/lang/Object/<init>()V
	return
.end method

.method public static readInt()I
.limit stack 1
.limit locals 1
	getstatic test10/scanner Ljava/util/Scanner;
	invokevirtual java/util/Scanner/nextInt()I
	ireturn
.end method

.method public static readBoolean()Z
.limit stack 2
.limit locals 1
	getstatic test10/scanner Ljava/util/Scanner;
	invokevirtual java/util/Scanner/next()Ljava/lang/String;
	astore 0
	aload 0
	ldc	"true"
	invokevirtual java/lang/String/equalsIgnoreCase(Ljava/lang/String;)Z
	ifeq False
	iconst_1
	ireturn
False:
	aload 0
	ldc	"false"
	invokevirtual java/lang/String/equalsIgnoreCase(Ljava/lang/String;)Z
	ifeq Exception
	iconst_0
	ireturn
Exception:
	new	java/util/InputMismatchException
	dup
	invokespecial java/util/InputMismatchException/<init>()V
	athrow
.end method

.method public static main([Ljava/lang/String;)V
.limit stack 10
.limit locals 1
	getstatic java/lang/System/out Ljava/io/PrintStream;
	ldc "Boolean testing \n"
	invokevirtual java/io/PrintStream/print(Ljava/lang/String;)V
	ldc 1
	getstatic java/lang/System/out Ljava/io/PrintStream;
	swap
	invokevirtual java/io/PrintStream/print(Z)V
	getstatic java/lang/System/out Ljava/io/PrintStream;
	ldc "\t true \n"
	invokevirtual java/io/PrintStream/print(Ljava/lang/String;)V
	ldc 0
	getstatic java/lang/System/out Ljava/io/PrintStream;
	swap
	invokevirtual java/io/PrintStream/print(Z)V
	getstatic java/lang/System/out Ljava/io/PrintStream;
	ldc "\t false\n"
	invokevirtual java/io/PrintStream/print(Ljava/lang/String;)V
	return
.end method

Success!
