<program> at 1:1.
  <body> at 3:2.
    <statements> at 3:2.
      <statement> at 3:2.
        <output> at 3:2.
          <expr> at 3:9.
            <simple> at 3:9.
              <term> at 3:9.
                <factor> at 3:9.
                  <factor> at 3:12.
                    <expr> at 3:13.
                      <simple> at 3:13.
                        <term> at 3:13.
                          <factor> at 3:13.
                          </factor> at 3:17.
                        </term> at 3:17.
                      </simple> at 3:17.
                    </expr> at 3:17.
                  </factor> at 3:19.
                </factor> at 3:19.
              </term> at 3:19.
            </simple> at 3:19.
          </expr> at 3:19.
        </output> at 3:34.
      </statement> at 3:34.
      <statement> at 4:2.
        <output> at 4:2.
          <expr> at 4:9.
            <simple> at 4:9.
              <term> at 4:9.
                <factor> at 4:9.
                  <factor> at 4:12.
                    <expr> at 4:13.
                      <simple> at 4:13.
                        <term> at 4:13.
                          <factor> at 4:13.
                            <factor> at 4:16.
                              <expr> at 4:17.
                                <simple> at 4:17.
                                  <term> at 4:17.
                                    <factor> at 4:17.
                                      <factor> at 4:20.
                                        <expr> at 4:21.
                                          <simple> at 4:21.
                                            <term> at 4:21.
                                              <factor> at 4:21.
                                                <factor> at 4:24.
                                                  <expr> at 4:25.
                                                    <simple> at 4:25.
                                                      <term> at 4:25.
                                                        <factor> at 4:25.
                                                          <factor> at 4:28.
                                                            <expr> at 4:29.
                                                              <simple> at 4:29.
                                                                <term> at 4:29.
                                                                  <factor> at 4:29.
                                                                    <factor> at 4:32.
                                                                      <expr> at 4:33.
                                                                        <simple> at 4:33.
                                                                          <term> at 4:33.
                                                                            <factor> at 4:33.
                                                                              <factor> at 4:36.
                                                                                <expr> at 4:37.
                                                                                  <simple> at 4:37.
                                                                                    <term> at 4:37.
                                                                                      <factor> at 4:37.
                                                                                        <factor> at 4:40.
                                                                                          <expr> at 4:41.
                                                                                            <simple> at 4:41.
                                                                                              <term> at 4:41.
                                                                                                <factor> at 4:41.
                                                                                                  <factor> at 4:44.
                                                                                                    <expr> at 4:45.
                                                                                                      <simple> at 4:45.
                                                                                                        <term> at 4:45.
                                                                                                          <factor> at 4:45.
                                                                                                            <factor> at 4:48.
                                                                                                              <expr> at 4:49.
                                                                                                                <simple> at 4:49.
                                                                                                                  <term> at 4:49.
                                                                                                                    <factor> at 4:49.
                                                                                                                      <factor> at 4:52.
                                                                                                                        <expr> at 4:53.
                                                                                                                          <simple> at 4:53.
                                                                                                                            <term> at 4:53.
                                                                                                                              <factor> at 4:53.
                                                                                                                                <factor> at 4:56.
                                                                                                                                  <expr> at 4:57.
                                                                                                                                    <simple> at 4:57.
                                                                                                                                      <term> at 4:57.
                                                                                                                                        <factor> at 4:57.
                                                                                                                                          <factor> at 4:60.
                                                                                                                                            <expr> at 4:61.
                                                                                                                                              <simple> at 4:61.
                                                                                                                                                <term> at 4:61.
                                                                                                                                                  <factor> at 4:61.
                                                                                                                                                    <factor> at 4:64.
                                                                                                                                                      <expr> at 4:65.
                                                                                                                                                        <simple> at 4:65.
                                                                                                                                                          <term> at 4:65.
                                                                                                                                                            <factor> at 4:65.
                                                                                                                                                            </factor> at 4:70.
                                                                                                                                                          </term> at 4:70.
                                                                                                                                                        </simple> at 4:70.
                                                                                                                                                      </expr> at 4:70.
                                                                                                                                                    </factor> at 4:71.
                                                                                                                                                  </factor> at 4:71.
                                                                                                                                                </term> at 4:71.
                                                                                                                                              </simple> at 4:71.
                                                                                                                                            </expr> at 4:71.
                                                                                                                                          </factor> at 4:72.
                                                                                                                                        </factor> at 4:72.
                                                                                                                                      </term> at 4:72.
                                                                                                                                    </simple> at 4:72.
                                                                                                                                  </expr> at 4:72.
                                                                                                                                </factor> at 4:73.
                                                                                                                              </factor> at 4:73.
                                                                                                                            </term> at 4:73.
                                                                                                                          </simple> at 4:73.
                                                                                                                        </expr> at 4:73.
                                                                                                                      </factor> at 4:74.
                                                                                                                    </factor> at 4:74.
                                                                                                                  </term> at 4:74.
                                                                                                                </simple> at 4:74.
                                                                                                              </expr> at 4:74.
                                                                                                            </factor> at 4:75.
                                                                                                          </factor> at 4:75.
                                                                                                        </term> at 4:75.
                                                                                                      </simple> at 4:75.
                                                                                                    </expr> at 4:75.
                                                                                                  </factor> at 4:76.
                                                                                                </factor> at 4:76.
                                                                                              </term> at 4:76.
                                                                                            </simple> at 4:76.
                                                                                          </expr> at 4:76.
                                                                                        </factor> at 4:77.
                                                                                      </factor> at 4:77.
                                                                                    </term> at 4:77.
                                                                                  </simple> at 4:77.
                                                                                </expr> at 4:77.
                                                                              </factor> at 4:78.
                                                                            </factor> at 4:78.
                                                                          </term> at 4:78.
                                                                        </simple> at 4:78.
                                                                      </expr> at 4:78.
                                                                    </factor> at 4:79.
                                                                  </factor> at 4:79.
                                                                </term> at 4:79.
                                                              </simple> at 4:79.
                                                            </expr> at 4:79.
                                                          </factor> at 4:80.
                                                        </factor> at 4:80.
                                                      </term> at 4:80.
                                                    </simple> at 4:80.
                                                  </expr> at 4:80.
                                                </factor> at 4:81.
                                              </factor> at 4:81.
                                            </term> at 4:81.
                                          </simple> at 4:81.
                                        </expr> at 4:81.
                                      </factor> at 4:82.
                                    </factor> at 4:82.
                                  </term> at 4:82.
                                </simple> at 4:82.
                              </expr> at 4:82.
                            </factor> at 4:83.
                          </factor> at 4:83.
                        </term> at 4:83.
                      </simple> at 4:83.
                    </expr> at 4:83.
                  </factor> at 4:85.
                </factor> at 4:85.
              </term> at 4:85.
            </simple> at 4:85.
          </expr> at 4:85.
        </output> at 4:100.
      </statement> at 4:100.
    </statements> at 4:100.
  </body> at 4:100.
</program> at 4:100.
Generated: test11.class
.class public test11
.super java/lang/Object

.field private static final charsetName Ljava/lang/String;
.field private static final usLocale Ljava/util/Locale;
.field private static final scanner Ljava/util/Scanner;

.method static public <clinit>()V
.limit stack 5
.limit locals 1 
	ldc	"UTF-8"
	putstatic test11/charsetName Ljava/lang/String;
	new	java/util/Locale
	dup
	ldc	"en"
	ldc	"US"
	invokespecial java/util/Locale/<init>(Ljava/lang/String;Ljava/lang/String;)V
	putstatic test11/usLocale Ljava/util/Locale;
	new	java/util/Scanner
	dup
	new	java/io/BufferedInputStream
	dup
	getstatic java/lang/System/in Ljava/io/InputStream;
	invokespecial java/io/BufferedInputStream/<init>(Ljava/io/InputStream;)V
	getstatic test11/charsetName Ljava/lang/String;
	invokespecial java/util/Scanner/<init>(Ljava/io/InputStream;Ljava/lang/String;)V
	putstatic test11/scanner Ljava/util/Scanner;
	getstatic test11/scanner Ljava/util/Scanner;
	getstatic test11/usLocale Ljava/util/Locale;
	invokevirtual java/util/Scanner/useLocale(Ljava/util/Locale;)Ljava/util/Scanner;
	pop
	return
.end method

.method public <init>()V
	aload_0
	invokespecial java/lang/Object/<init>()V
	return
.end method

.method public static readInt()I
.limit stack 1
.limit locals 1
	getstatic test11/scanner Ljava/util/Scanner;
	invokevirtual java/util/Scanner/nextInt()I
	ireturn
.end method

.method public static readBoolean()Z
.limit stack 2
.limit locals 1
	getstatic test11/scanner Ljava/util/Scanner;
	invokevirtual java/util/Scanner/next()Ljava/lang/String;
	astore 0
	aload 0
	ldc	"true"
	invokevirtual java/lang/String/equalsIgnoreCase(Ljava/lang/String;)Z
	ifeq False
	iconst_1
	ireturn
False:
	aload 0
	ldc	"false"
	invokevirtual java/lang/String/equalsIgnoreCase(Ljava/lang/String;)Z
	ifeq Exception
	iconst_0
	ireturn
Exception:
	new	java/util/InputMismatchException
	dup
	invokespecial java/util/InputMismatchException/<init>()V
	athrow
.end method

.method public static main([Ljava/lang/String;)V
.limit stack 8
.limit locals 1
	ldc 1
	ldc 1
	ixor
	getstatic java/lang/System/out Ljava/io/PrintStream;
	swap
	invokevirtual java/io/PrintStream/print(Z)V
	getstatic java/lang/System/out Ljava/io/PrintStream;
	ldc "\t false\n"
	invokevirtual java/io/PrintStream/print(Ljava/lang/String;)V
	ldc 0
	ldc 1
	ixor
	ldc 1
	ixor
	ldc 1
	ixor
	ldc 1
	ixor
	ldc 1
	ixor
	ldc 1
	ixor
	ldc 1
	ixor
	ldc 1
	ixor
	ldc 1
	ixor
	ldc 1
	ixor
	ldc 1
	ixor
	ldc 1
	ixor
	ldc 1
	ixor
	ldc 1
	ixor
	getstatic java/lang/System/out Ljava/io/PrintStream;
	swap
	invokevirtual java/io/PrintStream/print(Z)V
	getstatic java/lang/System/out Ljava/io/PrintStream;
	ldc "\t false\n"
	invokevirtual java/io/PrintStream/print(Ljava/lang/String;)V
	return
.end method

Success!
