<program> at 1:1.
  <body> at 4:2.
    <vardef> at 4:2.
      <type> at 4:2.
      </type> at 4:6.
    </vardef> at 6:2.
    <statements> at 6:2.
      <statement> at 6:2.
        <assign> at 6:2.
          <expr> at 6:11.
            <simple> at 6:11.
              <term> at 6:11.
                <factor> at 6:11.
                </factor> at 6:12.
              </term> at 6:12.
            </simple> at 6:12.
          </expr> at 6:12.
        </assign> at 6:12.
      </statement> at 6:12.
      <statement> at 7:2.
        <assign> at 7:2.
          <expr> at 7:11.
            <simple> at 7:11.
              <term> at 7:11.
                <factor> at 7:11.
                </factor> at 7:12.
              </term> at 7:12.
            </simple> at 7:12.
          </expr> at 7:12.
        </assign> at 7:12.
      </statement> at 7:12.
      <statement> at 8:2.
        <assign> at 8:2.
          <expr> at 8:11.
            <simple> at 8:11.
              <term> at 8:11.
                <factor> at 8:11.
                </factor> at 8:12.
              </term> at 8:12.
            </simple> at 8:12.
          </expr> at 8:12.
        </assign> at 8:12.
      </statement> at 8:12.
      <statement> at 9:2.
        <assign> at 9:2.
          <expr> at 9:11.
            <simple> at 9:11.
              <term> at 9:11.
                <factor> at 9:11.
                </factor> at 9:12.
              </term> at 9:12.
            </simple> at 9:12.
          </expr> at 9:12.
        </assign> at 9:12.
      </statement> at 9:12.
      <statement> at 10:2.
        <assign> at 10:2.
          <expr> at 10:11.
            <simple> at 10:11.
              <term> at 10:11.
                <factor> at 10:11.
                </factor> at 10:12.
              </term> at 10:12.
            </simple> at 10:12.
          </expr> at 10:12.
        </assign> at 10:12.
      </statement> at 10:12.
      <statement> at 12:2.
        <output> at 12:2.
          <expr> at 12:9.
            <simple> at 12:9.
              <term> at 12:9.
                <factor> at 12:9.
                </factor> at 12:12.
              </term> at 12:12.
            </simple> at 12:12.
          </expr> at 12:12.
        </output> at 12:20.
      </statement> at 12:20.
      <statement> at 13:2.
        <output> at 13:2.
          <expr> at 13:9.
            <simple> at 13:9.
              <term> at 13:9.
                <factor> at 13:9.
                </factor> at 13:12.
              </term> at 13:12.
            </simple> at 13:12.
          </expr> at 13:12.
        </output> at 13:20.
      </statement> at 13:20.
      <statement> at 14:2.
        <output> at 14:2.
          <expr> at 14:9.
            <simple> at 14:9.
              <term> at 14:9.
                <factor> at 14:9.
                </factor> at 14:12.
              </term> at 14:12.
            </simple> at 14:12.
          </expr> at 14:12.
        </output> at 14:20.
      </statement> at 14:20.
      <statement> at 15:2.
        <output> at 15:2.
          <expr> at 15:9.
            <simple> at 15:9.
              <term> at 15:9.
                <factor> at 15:9.
                </factor> at 15:12.
              </term> at 15:12.
            </simple> at 15:12.
          </expr> at 15:12.
        </output> at 15:20.
      </statement> at 15:20.
      <statement> at 16:2.
        <output> at 16:2.
          <expr> at 16:9.
            <simple> at 16:9.
              <term> at 16:9.
                <factor> at 16:9.
                </factor> at 16:12.
              </term> at 16:12.
            </simple> at 16:12.
          </expr> at 16:12.
        </output> at 17:1.
      </statement> at 17:1.
    </statements> at 17:1.
  </body> at 17:1.
</program> at 17:1.
Generated: test14.class
.class public test14
.super java/lang/Object

.field private static final charsetName Ljava/lang/String;
.field private static final usLocale Ljava/util/Locale;
.field private static final scanner Ljava/util/Scanner;

.method static public <clinit>()V
.limit stack 5
.limit locals 1 
	ldc	"UTF-8"
	putstatic test14/charsetName Ljava/lang/String;
	new	java/util/Locale
	dup
	ldc	"en"
	ldc	"US"
	invokespecial java/util/Locale/<init>(Ljava/lang/String;Ljava/lang/String;)V
	putstatic test14/usLocale Ljava/util/Locale;
	new	java/util/Scanner
	dup
	new	java/io/BufferedInputStream
	dup
	getstatic java/lang/System/in Ljava/io/InputStream;
	invokespecial java/io/BufferedInputStream/<init>(Ljava/io/InputStream;)V
	getstatic test14/charsetName Ljava/lang/String;
	invokespecial java/util/Scanner/<init>(Ljava/io/InputStream;Ljava/lang/String;)V
	putstatic test14/scanner Ljava/util/Scanner;
	getstatic test14/scanner Ljava/util/Scanner;
	getstatic test14/usLocale Ljava/util/Locale;
	invokevirtual java/util/Scanner/useLocale(Ljava/util/Locale;)Ljava/util/Scanner;
	pop
	return
.end method

.method public <init>()V
	aload_0
	invokespecial java/lang/Object/<init>()V
	return
.end method

.method public static readInt()I
.limit stack 1
.limit locals 1
	getstatic test14/scanner Ljava/util/Scanner;
	invokevirtual java/util/Scanner/nextInt()I
	ireturn
.end method

.method public static readBoolean()Z
.limit stack 2
.limit locals 1
	getstatic test14/scanner Ljava/util/Scanner;
	invokevirtual java/util/Scanner/next()Ljava/lang/String;
	astore 0
	aload 0
	ldc	"true"
	invokevirtual java/lang/String/equalsIgnoreCase(Ljava/lang/String;)Z
	ifeq False
	iconst_1
	ireturn
False:
	aload 0
	ldc	"false"
	invokevirtual java/lang/String/equalsIgnoreCase(Ljava/lang/String;)Z
	ifeq Exception
	iconst_0
	ireturn
Exception:
	new	java/util/InputMismatchException
	dup
	invokespecial java/util/InputMismatchException/<init>()V
	athrow
.end method

.method public static main([Ljava/lang/String;)V
.limit stack 20
.limit locals 6
	ldc 5
	istore 1
	ldc 4
	istore 2
	ldc 3
	istore 3
	ldc 4
	istore 4
	ldc 1
	istore 5
	iload 1
	getstatic java/lang/System/out Ljava/io/PrintStream;
	swap
	invokevirtual java/io/PrintStream/print(I)V
	getstatic java/lang/System/out Ljava/io/PrintStream;
	ldc "\n"
	invokevirtual java/io/PrintStream/print(Ljava/lang/String;)V
	iload 2
	getstatic java/lang/System/out Ljava/io/PrintStream;
	swap
	invokevirtual java/io/PrintStream/print(I)V
	getstatic java/lang/System/out Ljava/io/PrintStream;
	ldc "\n"
	invokevirtual java/io/PrintStream/print(Ljava/lang/String;)V
	iload 3
	getstatic java/lang/System/out Ljava/io/PrintStream;
	swap
	invokevirtual java/io/PrintStream/print(I)V
	getstatic java/lang/System/out Ljava/io/PrintStream;
	ldc "\n"
	invokevirtual java/io/PrintStream/print(Ljava/lang/String;)V
	iload 4
	getstatic java/lang/System/out Ljava/io/PrintStream;
	swap
	invokevirtual java/io/PrintStream/print(I)V
	getstatic java/lang/System/out Ljava/io/PrintStream;
	ldc "\n"
	invokevirtual java/io/PrintStream/print(Ljava/lang/String;)V
	iload 5
	getstatic java/lang/System/out Ljava/io/PrintStream;
	swap
	invokevirtual java/io/PrintStream/print(I)V
	getstatic java/lang/System/out Ljava/io/PrintStream;
	ldc "\n"
	invokevirtual java/io/PrintStream/print(Ljava/lang/String;)V
	return
.end method

Success!
