<program> at 1:1.
  <body> at 3:2.
    <vardef> at 3:2.
      <type> at 3:2.
      </type> at 3:12.
    </vardef> at 5:2.
    <statements> at 5:2.
      <statement> at 5:2.
        <assign> at 5:2.
          <simple> at 5:17.
            <term> at 5:17.
              <factor> at 5:17.
              </factor> at 5:18.
            </term> at 5:18.
          </simple> at 5:18.
        </assign> at 5:18.
      </statement> at 5:18.
      <statement> at 7:2.
        <assign> at 7:2.
          <index> at 7:8.
            <simple> at 7:9.
              <term> at 7:9.
                <factor> at 7:9.
                </factor> at 7:10.
              </term> at 7:10.
            </simple> at 7:10.
          </index> at 7:12.
          <expr> at 7:14.
            <simple> at 7:14.
              <term> at 7:14.
                <factor> at 7:14.
                </factor> at 7:15.
              </term> at 7:15.
            </simple> at 7:15.
          </expr> at 7:15.
        </assign> at 7:15.
      </statement> at 7:15.
      <statement> at 9:2.
        <output> at 9:2.
          <expr> at 9:9.
            <simple> at 9:9.
              <term> at 9:9.
                <factor> at 9:9.
                  <index> at 9:11.
                    <simple> at 9:12.
                      <term> at 9:12.
                        <factor> at 9:12.
                        </factor> at 9:13.
                      </term> at 9:13.
                    </simple> at 9:13.
                  </index> at 9:15.
                </factor> at 9:15.
              </term> at 9:15.
            </simple> at 9:15.
          </expr> at 9:15.
        </output> at 9:23.
      </statement> at 9:23.
    </statements> at 9:23.
  </body> at 9:23.
</program> at 9:23.
Generated: test18.class
.class public test18
.super java/lang/Object

.field private static final charsetName Ljava/lang/String;
.field private static final usLocale Ljava/util/Locale;
.field private static final scanner Ljava/util/Scanner;

.method static public <clinit>()V
.limit stack 5
.limit locals 1 
	ldc	"UTF-8"
	putstatic test18/charsetName Ljava/lang/String;
	new	java/util/Locale
	dup
	ldc	"en"
	ldc	"US"
	invokespecial java/util/Locale/<init>(Ljava/lang/String;Ljava/lang/String;)V
	putstatic test18/usLocale Ljava/util/Locale;
	new	java/util/Scanner
	dup
	new	java/io/BufferedInputStream
	dup
	getstatic java/lang/System/in Ljava/io/InputStream;
	invokespecial java/io/BufferedInputStream/<init>(Ljava/io/InputStream;)V
	getstatic test18/charsetName Ljava/lang/String;
	invokespecial java/util/Scanner/<init>(Ljava/io/InputStream;Ljava/lang/String;)V
	putstatic test18/scanner Ljava/util/Scanner;
	getstatic test18/scanner Ljava/util/Scanner;
	getstatic test18/usLocale Ljava/util/Locale;
	invokevirtual java/util/Scanner/useLocale(Ljava/util/Locale;)Ljava/util/Scanner;
	pop
	return
.end method

.method public <init>()V
	aload_0
	invokespecial java/lang/Object/<init>()V
	return
.end method

.method public static readInt()I
.limit stack 1
.limit locals 1
	getstatic test18/scanner Ljava/util/Scanner;
	invokevirtual java/util/Scanner/nextInt()I
	ireturn
.end method

.method public static readBoolean()Z
.limit stack 2
.limit locals 1
	getstatic test18/scanner Ljava/util/Scanner;
	invokevirtual java/util/Scanner/next()Ljava/lang/String;
	astore 0
	aload 0
	ldc	"true"
	invokevirtual java/lang/String/equalsIgnoreCase(Ljava/lang/String;)Z
	ifeq False
	iconst_1
	ireturn
False:
	aload 0
	ldc	"false"
	invokevirtual java/lang/String/equalsIgnoreCase(Ljava/lang/String;)Z
	ifeq Exception
	iconst_0
	ireturn
Exception:
	new	java/util/InputMismatchException
	dup
	invokespecial java/util/InputMismatchException/<init>()V
	athrow
.end method

.method public static main([Ljava/lang/String;)V
.limit stack 4
.limit locals 3
	ldc 5
	newarray int
	astore 1
	aload 1
	ldc 3
	ldc 4
	iastore
	aload 1
	ldc 3
	iaload
	getstatic java/lang/System/out Ljava/io/PrintStream;
	swap
	invokevirtual java/io/PrintStream/print(I)V
	getstatic java/lang/System/out Ljava/io/PrintStream;
	ldc "\n"
	invokevirtual java/io/PrintStream/print(Ljava/lang/String;)V
	return
.end method

Success!
