<program> at 1:1.
  <body> at 3:2.
    <vardef> at 3:2.
      <type> at 3:2.
      </type> at 3:13.
    </vardef> at 4:5.
    <vardef> at 4:5.
      <type> at 4:5.
      </type> at 4:10.
    </vardef> at 6:5.
    <statements> at 6:5.
      <statement> at 6:5.
        <assign> at 6:5.
          <expr> at 6:14.
            <simple> at 6:14.
              <term> at 6:14.
                <factor> at 6:14.
                </factor> at 6:18.
              </term> at 6:18.
            </simple> at 6:18.
          </expr> at 6:18.
        </assign> at 6:18.
      </statement> at 6:18.
      <statement> at 7:5.
        <assign> at 7:5.
          <expr> at 7:14.
            <simple> at 7:14.
              <term> at 7:14.
                <factor> at 7:14.
                </factor> at 7:18.
              </term> at 7:18.
            </simple> at 7:18.
          </expr> at 7:18.
        </assign> at 7:18.
      </statement> at 7:18.
      <statement> at 8:5.
        <assign> at 8:5.
          <expr> at 8:14.
            <simple> at 8:14.
              <term> at 8:14.
                <factor> at 8:14.
                </factor> at 8:19.
              </term> at 8:19.
            </simple> at 8:19.
          </expr> at 8:19.
        </assign> at 8:19.
      </statement> at 8:19.
      <statement> at 10:5.
        <assign> at 10:5.
          <simple> at 10:21.
            <term> at 10:21.
              <factor> at 10:21.
              </factor> at 10:23.
            </term> at 10:23.
          </simple> at 10:23.
        </assign> at 10:23.
      </statement> at 10:23.
      <statement> at 11:5.
        <assign> at 11:5.
          <simple> at 11:21.
            <term> at 11:21.
              <factor> at 11:21.
              </factor> at 11:23.
            </term> at 11:23.
          </simple> at 11:23.
        </assign> at 11:23.
      </statement> at 11:23.
      <statement> at 13:5.
        <assign> at 13:5.
          <index> at 13:12.
            <simple> at 13:13.
              <term> at 13:13.
                <factor> at 13:13.
                </factor> at 13:14.
              </term> at 13:14.
            </simple> at 13:14.
          </index> at 13:16.
          <expr> at 13:18.
            <simple> at 13:18.
              <term> at 13:18.
                <factor> at 13:18.
                </factor> at 13:20.
              </term> at 13:20.
            </simple> at 13:20.
          </expr> at 13:20.
        </assign> at 13:20.
      </statement> at 13:20.
      <statement> at 14:5.
        <assign> at 14:5.
          <index> at 14:12.
            <simple> at 14:13.
              <term> at 14:13.
                <factor> at 14:13.
                </factor> at 14:14.
              </term> at 14:14.
            </simple> at 14:14.
          </index> at 14:16.
          <expr> at 14:18.
            <simple> at 14:18.
              <term> at 14:18.
                <factor> at 14:18.
                </factor> at 14:20.
              </term> at 14:20.
            </simple> at 14:20.
          </expr> at 14:20.
        </assign> at 14:20.
      </statement> at 14:20.
      <statement> at 15:5.
        <assign> at 15:5.
          <index> at 15:12.
            <simple> at 15:13.
              <term> at 15:13.
                <factor> at 15:13.
                </factor> at 15:14.
              </term> at 15:14.
            </simple> at 15:14.
          </index> at 15:16.
          <expr> at 15:18.
            <simple> at 15:18.
              <term> at 15:18.
                <factor> at 15:18.
                </factor> at 15:20.
              </term> at 15:20.
            </simple> at 15:20.
          </expr> at 15:20.
        </assign> at 15:20.
      </statement> at 15:20.
      <statement> at 17:2.
        <assign> at 17:2.
          <expr> at 17:12.
            <simple> at 17:12.
              <term> at 17:12.
                <factor> at 17:12.
                </factor> at 17:15.
              </term> at 17:15.
            </simple> at 17:15.
          </expr> at 17:15.
        </assign> at 17:15.
      </statement> at 17:15.
      <statement> at 20:2.
        <if> at 20:2.
          <expr> at 20:5.
            <simple> at 20:5.
              <term> at 20:5.
                <factor> at 20:5.
                  <expr> at 20:6.
                    <simple> at 20:6.
                      <term> at 20:6.
                        <factor> at 20:6.
                          <index> at 20:9.
                            <simple> at 20:10.
                              <term> at 20:10.
                                <factor> at 20:10.
                                </factor> at 20:11.
                              </term> at 20:11.
                            </simple> at 20:11.
                          </index> at 20:12.
                        </factor> at 20:12.
                      </term> at 20:12.
                    </simple> at 20:12.
                  </expr> at 20:12.
                </factor> at 20:13.
              </term> at 20:13.
            </simple> at 20:13.
          </expr> at 20:13.
          <statements> at 21:3.
            <statement> at 21:3.
              <output> at 21:3.
              </output> at 22:2.
            </statement> at 22:2.
          </statements> at 22:2.
          <elif> at 22:2.
          <expr> at 22:7.
            <simple> at 22:7.
              <term> at 22:7.
                <factor> at 22:7.
                  <expr> at 22:8.
                    <simple> at 22:8.
                      <term> at 22:8.
                        <factor> at 22:8.
                        </factor> at 22:10.
                      </term> at 22:10.
                    </simple> at 22:10.
                  </expr> at 22:10.
                </factor> at 22:11.
              </term> at 22:11.
            </simple> at 22:11.
          </expr> at 22:11.
          <statements> at 23:3.
            <statement> at 23:3.
              <output> at 23:3.
              </output> at 24:2.
            </statement> at 24:2.
          </statements> at 24:2.
          </elif> at 24:2.
          <elif> at 24:2.
          <expr> at 24:7.
            <simple> at 24:7.
              <term> at 24:7.
                <factor> at 24:7.
                  <expr> at 24:8.
                    <simple> at 24:8.
                      <term> at 24:8.
                        <factor> at 24:8.
                          <index> at 24:11.
                            <simple> at 24:12.
                              <term> at 24:12.
                                <factor> at 24:12.
                                </factor> at 24:13.
                              </term> at 24:13.
                            </simple> at 24:13.
                          </index> at 24:14.
                        </factor> at 24:14.
                      </term> at 24:14.
                    </simple> at 24:14.
                  </expr> at 24:14.
                </factor> at 24:15.
              </term> at 24:15.
            </simple> at 24:15.
          </expr> at 24:15.
          <statements> at 25:3.
            <statement> at 25:3.
              <output> at 25:3.
              </output> at 26:2.
            </statement> at 26:2.
          </statements> at 26:2.
          </elif> at 26:2.
          <elif> at 26:2.
          <expr> at 26:7.
            <simple> at 26:7.
              <term> at 26:7.
                <factor> at 26:7.
                  <expr> at 26:8.
                    <simple> at 26:8.
                      <term> at 26:8.
                        <factor> at 26:8.
                          <index> at 26:11.
                            <simple> at 26:12.
                              <term> at 26:12.
                                <factor> at 26:12.
                                </factor> at 26:13.
                              </term> at 26:13.
                            </simple> at 26:13.
                          </index> at 26:14.
                        </factor> at 26:14.
                      </term> at 26:14.
                    </simple> at 26:14.
                  </expr> at 26:14.
                </factor> at 26:15.
              </term> at 26:15.
            </simple> at 26:15.
          </expr> at 26:15.
          <statements> at 27:3.
            <statement> at 27:3.
              <output> at 27:3.
              </output> at 28:2.
            </statement> at 28:2.
          </statements> at 28:2.
          </elif> at 28:2.
          <else> at 28:2.
          <statements> at 29:3.
            <statement> at 29:3.
              <output> at 29:3.
              </output> at 30:2.
            </statement> at 30:2.
          </statements> at 30:2.
          </else> at 30:2.
        </if> at 31:1.
      </statement> at 31:1.
    </statements> at 31:1.
  </body> at 31:1.
</program> at 31:1.
Generated: test21.class
Success!
