<program> at 1:1.
  <body> at 3:2.
    <vardef> at 3:2.
      <type> at 3:2.
      </type> at 3:6.
    </vardef> at 4:2.
    <statements> at 4:2.
      <statement> at 4:2.
        <assign> at 4:2.
          <expr> at 4:11.
            <simple> at 4:11.
              <term> at 4:11.
                <factor> at 4:11.
                </factor> at 4:12.
              </term> at 4:12.
            </simple> at 4:12.
          </expr> at 4:12.
        </assign> at 4:12.
      </statement> at 4:12.
      <statement> at 5:2.
        <while> at 5:2.
          <expr> at 5:8.
            <simple> at 5:8.
              <term> at 5:8.
                <factor> at 5:8.
                  <expr> at 5:9.
                    <simple> at 5:9.
                      <term> at 5:9.
                        <factor> at 5:9.
                        </factor> at 5:12.
                      </term> at 5:12.
                    </simple> at 5:12.
                    <simple> at 5:15.
                      <term> at 5:15.
                        <factor> at 5:15.
                        </factor> at 5:17.
                      </term> at 5:17.
                    </simple> at 5:17.
                  </expr> at 5:17.
                </factor> at 5:18.
              </term> at 5:18.
            </simple> at 5:18.
          </expr> at 5:18.
          <statements> at 6:3.
            <statement> at 6:3.
              <output> at 6:3.
                <expr> at 6:10.
                  <simple> at 6:10.
                    <term> at 6:10.
                      <factor> at 6:10.
                      </factor> at 6:13.
                    </term> at 6:13.
                  </simple> at 6:13.
                </expr> at 6:13.
              </output> at 6:21.
            </statement> at 6:21.
            <statement> at 7:3.
              <assign> at 7:3.
                <expr> at 7:12.
                  <simple> at 7:12.
                    <term> at 7:12.
                      <factor> at 7:12.
                        <expr> at 7:13.
                          <simple> at 7:13.
                            <term> at 7:13.
                              <factor> at 7:13.
                              </factor> at 7:16.
                            </term> at 7:16.
                            <term> at 7:18.
                              <factor> at 7:18.
                              </factor> at 7:19.
                            </term> at 7:19.
                          </simple> at 7:19.
                        </expr> at 7:19.
                      </factor> at 8:2.
                    </term> at 8:2.
                  </simple> at 8:2.
                </expr> at 8:2.
              </assign> at 8:2.
            </statement> at 8:2.
          </statements> at 8:2.
        </while> at 9:1.
      </statement> at 9:1.
    </statements> at 9:1.
  </body> at 9:1.
</program> at 9:1.
Generated: test27.class
.class public test27
.super java/lang/Object

.field private static final charsetName Ljava/lang/String;
.field private static final usLocale Ljava/util/Locale;
.field private static final scanner Ljava/util/Scanner;

.method static public <clinit>()V
.limit stack 5
.limit locals 1 
	ldc	"UTF-8"
	putstatic test27/charsetName Ljava/lang/String;
	new	java/util/Locale
	dup
	ldc	"en"
	ldc	"US"
	invokespecial java/util/Locale/<init>(Ljava/lang/String;Ljava/lang/String;)V
	putstatic test27/usLocale Ljava/util/Locale;
	new	java/util/Scanner
	dup
	new	java/io/BufferedInputStream
	dup
	getstatic java/lang/System/in Ljava/io/InputStream;
	invokespecial java/io/BufferedInputStream/<init>(Ljava/io/InputStream;)V
	getstatic test27/charsetName Ljava/lang/String;
	invokespecial java/util/Scanner/<init>(Ljava/io/InputStream;Ljava/lang/String;)V
	putstatic test27/scanner Ljava/util/Scanner;
	getstatic test27/scanner Ljava/util/Scanner;
	getstatic test27/usLocale Ljava/util/Locale;
	invokevirtual java/util/Scanner/useLocale(Ljava/util/Locale;)Ljava/util/Scanner;
	pop
	return
.end method

.method public <init>()V
	aload_0
	invokespecial java/lang/Object/<init>()V
	return
.end method

.method public static readInt()I
.limit stack 1
.limit locals 1
	getstatic test27/scanner Ljava/util/Scanner;
	invokevirtual java/util/Scanner/nextInt()I
	ireturn
.end method

.method public static readBoolean()Z
.limit stack 2
.limit locals 1
	getstatic test27/scanner Ljava/util/Scanner;
	invokevirtual java/util/Scanner/next()Ljava/lang/String;
	astore 0
	aload 0
	ldc	"true"
	invokevirtual java/lang/String/equalsIgnoreCase(Ljava/lang/String;)Z
	ifeq False
	iconst_1
	ireturn
False:
	aload 0
	ldc	"false"
	invokevirtual java/lang/String/equalsIgnoreCase(Ljava/lang/String;)Z
	ifeq Exception
	iconst_0
	ireturn
Exception:
	new	java/util/InputMismatchException
	dup
	invokespecial java/util/InputMismatchException/<init>()V
	athrow
.end method

.method public static main([Ljava/lang/String;)V
.limit stack 8
.limit locals 2
	ldc 0
	istore 1
L1:
	iload 1
	ldc 30
	if_icmpne L3
	ldc 0
	goto L4
L3:
	ldc 1
L4:
	ifeq L2
	iload 1
	getstatic java/lang/System/out Ljava/io/PrintStream;
	swap
	invokevirtual java/io/PrintStream/print(I)V
	getstatic java/lang/System/out Ljava/io/PrintStream;
	ldc "\n"
	invokevirtual java/io/PrintStream/print(Ljava/lang/String;)V
	iload 1
	ldc 1
	iadd
	istore 1
	goto L1
L2:
	return
.end method

Success!
