<program> at 1:1.
  <body> at 3:2.
    <vardef> at 3:2.
      <type> at 3:2.
      </type> at 3:7.
    </vardef> at 5:2.
    <statements> at 5:2.
      <statement> at 5:2.
        <output> at 5:2.
        </output> at 5:29.
      </statement> at 5:29.
      <statement> at 6:2.
        <input> at 6:2.
        </input> at 6:11.
      </statement> at 6:11.
      <statement> at 7:2.
        <output> at 7:2.
          <expr> at 7:9.
            <simple> at 7:9.
              <term> at 7:9.
                <factor> at 7:9.
                </factor> at 7:12.
              </term> at 7:12.
            </simple> at 7:12.
          </expr> at 7:12.
        </output> at 7:19.
      </statement> at 7:19.
      <statement> at 9:5.
        <output> at 9:5.
        </output> at 9:32.
      </statement> at 9:32.
      <statement> at 10:5.
        <input> at 10:5.
        </input> at 10:14.
      </statement> at 10:14.
      <statement> at 11:5.
        <output> at 11:5.
          <expr> at 11:12.
            <simple> at 11:12.
              <term> at 11:12.
                <factor> at 11:12.
                </factor> at 11:15.
              </term> at 11:15.
            </simple> at 11:15.
          </expr> at 11:15.
        </output> at 11:22.
      </statement> at 11:22.
      <statement> at 13:5.
        <output> at 13:5.
        </output> at 13:32.
      </statement> at 13:32.
      <statement> at 14:5.
        <input> at 14:5.
        </input> at 14:14.
      </statement> at 14:14.
      <statement> at 15:5.
        <output> at 15:5.
          <expr> at 15:12.
            <simple> at 15:12.
              <term> at 15:12.
                <factor> at 15:12.
                </factor> at 15:15.
              </term> at 15:15.
            </simple> at 15:15.
          </expr> at 15:15.
        </output> at 15:22.
      </statement> at 15:22.
      <statement> at 17:5.
        <output> at 17:5.
        </output> at 17:32.
      </statement> at 17:32.
      <statement> at 18:5.
        <input> at 18:5.
        </input> at 18:14.
      </statement> at 18:14.
      <statement> at 19:5.
        <output> at 19:5.
          <expr> at 19:12.
            <simple> at 19:12.
              <term> at 19:12.
                <factor> at 19:12.
                </factor> at 19:15.
              </term> at 19:15.
            </simple> at 19:15.
          </expr> at 19:15.
        </output> at 20:1.
      </statement> at 20:1.
    </statements> at 20:1.
  </body> at 20:1.
</program> at 20:1.
Generated: test30.class
.class public test30
.super java/lang/Object

.field private static final charsetName Ljava/lang/String;
.field private static final usLocale Ljava/util/Locale;
.field private static final scanner Ljava/util/Scanner;

.method static public <clinit>()V
.limit stack 5
.limit locals 1 
	ldc	"UTF-8"
	putstatic test30/charsetName Ljava/lang/String;
	new	java/util/Locale
	dup
	ldc	"en"
	ldc	"US"
	invokespecial java/util/Locale/<init>(Ljava/lang/String;Ljava/lang/String;)V
	putstatic test30/usLocale Ljava/util/Locale;
	new	java/util/Scanner
	dup
	new	java/io/BufferedInputStream
	dup
	getstatic java/lang/System/in Ljava/io/InputStream;
	invokespecial java/io/BufferedInputStream/<init>(Ljava/io/InputStream;)V
	getstatic test30/charsetName Ljava/lang/String;
	invokespecial java/util/Scanner/<init>(Ljava/io/InputStream;Ljava/lang/String;)V
	putstatic test30/scanner Ljava/util/Scanner;
	getstatic test30/scanner Ljava/util/Scanner;
	getstatic test30/usLocale Ljava/util/Locale;
	invokevirtual java/util/Scanner/useLocale(Ljava/util/Locale;)Ljava/util/Scanner;
	pop
	return
.end method

.method public <init>()V
	aload_0
	invokespecial java/lang/Object/<init>()V
	return
.end method

.method public static readInt()I
.limit stack 1
.limit locals 1
	getstatic test30/scanner Ljava/util/Scanner;
	invokevirtual java/util/Scanner/nextInt()I
	ireturn
.end method

.method public static readBoolean()Z
.limit stack 2
.limit locals 1
	getstatic test30/scanner Ljava/util/Scanner;
	invokevirtual java/util/Scanner/next()Ljava/lang/String;
	astore 0
	aload 0
	ldc	"true"
	invokevirtual java/lang/String/equalsIgnoreCase(Ljava/lang/String;)Z
	ifeq False
	iconst_1
	ireturn
False:
	aload 0
	ldc	"false"
	invokevirtual java/lang/String/equalsIgnoreCase(Ljava/lang/String;)Z
	ifeq Exception
	iconst_0
	ireturn
Exception:
	new	java/util/InputMismatchException
	dup
	invokespecial java/util/InputMismatchException/<init>()V
	athrow
.end method

.method public static main([Ljava/lang/String;)V
.limit stack 24
.limit locals 5
	getstatic java/lang/System/out Ljava/io/PrintStream;
	ldc "Boolean input: \n"
	invokevirtual java/io/PrintStream/print(Ljava/lang/String;)V
	invokestatic test30/readBoolean()Z
	istore 1
	iload 1
	getstatic java/lang/System/out Ljava/io/PrintStream;
	swap
	invokevirtual java/io/PrintStream/print(Z)V
	getstatic java/lang/System/out Ljava/io/PrintStream;
	ldc "\n"
	invokevirtual java/io/PrintStream/print(Ljava/lang/String;)V
	getstatic java/lang/System/out Ljava/io/PrintStream;
	ldc "Boolean input: \n"
	invokevirtual java/io/PrintStream/print(Ljava/lang/String;)V
	invokestatic test30/readBoolean()Z
	istore 2
	iload 2
	getstatic java/lang/System/out Ljava/io/PrintStream;
	swap
	invokevirtual java/io/PrintStream/print(Z)V
	getstatic java/lang/System/out Ljava/io/PrintStream;
	ldc "\n"
	invokevirtual java/io/PrintStream/print(Ljava/lang/String;)V
	getstatic java/lang/System/out Ljava/io/PrintStream;
	ldc "Boolean input: \n"
	invokevirtual java/io/PrintStream/print(Ljava/lang/String;)V
	invokestatic test30/readBoolean()Z
	istore 3
	iload 3
	getstatic java/lang/System/out Ljava/io/PrintStream;
	swap
	invokevirtual java/io/PrintStream/print(Z)V
	getstatic java/lang/System/out Ljava/io/PrintStream;
	ldc "\n"
	invokevirtual java/io/PrintStream/print(Ljava/lang/String;)V
	getstatic java/lang/System/out Ljava/io/PrintStream;
	ldc "Boolean input: \n"
	invokevirtual java/io/PrintStream/print(Ljava/lang/String;)V
	invokestatic test30/readBoolean()Z
	istore 4
	iload 4
	getstatic java/lang/System/out Ljava/io/PrintStream;
	swap
	invokevirtual java/io/PrintStream/print(Z)V
	getstatic java/lang/System/out Ljava/io/PrintStream;
	ldc "\n"
	invokevirtual java/io/PrintStream/print(Ljava/lang/String;)V
	return
.end method

Success!
