<program> at 1:1.
  <body> at 3:5.
    <vardef> at 3:5.
      <type> at 3:5.
      </type> at 3:9.
    </vardef> at 5:5.
    <statements> at 5:5.
      <statement> at 5:5.
        <output> at 5:5.
        </output> at 5:32.
      </statement> at 5:32.
      <statement> at 6:5.
        <input> at 6:5.
        </input> at 6:14.
      </statement> at 6:14.
      <statement> at 7:5.
        <output> at 7:5.
          <expr> at 7:12.
            <simple> at 7:12.
              <term> at 7:12.
                <factor> at 7:12.
                </factor> at 7:15.
              </term> at 7:15.
            </simple> at 7:15.
          </expr> at 7:15.
        </output> at 7:23.
      </statement> at 7:23.
      <statement> at 9:5.
        <output> at 9:5.
        </output> at 9:32.
      </statement> at 9:32.
      <statement> at 10:5.
        <input> at 10:5.
        </input> at 10:14.
      </statement> at 10:14.
      <statement> at 11:5.
        <output> at 11:5.
          <expr> at 11:12.
            <simple> at 11:12.
              <term> at 11:12.
                <factor> at 11:12.
                </factor> at 11:15.
              </term> at 11:15.
            </simple> at 11:15.
          </expr> at 11:15.
        </output> at 11:23.
      </statement> at 11:23.
      <statement> at 13:5.
        <output> at 13:5.
        </output> at 13:32.
      </statement> at 13:32.
      <statement> at 14:5.
        <input> at 14:5.
        </input> at 14:14.
      </statement> at 14:14.
      <statement> at 15:5.
        <output> at 15:5.
          <expr> at 15:12.
            <simple> at 15:12.
              <term> at 15:12.
                <factor> at 15:12.
                </factor> at 15:15.
              </term> at 15:15.
            </simple> at 15:15.
          </expr> at 15:15.
        </output> at 16:1.
      </statement> at 16:1.
    </statements> at 16:1.
  </body> at 16:1.
</program> at 16:1.
Generated: test31.class
.class public test31
.super java/lang/Object

.field private static final charsetName Ljava/lang/String;
.field private static final usLocale Ljava/util/Locale;
.field private static final scanner Ljava/util/Scanner;

.method static public <clinit>()V
.limit stack 5
.limit locals 1 
	ldc	"UTF-8"
	putstatic test31/charsetName Ljava/lang/String;
	new	java/util/Locale
	dup
	ldc	"en"
	ldc	"US"
	invokespecial java/util/Locale/<init>(Ljava/lang/String;Ljava/lang/String;)V
	putstatic test31/usLocale Ljava/util/Locale;
	new	java/util/Scanner
	dup
	new	java/io/BufferedInputStream
	dup
	getstatic java/lang/System/in Ljava/io/InputStream;
	invokespecial java/io/BufferedInputStream/<init>(Ljava/io/InputStream;)V
	getstatic test31/charsetName Ljava/lang/String;
	invokespecial java/util/Scanner/<init>(Ljava/io/InputStream;Ljava/lang/String;)V
	putstatic test31/scanner Ljava/util/Scanner;
	getstatic test31/scanner Ljava/util/Scanner;
	getstatic test31/usLocale Ljava/util/Locale;
	invokevirtual java/util/Scanner/useLocale(Ljava/util/Locale;)Ljava/util/Scanner;
	pop
	return
.end method

.method public <init>()V
	aload_0
	invokespecial java/lang/Object/<init>()V
	return
.end method

.method public static readInt()I
.limit stack 1
.limit locals 1
	getstatic test31/scanner Ljava/util/Scanner;
	invokevirtual java/util/Scanner/nextInt()I
	ireturn
.end method

.method public static readBoolean()Z
.limit stack 2
.limit locals 1
	getstatic test31/scanner Ljava/util/Scanner;
	invokevirtual java/util/Scanner/next()Ljava/lang/String;
	astore 0
	aload 0
	ldc	"true"
	invokevirtual java/lang/String/equalsIgnoreCase(Ljava/lang/String;)Z
	ifeq False
	iconst_1
	ireturn
False:
	aload 0
	ldc	"false"
	invokevirtual java/lang/String/equalsIgnoreCase(Ljava/lang/String;)Z
	ifeq Exception
	iconst_0
	ireturn
Exception:
	new	java/util/InputMismatchException
	dup
	invokespecial java/util/InputMismatchException/<init>()V
	athrow
.end method

.method public static main([Ljava/lang/String;)V
.limit stack 18
.limit locals 4
	getstatic java/lang/System/out Ljava/io/PrintStream;
	ldc "Integer input: \n"
	invokevirtual java/io/PrintStream/print(Ljava/lang/String;)V
	invokestatic test31/readInt()I
	istore 1
	iload 1
	getstatic java/lang/System/out Ljava/io/PrintStream;
	swap
	invokevirtual java/io/PrintStream/print(I)V
	getstatic java/lang/System/out Ljava/io/PrintStream;
	ldc "\n"
	invokevirtual java/io/PrintStream/print(Ljava/lang/String;)V
	getstatic java/lang/System/out Ljava/io/PrintStream;
	ldc "Integer input: \n"
	invokevirtual java/io/PrintStream/print(Ljava/lang/String;)V
	invokestatic test31/readInt()I
	istore 2
	iload 2
	getstatic java/lang/System/out Ljava/io/PrintStream;
	swap
	invokevirtual java/io/PrintStream/print(I)V
	getstatic java/lang/System/out Ljava/io/PrintStream;
	ldc "\n"
	invokevirtual java/io/PrintStream/print(Ljava/lang/String;)V
	getstatic java/lang/System/out Ljava/io/PrintStream;
	ldc "Integer input: \n"
	invokevirtual java/io/PrintStream/print(Ljava/lang/String;)V
	invokestatic test31/readInt()I
	istore 3
	iload 3
	getstatic java/lang/System/out Ljava/io/PrintStream;
	swap
	invokevirtual java/io/PrintStream/print(I)V
	getstatic java/lang/System/out Ljava/io/PrintStream;
	ldc "\n"
	invokevirtual java/io/PrintStream/print(Ljava/lang/String;)V
	return
.end method

Success!
