<program> at 1:1.
  <body> at 3:5.
    <vardef> at 3:5.
      <type> at 3:5.
      </type> at 3:16.
    </vardef> at 5:2.
    <statements> at 5:2.
      <statement> at 5:2.
        <assign> at 5:2.
          <simple> at 5:17.
            <term> at 5:17.
              <factor> at 5:17.
              </factor> at 5:19.
            </term> at 5:19.
          </simple> at 5:19.
        </assign> at 5:19.
      </statement> at 5:19.
      <statement> at 7:5.
        <output> at 7:5.
        </output> at 7:32.
      </statement> at 7:32.
      <statement> at 8:5.
        <input> at 8:5.
          <index> at 8:13.
            <simple> at 8:14.
              <term> at 8:14.
                <factor> at 8:14.
                </factor> at 8:15.
              </term> at 8:15.
            </simple> at 8:15.
          </index> at 8:16.
        </input> at 8:17.
      </statement> at 8:17.
      <statement> at 9:5.
        <output> at 9:5.
          <expr> at 9:12.
            <simple> at 9:12.
              <term> at 9:12.
                <factor> at 9:12.
                  <index> at 9:14.
                    <simple> at 9:15.
                      <term> at 9:15.
                        <factor> at 9:15.
                        </factor> at 9:16.
                      </term> at 9:16.
                    </simple> at 9:16.
                  </index> at 9:18.
                </factor> at 9:18.
              </term> at 9:18.
            </simple> at 9:18.
          </expr> at 9:18.
        </output> at 9:26.
      </statement> at 9:26.
      <statement> at 11:5.
        <output> at 11:5.
        </output> at 11:32.
      </statement> at 11:32.
      <statement> at 12:5.
        <input> at 12:5.
          <index> at 12:13.
            <simple> at 12:14.
              <term> at 12:14.
                <factor> at 12:14.
                </factor> at 12:15.
              </term> at 12:15.
            </simple> at 12:15.
          </index> at 12:16.
        </input> at 12:17.
      </statement> at 12:17.
      <statement> at 13:5.
        <output> at 13:5.
          <expr> at 13:12.
            <simple> at 13:12.
              <term> at 13:12.
                <factor> at 13:12.
                  <index> at 13:14.
                    <simple> at 13:15.
                      <term> at 13:15.
                        <factor> at 13:15.
                        </factor> at 13:16.
                      </term> at 13:16.
                    </simple> at 13:16.
                  </index> at 13:18.
                </factor> at 13:18.
              </term> at 13:18.
            </simple> at 13:18.
          </expr> at 13:18.
        </output> at 13:26.
      </statement> at 13:26.
      <statement> at 15:5.
        <output> at 15:5.
        </output> at 15:32.
      </statement> at 15:32.
      <statement> at 16:5.
        <input> at 16:5.
          <index> at 16:13.
            <simple> at 16:14.
              <term> at 16:14.
                <factor> at 16:14.
                </factor> at 16:15.
              </term> at 16:15.
            </simple> at 16:15.
          </index> at 16:16.
        </input> at 16:17.
      </statement> at 16:17.
      <statement> at 17:5.
        <output> at 17:5.
          <expr> at 17:12.
            <simple> at 17:12.
              <term> at 17:12.
                <factor> at 17:12.
                  <index> at 17:14.
                    <simple> at 17:15.
                      <term> at 17:15.
                        <factor> at 17:15.
                        </factor> at 17:16.
                      </term> at 17:16.
                    </simple> at 17:16.
                  </index> at 17:18.
                </factor> at 17:18.
              </term> at 17:18.
            </simple> at 17:18.
          </expr> at 17:18.
        </output> at 17:26.
      </statement> at 17:26.
      <statement> at 19:5.
        <output> at 19:5.
        </output> at 19:32.
      </statement> at 19:32.
      <statement> at 20:5.
        <input> at 20:5.
          <index> at 20:13.
            <simple> at 20:14.
              <term> at 20:14.
                <factor> at 20:14.
                </factor> at 20:15.
              </term> at 20:15.
            </simple> at 20:15.
          </index> at 20:16.
        </input> at 20:17.
      </statement> at 20:17.
      <statement> at 21:5.
        <output> at 21:5.
          <expr> at 21:12.
            <simple> at 21:12.
              <term> at 21:12.
                <factor> at 21:12.
                  <index> at 21:14.
                    <simple> at 21:15.
                      <term> at 21:15.
                        <factor> at 21:15.
                        </factor> at 21:16.
                      </term> at 21:16.
                    </simple> at 21:16.
                  </index> at 21:18.
                </factor> at 21:18.
              </term> at 21:18.
            </simple> at 21:18.
          </expr> at 21:18.
        </output> at 21:26.
      </statement> at 21:26.
      <statement> at 23:5.
        <output> at 23:5.
        </output> at 23:32.
      </statement> at 23:32.
      <statement> at 24:5.
        <input> at 24:5.
          <index> at 24:13.
            <simple> at 24:14.
              <term> at 24:14.
                <factor> at 24:14.
                </factor> at 24:15.
              </term> at 24:15.
            </simple> at 24:15.
          </index> at 24:16.
        </input> at 24:17.
      </statement> at 24:17.
      <statement> at 25:5.
        <output> at 25:5.
          <expr> at 25:12.
            <simple> at 25:12.
              <term> at 25:12.
                <factor> at 25:12.
                  <index> at 25:14.
                    <simple> at 25:15.
                      <term> at 25:15.
                        <factor> at 25:15.
                        </factor> at 25:16.
                      </term> at 25:16.
                    </simple> at 25:16.
                  </index> at 25:18.
                </factor> at 25:18.
              </term> at 25:18.
            </simple> at 25:18.
          </expr> at 25:18.
        </output> at 25:26.
      </statement> at 25:26.
      <statement> at 27:5.
        <output> at 27:5.
        </output> at 27:32.
      </statement> at 27:32.
      <statement> at 28:5.
        <input> at 28:5.
          <index> at 28:13.
            <simple> at 28:14.
              <term> at 28:14.
                <factor> at 28:14.
                </factor> at 28:15.
              </term> at 28:15.
            </simple> at 28:15.
          </index> at 28:16.
        </input> at 28:17.
      </statement> at 28:17.
      <statement> at 29:5.
        <output> at 29:5.
          <expr> at 29:12.
            <simple> at 29:12.
              <term> at 29:12.
                <factor> at 29:12.
                  <index> at 29:14.
                    <simple> at 29:15.
                      <term> at 29:15.
                        <factor> at 29:15.
                        </factor> at 29:16.
                      </term> at 29:16.
                    </simple> at 29:16.
                  </index> at 29:18.
                </factor> at 29:18.
              </term> at 29:18.
            </simple> at 29:18.
          </expr> at 29:18.
        </output> at 29:26.
      </statement> at 29:26.
      <statement> at 31:5.
        <output> at 31:5.
        </output> at 31:32.
      </statement> at 31:32.
      <statement> at 32:5.
        <input> at 32:5.
          <index> at 32:13.
            <simple> at 32:14.
              <term> at 32:14.
                <factor> at 32:14.
                </factor> at 32:15.
              </term> at 32:15.
            </simple> at 32:15.
          </index> at 32:16.
        </input> at 32:17.
      </statement> at 32:17.
      <statement> at 33:5.
        <output> at 33:5.
          <expr> at 33:12.
            <simple> at 33:12.
              <term> at 33:12.
                <factor> at 33:12.
                  <index> at 33:14.
                    <simple> at 33:15.
                      <term> at 33:15.
                        <factor> at 33:15.
                        </factor> at 33:16.
                      </term> at 33:16.
                    </simple> at 33:16.
                  </index> at 33:18.
                </factor> at 33:18.
              </term> at 33:18.
            </simple> at 33:18.
          </expr> at 33:18.
        </output> at 33:26.
      </statement> at 33:26.
      <statement> at 35:5.
        <output> at 35:5.
        </output> at 35:32.
      </statement> at 35:32.
      <statement> at 36:5.
        <input> at 36:5.
          <index> at 36:13.
            <simple> at 36:14.
              <term> at 36:14.
                <factor> at 36:14.
                </factor> at 36:15.
              </term> at 36:15.
            </simple> at 36:15.
          </index> at 36:16.
        </input> at 36:17.
      </statement> at 36:17.
      <statement> at 37:5.
        <output> at 37:5.
          <expr> at 37:12.
            <simple> at 37:12.
              <term> at 37:12.
                <factor> at 37:12.
                  <index> at 37:14.
                    <simple> at 37:15.
                      <term> at 37:15.
                        <factor> at 37:15.
                        </factor> at 37:16.
                      </term> at 37:16.
                    </simple> at 37:16.
                  </index> at 37:18.
                </factor> at 37:18.
              </term> at 37:18.
            </simple> at 37:18.
          </expr> at 37:18.
        </output> at 37:26.
      </statement> at 37:26.
      <statement> at 39:5.
        <output> at 39:5.
        </output> at 39:32.
      </statement> at 39:32.
      <statement> at 40:5.
        <input> at 40:5.
          <index> at 40:13.
            <simple> at 40:14.
              <term> at 40:14.
                <factor> at 40:14.
                </factor> at 40:15.
              </term> at 40:15.
            </simple> at 40:15.
          </index> at 40:16.
        </input> at 40:17.
      </statement> at 40:17.
      <statement> at 41:5.
        <output> at 41:5.
          <expr> at 41:12.
            <simple> at 41:12.
              <term> at 41:12.
                <factor> at 41:12.
                  <index> at 41:14.
                    <simple> at 41:15.
                      <term> at 41:15.
                        <factor> at 41:15.
                        </factor> at 41:16.
                      </term> at 41:16.
                    </simple> at 41:16.
                  </index> at 41:18.
                </factor> at 41:18.
              </term> at 41:18.
            </simple> at 41:18.
          </expr> at 41:18.
        </output> at 41:26.
      </statement> at 41:26.
      <statement> at 43:5.
        <output> at 43:5.
        </output> at 43:32.
      </statement> at 43:32.
      <statement> at 44:5.
        <input> at 44:5.
          <index> at 44:13.
            <simple> at 44:14.
              <term> at 44:14.
                <factor> at 44:14.
                </factor> at 44:15.
              </term> at 44:15.
            </simple> at 44:15.
          </index> at 44:16.
        </input> at 44:17.
      </statement> at 44:17.
      <statement> at 45:5.
        <output> at 45:5.
          <expr> at 45:12.
            <simple> at 45:12.
              <term> at 45:12.
                <factor> at 45:12.
                  <index> at 45:14.
                    <simple> at 45:15.
                      <term> at 45:15.
                        <factor> at 45:15.
                        </factor> at 45:16.
                      </term> at 45:16.
                    </simple> at 45:16.
                  </index> at 45:18.
                </factor> at 45:18.
              </term> at 45:18.
            </simple> at 45:18.
          </expr> at 45:18.
        </output> at 45:26.
      </statement> at 45:26.
      <statement> at 47:5.
        <output> at 47:5.
        </output> at 47:32.
      </statement> at 47:32.
      <statement> at 48:5.
        <input> at 48:5.
          <index> at 48:13.
            <simple> at 48:14.
              <term> at 48:14.
                <factor> at 48:14.
                </factor> at 48:16.
              </term> at 48:16.
            </simple> at 48:16.
          </index> at 48:17.
        </input> at 48:18.
      </statement> at 48:18.
      <statement> at 49:5.
        <output> at 49:5.
          <expr> at 49:12.
            <simple> at 49:12.
              <term> at 49:12.
                <factor> at 49:12.
                  <index> at 49:14.
                    <simple> at 49:15.
                      <term> at 49:15.
                        <factor> at 49:15.
                        </factor> at 49:17.
                      </term> at 49:17.
                    </simple> at 49:17.
                  </index> at 49:19.
                </factor> at 49:19.
              </term> at 49:19.
            </simple> at 49:19.
          </expr> at 49:19.
        </output> at 49:27.
      </statement> at 49:27.
      <statement> at 51:5.
        <output> at 51:5.
        </output> at 51:32.
      </statement> at 51:32.
      <statement> at 52:5.
        <input> at 52:5.
          <index> at 52:13.
            <simple> at 52:14.
              <term> at 52:14.
                <factor> at 52:14.
                </factor> at 52:16.
              </term> at 52:16.
            </simple> at 52:16.
          </index> at 52:17.
        </input> at 52:18.
      </statement> at 52:18.
      <statement> at 53:5.
        <output> at 53:5.
          <expr> at 53:12.
            <simple> at 53:12.
              <term> at 53:12.
                <factor> at 53:12.
                  <index> at 53:14.
                    <simple> at 53:15.
                      <term> at 53:15.
                        <factor> at 53:15.
                        </factor> at 53:17.
                      </term> at 53:17.
                    </simple> at 53:17.
                  </index> at 53:19.
                </factor> at 53:19.
              </term> at 53:19.
            </simple> at 53:19.
          </expr> at 53:19.
        </output> at 53:27.
      </statement> at 53:27.
      <statement> at 55:5.
        <output> at 55:5.
        </output> at 55:32.
      </statement> at 55:32.
      <statement> at 56:5.
        <input> at 56:5.
          <index> at 56:13.
            <simple> at 56:14.
              <term> at 56:14.
                <factor> at 56:14.
                </factor> at 56:16.
              </term> at 56:16.
            </simple> at 56:16.
          </index> at 56:17.
        </input> at 56:18.
      </statement> at 56:18.
      <statement> at 57:5.
        <output> at 57:5.
          <expr> at 57:12.
            <simple> at 57:12.
              <term> at 57:12.
                <factor> at 57:12.
                  <index> at 57:14.
                    <simple> at 57:15.
                      <term> at 57:15.
                        <factor> at 57:15.
                        </factor> at 57:17.
                      </term> at 57:17.
                    </simple> at 57:17.
                  </index> at 57:19.
                </factor> at 57:19.
              </term> at 57:19.
            </simple> at 57:19.
          </expr> at 57:19.
        </output> at 57:27.
      </statement> at 57:27.
      <statement> at 59:5.
        <output> at 59:5.
        </output> at 59:32.
      </statement> at 59:32.
      <statement> at 60:5.
        <input> at 60:5.
          <index> at 60:13.
            <simple> at 60:14.
              <term> at 60:14.
                <factor> at 60:14.
                </factor> at 60:16.
              </term> at 60:16.
            </simple> at 60:16.
          </index> at 60:17.
        </input> at 60:18.
      </statement> at 60:18.
      <statement> at 61:5.
        <output> at 61:5.
          <expr> at 61:12.
            <simple> at 61:12.
              <term> at 61:12.
                <factor> at 61:12.
                  <index> at 61:14.
                    <simple> at 61:15.
                      <term> at 61:15.
                        <factor> at 61:15.
                        </factor> at 61:17.
                      </term> at 61:17.
                    </simple> at 61:17.
                  </index> at 61:19.
                </factor> at 61:19.
              </term> at 61:19.
            </simple> at 61:19.
          </expr> at 61:19.
        </output> at 61:27.
      </statement> at 61:27.
      <statement> at 63:5.
        <output> at 63:5.
        </output> at 63:32.
      </statement> at 63:32.
      <statement> at 64:5.
        <input> at 64:5.
          <index> at 64:13.
            <simple> at 64:14.
              <term> at 64:14.
                <factor> at 64:14.
                </factor> at 64:16.
              </term> at 64:16.
            </simple> at 64:16.
          </index> at 64:17.
        </input> at 64:18.
      </statement> at 64:18.
      <statement> at 65:5.
        <output> at 65:5.
          <expr> at 65:12.
            <simple> at 65:12.
              <term> at 65:12.
                <factor> at 65:12.
                  <index> at 65:14.
                    <simple> at 65:15.
                      <term> at 65:15.
                        <factor> at 65:15.
                        </factor> at 65:17.
                      </term> at 65:17.
                    </simple> at 65:17.
                  </index> at 65:19.
                </factor> at 65:19.
              </term> at 65:19.
            </simple> at 65:19.
          </expr> at 65:19.
        </output> at 65:27.
      </statement> at 65:27.
      <statement> at 67:5.
        <output> at 67:5.
        </output> at 67:32.
      </statement> at 67:32.
      <statement> at 68:5.
        <input> at 68:5.
          <index> at 68:13.
            <simple> at 68:14.
              <term> at 68:14.
                <factor> at 68:14.
                </factor> at 68:16.
              </term> at 68:16.
            </simple> at 68:16.
          </index> at 68:17.
        </input> at 68:18.
      </statement> at 68:18.
      <statement> at 69:5.
        <output> at 69:5.
          <expr> at 69:12.
            <simple> at 69:12.
              <term> at 69:12.
                <factor> at 69:12.
                  <index> at 69:14.
                    <simple> at 69:15.
                      <term> at 69:15.
                        <factor> at 69:15.
                        </factor> at 69:17.
                      </term> at 69:17.
                    </simple> at 69:17.
                  </index> at 69:19.
                </factor> at 69:19.
              </term> at 69:19.
            </simple> at 69:19.
          </expr> at 69:19.
        </output> at 69:27.
      </statement> at 69:27.
      <statement> at 71:5.
        <output> at 71:5.
        </output> at 71:32.
      </statement> at 71:32.
      <statement> at 72:5.
        <input> at 72:5.
          <index> at 72:13.
            <simple> at 72:14.
              <term> at 72:14.
                <factor> at 72:14.
                </factor> at 72:16.
              </term> at 72:16.
            </simple> at 72:16.
          </index> at 72:17.
        </input> at 72:18.
      </statement> at 72:18.
      <statement> at 73:5.
        <output> at 73:5.
          <expr> at 73:12.
            <simple> at 73:12.
              <term> at 73:12.
                <factor> at 73:12.
                  <index> at 73:14.
                    <simple> at 73:15.
                      <term> at 73:15.
                        <factor> at 73:15.
                        </factor> at 73:17.
                      </term> at 73:17.
                    </simple> at 73:17.
                  </index> at 73:19.
                </factor> at 73:19.
              </term> at 73:19.
            </simple> at 73:19.
          </expr> at 73:19.
        </output> at 73:27.
      </statement> at 73:27.
      <statement> at 75:5.
        <output> at 75:5.
        </output> at 75:32.
      </statement> at 75:32.
      <statement> at 76:5.
        <input> at 76:5.
          <index> at 76:13.
            <simple> at 76:14.
              <term> at 76:14.
                <factor> at 76:14.
                </factor> at 76:16.
              </term> at 76:16.
            </simple> at 76:16.
          </index> at 76:17.
        </input> at 76:18.
      </statement> at 76:18.
      <statement> at 77:5.
        <output> at 77:5.
          <expr> at 77:12.
            <simple> at 77:12.
              <term> at 77:12.
                <factor> at 77:12.
                  <index> at 77:14.
                    <simple> at 77:15.
                      <term> at 77:15.
                        <factor> at 77:15.
                        </factor> at 77:17.
                      </term> at 77:17.
                    </simple> at 77:17.
                  </index> at 77:19.
                </factor> at 77:19.
              </term> at 77:19.
            </simple> at 77:19.
          </expr> at 77:19.
        </output> at 77:27.
      </statement> at 77:27.
      <statement> at 79:5.
        <output> at 79:5.
        </output> at 79:32.
      </statement> at 79:32.
      <statement> at 80:5.
        <input> at 80:5.
          <index> at 80:13.
            <simple> at 80:14.
              <term> at 80:14.
                <factor> at 80:14.
                </factor> at 80:16.
              </term> at 80:16.
            </simple> at 80:16.
          </index> at 80:17.
        </input> at 80:18.
      </statement> at 80:18.
      <statement> at 81:5.
        <output> at 81:5.
          <expr> at 81:12.
            <simple> at 81:12.
              <term> at 81:12.
                <factor> at 81:12.
                  <index> at 81:14.
                    <simple> at 81:15.
                      <term> at 81:15.
                        <factor> at 81:15.
                        </factor> at 81:17.
                      </term> at 81:17.
                    </simple> at 81:17.
                  </index> at 81:19.
                </factor> at 81:19.
              </term> at 81:19.
            </simple> at 81:19.
          </expr> at 81:19.
        </output> at 81:27.
      </statement> at 81:27.
      <statement> at 83:5.
        <output> at 83:5.
        </output> at 83:32.
      </statement> at 83:32.
      <statement> at 84:5.
        <input> at 84:5.
          <index> at 84:13.
            <simple> at 84:14.
              <term> at 84:14.
                <factor> at 84:14.
                </factor> at 84:16.
              </term> at 84:16.
            </simple> at 84:16.
          </index> at 84:17.
        </input> at 84:18.
      </statement> at 84:18.
      <statement> at 85:5.
        <output> at 85:5.
          <expr> at 85:12.
            <simple> at 85:12.
              <term> at 85:12.
                <factor> at 85:12.
                  <index> at 85:14.
                    <simple> at 85:15.
                      <term> at 85:15.
                        <factor> at 85:15.
                        </factor> at 85:17.
                      </term> at 85:17.
                    </simple> at 85:17.
                  </index> at 85:19.
                </factor> at 85:19.
              </term> at 85:19.
            </simple> at 85:19.
          </expr> at 85:19.
        </output> at 85:27.
      </statement> at 85:27.
      <statement> at 87:5.
        <output> at 87:5.
        </output> at 87:32.
      </statement> at 87:32.
      <statement> at 88:5.
        <input> at 88:5.
          <index> at 88:13.
            <simple> at 88:14.
              <term> at 88:14.
                <factor> at 88:14.
                </factor> at 88:16.
              </term> at 88:16.
            </simple> at 88:16.
          </index> at 88:17.
        </input> at 88:18.
      </statement> at 88:18.
      <statement> at 89:5.
        <output> at 89:5.
          <expr> at 89:12.
            <simple> at 89:12.
              <term> at 89:12.
                <factor> at 89:12.
                  <index> at 89:14.
                    <simple> at 89:15.
                      <term> at 89:15.
                        <factor> at 89:15.
                        </factor> at 89:17.
                      </term> at 89:17.
                    </simple> at 89:17.
                  </index> at 89:19.
                </factor> at 89:19.
              </term> at 89:19.
            </simple> at 89:19.
          </expr> at 89:19.
        </output> at 89:27.
      </statement> at 89:27.
      <statement> at 91:5.
        <output> at 91:5.
        </output> at 91:32.
      </statement> at 91:32.
      <statement> at 92:5.
        <input> at 92:5.
          <index> at 92:13.
            <simple> at 92:14.
              <term> at 92:14.
                <factor> at 92:14.
                </factor> at 92:16.
              </term> at 92:16.
            </simple> at 92:16.
          </index> at 92:17.
        </input> at 92:18.
      </statement> at 92:18.
      <statement> at 93:5.
        <output> at 93:5.
          <expr> at 93:12.
            <simple> at 93:12.
              <term> at 93:12.
                <factor> at 93:12.
                  <index> at 93:14.
                    <simple> at 93:15.
                      <term> at 93:15.
                        <factor> at 93:15.
                        </factor> at 93:17.
                      </term> at 93:17.
                    </simple> at 93:17.
                  </index> at 93:19.
                </factor> at 93:19.
              </term> at 93:19.
            </simple> at 93:19.
          </expr> at 93:19.
        </output> at 93:27.
      </statement> at 93:27.
      <statement> at 95:5.
        <output> at 95:5.
        </output> at 95:32.
      </statement> at 95:32.
      <statement> at 96:5.
        <input> at 96:5.
          <index> at 96:13.
            <simple> at 96:14.
              <term> at 96:14.
                <factor> at 96:14.
                </factor> at 96:16.
              </term> at 96:16.
            </simple> at 96:16.
          </index> at 96:17.
        </input> at 96:18.
      </statement> at 96:18.
      <statement> at 97:5.
        <output> at 97:5.
          <expr> at 97:12.
            <simple> at 97:12.
              <term> at 97:12.
                <factor> at 97:12.
                  <index> at 97:14.
                    <simple> at 97:15.
                      <term> at 97:15.
                        <factor> at 97:15.
                        </factor> at 97:17.
                      </term> at 97:17.
                    </simple> at 97:17.
                  </index> at 97:19.
                </factor> at 97:19.
              </term> at 97:19.
            </simple> at 97:19.
          </expr> at 97:19.
        </output> at 97:27.
      </statement> at 97:27.
      <statement> at 99:5.
        <output> at 99:5.
        </output> at 99:32.
      </statement> at 99:32.
      <statement> at 100:5.
        <input> at 100:5.
          <index> at 100:13.
            <simple> at 100:14.
              <term> at 100:14.
                <factor> at 100:14.
                </factor> at 100:16.
              </term> at 100:16.
            </simple> at 100:16.
          </index> at 100:17.
        </input> at 100:18.
      </statement> at 100:18.
      <statement> at 101:5.
        <output> at 101:5.
          <expr> at 101:12.
            <simple> at 101:12.
              <term> at 101:12.
                <factor> at 101:12.
                  <index> at 101:14.
                    <simple> at 101:15.
                      <term> at 101:15.
                        <factor> at 101:15.
                        </factor> at 101:17.
                      </term> at 101:17.
                    </simple> at 101:17.
                  </index> at 101:19.
                </factor> at 101:19.
              </term> at 101:19.
            </simple> at 101:19.
          </expr> at 101:19.
        </output> at 101:27.
      </statement> at 101:27.
      <statement> at 103:5.
        <output> at 103:5.
        </output> at 103:32.
      </statement> at 103:32.
      <statement> at 104:5.
        <input> at 104:5.
          <index> at 104:13.
            <simple> at 104:14.
              <term> at 104:14.
                <factor> at 104:14.
                </factor> at 104:16.
              </term> at 104:16.
            </simple> at 104:16.
          </index> at 104:17.
        </input> at 104:18.
      </statement> at 104:18.
      <statement> at 105:5.
        <output> at 105:5.
          <expr> at 105:12.
            <simple> at 105:12.
              <term> at 105:12.
                <factor> at 105:12.
                  <index> at 105:14.
                    <simple> at 105:15.
                      <term> at 105:15.
                        <factor> at 105:15.
                        </factor> at 105:17.
                      </term> at 105:17.
                    </simple> at 105:17.
                  </index> at 105:19.
                </factor> at 105:19.
              </term> at 105:19.
            </simple> at 105:19.
          </expr> at 105:19.
        </output> at 105:27.
      </statement> at 105:27.
      <statement> at 107:5.
        <output> at 107:5.
        </output> at 107:32.
      </statement> at 107:32.
      <statement> at 108:5.
        <input> at 108:5.
          <index> at 108:13.
            <simple> at 108:14.
              <term> at 108:14.
                <factor> at 108:14.
                </factor> at 108:16.
              </term> at 108:16.
            </simple> at 108:16.
          </index> at 108:17.
        </input> at 108:18.
      </statement> at 108:18.
      <statement> at 109:5.
        <output> at 109:5.
          <expr> at 109:12.
            <simple> at 109:12.
              <term> at 109:12.
                <factor> at 109:12.
                  <index> at 109:14.
                    <simple> at 109:15.
                      <term> at 109:15.
                        <factor> at 109:15.
                        </factor> at 109:17.
                      </term> at 109:17.
                    </simple> at 109:17.
                  </index> at 109:19.
                </factor> at 109:19.
              </term> at 109:19.
            </simple> at 109:19.
          </expr> at 109:19.
        </output> at 109:27.
      </statement> at 109:27.
      <statement> at 111:5.
        <output> at 111:5.
        </output> at 111:32.
      </statement> at 111:32.
      <statement> at 112:5.
        <input> at 112:5.
          <index> at 112:13.
            <simple> at 112:14.
              <term> at 112:14.
                <factor> at 112:14.
                </factor> at 112:16.
              </term> at 112:16.
            </simple> at 112:16.
          </index> at 112:17.
        </input> at 112:18.
      </statement> at 112:18.
      <statement> at 113:5.
        <output> at 113:5.
          <expr> at 113:12.
            <simple> at 113:12.
              <term> at 113:12.
                <factor> at 113:12.
                  <index> at 113:14.
                    <simple> at 113:15.
                      <term> at 113:15.
                        <factor> at 113:15.
                        </factor> at 113:17.
                      </term> at 113:17.
                    </simple> at 113:17.
                  </index> at 113:19.
                </factor> at 113:19.
              </term> at 113:19.
            </simple> at 113:19.
          </expr> at 113:19.
        </output> at 113:27.
      </statement> at 113:27.
      <statement> at 115:5.
        <output> at 115:5.
        </output> at 115:32.
      </statement> at 115:32.
      <statement> at 116:5.
        <input> at 116:5.
          <index> at 116:13.
            <simple> at 116:14.
              <term> at 116:14.
                <factor> at 116:14.
                </factor> at 116:16.
              </term> at 116:16.
            </simple> at 116:16.
          </index> at 116:17.
        </input> at 116:18.
      </statement> at 116:18.
      <statement> at 117:5.
        <output> at 117:5.
          <expr> at 117:12.
            <simple> at 117:12.
              <term> at 117:12.
                <factor> at 117:12.
                  <index> at 117:14.
                    <simple> at 117:15.
                      <term> at 117:15.
                        <factor> at 117:15.
                        </factor> at 117:17.
                      </term> at 117:17.
                    </simple> at 117:17.
                  </index> at 117:19.
                </factor> at 117:19.
              </term> at 117:19.
            </simple> at 117:19.
          </expr> at 117:19.
        </output> at 117:27.
      </statement> at 117:27.
      <statement> at 119:5.
        <output> at 119:5.
        </output> at 119:32.
      </statement> at 119:32.
      <statement> at 120:5.
        <input> at 120:5.
          <index> at 120:13.
            <simple> at 120:14.
              <term> at 120:14.
                <factor> at 120:14.
                </factor> at 120:16.
              </term> at 120:16.
            </simple> at 120:16.
          </index> at 120:17.
        </input> at 120:18.
      </statement> at 120:18.
      <statement> at 121:5.
        <output> at 121:5.
          <expr> at 121:12.
            <simple> at 121:12.
              <term> at 121:12.
                <factor> at 121:12.
                  <index> at 121:14.
                    <simple> at 121:15.
                      <term> at 121:15.
                        <factor> at 121:15.
                        </factor> at 121:17.
                      </term> at 121:17.
                    </simple> at 121:17.
                  </index> at 121:19.
                </factor> at 121:19.
              </term> at 121:19.
            </simple> at 121:19.
          </expr> at 121:19.
        </output> at 121:27.
      </statement> at 121:27.
      <statement> at 123:5.
        <output> at 123:5.
        </output> at 123:32.
      </statement> at 123:32.
      <statement> at 124:5.
        <input> at 124:5.
          <index> at 124:13.
            <simple> at 124:14.
              <term> at 124:14.
                <factor> at 124:14.
                </factor> at 124:16.
              </term> at 124:16.
            </simple> at 124:16.
          </index> at 124:17.
        </input> at 124:18.
      </statement> at 124:18.
      <statement> at 125:5.
        <output> at 125:5.
          <expr> at 125:12.
            <simple> at 125:12.
              <term> at 125:12.
                <factor> at 125:12.
                  <index> at 125:14.
                    <simple> at 125:15.
                      <term> at 125:15.
                        <factor> at 125:15.
                        </factor> at 125:17.
                      </term> at 125:17.
                    </simple> at 125:17.
                  </index> at 125:19.
                </factor> at 125:19.
              </term> at 125:19.
            </simple> at 125:19.
          </expr> at 125:19.
        </output> at 125:27.
      </statement> at 125:27.
      <statement> at 127:5.
        <output> at 127:5.
        </output> at 127:32.
      </statement> at 127:32.
      <statement> at 128:5.
        <input> at 128:5.
          <index> at 128:13.
            <simple> at 128:14.
              <term> at 128:14.
                <factor> at 128:14.
                </factor> at 128:16.
              </term> at 128:16.
            </simple> at 128:16.
          </index> at 128:17.
        </input> at 128:18.
      </statement> at 128:18.
      <statement> at 129:5.
        <output> at 129:5.
          <expr> at 129:12.
            <simple> at 129:12.
              <term> at 129:12.
                <factor> at 129:12.
                  <index> at 129:14.
                    <simple> at 129:15.
                      <term> at 129:15.
                        <factor> at 129:15.
                        </factor> at 129:17.
                      </term> at 129:17.
                    </simple> at 129:17.
                  </index> at 129:19.
                </factor> at 129:19.
              </term> at 129:19.
            </simple> at 129:19.
          </expr> at 129:19.
        </output> at 129:27.
      </statement> at 129:27.
      <statement> at 131:5.
        <output> at 131:5.
        </output> at 131:32.
      </statement> at 131:32.
      <statement> at 132:5.
        <input> at 132:5.
          <index> at 132:13.
            <simple> at 132:14.
              <term> at 132:14.
                <factor> at 132:14.
                </factor> at 132:16.
              </term> at 132:16.
            </simple> at 132:16.
          </index> at 132:17.
        </input> at 132:18.
      </statement> at 132:18.
      <statement> at 133:5.
        <output> at 133:5.
          <expr> at 133:12.
            <simple> at 133:12.
              <term> at 133:12.
                <factor> at 133:12.
                  <index> at 133:14.
                    <simple> at 133:15.
                      <term> at 133:15.
                        <factor> at 133:15.
                        </factor> at 133:17.
                      </term> at 133:17.
                    </simple> at 133:17.
                  </index> at 133:19.
                </factor> at 133:19.
              </term> at 133:19.
            </simple> at 133:19.
          </expr> at 133:19.
        </output> at 133:27.
      </statement> at 133:27.
      <statement> at 135:5.
        <output> at 135:5.
        </output> at 135:32.
      </statement> at 135:32.
      <statement> at 136:5.
        <input> at 136:5.
          <index> at 136:13.
            <simple> at 136:14.
              <term> at 136:14.
                <factor> at 136:14.
                </factor> at 136:16.
              </term> at 136:16.
            </simple> at 136:16.
          </index> at 136:17.
        </input> at 136:18.
      </statement> at 136:18.
      <statement> at 137:5.
        <output> at 137:5.
          <expr> at 137:12.
            <simple> at 137:12.
              <term> at 137:12.
                <factor> at 137:12.
                  <index> at 137:14.
                    <simple> at 137:15.
                      <term> at 137:15.
                        <factor> at 137:15.
                        </factor> at 137:17.
                      </term> at 137:17.
                    </simple> at 137:17.
                  </index> at 137:19.
                </factor> at 137:19.
              </term> at 137:19.
            </simple> at 137:19.
          </expr> at 137:19.
        </output> at 137:27.
      </statement> at 137:27.
      <statement> at 139:5.
        <output> at 139:5.
        </output> at 139:32.
      </statement> at 139:32.
      <statement> at 140:5.
        <input> at 140:5.
          <index> at 140:13.
            <simple> at 140:14.
              <term> at 140:14.
                <factor> at 140:14.
                </factor> at 140:16.
              </term> at 140:16.
            </simple> at 140:16.
          </index> at 140:17.
        </input> at 140:18.
      </statement> at 140:18.
      <statement> at 141:5.
        <output> at 141:5.
          <expr> at 141:12.
            <simple> at 141:12.
              <term> at 141:12.
                <factor> at 141:12.
                  <index> at 141:14.
                    <simple> at 141:15.
                      <term> at 141:15.
                        <factor> at 141:15.
                        </factor> at 141:17.
                      </term> at 141:17.
                    </simple> at 141:17.
                  </index> at 141:19.
                </factor> at 141:19.
              </term> at 141:19.
            </simple> at 141:19.
          </expr> at 141:19.
        </output> at 141:27.
      </statement> at 141:27.
      <statement> at 143:5.
        <output> at 143:5.
        </output> at 143:32.
      </statement> at 143:32.
      <statement> at 144:5.
        <input> at 144:5.
          <index> at 144:13.
            <simple> at 144:14.
              <term> at 144:14.
                <factor> at 144:14.
                </factor> at 144:16.
              </term> at 144:16.
            </simple> at 144:16.
          </index> at 144:17.
        </input> at 144:18.
      </statement> at 144:18.
      <statement> at 145:5.
        <output> at 145:5.
          <expr> at 145:12.
            <simple> at 145:12.
              <term> at 145:12.
                <factor> at 145:12.
                  <index> at 145:14.
                    <simple> at 145:15.
                      <term> at 145:15.
                        <factor> at 145:15.
                        </factor> at 145:17.
                      </term> at 145:17.
                    </simple> at 145:17.
                  </index> at 145:19.
                </factor> at 145:19.
              </term> at 145:19.
            </simple> at 145:19.
          </expr> at 145:19.
        </output> at 145:27.
      </statement> at 145:27.
      <statement> at 147:5.
        <output> at 147:5.
        </output> at 147:32.
      </statement> at 147:32.
      <statement> at 148:5.
        <input> at 148:5.
          <index> at 148:13.
            <simple> at 148:14.
              <term> at 148:14.
                <factor> at 148:14.
                </factor> at 148:16.
              </term> at 148:16.
            </simple> at 148:16.
          </index> at 148:17.
        </input> at 148:18.
      </statement> at 148:18.
      <statement> at 149:5.
        <output> at 149:5.
          <expr> at 149:12.
            <simple> at 149:12.
              <term> at 149:12.
                <factor> at 149:12.
                  <index> at 149:14.
                    <simple> at 149:15.
                      <term> at 149:15.
                        <factor> at 149:15.
                        </factor> at 149:17.
                      </term> at 149:17.
                    </simple> at 149:17.
                  </index> at 149:19.
                </factor> at 149:19.
              </term> at 149:19.
            </simple> at 149:19.
          </expr> at 149:19.
        </output> at 149:27.
      </statement> at 149:27.
      <statement> at 151:5.
        <output> at 151:5.
        </output> at 151:32.
      </statement> at 151:32.
      <statement> at 152:5.
        <input> at 152:5.
          <index> at 152:13.
            <simple> at 152:14.
              <term> at 152:14.
                <factor> at 152:14.
                </factor> at 152:16.
              </term> at 152:16.
            </simple> at 152:16.
          </index> at 152:17.
        </input> at 152:18.
      </statement> at 152:18.
      <statement> at 153:5.
        <output> at 153:5.
          <expr> at 153:12.
            <simple> at 153:12.
              <term> at 153:12.
                <factor> at 153:12.
                  <index> at 153:14.
                    <simple> at 153:15.
                      <term> at 153:15.
                        <factor> at 153:15.
                        </factor> at 153:17.
                      </term> at 153:17.
                    </simple> at 153:17.
                  </index> at 153:19.
                </factor> at 153:19.
              </term> at 153:19.
            </simple> at 153:19.
          </expr> at 153:19.
        </output> at 153:27.
      </statement> at 153:27.
      <statement> at 155:5.
        <output> at 155:5.
        </output> at 155:32.
      </statement> at 155:32.
      <statement> at 156:5.
        <input> at 156:5.
          <index> at 156:13.
            <simple> at 156:14.
              <term> at 156:14.
                <factor> at 156:14.
                </factor> at 156:16.
              </term> at 156:16.
            </simple> at 156:16.
          </index> at 156:17.
        </input> at 156:18.
      </statement> at 156:18.
      <statement> at 157:5.
        <output> at 157:5.
          <expr> at 157:12.
            <simple> at 157:12.
              <term> at 157:12.
                <factor> at 157:12.
                  <index> at 157:14.
                    <simple> at 157:15.
                      <term> at 157:15.
                        <factor> at 157:15.
                        </factor> at 157:17.
                      </term> at 157:17.
                    </simple> at 157:17.
                  </index> at 157:19.
                </factor> at 157:19.
              </term> at 157:19.
            </simple> at 157:19.
          </expr> at 157:19.
        </output> at 157:27.
      </statement> at 157:27.
      <statement> at 159:5.
        <output> at 159:5.
        </output> at 159:32.
      </statement> at 159:32.
      <statement> at 160:5.
        <input> at 160:5.
          <index> at 160:13.
            <simple> at 160:14.
              <term> at 160:14.
                <factor> at 160:14.
                </factor> at 160:16.
              </term> at 160:16.
            </simple> at 160:16.
          </index> at 160:17.
        </input> at 160:18.
      </statement> at 160:18.
      <statement> at 161:5.
        <output> at 161:5.
          <expr> at 161:12.
            <simple> at 161:12.
              <term> at 161:12.
                <factor> at 161:12.
                  <index> at 161:14.
                    <simple> at 161:15.
                      <term> at 161:15.
                        <factor> at 161:15.
                        </factor> at 161:17.
                      </term> at 161:17.
                    </simple> at 161:17.
                  </index> at 161:19.
                </factor> at 161:19.
              </term> at 161:19.
            </simple> at 161:19.
          </expr> at 161:19.
        </output> at 161:27.
      </statement> at 161:27.
      <statement> at 163:5.
        <output> at 163:5.
        </output> at 163:32.
      </statement> at 163:32.
      <statement> at 164:5.
        <input> at 164:5.
          <index> at 164:13.
            <simple> at 164:14.
              <term> at 164:14.
                <factor> at 164:14.
                </factor> at 164:16.
              </term> at 164:16.
            </simple> at 164:16.
          </index> at 164:17.
        </input> at 164:18.
      </statement> at 164:18.
      <statement> at 165:5.
        <output> at 165:5.
          <expr> at 165:12.
            <simple> at 165:12.
              <term> at 165:12.
                <factor> at 165:12.
                  <index> at 165:14.
                    <simple> at 165:15.
                      <term> at 165:15.
                        <factor> at 165:15.
                        </factor> at 165:17.
                      </term> at 165:17.
                    </simple> at 165:17.
                  </index> at 165:19.
                </factor> at 165:19.
              </term> at 165:19.
            </simple> at 165:19.
          </expr> at 165:19.
        </output> at 165:27.
      </statement> at 165:27.
      <statement> at 167:5.
        <output> at 167:5.
        </output> at 167:32.
      </statement> at 167:32.
      <statement> at 168:5.
        <input> at 168:5.
          <index> at 168:13.
            <simple> at 168:14.
              <term> at 168:14.
                <factor> at 168:14.
                </factor> at 168:16.
              </term> at 168:16.
            </simple> at 168:16.
          </index> at 168:17.
        </input> at 168:18.
      </statement> at 168:18.
      <statement> at 169:5.
        <output> at 169:5.
          <expr> at 169:12.
            <simple> at 169:12.
              <term> at 169:12.
                <factor> at 169:12.
                  <index> at 169:14.
                    <simple> at 169:15.
                      <term> at 169:15.
                        <factor> at 169:15.
                        </factor> at 169:17.
                      </term> at 169:17.
                    </simple> at 169:17.
                  </index> at 169:19.
                </factor> at 169:19.
              </term> at 169:19.
            </simple> at 169:19.
          </expr> at 169:19.
        </output> at 169:27.
      </statement> at 169:27.
      <statement> at 171:5.
        <output> at 171:5.
        </output> at 171:32.
      </statement> at 171:32.
      <statement> at 172:5.
        <input> at 172:5.
          <index> at 172:13.
            <simple> at 172:14.
              <term> at 172:14.
                <factor> at 172:14.
                </factor> at 172:16.
              </term> at 172:16.
            </simple> at 172:16.
          </index> at 172:17.
        </input> at 172:18.
      </statement> at 172:18.
      <statement> at 173:5.
        <output> at 173:5.
          <expr> at 173:12.
            <simple> at 173:12.
              <term> at 173:12.
                <factor> at 173:12.
                  <index> at 173:14.
                    <simple> at 173:15.
                      <term> at 173:15.
                        <factor> at 173:15.
                        </factor> at 173:17.
                      </term> at 173:17.
                    </simple> at 173:17.
                  </index> at 173:19.
                </factor> at 173:19.
              </term> at 173:19.
            </simple> at 173:19.
          </expr> at 173:19.
        </output> at 173:27.
      </statement> at 173:27.
      <statement> at 175:5.
        <output> at 175:5.
        </output> at 175:32.
      </statement> at 175:32.
      <statement> at 176:5.
        <input> at 176:5.
          <index> at 176:13.
            <simple> at 176:14.
              <term> at 176:14.
                <factor> at 176:14.
                </factor> at 176:16.
              </term> at 176:16.
            </simple> at 176:16.
          </index> at 176:17.
        </input> at 176:18.
      </statement> at 176:18.
      <statement> at 177:5.
        <output> at 177:5.
          <expr> at 177:12.
            <simple> at 177:12.
              <term> at 177:12.
                <factor> at 177:12.
                  <index> at 177:14.
                    <simple> at 177:15.
                      <term> at 177:15.
                        <factor> at 177:15.
                        </factor> at 177:17.
                      </term> at 177:17.
                    </simple> at 177:17.
                  </index> at 177:19.
                </factor> at 177:19.
              </term> at 177:19.
            </simple> at 177:19.
          </expr> at 177:19.
        </output> at 177:27.
      </statement> at 177:27.
      <statement> at 179:5.
        <output> at 179:5.
        </output> at 179:32.
      </statement> at 179:32.
      <statement> at 180:5.
        <input> at 180:5.
          <index> at 180:13.
            <simple> at 180:14.
              <term> at 180:14.
                <factor> at 180:14.
                </factor> at 180:16.
              </term> at 180:16.
            </simple> at 180:16.
          </index> at 180:17.
        </input> at 180:18.
      </statement> at 180:18.
      <statement> at 181:5.
        <output> at 181:5.
          <expr> at 181:12.
            <simple> at 181:12.
              <term> at 181:12.
                <factor> at 181:12.
                  <index> at 181:14.
                    <simple> at 181:15.
                      <term> at 181:15.
                        <factor> at 181:15.
                        </factor> at 181:17.
                      </term> at 181:17.
                    </simple> at 181:17.
                  </index> at 181:19.
                </factor> at 181:19.
              </term> at 181:19.
            </simple> at 181:19.
          </expr> at 181:19.
        </output> at 181:27.
      </statement> at 181:27.
      <statement> at 183:5.
        <output> at 183:5.
        </output> at 183:32.
      </statement> at 183:32.
      <statement> at 184:5.
        <input> at 184:5.
          <index> at 184:13.
            <simple> at 184:14.
              <term> at 184:14.
                <factor> at 184:14.
                </factor> at 184:16.
              </term> at 184:16.
            </simple> at 184:16.
          </index> at 184:17.
        </input> at 184:18.
      </statement> at 184:18.
      <statement> at 185:5.
        <output> at 185:5.
          <expr> at 185:12.
            <simple> at 185:12.
              <term> at 185:12.
                <factor> at 185:12.
                  <index> at 185:14.
                    <simple> at 185:15.
                      <term> at 185:15.
                        <factor> at 185:15.
                        </factor> at 185:17.
                      </term> at 185:17.
                    </simple> at 185:17.
                  </index> at 185:19.
                </factor> at 185:19.
              </term> at 185:19.
            </simple> at 185:19.
          </expr> at 185:19.
        </output> at 185:27.
      </statement> at 185:27.
      <statement> at 187:5.
        <output> at 187:5.
        </output> at 187:32.
      </statement> at 187:32.
      <statement> at 188:5.
        <input> at 188:5.
          <index> at 188:13.
            <simple> at 188:14.
              <term> at 188:14.
                <factor> at 188:14.
                </factor> at 188:16.
              </term> at 188:16.
            </simple> at 188:16.
          </index> at 188:17.
        </input> at 188:18.
      </statement> at 188:18.
      <statement> at 189:5.
        <output> at 189:5.
          <expr> at 189:12.
            <simple> at 189:12.
              <term> at 189:12.
                <factor> at 189:12.
                  <index> at 189:14.
                    <simple> at 189:15.
                      <term> at 189:15.
                        <factor> at 189:15.
                        </factor> at 189:17.
                      </term> at 189:17.
                    </simple> at 189:17.
                  </index> at 189:19.
                </factor> at 189:19.
              </term> at 189:19.
            </simple> at 189:19.
          </expr> at 189:19.
        </output> at 189:27.
      </statement> at 189:27.
      <statement> at 191:5.
        <output> at 191:5.
        </output> at 191:32.
      </statement> at 191:32.
      <statement> at 192:5.
        <input> at 192:5.
          <index> at 192:13.
            <simple> at 192:14.
              <term> at 192:14.
                <factor> at 192:14.
                </factor> at 192:16.
              </term> at 192:16.
            </simple> at 192:16.
          </index> at 192:17.
        </input> at 192:18.
      </statement> at 192:18.
      <statement> at 193:5.
        <output> at 193:5.
          <expr> at 193:12.
            <simple> at 193:12.
              <term> at 193:12.
                <factor> at 193:12.
                  <index> at 193:14.
                    <simple> at 193:15.
                      <term> at 193:15.
                        <factor> at 193:15.
                        </factor> at 193:17.
                      </term> at 193:17.
                    </simple> at 193:17.
                  </index> at 193:19.
                </factor> at 193:19.
              </term> at 193:19.
            </simple> at 193:19.
          </expr> at 193:19.
        </output> at 193:27.
      </statement> at 193:27.
      <statement> at 195:5.
        <output> at 195:5.
        </output> at 195:32.
      </statement> at 195:32.
      <statement> at 196:5.
        <input> at 196:5.
          <index> at 196:13.
            <simple> at 196:14.
              <term> at 196:14.
                <factor> at 196:14.
                </factor> at 196:16.
              </term> at 196:16.
            </simple> at 196:16.
          </index> at 196:17.
        </input> at 196:18.
      </statement> at 196:18.
      <statement> at 197:5.
        <output> at 197:5.
          <expr> at 197:12.
            <simple> at 197:12.
              <term> at 197:12.
                <factor> at 197:12.
                  <index> at 197:14.
                    <simple> at 197:15.
                      <term> at 197:15.
                        <factor> at 197:15.
                        </factor> at 197:17.
                      </term> at 197:17.
                    </simple> at 197:17.
                  </index> at 197:19.
                </factor> at 197:19.
              </term> at 197:19.
            </simple> at 197:19.
          </expr> at 197:19.
        </output> at 197:27.
      </statement> at 197:27.
      <statement> at 199:5.
        <output> at 199:5.
        </output> at 199:32.
      </statement> at 199:32.
      <statement> at 200:5.
        <input> at 200:5.
          <index> at 200:13.
            <simple> at 200:14.
              <term> at 200:14.
                <factor> at 200:14.
                </factor> at 200:16.
              </term> at 200:16.
            </simple> at 200:16.
          </index> at 200:17.
        </input> at 200:18.
      </statement> at 200:18.
      <statement> at 201:5.
        <output> at 201:5.
          <expr> at 201:12.
            <simple> at 201:12.
              <term> at 201:12.
                <factor> at 201:12.
                  <index> at 201:14.
                    <simple> at 201:15.
                      <term> at 201:15.
                        <factor> at 201:15.
                        </factor> at 201:17.
                      </term> at 201:17.
                    </simple> at 201:17.
                  </index> at 201:19.
                </factor> at 201:19.
              </term> at 201:19.
            </simple> at 201:19.
          </expr> at 201:19.
        </output> at 201:27.
      </statement> at 201:27.
      <statement> at 203:5.
        <output> at 203:5.
        </output> at 203:32.
      </statement> at 203:32.
      <statement> at 204:5.
        <input> at 204:5.
          <index> at 204:13.
            <simple> at 204:14.
              <term> at 204:14.
                <factor> at 204:14.
                </factor> at 204:16.
              </term> at 204:16.
            </simple> at 204:16.
          </index> at 204:17.
        </input> at 204:18.
      </statement> at 204:18.
      <statement> at 205:5.
        <output> at 205:5.
          <expr> at 205:12.
            <simple> at 205:12.
              <term> at 205:12.
                <factor> at 205:12.
                  <index> at 205:14.
                    <simple> at 205:15.
                      <term> at 205:15.
                        <factor> at 205:15.
                        </factor> at 205:17.
                      </term> at 205:17.
                    </simple> at 205:17.
                  </index> at 205:19.
                </factor> at 205:19.
              </term> at 205:19.
            </simple> at 205:19.
          </expr> at 205:19.
        </output> at 206:1.
      </statement> at 206:1.
    </statements> at 206:1.
  </body> at 206:1.
</program> at 206:1.
Generated: test32.class
.class public test32
.super java/lang/Object

.field private static final charsetName Ljava/lang/String;
.field private static final usLocale Ljava/util/Locale;
.field private static final scanner Ljava/util/Scanner;

.method static public <clinit>()V
.limit stack 5
.limit locals 1 
	ldc	"UTF-8"
	putstatic test32/charsetName Ljava/lang/String;
	new	java/util/Locale
	dup
	ldc	"en"
	ldc	"US"
	invokespecial java/util/Locale/<init>(Ljava/lang/String;Ljava/lang/String;)V
	putstatic test32/usLocale Ljava/util/Locale;
	new	java/util/Scanner
	dup
	new	java/io/BufferedInputStream
	dup
	getstatic java/lang/System/in Ljava/io/InputStream;
	invokespecial java/io/BufferedInputStream/<init>(Ljava/io/InputStream;)V
	getstatic test32/charsetName Ljava/lang/String;
	invokespecial java/util/Scanner/<init>(Ljava/io/InputStream;Ljava/lang/String;)V
	putstatic test32/scanner Ljava/util/Scanner;
	getstatic test32/scanner Ljava/util/Scanner;
	getstatic test32/usLocale Ljava/util/Locale;
	invokevirtual java/util/Scanner/useLocale(Ljava/util/Locale;)Ljava/util/Scanner;
	pop
	return
.end method

.method public <init>()V
	aload_0
	invokespecial java/lang/Object/<init>()V
	return
.end method

.method public static readInt()I
.limit stack 1
.limit locals 1
	getstatic test32/scanner Ljava/util/Scanner;
	invokevirtual java/util/Scanner/nextInt()I
	ireturn
.end method

.method public static readBoolean()Z
.limit stack 2
.limit locals 1
	getstatic test32/scanner Ljava/util/Scanner;
	invokevirtual java/util/Scanner/next()Ljava/lang/String;
	astore 0
	aload 0
	ldc	"true"
	invokevirtual java/lang/String/equalsIgnoreCase(Ljava/lang/String;)Z
	ifeq False
	iconst_1
	ireturn
False:
	aload 0
	ldc	"false"
	invokevirtual java/lang/String/equalsIgnoreCase(Ljava/lang/String;)Z
	ifeq Exception
	iconst_0
	ireturn
Exception:
	new	java/util/InputMismatchException
	dup
	invokespecial java/util/InputMismatchException/<init>()V
	athrow
.end method

.method public static main([Ljava/lang/String;)V
.limit stack 300
.limit locals 2
	ldc 60
	newarray int
	astore 1
	getstatic java/lang/System/out Ljava/io/PrintStream;
	ldc "Boolean input: \n"
	invokevirtual java/io/PrintStream/print(Ljava/lang/String;)V
	aload 1
	ldc 0
	invokestatic test32/readBoolean()Z
	iastore
	aload 1
	ldc 0
	iaload
	getstatic java/lang/System/out Ljava/io/PrintStream;
	swap
	invokevirtual java/io/PrintStream/print(Z)V
	getstatic java/lang/System/out Ljava/io/PrintStream;
	ldc "\n"
	invokevirtual java/io/PrintStream/print(Ljava/lang/String;)V
	getstatic java/lang/System/out Ljava/io/PrintStream;
	ldc "Boolean input: \n"
	invokevirtual java/io/PrintStream/print(Ljava/lang/String;)V
	aload 1
	ldc 1
	invokestatic test32/readBoolean()Z
	iastore
	aload 1
	ldc 1
	iaload
	getstatic java/lang/System/out Ljava/io/PrintStream;
	swap
	invokevirtual java/io/PrintStream/print(Z)V
	getstatic java/lang/System/out Ljava/io/PrintStream;
	ldc "\n"
	invokevirtual java/io/PrintStream/print(Ljava/lang/String;)V
	getstatic java/lang/System/out Ljava/io/PrintStream;
	ldc "Boolean input: \n"
	invokevirtual java/io/PrintStream/print(Ljava/lang/String;)V
	aload 1
	ldc 2
	invokestatic test32/readBoolean()Z
	iastore
	aload 1
	ldc 2
	iaload
	getstatic java/lang/System/out Ljava/io/PrintStream;
	swap
	invokevirtual java/io/PrintStream/print(Z)V
	getstatic java/lang/System/out Ljava/io/PrintStream;
	ldc "\n"
	invokevirtual java/io/PrintStream/print(Ljava/lang/String;)V
	getstatic java/lang/System/out Ljava/io/PrintStream;
	ldc "Boolean input: \n"
	invokevirtual java/io/PrintStream/print(Ljava/lang/String;)V
	aload 1
	ldc 3
	invokestatic test32/readBoolean()Z
	iastore
	aload 1
	ldc 3
	iaload
	getstatic java/lang/System/out Ljava/io/PrintStream;
	swap
	invokevirtual java/io/PrintStream/print(Z)V
	getstatic java/lang/System/out Ljava/io/PrintStream;
	ldc "\n"
	invokevirtual java/io/PrintStream/print(Ljava/lang/String;)V
	getstatic java/lang/System/out Ljava/io/PrintStream;
	ldc "Boolean input: \n"
	invokevirtual java/io/PrintStream/print(Ljava/lang/String;)V
	aload 1
	ldc 4
	invokestatic test32/readBoolean()Z
	iastore
	aload 1
	ldc 4
	iaload
	getstatic java/lang/System/out Ljava/io/PrintStream;
	swap
	invokevirtual java/io/PrintStream/print(Z)V
	getstatic java/lang/System/out Ljava/io/PrintStream;
	ldc "\n"
	invokevirtual java/io/PrintStream/print(Ljava/lang/String;)V
	getstatic java/lang/System/out Ljava/io/PrintStream;
	ldc "Boolean input: \n"
	invokevirtual java/io/PrintStream/print(Ljava/lang/String;)V
	aload 1
	ldc 5
	invokestatic test32/readBoolean()Z
	iastore
	aload 1
	ldc 5
	iaload
	getstatic java/lang/System/out Ljava/io/PrintStream;
	swap
	invokevirtual java/io/PrintStream/print(Z)V
	getstatic java/lang/System/out Ljava/io/PrintStream;
	ldc "\n"
	invokevirtual java/io/PrintStream/print(Ljava/lang/String;)V
	getstatic java/lang/System/out Ljava/io/PrintStream;
	ldc "Boolean input: \n"
	invokevirtual java/io/PrintStream/print(Ljava/lang/String;)V
	aload 1
	ldc 6
	invokestatic test32/readBoolean()Z
	iastore
	aload 1
	ldc 6
	iaload
	getstatic java/lang/System/out Ljava/io/PrintStream;
	swap
	invokevirtual java/io/PrintStream/print(Z)V
	getstatic java/lang/System/out Ljava/io/PrintStream;
	ldc "\n"
	invokevirtual java/io/PrintStream/print(Ljava/lang/String;)V
	getstatic java/lang/System/out Ljava/io/PrintStream;
	ldc "Boolean input: \n"
	invokevirtual java/io/PrintStream/print(Ljava/lang/String;)V
	aload 1
	ldc 7
	invokestatic test32/readBoolean()Z
	iastore
	aload 1
	ldc 7
	iaload
	getstatic java/lang/System/out Ljava/io/PrintStream;
	swap
	invokevirtual java/io/PrintStream/print(Z)V
	getstatic java/lang/System/out Ljava/io/PrintStream;
	ldc "\n"
	invokevirtual java/io/PrintStream/print(Ljava/lang/String;)V
	getstatic java/lang/System/out Ljava/io/PrintStream;
	ldc "Boolean input: \n"
	invokevirtual java/io/PrintStream/print(Ljava/lang/String;)V
	aload 1
	ldc 8
	invokestatic test32/readBoolean()Z
	iastore
	aload 1
	ldc 8
	iaload
	getstatic java/lang/System/out Ljava/io/PrintStream;
	swap
	invokevirtual java/io/PrintStream/print(Z)V
	getstatic java/lang/System/out Ljava/io/PrintStream;
	ldc "\n"
	invokevirtual java/io/PrintStream/print(Ljava/lang/String;)V
	getstatic java/lang/System/out Ljava/io/PrintStream;
	ldc "Boolean input: \n"
	invokevirtual java/io/PrintStream/print(Ljava/lang/String;)V
	aload 1
	ldc 9
	invokestatic test32/readBoolean()Z
	iastore
	aload 1
	ldc 9
	iaload
	getstatic java/lang/System/out Ljava/io/PrintStream;
	swap
	invokevirtual java/io/PrintStream/print(Z)V
	getstatic java/lang/System/out Ljava/io/PrintStream;
	ldc "\n"
	invokevirtual java/io/PrintStream/print(Ljava/lang/String;)V
	getstatic java/lang/System/out Ljava/io/PrintStream;
	ldc "Boolean input: \n"
	invokevirtual java/io/PrintStream/print(Ljava/lang/String;)V
	aload 1
	ldc 10
	invokestatic test32/readBoolean()Z
	iastore
	aload 1
	ldc 10
	iaload
	getstatic java/lang/System/out Ljava/io/PrintStream;
	swap
	invokevirtual java/io/PrintStream/print(Z)V
	getstatic java/lang/System/out Ljava/io/PrintStream;
	ldc "\n"
	invokevirtual java/io/PrintStream/print(Ljava/lang/String;)V
	getstatic java/lang/System/out Ljava/io/PrintStream;
	ldc "Boolean input: \n"
	invokevirtual java/io/PrintStream/print(Ljava/lang/String;)V
	aload 1
	ldc 11
	invokestatic test32/readBoolean()Z
	iastore
	aload 1
	ldc 11
	iaload
	getstatic java/lang/System/out Ljava/io/PrintStream;
	swap
	invokevirtual java/io/PrintStream/print(Z)V
	getstatic java/lang/System/out Ljava/io/PrintStream;
	ldc "\n"
	invokevirtual java/io/PrintStream/print(Ljava/lang/String;)V
	getstatic java/lang/System/out Ljava/io/PrintStream;
	ldc "Boolean input: \n"
	invokevirtual java/io/PrintStream/print(Ljava/lang/String;)V
	aload 1
	ldc 12
	invokestatic test32/readBoolean()Z
	iastore
	aload 1
	ldc 12
	iaload
	getstatic java/lang/System/out Ljava/io/PrintStream;
	swap
	invokevirtual java/io/PrintStream/print(Z)V
	getstatic java/lang/System/out Ljava/io/PrintStream;
	ldc "\n"
	invokevirtual java/io/PrintStream/print(Ljava/lang/String;)V
	getstatic java/lang/System/out Ljava/io/PrintStream;
	ldc "Boolean input: \n"
	invokevirtual java/io/PrintStream/print(Ljava/lang/String;)V
	aload 1
	ldc 13
	invokestatic test32/readBoolean()Z
	iastore
	aload 1
	ldc 13
	iaload
	getstatic java/lang/System/out Ljava/io/PrintStream;
	swap
	invokevirtual java/io/PrintStream/print(Z)V
	getstatic java/lang/System/out Ljava/io/PrintStream;
	ldc "\n"
	invokevirtual java/io/PrintStream/print(Ljava/lang/String;)V
	getstatic java/lang/System/out Ljava/io/PrintStream;
	ldc "Boolean input: \n"
	invokevirtual java/io/PrintStream/print(Ljava/lang/String;)V
	aload 1
	ldc 14
	invokestatic test32/readBoolean()Z
	iastore
	aload 1
	ldc 14
	iaload
	getstatic java/lang/System/out Ljava/io/PrintStream;
	swap
	invokevirtual java/io/PrintStream/print(Z)V
	getstatic java/lang/System/out Ljava/io/PrintStream;
	ldc "\n"
	invokevirtual java/io/PrintStream/print(Ljava/lang/String;)V
	getstatic java/lang/System/out Ljava/io/PrintStream;
	ldc "Boolean input: \n"
	invokevirtual java/io/PrintStream/print(Ljava/lang/String;)V
	aload 1
	ldc 15
	invokestatic test32/readBoolean()Z
	iastore
	aload 1
	ldc 15
	iaload
	getstatic java/lang/System/out Ljava/io/PrintStream;
	swap
	invokevirtual java/io/PrintStream/print(Z)V
	getstatic java/lang/System/out Ljava/io/PrintStream;
	ldc "\n"
	invokevirtual java/io/PrintStream/print(Ljava/lang/String;)V
	getstatic java/lang/System/out Ljava/io/PrintStream;
	ldc "Boolean input: \n"
	invokevirtual java/io/PrintStream/print(Ljava/lang/String;)V
	aload 1
	ldc 16
	invokestatic test32/readBoolean()Z
	iastore
	aload 1
	ldc 16
	iaload
	getstatic java/lang/System/out Ljava/io/PrintStream;
	swap
	invokevirtual java/io/PrintStream/print(Z)V
	getstatic java/lang/System/out Ljava/io/PrintStream;
	ldc "\n"
	invokevirtual java/io/PrintStream/print(Ljava/lang/String;)V
	getstatic java/lang/System/out Ljava/io/PrintStream;
	ldc "Boolean input: \n"
	invokevirtual java/io/PrintStream/print(Ljava/lang/String;)V
	aload 1
	ldc 17
	invokestatic test32/readBoolean()Z
	iastore
	aload 1
	ldc 17
	iaload
	getstatic java/lang/System/out Ljava/io/PrintStream;
	swap
	invokevirtual java/io/PrintStream/print(Z)V
	getstatic java/lang/System/out Ljava/io/PrintStream;
	ldc "\n"
	invokevirtual java/io/PrintStream/print(Ljava/lang/String;)V
	getstatic java/lang/System/out Ljava/io/PrintStream;
	ldc "Boolean input: \n"
	invokevirtual java/io/PrintStream/print(Ljava/lang/String;)V
	aload 1
	ldc 18
	invokestatic test32/readBoolean()Z
	iastore
	aload 1
	ldc 18
	iaload
	getstatic java/lang/System/out Ljava/io/PrintStream;
	swap
	invokevirtual java/io/PrintStream/print(Z)V
	getstatic java/lang/System/out Ljava/io/PrintStream;
	ldc "\n"
	invokevirtual java/io/PrintStream/print(Ljava/lang/String;)V
	getstatic java/lang/System/out Ljava/io/PrintStream;
	ldc "Boolean input: \n"
	invokevirtual java/io/PrintStream/print(Ljava/lang/String;)V
	aload 1
	ldc 19
	invokestatic test32/readBoolean()Z
	iastore
	aload 1
	ldc 19
	iaload
	getstatic java/lang/System/out Ljava/io/PrintStream;
	swap
	invokevirtual java/io/PrintStream/print(Z)V
	getstatic java/lang/System/out Ljava/io/PrintStream;
	ldc "\n"
	invokevirtual java/io/PrintStream/print(Ljava/lang/String;)V
	getstatic java/lang/System/out Ljava/io/PrintStream;
	ldc "Boolean input: \n"
	invokevirtual java/io/PrintStream/print(Ljava/lang/String;)V
	aload 1
	ldc 20
	invokestatic test32/readBoolean()Z
	iastore
	aload 1
	ldc 20
	iaload
	getstatic java/lang/System/out Ljava/io/PrintStream;
	swap
	invokevirtual java/io/PrintStream/print(Z)V
	getstatic java/lang/System/out Ljava/io/PrintStream;
	ldc "\n"
	invokevirtual java/io/PrintStream/print(Ljava/lang/String;)V
	getstatic java/lang/System/out Ljava/io/PrintStream;
	ldc "Boolean input: \n"
	invokevirtual java/io/PrintStream/print(Ljava/lang/String;)V
	aload 1
	ldc 21
	invokestatic test32/readBoolean()Z
	iastore
	aload 1
	ldc 21
	iaload
	getstatic java/lang/System/out Ljava/io/PrintStream;
	swap
	invokevirtual java/io/PrintStream/print(Z)V
	getstatic java/lang/System/out Ljava/io/PrintStream;
	ldc "\n"
	invokevirtual java/io/PrintStream/print(Ljava/lang/String;)V
	getstatic java/lang/System/out Ljava/io/PrintStream;
	ldc "Boolean input: \n"
	invokevirtual java/io/PrintStream/print(Ljava/lang/String;)V
	aload 1
	ldc 22
	invokestatic test32/readBoolean()Z
	iastore
	aload 1
	ldc 22
	iaload
	getstatic java/lang/System/out Ljava/io/PrintStream;
	swap
	invokevirtual java/io/PrintStream/print(Z)V
	getstatic java/lang/System/out Ljava/io/PrintStream;
	ldc "\n"
	invokevirtual java/io/PrintStream/print(Ljava/lang/String;)V
	getstatic java/lang/System/out Ljava/io/PrintStream;
	ldc "Boolean input: \n"
	invokevirtual java/io/PrintStream/print(Ljava/lang/String;)V
	aload 1
	ldc 23
	invokestatic test32/readBoolean()Z
	iastore
	aload 1
	ldc 23
	iaload
	getstatic java/lang/System/out Ljava/io/PrintStream;
	swap
	invokevirtual java/io/PrintStream/print(Z)V
	getstatic java/lang/System/out Ljava/io/PrintStream;
	ldc "\n"
	invokevirtual java/io/PrintStream/print(Ljava/lang/String;)V
	getstatic java/lang/System/out Ljava/io/PrintStream;
	ldc "Boolean input: \n"
	invokevirtual java/io/PrintStream/print(Ljava/lang/String;)V
	aload 1
	ldc 24
	invokestatic test32/readBoolean()Z
	iastore
	aload 1
	ldc 24
	iaload
	getstatic java/lang/System/out Ljava/io/PrintStream;
	swap
	invokevirtual java/io/PrintStream/print(Z)V
	getstatic java/lang/System/out Ljava/io/PrintStream;
	ldc "\n"
	invokevirtual java/io/PrintStream/print(Ljava/lang/String;)V
	getstatic java/lang/System/out Ljava/io/PrintStream;
	ldc "Boolean input: \n"
	invokevirtual java/io/PrintStream/print(Ljava/lang/String;)V
	aload 1
	ldc 25
	invokestatic test32/readBoolean()Z
	iastore
	aload 1
	ldc 25
	iaload
	getstatic java/lang/System/out Ljava/io/PrintStream;
	swap
	invokevirtual java/io/PrintStream/print(Z)V
	getstatic java/lang/System/out Ljava/io/PrintStream;
	ldc "\n"
	invokevirtual java/io/PrintStream/print(Ljava/lang/String;)V
	getstatic java/lang/System/out Ljava/io/PrintStream;
	ldc "Boolean input: \n"
	invokevirtual java/io/PrintStream/print(Ljava/lang/String;)V
	aload 1
	ldc 26
	invokestatic test32/readBoolean()Z
	iastore
	aload 1
	ldc 26
	iaload
	getstatic java/lang/System/out Ljava/io/PrintStream;
	swap
	invokevirtual java/io/PrintStream/print(Z)V
	getstatic java/lang/System/out Ljava/io/PrintStream;
	ldc "\n"
	invokevirtual java/io/PrintStream/print(Ljava/lang/String;)V
	getstatic java/lang/System/out Ljava/io/PrintStream;
	ldc "Boolean input: \n"
	invokevirtual java/io/PrintStream/print(Ljava/lang/String;)V
	aload 1
	ldc 27
	invokestatic test32/readBoolean()Z
	iastore
	aload 1
	ldc 27
	iaload
	getstatic java/lang/System/out Ljava/io/PrintStream;
	swap
	invokevirtual java/io/PrintStream/print(Z)V
	getstatic java/lang/System/out Ljava/io/PrintStream;
	ldc "\n"
	invokevirtual java/io/PrintStream/print(Ljava/lang/String;)V
	getstatic java/lang/System/out Ljava/io/PrintStream;
	ldc "Boolean input: \n"
	invokevirtual java/io/PrintStream/print(Ljava/lang/String;)V
	aload 1
	ldc 28
	invokestatic test32/readBoolean()Z
	iastore
	aload 1
	ldc 28
	iaload
	getstatic java/lang/System/out Ljava/io/PrintStream;
	swap
	invokevirtual java/io/PrintStream/print(Z)V
	getstatic java/lang/System/out Ljava/io/PrintStream;
	ldc "\n"
	invokevirtual java/io/PrintStream/print(Ljava/lang/String;)V
	getstatic java/lang/System/out Ljava/io/PrintStream;
	ldc "Boolean input: \n"
	invokevirtual java/io/PrintStream/print(Ljava/lang/String;)V
	aload 1
	ldc 29
	invokestatic test32/readBoolean()Z
	iastore
	aload 1
	ldc 29
	iaload
	getstatic java/lang/System/out Ljava/io/PrintStream;
	swap
	invokevirtual java/io/PrintStream/print(Z)V
	getstatic java/lang/System/out Ljava/io/PrintStream;
	ldc "\n"
	invokevirtual java/io/PrintStream/print(Ljava/lang/String;)V
	getstatic java/lang/System/out Ljava/io/PrintStream;
	ldc "Boolean input: \n"
	invokevirtual java/io/PrintStream/print(Ljava/lang/String;)V
	aload 1
	ldc 30
	invokestatic test32/readBoolean()Z
	iastore
	aload 1
	ldc 30
	iaload
	getstatic java/lang/System/out Ljava/io/PrintStream;
	swap
	invokevirtual java/io/PrintStream/print(Z)V
	getstatic java/lang/System/out Ljava/io/PrintStream;
	ldc "\n"
	invokevirtual java/io/PrintStream/print(Ljava/lang/String;)V
	getstatic java/lang/System/out Ljava/io/PrintStream;
	ldc "Boolean input: \n"
	invokevirtual java/io/PrintStream/print(Ljava/lang/String;)V
	aload 1
	ldc 31
	invokestatic test32/readBoolean()Z
	iastore
	aload 1
	ldc 31
	iaload
	getstatic java/lang/System/out Ljava/io/PrintStream;
	swap
	invokevirtual java/io/PrintStream/print(Z)V
	getstatic java/lang/System/out Ljava/io/PrintStream;
	ldc "\n"
	invokevirtual java/io/PrintStream/print(Ljava/lang/String;)V
	getstatic java/lang/System/out Ljava/io/PrintStream;
	ldc "Boolean input: \n"
	invokevirtual java/io/PrintStream/print(Ljava/lang/String;)V
	aload 1
	ldc 32
	invokestatic test32/readBoolean()Z
	iastore
	aload 1
	ldc 32
	iaload
	getstatic java/lang/System/out Ljava/io/PrintStream;
	swap
	invokevirtual java/io/PrintStream/print(Z)V
	getstatic java/lang/System/out Ljava/io/PrintStream;
	ldc "\n"
	invokevirtual java/io/PrintStream/print(Ljava/lang/String;)V
	getstatic java/lang/System/out Ljava/io/PrintStream;
	ldc "Boolean input: \n"
	invokevirtual java/io/PrintStream/print(Ljava/lang/String;)V
	aload 1
	ldc 33
	invokestatic test32/readBoolean()Z
	iastore
	aload 1
	ldc 33
	iaload
	getstatic java/lang/System/out Ljava/io/PrintStream;
	swap
	invokevirtual java/io/PrintStream/print(Z)V
	getstatic java/lang/System/out Ljava/io/PrintStream;
	ldc "\n"
	invokevirtual java/io/PrintStream/print(Ljava/lang/String;)V
	getstatic java/lang/System/out Ljava/io/PrintStream;
	ldc "Boolean input: \n"
	invokevirtual java/io/PrintStream/print(Ljava/lang/String;)V
	aload 1
	ldc 34
	invokestatic test32/readBoolean()Z
	iastore
	aload 1
	ldc 34
	iaload
	getstatic java/lang/System/out Ljava/io/PrintStream;
	swap
	invokevirtual java/io/PrintStream/print(Z)V
	getstatic java/lang/System/out Ljava/io/PrintStream;
	ldc "\n"
	invokevirtual java/io/PrintStream/print(Ljava/lang/String;)V
	getstatic java/lang/System/out Ljava/io/PrintStream;
	ldc "Boolean input: \n"
	invokevirtual java/io/PrintStream/print(Ljava/lang/String;)V
	aload 1
	ldc 35
	invokestatic test32/readBoolean()Z
	iastore
	aload 1
	ldc 35
	iaload
	getstatic java/lang/System/out Ljava/io/PrintStream;
	swap
	invokevirtual java/io/PrintStream/print(Z)V
	getstatic java/lang/System/out Ljava/io/PrintStream;
	ldc "\n"
	invokevirtual java/io/PrintStream/print(Ljava/lang/String;)V
	getstatic java/lang/System/out Ljava/io/PrintStream;
	ldc "Boolean input: \n"
	invokevirtual java/io/PrintStream/print(Ljava/lang/String;)V
	aload 1
	ldc 36
	invokestatic test32/readBoolean()Z
	iastore
	aload 1
	ldc 36
	iaload
	getstatic java/lang/System/out Ljava/io/PrintStream;
	swap
	invokevirtual java/io/PrintStream/print(Z)V
	getstatic java/lang/System/out Ljava/io/PrintStream;
	ldc "\n"
	invokevirtual java/io/PrintStream/print(Ljava/lang/String;)V
	getstatic java/lang/System/out Ljava/io/PrintStream;
	ldc "Boolean input: \n"
	invokevirtual java/io/PrintStream/print(Ljava/lang/String;)V
	aload 1
	ldc 37
	invokestatic test32/readBoolean()Z
	iastore
	aload 1
	ldc 37
	iaload
	getstatic java/lang/System/out Ljava/io/PrintStream;
	swap
	invokevirtual java/io/PrintStream/print(Z)V
	getstatic java/lang/System/out Ljava/io/PrintStream;
	ldc "\n"
	invokevirtual java/io/PrintStream/print(Ljava/lang/String;)V
	getstatic java/lang/System/out Ljava/io/PrintStream;
	ldc "Boolean input: \n"
	invokevirtual java/io/PrintStream/print(Ljava/lang/String;)V
	aload 1
	ldc 38
	invokestatic test32/readBoolean()Z
	iastore
	aload 1
	ldc 38
	iaload
	getstatic java/lang/System/out Ljava/io/PrintStream;
	swap
	invokevirtual java/io/PrintStream/print(Z)V
	getstatic java/lang/System/out Ljava/io/PrintStream;
	ldc "\n"
	invokevirtual java/io/PrintStream/print(Ljava/lang/String;)V
	getstatic java/lang/System/out Ljava/io/PrintStream;
	ldc "Boolean input: \n"
	invokevirtual java/io/PrintStream/print(Ljava/lang/String;)V
	aload 1
	ldc 39
	invokestatic test32/readBoolean()Z
	iastore
	aload 1
	ldc 39
	iaload
	getstatic java/lang/System/out Ljava/io/PrintStream;
	swap
	invokevirtual java/io/PrintStream/print(Z)V
	getstatic java/lang/System/out Ljava/io/PrintStream;
	ldc "\n"
	invokevirtual java/io/PrintStream/print(Ljava/lang/String;)V
	getstatic java/lang/System/out Ljava/io/PrintStream;
	ldc "Boolean input: \n"
	invokevirtual java/io/PrintStream/print(Ljava/lang/String;)V
	aload 1
	ldc 40
	invokestatic test32/readBoolean()Z
	iastore
	aload 1
	ldc 40
	iaload
	getstatic java/lang/System/out Ljava/io/PrintStream;
	swap
	invokevirtual java/io/PrintStream/print(Z)V
	getstatic java/lang/System/out Ljava/io/PrintStream;
	ldc "\n"
	invokevirtual java/io/PrintStream/print(Ljava/lang/String;)V
	getstatic java/lang/System/out Ljava/io/PrintStream;
	ldc "Boolean input: \n"
	invokevirtual java/io/PrintStream/print(Ljava/lang/String;)V
	aload 1
	ldc 41
	invokestatic test32/readBoolean()Z
	iastore
	aload 1
	ldc 41
	iaload
	getstatic java/lang/System/out Ljava/io/PrintStream;
	swap
	invokevirtual java/io/PrintStream/print(Z)V
	getstatic java/lang/System/out Ljava/io/PrintStream;
	ldc "\n"
	invokevirtual java/io/PrintStream/print(Ljava/lang/String;)V
	getstatic java/lang/System/out Ljava/io/PrintStream;
	ldc "Boolean input: \n"
	invokevirtual java/io/PrintStream/print(Ljava/lang/String;)V
	aload 1
	ldc 42
	invokestatic test32/readBoolean()Z
	iastore
	aload 1
	ldc 42
	iaload
	getstatic java/lang/System/out Ljava/io/PrintStream;
	swap
	invokevirtual java/io/PrintStream/print(Z)V
	getstatic java/lang/System/out Ljava/io/PrintStream;
	ldc "\n"
	invokevirtual java/io/PrintStream/print(Ljava/lang/String;)V
	getstatic java/lang/System/out Ljava/io/PrintStream;
	ldc "Boolean input: \n"
	invokevirtual java/io/PrintStream/print(Ljava/lang/String;)V
	aload 1
	ldc 43
	invokestatic test32/readBoolean()Z
	iastore
	aload 1
	ldc 43
	iaload
	getstatic java/lang/System/out Ljava/io/PrintStream;
	swap
	invokevirtual java/io/PrintStream/print(Z)V
	getstatic java/lang/System/out Ljava/io/PrintStream;
	ldc "\n"
	invokevirtual java/io/PrintStream/print(Ljava/lang/String;)V
	getstatic java/lang/System/out Ljava/io/PrintStream;
	ldc "Boolean input: \n"
	invokevirtual java/io/PrintStream/print(Ljava/lang/String;)V
	aload 1
	ldc 44
	invokestatic test32/readBoolean()Z
	iastore
	aload 1
	ldc 44
	iaload
	getstatic java/lang/System/out Ljava/io/PrintStream;
	swap
	invokevirtual java/io/PrintStream/print(Z)V
	getstatic java/lang/System/out Ljava/io/PrintStream;
	ldc "\n"
	invokevirtual java/io/PrintStream/print(Ljava/lang/String;)V
	getstatic java/lang/System/out Ljava/io/PrintStream;
	ldc "Boolean input: \n"
	invokevirtual java/io/PrintStream/print(Ljava/lang/String;)V
	aload 1
	ldc 45
	invokestatic test32/readBoolean()Z
	iastore
	aload 1
	ldc 45
	iaload
	getstatic java/lang/System/out Ljava/io/PrintStream;
	swap
	invokevirtual java/io/PrintStream/print(Z)V
	getstatic java/lang/System/out Ljava/io/PrintStream;
	ldc "\n"
	invokevirtual java/io/PrintStream/print(Ljava/lang/String;)V
	getstatic java/lang/System/out Ljava/io/PrintStream;
	ldc "Boolean input: \n"
	invokevirtual java/io/PrintStream/print(Ljava/lang/String;)V
	aload 1
	ldc 46
	invokestatic test32/readBoolean()Z
	iastore
	aload 1
	ldc 46
	iaload
	getstatic java/lang/System/out Ljava/io/PrintStream;
	swap
	invokevirtual java/io/PrintStream/print(Z)V
	getstatic java/lang/System/out Ljava/io/PrintStream;
	ldc "\n"
	invokevirtual java/io/PrintStream/print(Ljava/lang/String;)V
	getstatic java/lang/System/out Ljava/io/PrintStream;
	ldc "Boolean input: \n"
	invokevirtual java/io/PrintStream/print(Ljava/lang/String;)V
	aload 1
	ldc 47
	invokestatic test32/readBoolean()Z
	iastore
	aload 1
	ldc 47
	iaload
	getstatic java/lang/System/out Ljava/io/PrintStream;
	swap
	invokevirtual java/io/PrintStream/print(Z)V
	getstatic java/lang/System/out Ljava/io/PrintStream;
	ldc "\n"
	invokevirtual java/io/PrintStream/print(Ljava/lang/String;)V
	getstatic java/lang/System/out Ljava/io/PrintStream;
	ldc "Boolean input: \n"
	invokevirtual java/io/PrintStream/print(Ljava/lang/String;)V
	aload 1
	ldc 48
	invokestatic test32/readBoolean()Z
	iastore
	aload 1
	ldc 48
	iaload
	getstatic java/lang/System/out Ljava/io/PrintStream;
	swap
	invokevirtual java/io/PrintStream/print(Z)V
	getstatic java/lang/System/out Ljava/io/PrintStream;
	ldc "\n"
	invokevirtual java/io/PrintStream/print(Ljava/lang/String;)V
	getstatic java/lang/System/out Ljava/io/PrintStream;
	ldc "Boolean input: \n"
	invokevirtual java/io/PrintStream/print(Ljava/lang/String;)V
	aload 1
	ldc 49
	invokestatic test32/readBoolean()Z
	iastore
	aload 1
	ldc 49
	iaload
	getstatic java/lang/System/out Ljava/io/PrintStream;
	swap
	invokevirtual java/io/PrintStream/print(Z)V
	getstatic java/lang/System/out Ljava/io/PrintStream;
	ldc "\n"
	invokevirtual java/io/PrintStream/print(Ljava/lang/String;)V
	return
.end method

Success!
