<program> at 3:1.
  <subdef> at 5:1.
    <type> at 5:5.
    </type> at 5:9.
    <type> at 5:12.
    </type> at 5:16.
    <type> at 5:22.
    </type> at 5:25.
    <body> at 6:2.
      <vardef> at 6:2.
        <type> at 6:2.
        </type> at 6:6.
      </vardef> at 7:2.
      <statements> at 7:2.
        <statement> at 7:2.
          <assign> at 7:2.
            <expr> at 7:12.
              <simple> at 7:12.
                <term> at 7:12.
                  <factor> at 7:12.
                  </factor> at 7:14.
                </term> at 7:14.
                <term> at 7:16.
                  <factor> at 7:16.
                  </factor> at 7:17.
                </term> at 7:17.
              </simple> at 7:17.
            </expr> at 7:17.
          </assign> at 7:17.
        </statement> at 7:17.
        <statement> at 8:2.
          <return> at 8:2.
            <expr> at 8:9.
              <simple> at 8:9.
                <term> at 8:9.
                  <factor> at 8:9.
                  </factor> at 10:1.
                </term> at 10:1.
              </simple> at 10:1.
            </expr> at 10:1.
          </return> at 10:1.
        </statement> at 10:1.
      </statements> at 10:1.
    </body> at 10:1.
  </subdef> at 10:1.
  <body> at 11:2.
    <vardef> at 11:2.
      <type> at 11:2.
      </type> at 11:6.
    </vardef> at 12:2.
    <statements> at 12:2.
      <statement> at 12:2.
        <assign> at 12:2.
          <expr> at 12:10.
            <simple> at 12:10.
              <term> at 12:10.
                <factor> at 12:10.
                </factor> at 12:20.
              </term> at 12:20.
            </simple> at 12:20.
          </expr> at 12:20.
        </assign> at 12:20.
      </statement> at 12:20.
      <statement> at 14:2.
        <output> at 14:2.
          <expr> at 14:9.
            <simple> at 14:9.
              <term> at 14:9.
                <factor> at 14:9.
                  <arglist> at 14:12.
                    <expr> at 14:13.
                      <simple> at 14:13.
                        <term> at 14:13.
                          <factor> at 14:13.
                          </factor> at 14:14.
                        </term> at 14:14.
                      </simple> at 14:14.
                    </expr> at 14:14.
                    <expr> at 14:16.
                      <simple> at 14:16.
                        <term> at 14:16.
                          <factor> at 14:16.
                          </factor> at 14:17.
                        </term> at 14:17.
                      </simple> at 14:17.
                    </expr> at 14:17.
                  </arglist> at 14:19.
                </factor> at 14:19.
              </term> at 14:19.
            </simple> at 14:19.
          </expr> at 14:19.
        </output> at 14:27.
      </statement> at 14:27.
    </statements> at 14:27.
  </body> at 14:27.
</program> at 14:27.
Generated: test41.class
.class public test41
.super java/lang/Object

.field private static final charsetName Ljava/lang/String;
.field private static final usLocale Ljava/util/Locale;
.field private static final scanner Ljava/util/Scanner;

.method static public <clinit>()V
.limit stack 5
.limit locals 1 
	ldc	"UTF-8"
	putstatic test41/charsetName Ljava/lang/String;
	new	java/util/Locale
	dup
	ldc	"en"
	ldc	"US"
	invokespecial java/util/Locale/<init>(Ljava/lang/String;Ljava/lang/String;)V
	putstatic test41/usLocale Ljava/util/Locale;
	new	java/util/Scanner
	dup
	new	java/io/BufferedInputStream
	dup
	getstatic java/lang/System/in Ljava/io/InputStream;
	invokespecial java/io/BufferedInputStream/<init>(Ljava/io/InputStream;)V
	getstatic test41/charsetName Ljava/lang/String;
	invokespecial java/util/Scanner/<init>(Ljava/io/InputStream;Ljava/lang/String;)V
	putstatic test41/scanner Ljava/util/Scanner;
	getstatic test41/scanner Ljava/util/Scanner;
	getstatic test41/usLocale Ljava/util/Locale;
	invokevirtual java/util/Scanner/useLocale(Ljava/util/Locale;)Ljava/util/Scanner;
	pop
	return
.end method

.method public <init>()V
	aload_0
	invokespecial java/lang/Object/<init>()V
	return
.end method

.method public static readInt()I
.limit stack 1
.limit locals 1
	getstatic test41/scanner Ljava/util/Scanner;
	invokevirtual java/util/Scanner/nextInt()I
	ireturn
.end method

.method public static readBoolean()Z
.limit stack 2
.limit locals 1
	getstatic test41/scanner Ljava/util/Scanner;
	invokevirtual java/util/Scanner/next()Ljava/lang/String;
	astore 0
	aload 0
	ldc	"true"
	invokevirtual java/lang/String/equalsIgnoreCase(Ljava/lang/String;)Z
	ifeq False
	iconst_1
	ireturn
False:
	aload 0
	ldc	"false"
	invokevirtual java/lang/String/equalsIgnoreCase(Ljava/lang/String;)Z
	ifeq Exception
	iconst_0
	ireturn
Exception:
	new	java/util/InputMismatchException
	dup
	invokespecial java/util/InputMismatchException/<init>()V
	athrow
.end method

.method public static main([Ljava/lang/String;)V
.limit stack 6
.limit locals 2
	ldc 2147483647
	istore 1
	iload 1
	ldc 1
	invokestatic test41.add(II)I
	getstatic java/lang/System/out Ljava/io/PrintStream;
	swap
	invokevirtual java/io/PrintStream/print(I)V
	getstatic java/lang/System/out Ljava/io/PrintStream;
	ldc "\n"
	invokevirtual java/io/PrintStream/print(Ljava/lang/String;)V
	return
.end method

.method public static add(II)I
.limit stack 3
.limit locals 3
	iload 0
	iload 1
	iadd
	istore 2
	iload 2
	ireturn
	return
.end method

Success!
