<program> at 1:1.
  <subdef> at 2:1.
    <type> at 2:7.
    </type> at 2:11.
    <body> at 3:5.
      <statements> at 3:5.
        <statement> at 3:5.
          <output> at 3:5.
          </output> at 3:37.
        </statement> at 3:37.
        <statement> at 4:5.
          <output> at 4:5.
          </output> at 4:51.
        </statement> at 4:51.
        <statement> at 5:5.
          <output> at 5:5.
          </output> at 6:1.
        </statement> at 6:1.
      </statements> at 6:1.
    </body> at 6:1.
  </subdef> at 6:1.
  <body> at 7:5.
    <statements> at 7:5.
      <statement> at 7:5.
        <call> at 7:5.
          <arglist> at 7:10.
            <expr> at 7:11.
              <simple> at 7:11.
                <term> at 7:11.
                  <factor> at 7:11.
                  </factor> at 7:12.
                </term> at 7:12.
              </simple> at 7:12.
            </expr> at 7:12.
          </arglist> at 7:13.
        </call> at 7:13.
      </statement> at 7:13.
    </statements> at 7:13.
  </body> at 7:13.
</program> at 7:13.
Generated: test42.class
.class public test42
.super java/lang/Object

.field private static final charsetName Ljava/lang/String;
.field private static final usLocale Ljava/util/Locale;
.field private static final scanner Ljava/util/Scanner;

.method static public <clinit>()V
.limit stack 5
.limit locals 1 
	ldc	"UTF-8"
	putstatic test42/charsetName Ljava/lang/String;
	new	java/util/Locale
	dup
	ldc	"en"
	ldc	"US"
	invokespecial java/util/Locale/<init>(Ljava/lang/String;Ljava/lang/String;)V
	putstatic test42/usLocale Ljava/util/Locale;
	new	java/util/Scanner
	dup
	new	java/io/BufferedInputStream
	dup
	getstatic java/lang/System/in Ljava/io/InputStream;
	invokespecial java/io/BufferedInputStream/<init>(Ljava/io/InputStream;)V
	getstatic test42/charsetName Ljava/lang/String;
	invokespecial java/util/Scanner/<init>(Ljava/io/InputStream;Ljava/lang/String;)V
	putstatic test42/scanner Ljava/util/Scanner;
	getstatic test42/scanner Ljava/util/Scanner;
	getstatic test42/usLocale Ljava/util/Locale;
	invokevirtual java/util/Scanner/useLocale(Ljava/util/Locale;)Ljava/util/Scanner;
	pop
	return
.end method

.method public <init>()V
	aload_0
	invokespecial java/lang/Object/<init>()V
	return
.end method

.method public static readInt()I
.limit stack 1
.limit locals 1
	getstatic test42/scanner Ljava/util/Scanner;
	invokevirtual java/util/Scanner/nextInt()I
	ireturn
.end method

.method public static readBoolean()Z
.limit stack 2
.limit locals 1
	getstatic test42/scanner Ljava/util/Scanner;
	invokevirtual java/util/Scanner/next()Ljava/lang/String;
	astore 0
	aload 0
	ldc	"true"
	invokevirtual java/lang/String/equalsIgnoreCase(Ljava/lang/String;)Z
	ifeq False
	iconst_1
	ireturn
False:
	aload 0
	ldc	"false"
	invokevirtual java/lang/String/equalsIgnoreCase(Ljava/lang/String;)Z
	ifeq Exception
	iconst_0
	ireturn
Exception:
	new	java/util/InputMismatchException
	dup
	invokespecial java/util/InputMismatchException/<init>()V
	athrow
.end method

.method public static main([Ljava/lang/String;)V
.limit stack 2
.limit locals 1
	ldc 1
	invokestatic test42.greet(I)V
	return
.end method

.method public static greet(I)V
.limit stack 6
.limit locals 1
	getstatic java/lang/System/out Ljava/io/PrintStream;
	ldc "Nobody is perfect\t\n"
	invokevirtual java/io/PrintStream/print(Ljava/lang/String;)V
	getstatic java/lang/System/out Ljava/io/PrintStream;
	ldc "Maybe I \ncontain a \"mistake\"...?"
	invokevirtual java/io/PrintStream/print(Ljava/lang/String;)V
	getstatic java/lang/System/out Ljava/io/PrintStream;
	ldc "\\Maybe\\....\n"
	invokevirtual java/io/PrintStream/print(Ljava/lang/String;)V
	return
.end method

Success!
