<program> at 1:1.
  <body> at 3:5.
    <vardef> at 3:5.
      <type> at 3:5.
      </type> at 3:9.
    </vardef> at 5:5.
    <vardef> at 5:5.
      <type> at 5:5.
      </type> at 5:15.
    </vardef> at 7:5.
    <statements> at 7:5.
      <statement> at 7:5.
        <assign> at 7:5.
          <simple> at 7:21.
            <term> at 7:21.
              <factor> at 7:21.
              </factor> at 7:23.
            </term> at 7:23.
          </simple> at 7:23.
        </assign> at 7:23.
      </statement> at 7:23.
      <statement> at 8:5.
        <assign> at 8:5.
          <simple> at 8:21.
            <term> at 8:21.
              <factor> at 8:21.
              </factor> at 8:23.
            </term> at 8:23.
          </simple> at 8:23.
        </assign> at 8:23.
      </statement> at 8:23.
      <statement> at 10:5.
        <assign> at 10:5.
          <index> at 10:12.
            <simple> at 10:13.
              <term> at 10:13.
                <factor> at 10:13.
                </factor> at 10:14.
              </term> at 10:14.
            </simple> at 10:14.
          </index> at 10:16.
          <expr> at 10:18.
            <simple> at 10:18.
              <term> at 10:18.
                <factor> at 10:18.
                </factor> at 10:20.
              </term> at 10:20.
            </simple> at 10:20.
          </expr> at 10:20.
        </assign> at 10:20.
      </statement> at 10:20.
      <statement> at 11:5.
        <assign> at 11:5.
          <index> at 11:12.
            <simple> at 11:13.
              <term> at 11:13.
                <factor> at 11:13.
                </factor> at 11:14.
              </term> at 11:14.
            </simple> at 11:14.
          </index> at 11:16.
          <expr> at 11:18.
            <simple> at 11:18.
              <term> at 11:18.
                <factor> at 11:18.
                </factor> at 11:20.
              </term> at 11:20.
            </simple> at 11:20.
          </expr> at 11:20.
        </assign> at 11:20.
      </statement> at 11:20.
      <statement> at 12:5.
        <assign> at 12:5.
          <index> at 12:12.
            <simple> at 12:13.
              <term> at 12:13.
                <factor> at 12:13.
                </factor> at 12:14.
              </term> at 12:14.
            </simple> at 12:14.
          </index> at 12:16.
          <expr> at 12:18.
            <simple> at 12:18.
              <term> at 12:18.
                <factor> at 12:18.
                </factor> at 12:20.
              </term> at 12:20.
            </simple> at 12:20.
          </expr> at 12:20.
        </assign> at 12:20.
      </statement> at 12:20.
      <statement> at 13:5.
        <assign> at 13:5.
          <index> at 13:12.
            <simple> at 13:13.
              <term> at 13:13.
                <factor> at 13:13.
                </factor> at 13:14.
              </term> at 13:14.
            </simple> at 13:14.
          </index> at 13:16.
          <expr> at 13:18.
            <simple> at 13:18.
              <term> at 13:18.
                <factor> at 13:18.
                </factor> at 13:21.
              </term> at 13:21.
            </simple> at 13:21.
          </expr> at 13:21.
        </assign> at 13:21.
      </statement> at 13:21.
      <statement> at 14:5.
        <assign> at 14:5.
          <index> at 14:12.
            <simple> at 14:13.
              <term> at 14:13.
                <factor> at 14:13.
                </factor> at 14:14.
              </term> at 14:14.
            </simple> at 14:14.
          </index> at 14:16.
          <expr> at 14:18.
            <simple> at 14:18.
              <term> at 14:18.
                <factor> at 14:18.
                </factor> at 14:19.
              </term> at 14:19.
            </simple> at 14:19.
          </expr> at 14:19.
        </assign> at 14:19.
      </statement> at 14:19.
      <statement> at 15:5.
        <assign> at 15:5.
          <index> at 15:12.
            <simple> at 15:13.
              <term> at 15:13.
                <factor> at 15:13.
                </factor> at 15:14.
              </term> at 15:14.
            </simple> at 15:14.
          </index> at 15:16.
          <expr> at 15:18.
            <simple> at 15:18.
              <term> at 15:18.
                <factor> at 15:18.
                </factor> at 15:22.
              </term> at 15:22.
            </simple> at 15:22.
          </expr> at 15:22.
        </assign> at 15:22.
      </statement> at 15:22.
      <statement> at 16:5.
        <assign> at 16:5.
          <index> at 16:12.
            <simple> at 16:13.
              <term> at 16:13.
                <factor> at 16:13.
                </factor> at 16:14.
              </term> at 16:14.
            </simple> at 16:14.
          </index> at 16:16.
          <expr> at 16:18.
            <simple> at 16:18.
              <term> at 16:18.
                <factor> at 16:18.
                </factor> at 16:19.
              </term> at 16:19.
            </simple> at 16:19.
          </expr> at 16:19.
        </assign> at 16:19.
      </statement> at 16:19.
      <statement> at 17:5.
        <assign> at 17:5.
          <index> at 17:12.
            <simple> at 17:13.
              <term> at 17:13.
                <factor> at 17:13.
                </factor> at 17:14.
              </term> at 17:14.
            </simple> at 17:14.
          </index> at 17:16.
          <expr> at 17:18.
            <simple> at 17:18.
              <term> at 17:18.
                <factor> at 17:18.
                </factor> at 17:19.
              </term> at 17:19.
            </simple> at 17:19.
          </expr> at 17:19.
        </assign> at 17:19.
      </statement> at 17:19.
      <statement> at 18:5.
        <assign> at 18:5.
          <index> at 18:12.
            <simple> at 18:13.
              <term> at 18:13.
                <factor> at 18:13.
                </factor> at 18:14.
              </term> at 18:14.
            </simple> at 18:14.
          </index> at 18:16.
          <expr> at 18:18.
            <simple> at 18:18.
              <term> at 18:18.
                <factor> at 18:18.
                </factor> at 18:21.
              </term> at 18:21.
            </simple> at 18:21.
          </expr> at 18:21.
        </assign> at 18:21.
      </statement> at 18:21.
      <statement> at 19:5.
        <assign> at 19:5.
          <index> at 19:12.
            <simple> at 19:13.
              <term> at 19:13.
                <factor> at 19:13.
                </factor> at 19:14.
              </term> at 19:14.
            </simple> at 19:14.
          </index> at 19:16.
          <expr> at 19:18.
            <simple> at 19:18.
              <term> at 19:19.
                <factor> at 19:19.
                </factor> at 19:30.
              </term> at 19:30.
              <term> at 19:32.
                <factor> at 19:32.
                </factor> at 19:33.
              </term> at 19:33.
            </simple> at 19:33.
          </expr> at 19:33.
        </assign> at 19:33.
      </statement> at 19:33.
      <statement> at 21:5.
        <assign> at 21:5.
          <index> at 21:12.
            <simple> at 21:13.
              <term> at 21:13.
                <factor> at 21:13.
                </factor> at 21:14.
              </term> at 21:14.
            </simple> at 21:14.
          </index> at 21:16.
          <expr> at 21:18.
            <simple> at 21:18.
              <term> at 21:18.
                <factor> at 21:18.
                </factor> at 21:20.
              </term> at 21:20.
            </simple> at 21:20.
          </expr> at 21:20.
        </assign> at 21:20.
      </statement> at 21:20.
      <statement> at 22:5.
        <assign> at 22:5.
          <index> at 22:12.
            <simple> at 22:13.
              <term> at 22:13.
                <factor> at 22:13.
                </factor> at 22:14.
              </term> at 22:14.
            </simple> at 22:14.
          </index> at 22:16.
          <expr> at 22:18.
            <simple> at 22:18.
              <term> at 22:18.
                <factor> at 22:18.
                </factor> at 22:19.
              </term> at 22:19.
            </simple> at 22:19.
          </expr> at 22:19.
        </assign> at 22:19.
      </statement> at 22:19.
      <statement> at 23:5.
        <assign> at 23:5.
          <index> at 23:12.
            <simple> at 23:13.
              <term> at 23:13.
                <factor> at 23:13.
                </factor> at 23:14.
              </term> at 23:14.
            </simple> at 23:14.
          </index> at 23:16.
          <expr> at 23:18.
            <simple> at 23:18.
              <term> at 23:19.
                <factor> at 23:19.
                </factor> at 23:21.
              </term> at 23:21.
            </simple> at 23:21.
          </expr> at 23:21.
        </assign> at 23:21.
      </statement> at 23:21.
      <statement> at 24:5.
        <assign> at 24:5.
          <index> at 24:12.
            <simple> at 24:13.
              <term> at 24:13.
                <factor> at 24:13.
                </factor> at 24:14.
              </term> at 24:14.
            </simple> at 24:14.
          </index> at 24:16.
          <expr> at 24:18.
            <simple> at 24:18.
              <term> at 24:18.
                <factor> at 24:18.
                </factor> at 24:21.
              </term> at 24:21.
            </simple> at 24:21.
          </expr> at 24:21.
        </assign> at 24:21.
      </statement> at 24:21.
      <statement> at 25:5.
        <assign> at 25:5.
          <index> at 25:12.
            <simple> at 25:13.
              <term> at 25:13.
                <factor> at 25:13.
                </factor> at 25:14.
              </term> at 25:14.
            </simple> at 25:14.
          </index> at 25:16.
          <expr> at 25:18.
            <simple> at 25:18.
              <term> at 25:18.
                <factor> at 25:18.
                </factor> at 25:29.
              </term> at 25:29.
              <term> at 25:31.
                <factor> at 25:31.
                </factor> at 25:32.
              </term> at 25:32.
            </simple> at 25:32.
          </expr> at 25:32.
        </assign> at 25:32.
      </statement> at 25:32.
      <statement> at 26:5.
        <assign> at 26:5.
          <index> at 26:12.
            <simple> at 26:13.
              <term> at 26:13.
                <factor> at 26:13.
                </factor> at 26:14.
              </term> at 26:14.
            </simple> at 26:14.
          </index> at 26:16.
          <expr> at 26:18.
            <simple> at 26:18.
              <term> at 26:18.
                <factor> at 26:18.
                </factor> at 26:20.
              </term> at 26:20.
            </simple> at 26:20.
          </expr> at 26:20.
        </assign> at 26:20.
      </statement> at 26:20.
      <statement> at 27:5.
        <assign> at 27:5.
          <index> at 27:12.
            <simple> at 27:13.
              <term> at 27:13.
                <factor> at 27:13.
                </factor> at 27:14.
              </term> at 27:14.
            </simple> at 27:14.
          </index> at 27:16.
          <expr> at 27:18.
            <simple> at 27:18.
              <term> at 27:18.
                <factor> at 27:18.
                </factor> at 27:20.
              </term> at 27:20.
            </simple> at 27:20.
          </expr> at 27:20.
        </assign> at 27:20.
      </statement> at 27:20.
      <statement> at 28:5.
        <assign> at 28:5.
          <index> at 28:12.
            <simple> at 28:13.
              <term> at 28:13.
                <factor> at 28:13.
                </factor> at 28:14.
              </term> at 28:14.
            </simple> at 28:14.
          </index> at 28:16.
          <expr> at 28:18.
            <simple> at 28:18.
              <term> at 28:18.
                <factor> at 28:18.
                </factor> at 28:21.
              </term> at 28:21.
            </simple> at 28:21.
          </expr> at 28:21.
        </assign> at 28:21.
      </statement> at 28:21.
      <statement> at 29:5.
        <assign> at 29:5.
          <index> at 29:12.
            <simple> at 29:13.
              <term> at 29:13.
                <factor> at 29:13.
                </factor> at 29:14.
              </term> at 29:14.
            </simple> at 29:14.
          </index> at 29:16.
          <expr> at 29:18.
            <simple> at 29:18.
              <term> at 29:18.
                <factor> at 29:18.
                </factor> at 29:22.
              </term> at 29:22.
            </simple> at 29:22.
          </expr> at 29:22.
        </assign> at 29:22.
      </statement> at 29:22.
      <statement> at 30:5.
        <assign> at 30:5.
          <index> at 30:12.
            <simple> at 30:13.
              <term> at 30:13.
                <factor> at 30:13.
                </factor> at 30:14.
              </term> at 30:14.
            </simple> at 30:14.
          </index> at 30:16.
          <expr> at 30:18.
            <simple> at 30:18.
              <term> at 30:18.
                <factor> at 30:18.
                </factor> at 30:20.
              </term> at 30:20.
            </simple> at 30:20.
          </expr> at 30:20.
        </assign> at 30:20.
      </statement> at 30:20.
      <statement> at 32:5.
        <output> at 32:5.
        </output> at 32:57.
      </statement> at 32:57.
      <statement> at 34:5.
        <assign> at 34:5.
          <expr> at 34:13.
            <simple> at 34:13.
              <term> at 34:13.
                <factor> at 34:13.
                </factor> at 34:14.
              </term> at 34:14.
            </simple> at 34:14.
          </expr> at 34:14.
        </assign> at 34:14.
      </statement> at 34:14.
      <statement> at 36:5.
        <output> at 36:5.
        </output> at 36:17.
      </statement> at 36:17.
      <statement> at 37:5.
        <while> at 37:5.
          <expr> at 37:11.
            <simple> at 37:11.
              <term> at 37:11.
                <factor> at 37:11.
                </factor> at 37:13.
              </term> at 37:13.
            </simple> at 37:13.
            <simple> at 37:15.
              <term> at 37:15.
                <factor> at 37:15.
                </factor> at 37:17.
              </term> at 37:17.
            </simple> at 37:17.
          </expr> at 37:17.
          <statements> at 39:9.
            <statement> at 39:9.
              <if> at 39:9.
                <expr> at 39:12.
                  <simple> at 39:12.
                    <term> at 39:12.
                      <factor> at 39:12.
                        <index> at 39:15.
                          <simple> at 39:16.
                            <term> at 39:16.
                              <factor> at 39:16.
                              </factor> at 39:17.
                            </term> at 39:17.
                          </simple> at 39:17.
                        </index> at 39:19.
                      </factor> at 39:19.
                    </term> at 39:19.
                  </simple> at 39:19.
                  <simple> at 39:21.
                    <term> at 39:21.
                      <factor> at 39:21.
                        <index> at 39:24.
                          <simple> at 39:25.
                            <term> at 39:25.
                              <factor> at 39:25.
                              </factor> at 39:26.
                            </term> at 39:26.
                          </simple> at 39:26.
                        </index> at 39:27.
                      </factor> at 39:27.
                    </term> at 39:27.
                  </simple> at 39:27.
                </expr> at 39:27.
                <statements> at 40:13.
                  <statement> at 40:13.
                    <output> at 40:13.
                      <expr> at 40:20.
                        <simple> at 40:20.
                          <term> at 40:20.
                            <factor> at 40:20.
                              <index> at 40:23.
                                <simple> at 40:24.
                                  <term> at 40:24.
                                    <factor> at 40:24.
                                    </factor> at 40:25.
                                  </term> at 40:25.
                                </simple> at 40:25.
                              </index> at 40:27.
                            </factor> at 40:27.
                          </term> at 40:27.
                        </simple> at 40:27.
                      </expr> at 40:27.
                      <expr> at 40:49.
                        <simple> at 40:49.
                          <term> at 40:49.
                            <factor> at 40:49.
                              <index> at 40:52.
                                <simple> at 40:53.
                                  <term> at 40:53.
                                    <factor> at 40:53.
                                    </factor> at 40:54.
                                  </term> at 40:54.
                                </simple> at 40:54.
                              </index> at 40:56.
                            </factor> at 40:56.
                          </term> at 40:56.
                        </simple> at 40:56.
                      </expr> at 40:56.
                    </output> at 41:9.
                  </statement> at 41:9.
                </statements> at 41:9.
              </if> at 41:12.
            </statement> at 41:12.
            <statement> at 43:9.
              <if> at 43:9.
                <expr> at 43:12.
                  <simple> at 43:12.
                    <term> at 43:12.
                      <factor> at 43:12.
                        <index> at 43:15.
                          <simple> at 43:16.
                            <term> at 43:16.
                              <factor> at 43:16.
                              </factor> at 43:17.
                            </term> at 43:17.
                          </simple> at 43:17.
                        </index> at 43:19.
                      </factor> at 43:19.
                    </term> at 43:19.
                  </simple> at 43:19.
                  <simple> at 43:22.
                    <term> at 43:22.
                      <factor> at 43:22.
                        <index> at 43:25.
                          <simple> at 43:26.
                            <term> at 43:26.
                              <factor> at 43:26.
                              </factor> at 43:27.
                            </term> at 43:27.
                          </simple> at 43:27.
                        </index> at 43:28.
                      </factor> at 43:28.
                    </term> at 43:28.
                  </simple> at 43:28.
                </expr> at 43:28.
                <statements> at 44:13.
                  <statement> at 44:13.
                    <output> at 44:13.
                      <expr> at 44:20.
                        <simple> at 44:20.
                          <term> at 44:20.
                            <factor> at 44:20.
                              <index> at 44:23.
                                <simple> at 44:24.
                                  <term> at 44:24.
                                    <factor> at 44:24.
                                    </factor> at 44:25.
                                  </term> at 44:25.
                                </simple> at 44:25.
                              </index> at 44:27.
                            </factor> at 44:27.
                          </term> at 44:27.
                        </simple> at 44:27.
                      </expr> at 44:27.
                      <expr> at 44:65.
                        <simple> at 44:65.
                          <term> at 44:65.
                            <factor> at 44:65.
                              <index> at 44:68.
                                <simple> at 44:69.
                                  <term> at 44:69.
                                    <factor> at 44:69.
                                    </factor> at 44:70.
                                  </term> at 44:70.
                                </simple> at 44:70.
                              </index> at 44:72.
                            </factor> at 44:72.
                          </term> at 44:72.
                        </simple> at 44:72.
                      </expr> at 44:72.
                    </output> at 45:9.
                  </statement> at 45:9.
                </statements> at 45:9.
              </if> at 45:12.
            </statement> at 45:12.
            <statement> at 47:9.
              <if> at 47:9.
                <expr> at 47:12.
                  <simple> at 47:12.
                    <term> at 47:12.
                      <factor> at 47:12.
                        <index> at 47:15.
                          <simple> at 47:16.
                            <term> at 47:16.
                              <factor> at 47:16.
                              </factor> at 47:17.
                            </term> at 47:17.
                          </simple> at 47:17.
                        </index> at 47:19.
                      </factor> at 47:19.
                    </term> at 47:19.
                  </simple> at 47:19.
                  <simple> at 47:21.
                    <term> at 47:21.
                      <factor> at 47:21.
                        <index> at 47:24.
                          <simple> at 47:25.
                            <term> at 47:25.
                              <factor> at 47:25.
                              </factor> at 47:26.
                            </term> at 47:26.
                          </simple> at 47:26.
                        </index> at 47:27.
                      </factor> at 47:27.
                    </term> at 47:27.
                  </simple> at 47:27.
                </expr> at 47:27.
                <statements> at 48:13.
                  <statement> at 48:13.
                    <output> at 48:13.
                      <expr> at 48:20.
                        <simple> at 48:20.
                          <term> at 48:20.
                            <factor> at 48:20.
                              <index> at 48:23.
                                <simple> at 48:24.
                                  <term> at 48:24.
                                    <factor> at 48:24.
                                    </factor> at 48:25.
                                  </term> at 48:25.
                                </simple> at 48:25.
                              </index> at 48:27.
                            </factor> at 48:27.
                          </term> at 48:27.
                        </simple> at 48:27.
                      </expr> at 48:27.
                      <expr> at 48:53.
                        <simple> at 48:53.
                          <term> at 48:53.
                            <factor> at 48:53.
                              <index> at 48:56.
                                <simple> at 48:57.
                                  <term> at 48:57.
                                    <factor> at 48:57.
                                    </factor> at 48:58.
                                  </term> at 48:58.
                                </simple> at 48:58.
                              </index> at 48:60.
                            </factor> at 48:60.
                          </term> at 48:60.
                        </simple> at 48:60.
                      </expr> at 48:60.
                    </output> at 49:9.
                  </statement> at 49:9.
                </statements> at 49:9.
              </if> at 49:12.
            </statement> at 49:12.
            <statement> at 51:9.
              <if> at 51:9.
                <expr> at 51:12.
                  <simple> at 51:12.
                    <term> at 51:12.
                      <factor> at 51:12.
                        <index> at 51:15.
                          <simple> at 51:16.
                            <term> at 51:16.
                              <factor> at 51:16.
                              </factor> at 51:17.
                            </term> at 51:17.
                          </simple> at 51:17.
                        </index> at 51:19.
                      </factor> at 51:19.
                    </term> at 51:19.
                  </simple> at 51:19.
                  <simple> at 51:22.
                    <term> at 51:22.
                      <factor> at 51:22.
                        <index> at 51:25.
                          <simple> at 51:26.
                            <term> at 51:26.
                              <factor> at 51:26.
                              </factor> at 51:27.
                            </term> at 51:27.
                          </simple> at 51:27.
                        </index> at 51:28.
                      </factor> at 51:28.
                    </term> at 51:28.
                  </simple> at 51:28.
                </expr> at 51:28.
                <statements> at 52:13.
                  <statement> at 52:13.
                    <output> at 52:13.
                      <expr> at 52:20.
                        <simple> at 52:20.
                          <term> at 52:20.
                            <factor> at 52:20.
                              <index> at 52:23.
                                <simple> at 52:24.
                                  <term> at 52:24.
                                    <factor> at 52:24.
                                    </factor> at 52:25.
                                  </term> at 52:25.
                                </simple> at 52:25.
                              </index> at 52:27.
                            </factor> at 52:27.
                          </term> at 52:27.
                        </simple> at 52:27.
                      </expr> at 52:27.
                      <expr> at 52:62.
                        <simple> at 52:62.
                          <term> at 52:62.
                            <factor> at 52:62.
                              <index> at 52:65.
                                <simple> at 52:66.
                                  <term> at 52:66.
                                    <factor> at 52:66.
                                    </factor> at 52:67.
                                  </term> at 52:67.
                                </simple> at 52:67.
                              </index> at 52:69.
                            </factor> at 52:69.
                          </term> at 52:69.
                        </simple> at 52:69.
                      </expr> at 52:69.
                    </output> at 53:9.
                  </statement> at 53:9.
                </statements> at 53:9.
              </if> at 53:12.
            </statement> at 53:12.
            <statement> at 55:9.
              <if> at 55:9.
                <expr> at 55:12.
                  <simple> at 55:12.
                    <term> at 55:12.
                      <factor> at 55:12.
                        <index> at 55:15.
                          <simple> at 55:16.
                            <term> at 55:16.
                              <factor> at 55:16.
                              </factor> at 55:17.
                            </term> at 55:17.
                          </simple> at 55:17.
                        </index> at 55:19.
                      </factor> at 55:19.
                    </term> at 55:19.
                  </simple> at 55:19.
                  <simple> at 55:21.
                    <term> at 55:21.
                      <factor> at 55:21.
                        <index> at 55:24.
                          <simple> at 55:25.
                            <term> at 55:25.
                              <factor> at 55:25.
                              </factor> at 55:26.
                            </term> at 55:26.
                          </simple> at 55:26.
                        </index> at 55:27.
                      </factor> at 55:27.
                    </term> at 55:27.
                  </simple> at 55:27.
                </expr> at 55:27.
                <statements> at 56:13.
                  <statement> at 56:13.
                    <output> at 56:13.
                      <expr> at 56:20.
                        <simple> at 56:20.
                          <term> at 56:20.
                            <factor> at 56:20.
                              <index> at 56:23.
                                <simple> at 56:24.
                                  <term> at 56:24.
                                    <factor> at 56:24.
                                    </factor> at 56:25.
                                  </term> at 56:25.
                                </simple> at 56:25.
                              </index> at 56:27.
                            </factor> at 56:27.
                          </term> at 56:27.
                        </simple> at 56:27.
                      </expr> at 56:27.
                      <expr> at 56:50.
                        <simple> at 56:50.
                          <term> at 56:50.
                            <factor> at 56:50.
                              <index> at 56:53.
                                <simple> at 56:54.
                                  <term> at 56:54.
                                    <factor> at 56:54.
                                    </factor> at 56:55.
                                  </term> at 56:55.
                                </simple> at 56:55.
                              </index> at 56:57.
                            </factor> at 56:57.
                          </term> at 56:57.
                        </simple> at 56:57.
                      </expr> at 56:57.
                    </output> at 57:9.
                  </statement> at 57:9.
                </statements> at 57:9.
              </if> at 57:12.
            </statement> at 57:12.
            <statement> at 59:9.
              <if> at 59:9.
                <expr> at 59:12.
                  <simple> at 59:12.
                    <term> at 59:12.
                      <factor> at 59:12.
                        <index> at 59:15.
                          <simple> at 59:16.
                            <term> at 59:16.
                              <factor> at 59:16.
                              </factor> at 59:17.
                            </term> at 59:17.
                          </simple> at 59:17.
                        </index> at 59:19.
                      </factor> at 59:19.
                    </term> at 59:19.
                  </simple> at 59:19.
                  <simple> at 59:22.
                    <term> at 59:22.
                      <factor> at 59:22.
                        <index> at 59:25.
                          <simple> at 59:26.
                            <term> at 59:26.
                              <factor> at 59:26.
                              </factor> at 59:27.
                            </term> at 59:27.
                          </simple> at 59:27.
                        </index> at 59:28.
                      </factor> at 59:28.
                    </term> at 59:28.
                  </simple> at 59:28.
                </expr> at 59:28.
                <statements> at 60:13.
                  <statement> at 60:13.
                    <output> at 60:13.
                      <expr> at 60:20.
                        <simple> at 60:20.
                          <term> at 60:20.
                            <factor> at 60:20.
                              <index> at 60:23.
                                <simple> at 60:24.
                                  <term> at 60:24.
                                    <factor> at 60:24.
                                    </factor> at 60:25.
                                  </term> at 60:25.
                                </simple> at 60:25.
                              </index> at 60:27.
                            </factor> at 60:27.
                          </term> at 60:27.
                        </simple> at 60:27.
                      </expr> at 60:27.
                      <expr> at 60:53.
                        <simple> at 60:53.
                          <term> at 60:53.
                            <factor> at 60:53.
                              <index> at 60:56.
                                <simple> at 60:57.
                                  <term> at 60:57.
                                    <factor> at 60:57.
                                    </factor> at 60:58.
                                  </term> at 60:58.
                                </simple> at 60:58.
                              </index> at 60:60.
                            </factor> at 60:60.
                          </term> at 60:60.
                        </simple> at 60:60.
                      </expr> at 60:60.
                    </output> at 61:9.
                  </statement> at 61:9.
                </statements> at 61:9.
              </if> at 61:12.
            </statement> at 61:12.
            <statement> at 63:9.
              <assign> at 63:9.
                <expr> at 63:17.
                  <simple> at 63:17.
                    <term> at 63:17.
                      <factor> at 63:17.
                      </factor> at 63:19.
                    </term> at 63:19.
                    <term> at 63:21.
                      <factor> at 63:21.
                      </factor> at 63:22.
                    </term> at 63:22.
                  </simple> at 63:22.
                </expr> at 63:22.
              </assign> at 63:22.
            </statement> at 63:22.
            <statement> at 64:9.
              <output> at 64:9.
              </output> at 66:5.
            </statement> at 66:5.
          </statements> at 66:5.
        </while> at 66:8.
      </statement> at 66:8.
      <statement> at 70:5.
        <output> at 70:5.
        </output> at 70:52.
      </statement> at 70:52.
    </statements> at 70:52.
  </body> at 70:52.
</program> at 70:52.
Generated: test46.class
.class public test46
.super java/lang/Object

.field private static final charsetName Ljava/lang/String;
.field private static final usLocale Ljava/util/Locale;
.field private static final scanner Ljava/util/Scanner;

.method static public <clinit>()V
.limit stack 5
.limit locals 1 
	ldc	"UTF-8"
	putstatic test46/charsetName Ljava/lang/String;
	new	java/util/Locale
	dup
	ldc	"en"
	ldc	"US"
	invokespecial java/util/Locale/<init>(Ljava/lang/String;Ljava/lang/String;)V
	putstatic test46/usLocale Ljava/util/Locale;
	new	java/util/Scanner
	dup
	new	java/io/BufferedInputStream
	dup
	getstatic java/lang/System/in Ljava/io/InputStream;
	invokespecial java/io/BufferedInputStream/<init>(Ljava/io/InputStream;)V
	getstatic test46/charsetName Ljava/lang/String;
	invokespecial java/util/Scanner/<init>(Ljava/io/InputStream;Ljava/lang/String;)V
	putstatic test46/scanner Ljava/util/Scanner;
	getstatic test46/scanner Ljava/util/Scanner;
	getstatic test46/usLocale Ljava/util/Locale;
	invokevirtual java/util/Scanner/useLocale(Ljava/util/Locale;)Ljava/util/Scanner;
	pop
	return
.end method

.method public <init>()V
	aload_0
	invokespecial java/lang/Object/<init>()V
	return
.end method

.method public static readInt()I
.limit stack 1
.limit locals 1
	getstatic test46/scanner Ljava/util/Scanner;
	invokevirtual java/util/Scanner/nextInt()I
	ireturn
.end method

.method public static readBoolean()Z
.limit stack 2
.limit locals 1
	getstatic test46/scanner Ljava/util/Scanner;
	invokevirtual java/util/Scanner/next()Ljava/lang/String;
	astore 0
	aload 0
	ldc	"true"
	invokevirtual java/lang/String/equalsIgnoreCase(Ljava/lang/String;)Z
	ifeq False
	iconst_1
	ireturn
False:
	aload 0
	ldc	"false"
	invokevirtual java/lang/String/equalsIgnoreCase(Ljava/lang/String;)Z
	ifeq Exception
	iconst_0
	ireturn
Exception:
	new	java/util/InputMismatchException
	dup
	invokespecial java/util/InputMismatchException/<init>()V
	athrow
.end method

.method public static main([Ljava/lang/String;)V
.limit stack 63
.limit locals 4
	ldc 10
	newarray int
	astore 2
	ldc 10
	newarray int
	astore 3
	aload 2
	ldc 0
	ldc 42
	iastore
	aload 2
	ldc 1
	ldc 12
	iastore
	aload 2
	ldc 2
	ldc 83
	iastore
	aload 2
	ldc 3
	ldc 102
	iastore
	aload 2
	ldc 4
	ldc 0
	iastore
	aload 2
	ldc 5
	ldc 2173
	iastore
	aload 2
	ldc 6
	ldc 2
	iastore
	aload 2
	ldc 7
	ldc 8
	iastore
	aload 2
	ldc 8
	ldc 100
	iastore
	aload 2
	ldc 9
	ldc 2147483647
	ineg
	ldc 3
	isub
	iastore
	aload 3
	ldc 0
	ldc 69
	iastore
	aload 3
	ldc 1
	ldc 1
	iastore
	aload 3
	ldc 2
	ldc 29
	ineg
	iastore
	aload 3
	ldc 3
	ldc 102
	iastore
	aload 3
	ldc 4
	ldc 2147483647
	ldc 1
	iadd
	iastore
	aload 3
	ldc 5
	ldc 49
	iastore
	aload 3
	ldc 6
	ldc 83
	iastore
	aload 3
	ldc 7
	ldc 420
	iastore
	aload 3
	ldc 8
	ldc 4200
	iastore
	aload 3
	ldc 9
	ldc 10
	iastore
	getstatic java/lang/System/out Ljava/io/PrintStream;
	ldc "Welcome to the Relational Operator Test!\n"
	invokevirtual java/io/PrintStream/print(Ljava/lang/String;)V
	ldc 0
	istore 1
	getstatic java/lang/System/out Ljava/io/PrintStream;
	ldc "\n"
	invokevirtual java/io/PrintStream/print(Ljava/lang/String;)V
L1:
	iload 1
	ldc 10
	if_icmplt L3
	ldc 0
	goto L4
L3:
	ldc 1
L4:
	ifeq L2
	aload 2
	iload 1
	iaload
	aload 3
	iload 1
	iaload
	if_icmpeq L7
	ldc 0
	goto L8
L7:
	ldc 1
L8:
	ifeq L6
	aload 2
	iload 1
	iaload
	getstatic java/lang/System/out Ljava/io/PrintStream;
	swap
	invokevirtual java/io/PrintStream/print(I)V
	getstatic java/lang/System/out Ljava/io/PrintStream;
	ldc " is equal to "
	invokevirtual java/io/PrintStream/print(Ljava/lang/String;)V
	aload 3
	iload 1
	iaload
	getstatic java/lang/System/out Ljava/io/PrintStream;
	swap
	invokevirtual java/io/PrintStream/print(I)V
	getstatic java/lang/System/out Ljava/io/PrintStream;
	ldc ".\n"
	invokevirtual java/io/PrintStream/print(Ljava/lang/String;)V
	goto L5
L6:
L5:
	aload 2
	iload 1
	iaload
	aload 3
	iload 1
	iaload
	if_icmpge L11
	ldc 0
	goto L12
L11:
	ldc 1
L12:
	ifeq L10
	aload 2
	iload 1
	iaload
	getstatic java/lang/System/out Ljava/io/PrintStream;
	swap
	invokevirtual java/io/PrintStream/print(I)V
	getstatic java/lang/System/out Ljava/io/PrintStream;
	ldc " is greater than or equal to "
	invokevirtual java/io/PrintStream/print(Ljava/lang/String;)V
	aload 3
	iload 1
	iaload
	getstatic java/lang/System/out Ljava/io/PrintStream;
	swap
	invokevirtual java/io/PrintStream/print(I)V
	getstatic java/lang/System/out Ljava/io/PrintStream;
	ldc ".\n"
	invokevirtual java/io/PrintStream/print(Ljava/lang/String;)V
	goto L9
L10:
L9:
	aload 2
	iload 1
	iaload
	aload 3
	iload 1
	iaload
	if_icmpgt L15
	ldc 0
	goto L16
L15:
	ldc 1
L16:
	ifeq L14
	aload 2
	iload 1
	iaload
	getstatic java/lang/System/out Ljava/io/PrintStream;
	swap
	invokevirtual java/io/PrintStream/print(I)V
	getstatic java/lang/System/out Ljava/io/PrintStream;
	ldc " is greater than "
	invokevirtual java/io/PrintStream/print(Ljava/lang/String;)V
	aload 3
	iload 1
	iaload
	getstatic java/lang/System/out Ljava/io/PrintStream;
	swap
	invokevirtual java/io/PrintStream/print(I)V
	getstatic java/lang/System/out Ljava/io/PrintStream;
	ldc ".\n"
	invokevirtual java/io/PrintStream/print(Ljava/lang/String;)V
	goto L13
L14:
L13:
	aload 2
	iload 1
	iaload
	aload 3
	iload 1
	iaload
	if_icmple L19
	ldc 0
	goto L20
L19:
	ldc 1
L20:
	ifeq L18
	aload 2
	iload 1
	iaload
	getstatic java/lang/System/out Ljava/io/PrintStream;
	swap
	invokevirtual java/io/PrintStream/print(I)V
	getstatic java/lang/System/out Ljava/io/PrintStream;
	ldc " is less than or equal to "
	invokevirtual java/io/PrintStream/print(Ljava/lang/String;)V
	aload 3
	iload 1
	iaload
	getstatic java/lang/System/out Ljava/io/PrintStream;
	swap
	invokevirtual java/io/PrintStream/print(I)V
	getstatic java/lang/System/out Ljava/io/PrintStream;
	ldc ".\n"
	invokevirtual java/io/PrintStream/print(Ljava/lang/String;)V
	goto L17
L18:
L17:
	aload 2
	iload 1
	iaload
	aload 3
	iload 1
	iaload
	if_icmplt L23
	ldc 0
	goto L24
L23:
	ldc 1
L24:
	ifeq L22
	aload 2
	iload 1
	iaload
	getstatic java/lang/System/out Ljava/io/PrintStream;
	swap
	invokevirtual java/io/PrintStream/print(I)V
	getstatic java/lang/System/out Ljava/io/PrintStream;
	ldc " is less than "
	invokevirtual java/io/PrintStream/print(Ljava/lang/String;)V
	aload 3
	iload 1
	iaload
	getstatic java/lang/System/out Ljava/io/PrintStream;
	swap
	invokevirtual java/io/PrintStream/print(I)V
	getstatic java/lang/System/out Ljava/io/PrintStream;
	ldc ".\n"
	invokevirtual java/io/PrintStream/print(Ljava/lang/String;)V
	goto L21
L22:
L21:
	aload 2
	iload 1
	iaload
	aload 3
	iload 1
	iaload
	if_icmpne L27
	ldc 0
	goto L28
L27:
	ldc 1
L28:
	ifeq L26
	aload 2
	iload 1
	iaload
	getstatic java/lang/System/out Ljava/io/PrintStream;
	swap
	invokevirtual java/io/PrintStream/print(I)V
	getstatic java/lang/System/out Ljava/io/PrintStream;
	ldc " is not equal to "
	invokevirtual java/io/PrintStream/print(Ljava/lang/String;)V
	aload 3
	iload 1
	iaload
	getstatic java/lang/System/out Ljava/io/PrintStream;
	swap
	invokevirtual java/io/PrintStream/print(I)V
	getstatic java/lang/System/out Ljava/io/PrintStream;
	ldc ".\n"
	invokevirtual java/io/PrintStream/print(Ljava/lang/String;)V
	goto L25
L26:
L25:
	iload 1
	ldc 1
	iadd
	istore 1
	getstatic java/lang/System/out Ljava/io/PrintStream;
	ldc "\n"
	invokevirtual java/io/PrintStream/print(Ljava/lang/String;)V
	goto L1
L2:
	getstatic java/lang/System/out Ljava/io/PrintStream;
	ldc "Relational operator testing complete!"
	invokevirtual java/io/PrintStream/print(Ljava/lang/String;)V
	return
.end method

Success!
