<program> at 3:2.
  <subdef> at 5:5.
    <type> at 5:11.
    </type> at 5:21.
    <type> at 5:24.
    </type> at 5:28.
    <type> at 5:31.
    </type> at 5:35.
    <type> at 5:38.
    </type> at 5:42.
    <body> at 7:9.
      <vardef> at 7:9.
        <type> at 7:9.
        </type> at 7:13.
      </vardef> at 8:9.
      <vardef> at 8:9.
        <type> at 8:9.
        </type> at 8:13.
      </vardef> at 9:9.
      <vardef> at 9:9.
        <type> at 9:9.
        </type> at 9:19.
      </vardef> at 11:9.
      <statements> at 11:9.
        <statement> at 11:9.
          <assign> at 11:9.
            <expr> at 11:25.
              <simple> at 11:25.
                <term> at 11:25.
                  <factor> at 11:25.
                  </factor> at 11:27.
                </term> at 11:27.
                <term> at 11:29.
                  <factor> at 11:29.
                  </factor> at 11:31.
                </term> at 11:31.
                <term> at 11:33.
                  <factor> at 11:33.
                  </factor> at 11:34.
                </term> at 11:34.
              </simple> at 11:34.
            </expr> at 11:34.
          </assign> at 11:34.
        </statement> at 11:34.
        <statement> at 12:9.
          <assign> at 12:9.
            <expr> at 12:25.
              <simple> at 12:25.
                <term> at 12:25.
                  <factor> at 12:25.
                  </factor> at 12:27.
                </term> at 12:27.
                <term> at 12:29.
                  <factor> at 12:29.
                  </factor> at 12:30.
                </term> at 12:30.
              </simple> at 12:30.
            </expr> at 12:30.
          </assign> at 12:30.
        </statement> at 12:30.
        <statement> at 14:9.
          <assign> at 14:9.
            <simple> at 14:29.
              <term> at 14:29.
                <factor> at 14:29.
                </factor> at 14:38.
              </term> at 14:38.
            </simple> at 14:38.
          </assign> at 14:38.
        </statement> at 14:38.
        <statement> at 15:9.
          <assign> at 15:9.
            <simple> at 15:30.
              <term> at 15:30.
                <factor> at 15:30.
                </factor> at 15:39.
              </term> at 15:39.
            </simple> at 15:39.
          </assign> at 15:39.
        </statement> at 15:39.
        <statement> at 17:9.
          <assign> at 17:9.
            <expr> at 17:17.
              <simple> at 17:17.
                <term> at 17:17.
                  <factor> at 17:17.
                  </factor> at 17:18.
                </term> at 17:18.
              </simple> at 17:18.
            </expr> at 17:18.
          </assign> at 17:18.
        </statement> at 17:18.
        <statement> at 18:9.
          <while> at 18:9.
            <expr> at 18:15.
              <simple> at 18:15.
                <term> at 18:15.
                  <factor> at 18:15.
                  </factor> at 18:17.
                </term> at 18:17.
              </simple> at 18:17.
              <simple> at 18:19.
                <term> at 18:19.
                  <factor> at 18:19.
                  </factor> at 18:28.
                </term> at 18:28.
              </simple> at 18:28.
            </expr> at 18:28.
            <statements> at 20:13.
              <statement> at 20:13.
                <assign> at 20:13.
                  <index> at 20:24.
                    <simple> at 20:25.
                      <term> at 20:25.
                        <factor> at 20:25.
                        </factor> at 20:26.
                      </term> at 20:26.
                    </simple> at 20:26.
                  </index> at 20:28.
                  <expr> at 20:30.
                    <simple> at 20:30.
                      <term> at 20:30.
                        <factor> at 20:30.
                          <index> at 20:31.
                            <simple> at 20:32.
                              <term> at 20:32.
                                <factor> at 20:32.
                                </factor> at 20:34.
                              </term> at 20:34.
                              <term> at 20:36.
                                <factor> at 20:36.
                                </factor> at 20:37.
                              </term> at 20:37.
                            </simple> at 20:37.
                          </index> at 20:38.
                        </factor> at 20:38.
                      </term> at 20:38.
                    </simple> at 20:38.
                  </expr> at 20:38.
                </assign> at 20:38.
              </statement> at 20:38.
              <statement> at 21:13.
                <assign> at 21:13.
                  <expr> at 21:21.
                    <simple> at 21:21.
                      <term> at 21:21.
                        <factor> at 21:21.
                        </factor> at 21:23.
                      </term> at 21:23.
                      <term> at 21:25.
                        <factor> at 21:25.
                        </factor> at 23:9.
                      </term> at 23:9.
                    </simple> at 23:9.
                  </expr> at 23:9.
                </assign> at 23:9.
              </statement> at 23:9.
            </statements> at 23:9.
          </while> at 23:12.
        </statement> at 23:12.
        <statement> at 25:9.
          <assign> at 25:9.
            <expr> at 25:17.
              <simple> at 25:17.
                <term> at 25:17.
                  <factor> at 25:17.
                  </factor> at 25:18.
                </term> at 25:18.
              </simple> at 25:18.
            </expr> at 25:18.
          </assign> at 25:18.
        </statement> at 25:18.
        <statement> at 26:9.
          <while> at 26:9.
            <expr> at 26:15.
              <simple> at 26:15.
                <term> at 26:15.
                  <factor> at 26:15.
                  </factor> at 26:17.
                </term> at 26:17.
              </simple> at 26:17.
              <simple> at 26:19.
                <term> at 26:19.
                  <factor> at 26:19.
                  </factor> at 26:28.
                </term> at 26:28.
              </simple> at 26:28.
            </expr> at 26:28.
            <statements> at 28:13.
              <statement> at 28:13.
                <assign> at 28:13.
                  <index> at 28:25.
                    <simple> at 28:26.
                      <term> at 28:26.
                        <factor> at 28:26.
                        </factor> at 28:27.
                      </term> at 28:27.
                    </simple> at 28:27.
                  </index> at 28:29.
                  <expr> at 28:31.
                    <simple> at 28:31.
                      <term> at 28:31.
                        <factor> at 28:31.
                          <index> at 28:32.
                            <simple> at 28:33.
                              <term> at 28:33.
                                <factor> at 28:33.
                                </factor> at 28:35.
                              </term> at 28:35.
                              <term> at 28:37.
                                <factor> at 28:37.
                                </factor> at 28:39.
                              </term> at 28:39.
                              <term> at 28:41.
                                <factor> at 28:41.
                                </factor> at 28:42.
                              </term> at 28:42.
                            </simple> at 28:42.
                          </index> at 28:43.
                        </factor> at 28:43.
                      </term> at 28:43.
                    </simple> at 28:43.
                  </expr> at 28:43.
                </assign> at 28:43.
              </statement> at 28:43.
              <statement> at 29:13.
                <assign> at 29:13.
                  <expr> at 29:21.
                    <simple> at 29:21.
                      <term> at 29:21.
                        <factor> at 29:21.
                        </factor> at 29:23.
                      </term> at 29:23.
                      <term> at 29:25.
                        <factor> at 29:25.
                        </factor> at 31:9.
                      </term> at 31:9.
                    </simple> at 31:9.
                  </expr> at 31:9.
                </assign> at 31:9.
              </statement> at 31:9.
            </statements> at 31:9.
          </while> at 31:12.
        </statement> at 31:12.
        <statement> at 33:9.
          <assign> at 33:9.
            <expr> at 33:17.
              <simple> at 33:17.
                <term> at 33:17.
                  <factor> at 33:17.
                  </factor> at 33:18.
                </term> at 33:18.
              </simple> at 33:18.
            </expr> at 33:18.
          </assign> at 33:18.
        </statement> at 33:18.
        <statement> at 34:9.
          <assign> at 34:9.
            <expr> at 34:17.
              <simple> at 34:17.
                <term> at 34:17.
                  <factor> at 34:17.
                  </factor> at 34:18.
                </term> at 34:18.
              </simple> at 34:18.
            </expr> at 34:18.
          </assign> at 34:18.
        </statement> at 34:18.
        <statement> at 35:9.
          <assign> at 35:9.
            <expr> at 35:17.
              <simple> at 35:17.
                <term> at 35:17.
                  <factor> at 35:17.
                  </factor> at 35:18.
                </term> at 35:18.
              </simple> at 35:18.
            </expr> at 35:18.
          </assign> at 35:18.
        </statement> at 35:18.
        <statement> at 37:9.
          <while> at 37:9.
            <expr> at 37:15.
              <simple> at 37:15.
                <term> at 37:15.
                  <factor> at 37:15.
                    <expr> at 37:16.
                      <simple> at 37:16.
                        <term> at 37:16.
                          <factor> at 37:16.
                          </factor> at 37:18.
                        </term> at 37:18.
                      </simple> at 37:18.
                      <simple> at 37:20.
                        <term> at 37:20.
                          <factor> at 37:20.
                          </factor> at 37:29.
                        </term> at 37:29.
                      </simple> at 37:29.
                    </expr> at 37:29.
                  </factor> at 37:31.
                  <factor> at 37:35.
                    <expr> at 37:36.
                      <simple> at 37:36.
                        <term> at 37:36.
                          <factor> at 37:36.
                          </factor> at 37:38.
                        </term> at 37:38.
                      </simple> at 37:38.
                      <simple> at 37:40.
                        <term> at 37:40.
                          <factor> at 37:40.
                          </factor> at 37:49.
                        </term> at 37:49.
                      </simple> at 37:49.
                    </expr> at 37:49.
                  </factor> at 37:50.
                </term> at 37:50.
              </simple> at 37:50.
            </expr> at 37:50.
            <statements> at 39:13.
              <statement> at 39:13.
                <if> at 39:13.
                  <expr> at 39:16.
                    <simple> at 39:16.
                      <term> at 39:16.
                        <factor> at 39:16.
                          <index> at 39:23.
                            <simple> at 39:24.
                              <term> at 39:24.
                                <factor> at 39:24.
                                </factor> at 39:25.
                              </term> at 39:25.
                            </simple> at 39:25.
                          </index> at 39:27.
                        </factor> at 39:27.
                      </term> at 39:27.
                    </simple> at 39:27.
                    <simple> at 39:30.
                      <term> at 39:30.
                        <factor> at 39:30.
                          <index> at 39:38.
                            <simple> at 39:39.
                              <term> at 39:39.
                                <factor> at 39:39.
                                </factor> at 39:40.
                              </term> at 39:40.
                            </simple> at 39:40.
                          </index> at 39:41.
                        </factor> at 39:41.
                      </term> at 39:41.
                    </simple> at 39:41.
                  </expr> at 39:41.
                  <statements> at 40:17.
                    <statement> at 40:17.
                      <assign> at 40:17.
                        <index> at 40:22.
                          <simple> at 40:23.
                            <term> at 40:23.
                              <factor> at 40:23.
                              </factor> at 40:24.
                            </term> at 40:24.
                          </simple> at 40:24.
                        </index> at 40:26.
                        <expr> at 40:28.
                          <simple> at 40:28.
                            <term> at 40:28.
                              <factor> at 40:28.
                                <index> at 40:35.
                                  <simple> at 40:36.
                                    <term> at 40:36.
                                      <factor> at 40:36.
                                      </factor> at 40:37.
                                    </term> at 40:37.
                                  </simple> at 40:37.
                                </index> at 40:38.
                              </factor> at 40:38.
                            </term> at 40:38.
                          </simple> at 40:38.
                        </expr> at 40:38.
                      </assign> at 40:38.
                    </statement> at 40:38.
                    <statement> at 41:17.
                      <assign> at 41:17.
                        <expr> at 41:25.
                          <simple> at 41:25.
                            <term> at 41:25.
                              <factor> at 41:25.
                              </factor> at 41:27.
                            </term> at 41:27.
                            <term> at 41:29.
                              <factor> at 41:29.
                              </factor> at 42:13.
                            </term> at 42:13.
                          </simple> at 42:13.
                        </expr> at 42:13.
                      </assign> at 42:13.
                    </statement> at 42:13.
                  </statements> at 42:13.
                  <else> at 42:13.
                  <statements> at 43:17.
                    <statement> at 43:17.
                      <assign> at 43:17.
                        <index> at 43:22.
                          <simple> at 43:23.
                            <term> at 43:23.
                              <factor> at 43:23.
                              </factor> at 43:24.
                            </term> at 43:24.
                          </simple> at 43:24.
                        </index> at 43:26.
                        <expr> at 43:28.
                          <simple> at 43:28.
                            <term> at 43:28.
                              <factor> at 43:28.
                                <index> at 43:36.
                                  <simple> at 43:37.
                                    <term> at 43:37.
                                      <factor> at 43:37.
                                      </factor> at 43:38.
                                    </term> at 43:38.
                                  </simple> at 43:38.
                                </index> at 43:39.
                              </factor> at 43:39.
                            </term> at 43:39.
                          </simple> at 43:39.
                        </expr> at 43:39.
                      </assign> at 43:39.
                    </statement> at 43:39.
                    <statement> at 44:17.
                      <assign> at 44:17.
                        <expr> at 44:25.
                          <simple> at 44:25.
                            <term> at 44:25.
                              <factor> at 44:25.
                              </factor> at 44:27.
                            </term> at 44:27.
                            <term> at 44:29.
                              <factor> at 44:29.
                              </factor> at 45:13.
                            </term> at 45:13.
                          </simple> at 45:13.
                        </expr> at 45:13.
                      </assign> at 45:13.
                    </statement> at 45:13.
                  </statements> at 45:13.
                  </else> at 45:13.
                </if> at 45:16.
              </statement> at 45:16.
              <statement> at 47:13.
                <assign> at 47:13.
                  <expr> at 47:21.
                    <simple> at 47:21.
                      <term> at 47:21.
                        <factor> at 47:21.
                        </factor> at 47:23.
                      </term> at 47:23.
                      <term> at 47:25.
                        <factor> at 47:25.
                        </factor> at 49:9.
                      </term> at 49:9.
                    </simple> at 49:9.
                  </expr> at 49:9.
                </assign> at 49:9.
              </statement> at 49:9.
            </statements> at 49:9.
          </while> at 49:12.
        </statement> at 49:12.
        <statement> at 51:9.
          <while> at 51:9.
            <expr> at 51:15.
              <simple> at 51:15.
                <term> at 51:15.
                  <factor> at 51:15.
                  </factor> at 51:17.
                </term> at 51:17.
              </simple> at 51:17.
              <simple> at 51:19.
                <term> at 51:19.
                  <factor> at 51:19.
                  </factor> at 51:28.
                </term> at 51:28.
              </simple> at 51:28.
            </expr> at 51:28.
            <statements> at 52:13.
              <statement> at 52:13.
                <assign> at 52:13.
                  <index> at 52:18.
                    <simple> at 52:19.
                      <term> at 52:19.
                        <factor> at 52:19.
                        </factor> at 52:20.
                      </term> at 52:20.
                    </simple> at 52:20.
                  </index> at 52:22.
                  <expr> at 52:24.
                    <simple> at 52:24.
                      <term> at 52:24.
                        <factor> at 52:24.
                          <index> at 52:31.
                            <simple> at 52:32.
                              <term> at 52:32.
                                <factor> at 52:32.
                                </factor> at 52:33.
                              </term> at 52:33.
                            </simple> at 52:33.
                          </index> at 52:34.
                        </factor> at 52:34.
                      </term> at 52:34.
                    </simple> at 52:34.
                  </expr> at 52:34.
                </assign> at 52:34.
              </statement> at 52:34.
              <statement> at 53:13.
                <assign> at 53:13.
                  <expr> at 53:21.
                    <simple> at 53:21.
                      <term> at 53:21.
                        <factor> at 53:21.
                        </factor> at 53:23.
                      </term> at 53:23.
                      <term> at 53:25.
                        <factor> at 53:25.
                        </factor> at 53:26.
                      </term> at 53:26.
                    </simple> at 53:26.
                  </expr> at 53:26.
                </assign> at 53:26.
              </statement> at 53:26.
              <statement> at 54:13.
                <assign> at 54:13.
                  <expr> at 54:21.
                    <simple> at 54:21.
                      <term> at 54:21.
                        <factor> at 54:21.
                        </factor> at 54:23.
                      </term> at 54:23.
                      <term> at 54:25.
                        <factor> at 54:25.
                        </factor> at 55:9.
                      </term> at 55:9.
                    </simple> at 55:9.
                  </expr> at 55:9.
                </assign> at 55:9.
              </statement> at 55:9.
            </statements> at 55:9.
          </while> at 55:12.
        </statement> at 55:12.
        <statement> at 57:9.
          <while> at 57:9.
            <expr> at 57:15.
              <simple> at 57:15.
                <term> at 57:15.
                  <factor> at 57:15.
                  </factor> at 57:17.
                </term> at 57:17.
              </simple> at 57:17.
              <simple> at 57:19.
                <term> at 57:19.
                  <factor> at 57:19.
                  </factor> at 57:28.
                </term> at 57:28.
              </simple> at 57:28.
            </expr> at 57:28.
            <statements> at 58:13.
              <statement> at 58:13.
                <assign> at 58:13.
                  <index> at 58:18.
                    <simple> at 58:19.
                      <term> at 58:19.
                        <factor> at 58:19.
                        </factor> at 58:20.
                      </term> at 58:20.
                    </simple> at 58:20.
                  </index> at 58:22.
                  <expr> at 58:24.
                    <simple> at 58:24.
                      <term> at 58:24.
                        <factor> at 58:24.
                          <index> at 58:32.
                            <simple> at 58:33.
                              <term> at 58:33.
                                <factor> at 58:33.
                                </factor> at 58:34.
                              </term> at 58:34.
                            </simple> at 58:34.
                          </index> at 58:35.
                        </factor> at 58:35.
                      </term> at 58:35.
                    </simple> at 58:35.
                  </expr> at 58:35.
                </assign> at 58:35.
              </statement> at 58:35.
              <statement> at 59:13.
                <assign> at 59:13.
                  <expr> at 59:21.
                    <simple> at 59:21.
                      <term> at 59:21.
                        <factor> at 59:21.
                        </factor> at 59:23.
                      </term> at 59:23.
                      <term> at 59:25.
                        <factor> at 59:25.
                        </factor> at 59:26.
                      </term> at 59:26.
                    </simple> at 59:26.
                  </expr> at 59:26.
                </assign> at 59:26.
              </statement> at 59:26.
              <statement> at 60:13.
                <assign> at 60:13.
                  <expr> at 60:21.
                    <simple> at 60:21.
                      <term> at 60:21.
                        <factor> at 60:21.
                        </factor> at 60:23.
                      </term> at 60:23.
                      <term> at 60:25.
                        <factor> at 60:25.
                        </factor> at 61:9.
                      </term> at 61:9.
                    </simple> at 61:9.
                  </expr> at 61:9.
                </assign> at 61:9.
              </statement> at 61:9.
            </statements> at 61:9.
          </while> at 64:5.
        </statement> at 64:5.
      </statements> at 64:5.
    </body> at 64:5.
  </subdef> at 64:5.
  <subdef> at 64:5.
    <type> at 64:15.
    </type> at 64:25.
    <type> at 64:28.
    </type> at 64:32.
    <type> at 64:38.
    </type> at 64:42.
    <body> at 66:9.
      <vardef> at 66:9.
        <type> at 66:9.
        </type> at 66:13.
      </vardef> at 68:9.
      <statements> at 68:9.
        <statement> at 68:9.
          <if> at 68:9.
            <expr> at 68:12.
              <simple> at 68:12.
                <term> at 68:12.
                  <factor> at 68:12.
                    <expr> at 68:13.
                      <simple> at 68:13.
                        <term> at 68:13.
                          <factor> at 68:13.
                          </factor> at 68:18.
                        </term> at 68:18.
                      </simple> at 68:18.
                      <simple> at 68:20.
                        <term> at 68:20.
                          <factor> at 68:20.
                          </factor> at 68:25.
                        </term> at 68:25.
                      </simple> at 68:25.
                    </expr> at 68:25.
                  </factor> at 68:26.
                </term> at 68:26.
              </simple> at 68:26.
            </expr> at 68:26.
            <statements> at 69:13.
              <statement> at 69:13.
                <assign> at 69:13.
                  <expr> at 69:26.
                    <simple> at 69:26.
                      <term> at 69:26.
                        <factor> at 69:26.
                        </factor> at 69:31.
                      </term> at 69:31.
                      <term> at 69:33.
                        <factor> at 69:33.
                          <expr> at 69:34.
                            <simple> at 69:34.
                              <term> at 69:34.
                                <factor> at 69:34.
                                </factor> at 69:40.
                              </term> at 69:40.
                              <term> at 69:42.
                                <factor> at 69:42.
                                </factor> at 69:46.
                              </term> at 69:46.
                            </simple> at 69:46.
                          </expr> at 69:46.
                        </factor> at 69:48.
                        <factor> at 69:50.
                        </factor> at 69:51.
                      </term> at 69:51.
                    </simple> at 69:51.
                  </expr> at 69:51.
                </assign> at 69:51.
              </statement> at 69:51.
              <statement> at 71:13.
                <call> at 71:13.
                  <arglist> at 71:22.
                    <expr> at 71:23.
                      <simple> at 71:23.
                        <term> at 71:23.
                          <factor> at 71:23.
                          </factor> at 71:24.
                        </term> at 71:24.
                      </simple> at 71:24.
                    </expr> at 71:24.
                    <expr> at 71:26.
                      <simple> at 71:26.
                        <term> at 71:26.
                          <factor> at 71:26.
                          </factor> at 71:30.
                        </term> at 71:30.
                      </simple> at 71:30.
                    </expr> at 71:30.
                    <expr> at 71:32.
                      <simple> at 71:32.
                        <term> at 71:32.
                          <factor> at 71:32.
                          </factor> at 71:38.
                        </term> at 71:38.
                      </simple> at 71:38.
                    </expr> at 71:38.
                  </arglist> at 71:39.
                </call> at 71:39.
              </statement> at 71:39.
              <statement> at 72:13.
                <call> at 72:13.
                  <arglist> at 72:22.
                    <expr> at 72:23.
                      <simple> at 72:23.
                        <term> at 72:23.
                          <factor> at 72:23.
                          </factor> at 72:24.
                        </term> at 72:24.
                      </simple> at 72:24.
                    </expr> at 72:24.
                    <expr> at 72:26.
                      <simple> at 72:26.
                        <term> at 72:26.
                          <factor> at 72:26.
                          </factor> at 72:33.
                        </term> at 72:33.
                        <term> at 72:35.
                          <factor> at 72:35.
                          </factor> at 72:36.
                        </term> at 72:36.
                      </simple> at 72:36.
                    </expr> at 72:36.
                    <expr> at 72:38.
                      <simple> at 72:38.
                        <term> at 72:38.
                          <factor> at 72:38.
                          </factor> at 72:43.
                        </term> at 72:43.
                      </simple> at 72:43.
                    </expr> at 72:43.
                  </arglist> at 72:44.
                </call> at 72:44.
              </statement> at 72:44.
              <statement> at 74:13.
                <call> at 74:13.
                  <arglist> at 74:18.
                    <expr> at 74:19.
                      <simple> at 74:19.
                        <term> at 74:19.
                          <factor> at 74:19.
                          </factor> at 74:20.
                        </term> at 74:20.
                      </simple> at 74:20.
                    </expr> at 74:20.
                    <expr> at 74:22.
                      <simple> at 74:22.
                        <term> at 74:22.
                          <factor> at 74:22.
                          </factor> at 74:26.
                        </term> at 74:26.
                      </simple> at 74:26.
                    </expr> at 74:26.
                    <expr> at 74:28.
                      <simple> at 74:28.
                        <term> at 74:28.
                          <factor> at 74:28.
                          </factor> at 74:34.
                        </term> at 74:34.
                      </simple> at 74:34.
                    </expr> at 74:34.
                    <expr> at 74:36.
                      <simple> at 74:36.
                        <term> at 74:36.
                          <factor> at 74:36.
                          </factor> at 74:41.
                        </term> at 74:41.
                      </simple> at 74:41.
                    </expr> at 74:41.
                  </arglist> at 75:9.
                </call> at 75:9.
              </statement> at 75:9.
            </statements> at 75:9.
          </if> at 77:5.
        </statement> at 77:5.
      </statements> at 77:5.
    </body> at 77:5.
  </subdef> at 77:5.
  <body> at 79:9.
    <vardef> at 79:9.
      <type> at 79:9.
      </type> at 79:13.
    </vardef> at 80:9.
    <vardef> at 80:9.
      <type> at 80:9.
      </type> at 80:19.
    </vardef> at 81:9.
    <vardef> at 81:9.
      <type> at 81:9.
      </type> at 81:19.
    </vardef> at 83:9.
    <statements> at 83:9.
      <statement> at 83:9.
        <assign> at 83:9.
          <simple> at 83:29.
            <term> at 83:29.
              <factor> at 83:29.
              </factor> at 83:31.
            </term> at 83:31.
          </simple> at 83:31.
        </assign> at 83:31.
      </statement> at 83:31.
      <statement> at 84:9.
        <assign> at 84:9.
          <expr> at 84:17.
            <simple> at 84:17.
              <term> at 84:17.
                <factor> at 84:17.
                </factor> at 84:18.
              </term> at 84:18.
            </simple> at 84:18.
          </expr> at 84:18.
        </assign> at 84:18.
      </statement> at 84:18.
      <statement> at 85:9.
        <while> at 85:9.
          <expr> at 85:15.
            <simple> at 85:15.
              <term> at 85:15.
                <factor> at 85:15.
                </factor> at 85:17.
              </term> at 85:17.
            </simple> at 85:17.
            <simple> at 85:19.
              <term> at 85:19.
                <factor> at 85:19.
                </factor> at 85:21.
              </term> at 85:21.
            </simple> at 85:21.
          </expr> at 85:21.
          <statements> at 86:13.
            <statement> at 86:13.
              <assign> at 86:13.
                <index> at 86:24.
                  <simple> at 86:25.
                    <term> at 86:25.
                      <factor> at 86:25.
                      </factor> at 86:26.
                    </term> at 86:26.
                  </simple> at 86:26.
                </index> at 86:28.
                <expr> at 86:30.
                  <simple> at 86:30.
                    <term> at 86:30.
                      <factor> at 86:30.
                      </factor> at 86:32.
                    </term> at 86:32.
                    <term> at 86:33.
                      <factor> at 86:33.
                      </factor> at 86:34.
                    </term> at 86:34.
                  </simple> at 86:34.
                </expr> at 86:34.
              </assign> at 86:34.
            </statement> at 86:34.
            <statement> at 87:13.
              <assign> at 87:13.
                <expr> at 87:21.
                  <simple> at 87:21.
                    <term> at 87:21.
                      <factor> at 87:21.
                      </factor> at 87:23.
                    </term> at 87:23.
                    <term> at 87:25.
                      <factor> at 87:25.
                      </factor> at 88:9.
                    </term> at 88:9.
                  </simple> at 88:9.
                </expr> at 88:9.
              </assign> at 88:9.
            </statement> at 88:9.
          </statements> at 88:9.
        </while> at 88:12.
      </statement> at 88:12.
      <statement> at 90:9.
        <assign> at 90:9.
          <index> at 90:20.
            <simple> at 90:21.
              <term> at 90:21.
                <factor> at 90:21.
                </factor> at 90:22.
              </term> at 90:22.
            </simple> at 90:22.
          </index> at 90:24.
          <expr> at 90:26.
            <simple> at 90:26.
              <term> at 90:26.
                <factor> at 90:26.
                </factor> at 90:29.
              </term> at 90:29.
            </simple> at 90:29.
          </expr> at 90:29.
        </assign> at 90:29.
      </statement> at 90:29.
      <statement> at 91:9.
        <assign> at 91:9.
          <index> at 91:20.
            <simple> at 91:21.
              <term> at 91:21.
                <factor> at 91:21.
                </factor> at 91:22.
              </term> at 91:22.
            </simple> at 91:22.
          </index> at 91:24.
          <expr> at 91:26.
            <simple> at 91:26.
              <term> at 91:26.
                <factor> at 91:26.
                </factor> at 91:27.
              </term> at 91:27.
            </simple> at 91:27.
          </expr> at 91:27.
        </assign> at 91:27.
      </statement> at 91:27.
      <statement> at 92:9.
        <assign> at 92:9.
          <index> at 92:20.
            <simple> at 92:21.
              <term> at 92:21.
                <factor> at 92:21.
                </factor> at 92:22.
              </term> at 92:22.
            </simple> at 92:22.
          </index> at 92:24.
          <expr> at 92:26.
            <simple> at 92:26.
              <term> at 92:27.
                <factor> at 92:27.
                </factor> at 92:28.
              </term> at 92:28.
            </simple> at 92:28.
          </expr> at 92:28.
        </assign> at 92:28.
      </statement> at 92:28.
      <statement> at 93:9.
        <assign> at 93:9.
          <index> at 93:20.
            <simple> at 93:21.
              <term> at 93:21.
                <factor> at 93:21.
                </factor> at 93:23.
              </term> at 93:23.
            </simple> at 93:23.
          </index> at 93:25.
          <expr> at 93:27.
            <simple> at 93:27.
              <term> at 93:27.
                <factor> at 93:27.
                </factor> at 93:28.
              </term> at 93:28.
            </simple> at 93:28.
          </expr> at 93:28.
        </assign> at 93:28.
      </statement> at 93:28.
      <statement> at 95:9.
        <assign> at 95:9.
          <expr> at 95:17.
            <simple> at 95:17.
              <term> at 95:17.
                <factor> at 95:17.
                </factor> at 95:18.
              </term> at 95:18.
            </simple> at 95:18.
          </expr> at 95:18.
        </assign> at 95:18.
      </statement> at 95:18.
      <statement> at 96:9.
        <while> at 96:9.
          <expr> at 96:15.
            <simple> at 96:15.
              <term> at 96:15.
                <factor> at 96:15.
                </factor> at 96:17.
              </term> at 96:17.
            </simple> at 96:17.
            <simple> at 96:19.
              <term> at 96:19.
                <factor> at 96:19.
                </factor> at 96:21.
              </term> at 96:21.
            </simple> at 96:21.
          </expr> at 96:21.
          <statements> at 97:13.
            <statement> at 97:13.
              <output> at 97:13.
                <expr> at 97:48.
                  <simple> at 97:48.
                    <term> at 97:48.
                      <factor> at 97:48.
                      </factor> at 97:50.
                    </term> at 97:50.
                  </simple> at 97:50.
                </expr> at 97:50.
                <expr> at 97:61.
                  <simple> at 97:61.
                    <term> at 97:61.
                      <factor> at 97:61.
                        <index> at 97:68.
                          <simple> at 97:69.
                            <term> at 97:69.
                              <factor> at 97:69.
                              </factor> at 97:70.
                            </term> at 97:70.
                          </simple> at 97:70.
                        </index> at 97:72.
                      </factor> at 97:72.
                    </term> at 97:72.
                  </simple> at 97:72.
                </expr> at 97:72.
              </output> at 97:80.
            </statement> at 97:80.
            <statement> at 98:13.
              <assign> at 98:13.
                <expr> at 98:21.
                  <simple> at 98:21.
                    <term> at 98:21.
                      <factor> at 98:21.
                      </factor> at 98:23.
                    </term> at 98:23.
                    <term> at 98:25.
                      <factor> at 98:25.
                      </factor> at 99:9.
                    </term> at 99:9.
                  </simple> at 99:9.
                </expr> at 99:9.
              </assign> at 99:9.
            </statement> at 99:9.
          </statements> at 99:9.
        </while> at 99:12.
      </statement> at 99:12.
      <statement> at 101:9.
        <call> at 101:9.
          <arglist> at 101:18.
            <expr> at 101:19.
              <simple> at 101:19.
                <term> at 101:19.
                  <factor> at 101:19.
                  </factor> at 101:26.
                </term> at 101:26.
              </simple> at 101:26.
            </expr> at 101:26.
            <expr> at 101:28.
              <simple> at 101:28.
                <term> at 101:28.
                  <factor> at 101:28.
                  </factor> at 101:29.
                </term> at 101:29.
              </simple> at 101:29.
            </expr> at 101:29.
            <expr> at 101:31.
              <simple> at 101:31.
                <term> at 101:31.
                  <factor> at 101:31.
                  </factor> at 101:33.
                </term> at 101:33.
              </simple> at 101:33.
            </expr> at 101:33.
          </arglist> at 101:34.
        </call> at 101:34.
      </statement> at 101:34.
      <statement> at 102:9.
        <output> at 102:9.
        </output> at 102:21.
      </statement> at 102:21.
      <statement> at 103:9.
        <assign> at 103:9.
          <expr> at 103:17.
            <simple> at 103:17.
              <term> at 103:17.
                <factor> at 103:17.
                </factor> at 103:18.
              </term> at 103:18.
            </simple> at 103:18.
          </expr> at 103:18.
        </assign> at 103:18.
      </statement> at 103:18.
      <statement> at 104:9.
        <while> at 104:9.
          <expr> at 104:15.
            <simple> at 104:15.
              <term> at 104:15.
                <factor> at 104:15.
                </factor> at 104:17.
              </term> at 104:17.
            </simple> at 104:17.
            <simple> at 104:19.
              <term> at 104:19.
                <factor> at 104:19.
                </factor> at 104:21.
              </term> at 104:21.
            </simple> at 104:21.
          </expr> at 104:21.
          <statements> at 105:13.
            <statement> at 105:13.
              <output> at 105:13.
                <expr> at 105:46.
                  <simple> at 105:46.
                    <term> at 105:46.
                      <factor> at 105:46.
                      </factor> at 105:48.
                    </term> at 105:48.
                  </simple> at 105:48.
                </expr> at 105:48.
                <expr> at 105:59.
                  <simple> at 105:59.
                    <term> at 105:59.
                      <factor> at 105:59.
                        <index> at 105:66.
                          <simple> at 105:67.
                            <term> at 105:67.
                              <factor> at 105:67.
                              </factor> at 105:68.
                            </term> at 105:68.
                          </simple> at 105:68.
                        </index> at 105:69.
                      </factor> at 105:69.
                    </term> at 105:69.
                  </simple> at 105:69.
                </expr> at 105:69.
              </output> at 105:77.
            </statement> at 105:77.
            <statement> at 106:13.
              <assign> at 106:13.
                <expr> at 106:21.
                  <simple> at 106:21.
                    <term> at 106:21.
                      <factor> at 106:21.
                      </factor> at 106:23.
                    </term> at 106:23.
                    <term> at 106:25.
                      <factor> at 106:25.
                      </factor> at 107:9.
                    </term> at 107:9.
                  </simple> at 107:9.
                </expr> at 107:9.
              </assign> at 107:9.
            </statement> at 107:9.
          </statements> at 107:9.
        </while> at 109:5.
      </statement> at 109:5.
    </statements> at 109:5.
  </body> at 109:5.
</program> at 109:5.
Generated: test61.class
.class public test61
.super java/lang/Object

.field private static final charsetName Ljava/lang/String;
.field private static final usLocale Ljava/util/Locale;
.field private static final scanner Ljava/util/Scanner;

.method static public <clinit>()V
.limit stack 5
.limit locals 1 
	ldc	"UTF-8"
	putstatic test61/charsetName Ljava/lang/String;
	new	java/util/Locale
	dup
	ldc	"en"
	ldc	"US"
	invokespecial java/util/Locale/<init>(Ljava/lang/String;Ljava/lang/String;)V
	putstatic test61/usLocale Ljava/util/Locale;
	new	java/util/Scanner
	dup
	new	java/io/BufferedInputStream
	dup
	getstatic java/lang/System/in Ljava/io/InputStream;
	invokespecial java/io/BufferedInputStream/<init>(Ljava/io/InputStream;)V
	getstatic test61/charsetName Ljava/lang/String;
	invokespecial java/util/Scanner/<init>(Ljava/io/InputStream;Ljava/lang/String;)V
	putstatic test61/scanner Ljava/util/Scanner;
	getstatic test61/scanner Ljava/util/Scanner;
	getstatic test61/usLocale Ljava/util/Locale;
	invokevirtual java/util/Scanner/useLocale(Ljava/util/Locale;)Ljava/util/Scanner;
	pop
	return
.end method

.method public <init>()V
	aload_0
	invokespecial java/lang/Object/<init>()V
	return
.end method

.method public static readInt()I
.limit stack 1
.limit locals 1
	getstatic test61/scanner Ljava/util/Scanner;
	invokevirtual java/util/Scanner/nextInt()I
	ireturn
.end method

.method public static readBoolean()Z
.limit stack 2
.limit locals 1
	getstatic test61/scanner Ljava/util/Scanner;
	invokevirtual java/util/Scanner/next()Ljava/lang/String;
	astore 0
	aload 0
	ldc	"true"
	invokevirtual java/lang/String/equalsIgnoreCase(Ljava/lang/String;)Z
	ifeq False
	iconst_1
	ireturn
False:
	aload 0
	ldc	"false"
	invokevirtual java/lang/String/equalsIgnoreCase(Ljava/lang/String;)Z
	ifeq Exception
	iconst_0
	ireturn
Exception:
	new	java/util/InputMismatchException
	dup
	invokespecial java/util/InputMismatchException/<init>()V
	athrow
.end method

.method public static main([Ljava/lang/String;)V
.limit stack 32
.limit locals 4
	ldc 15
	newarray int
	astore 2
	ldc 0
	istore 1
L31:
	iload 1
	ldc 15
	if_icmplt L33
	ldc 0
	goto L34
L33:
	ldc 1
L34:
	ifeq L32
	aload 2
	iload 1
	ldc 61
	iload 1
	isub
	iastore
	iload 1
	ldc 1
	iadd
	istore 1
	goto L31
L32:
	aload 2
	ldc 3
	ldc 144
	iastore
	aload 2
	ldc 7
	ldc 2
	iastore
	aload 2
	ldc 0
	ldc 8
	ineg
	iastore
	aload 2
	ldc 14
	ldc 0
	iastore
	ldc 0
	istore 1
L35:
	iload 1
	ldc 15
	if_icmplt L37
	ldc 0
	goto L38
L37:
	ldc 1
L38:
	ifeq L36
	getstatic java/lang/System/out Ljava/io/PrintStream;
	ldc "Original array index "
	invokevirtual java/io/PrintStream/print(Ljava/lang/String;)V
	iload 1
	getstatic java/lang/System/out Ljava/io/PrintStream;
	swap
	invokevirtual java/io/PrintStream/print(I)V
	getstatic java/lang/System/out Ljava/io/PrintStream;
	ldc ": "
	invokevirtual java/io/PrintStream/print(Ljava/lang/String;)V
	aload 2
	iload 1
	iaload
	getstatic java/lang/System/out Ljava/io/PrintStream;
	swap
	invokevirtual java/io/PrintStream/print(I)V
	getstatic java/lang/System/out Ljava/io/PrintStream;
	ldc "\n"
	invokevirtual java/io/PrintStream/print(Ljava/lang/String;)V
	iload 1
	ldc 1
	iadd
	istore 1
	goto L35
L36:
	aload 2
	ldc 0
	ldc 14
	invokestatic test61.mergesort([III)V
	getstatic java/lang/System/out Ljava/io/PrintStream;
	ldc "\n"
	invokevirtual java/io/PrintStream/print(Ljava/lang/String;)V
	ldc 0
	istore 1
L39:
	iload 1
	ldc 15
	if_icmplt L41
	ldc 0
	goto L42
L41:
	ldc 1
L42:
	ifeq L40
	getstatic java/lang/System/out Ljava/io/PrintStream;
	ldc "Sorted array index "
	invokevirtual java/io/PrintStream/print(Ljava/lang/String;)V
	iload 1
	getstatic java/lang/System/out Ljava/io/PrintStream;
	swap
	invokevirtual java/io/PrintStream/print(I)V
	getstatic java/lang/System/out Ljava/io/PrintStream;
	ldc ": "
	invokevirtual java/io/PrintStream/print(Ljava/lang/String;)V
	aload 2
	iload 1
	iaload
	getstatic java/lang/System/out Ljava/io/PrintStream;
	swap
	invokevirtual java/io/PrintStream/print(I)V
	getstatic java/lang/System/out Ljava/io/PrintStream;
	ldc "\n"
	invokevirtual java/io/PrintStream/print(Ljava/lang/String;)V
	iload 1
	ldc 1
	iadd
	istore 1
	goto L39
L40:
	return
.end method

.method public static mergesort([III)V
.limit stack 14
.limit locals 4
	iload 1
	iload 2
	if_icmplt L29
	ldc 0
	goto L30
L29:
	ldc 1
L30:
	ifeq L28
	iload 1
	iload 2
	iload 1
	isub
	ldc 2
	idiv
	iadd
	istore 3
	aload 0
	iload 1
	iload 3
	invokestatic test61.mergesort([III)V
	aload 0
	iload 3
	ldc 1
	iadd
	iload 2
	invokestatic test61.mergesort([III)V
	aload 0
	iload 1
	iload 3
	iload 2
	invokestatic test61.merge([IIII)V
	goto L27
L28:
L27:
	return
.end method

.method public static merge([IIII)V
.limit stack 12
.limit locals 11
	iload 2
	iload 1
	isub
	ldc 1
	iadd
	istore 7
	iload 3
	iload 2
	isub
	istore 8
	iload 7
	newarray int
	astore 9
	iload 8
	newarray int
	astore 10
	ldc 0
	istore 4
L1:
	iload 4
	iload 7
	if_icmplt L3
	ldc 0
	goto L4
L3:
	ldc 1
L4:
	ifeq L2
	aload 9
	iload 4
	aload 0
	iload 1
	iload 4
	iadd
	iaload
	iastore
	iload 4
	ldc 1
	iadd
	istore 4
	goto L1
L2:
	ldc 0
	istore 4
L5:
	iload 4
	iload 8
	if_icmplt L7
	ldc 0
	goto L8
L7:
	ldc 1
L8:
	ifeq L6
	aload 10
	iload 4
	aload 0
	iload 2
	iload 4
	iadd
	ldc 1
	iadd
	iaload
	iastore
	iload 4
	ldc 1
	iadd
	istore 4
	goto L5
L6:
	ldc 0
	istore 4
	ldc 0
	istore 5
	iload 1
	istore 6
L9:
	iload 4
	iload 7
	if_icmplt L11
	ldc 0
	goto L12
L11:
	ldc 1
L12:
	iload 5
	iload 8
	if_icmplt L13
	ldc 0
	goto L14
L13:
	ldc 1
L14:
	iand
	ifeq L10
	aload 9
	iload 4
	iaload
	aload 10
	iload 5
	iaload
	if_icmple L17
	ldc 0
	goto L18
L17:
	ldc 1
L18:
	ifeq L16
	aload 0
	iload 6
	aload 9
	iload 4
	iaload
	iastore
	iload 4
	ldc 1
	iadd
	istore 4
	goto L15
L16:
	aload 0
	iload 6
	aload 10
	iload 5
	iaload
	iastore
	iload 5
	ldc 1
	iadd
	istore 5
L15:
	iload 6
	ldc 1
	iadd
	istore 6
	goto L9
L10:
L19:
	iload 4
	iload 7
	if_icmplt L21
	ldc 0
	goto L22
L21:
	ldc 1
L22:
	ifeq L20
	aload 0
	iload 6
	aload 9
	iload 4
	iaload
	iastore
	iload 4
	ldc 1
	iadd
	istore 4
	iload 6
	ldc 1
	iadd
	istore 6
	goto L19
L20:
L23:
	iload 5
	iload 8
	if_icmplt L25
	ldc 0
	goto L26
L25:
	ldc 1
L26:
	ifeq L24
	aload 0
	iload 6
	aload 10
	iload 5
	iaload
	iastore
	iload 5
	ldc 1
	iadd
	istore 5
	iload 6
	ldc 1
	iadd
	istore 6
	goto L23
L24:
	return
.end method

Success!
