<program> at 1:1.
  <subdef> at 3:5.
    <type> at 3:16.
    </type> at 3:20.
    <type> at 3:26.
    </type> at 3:30.
    <type> at 3:37.
    </type> at 3:41.
    <type> at 3:49.
    </type> at 3:52.
    <body> at 5:9.
      <statements> at 5:9.
        <statement> at 5:9.
          <if> at 5:9.
            <expr> at 5:12.
              <simple> at 5:12.
                <term> at 5:12.
                  <factor> at 5:12.
                    <expr> at 5:13.
                      <simple> at 5:13.
                        <term> at 5:13.
                          <factor> at 5:13.
                          </factor> at 5:19.
                        </term> at 5:19.
                      </simple> at 5:19.
                      <simple> at 5:22.
                        <term> at 5:22.
                          <factor> at 5:22.
                          </factor> at 5:23.
                        </term> at 5:23.
                      </simple> at 5:23.
                    </expr> at 5:23.
                  </factor> at 5:24.
                </term> at 5:24.
              </simple> at 5:24.
            </expr> at 5:24.
            <statements> at 7:13.
              <statement> at 7:13.
                <assign> at 7:13.
                  <expr> at 7:24.
                    <simple> at 7:24.
                      <term> at 7:24.
                        <factor> at 7:24.
                        </factor> at 7:29.
                      </term> at 7:29.
                      <term> at 7:31.
                        <factor> at 7:31.
                        </factor> at 7:32.
                      </term> at 7:32.
                    </simple> at 7:32.
                  </expr> at 7:32.
                </assign> at 7:32.
              </statement> at 7:32.
              <statement> at 8:13.
                <assign> at 8:13.
                  <expr> at 8:25.
                    <simple> at 8:25.
                      <term> at 8:25.
                        <factor> at 8:25.
                        </factor> at 8:31.
                      </term> at 8:31.
                      <term> at 8:33.
                        <factor> at 8:33.
                        </factor> at 10:9.
                      </term> at 10:9.
                    </simple> at 10:9.
                  </expr> at 10:9.
                </assign> at 10:9.
              </statement> at 10:9.
            </statements> at 10:9.
          </if> at 10:12.
        </statement> at 10:12.
        <statement> at 12:9.
          <return> at 12:9.
            <expr> at 12:16.
              <simple> at 12:16.
                <term> at 12:16.
                  <factor> at 12:16.
                    <expr> at 12:17.
                      <simple> at 12:17.
                        <term> at 12:17.
                          <factor> at 12:17.
                          </factor> at 12:21.
                        </term> at 12:21.
                        <term> at 12:23.
                          <factor> at 12:23.
                            <expr> at 12:24.
                              <simple> at 12:24.
                                <term> at 12:24.
                                  <factor> at 12:24.
                                  </factor> at 12:27.
                                  <factor> at 12:29.
                                    <expr> at 12:30.
                                      <simple> at 12:30.
                                        <term> at 12:30.
                                          <factor> at 12:30.
                                          </factor> at 12:36.
                                        </term> at 12:36.
                                        <term> at 12:38.
                                          <factor> at 12:38.
                                          </factor> at 12:39.
                                        </term> at 12:39.
                                      </simple> at 12:39.
                                    </expr> at 12:39.
                                  </factor> at 12:41.
                                  <factor> at 12:43.
                                  </factor> at 12:45.
                                </term> at 12:45.
                              </simple> at 12:45.
                            </expr> at 12:45.
                          </factor> at 12:47.
                        </term> at 12:47.
                        <term> at 12:49.
                          <factor> at 12:49.
                          </factor> at 12:54.
                        </term> at 12:54.
                        <term> at 12:56.
                          <factor> at 12:56.
                            <expr> at 12:57.
                              <simple> at 12:57.
                                <term> at 12:57.
                                  <factor> at 12:57.
                                  </factor> at 12:62.
                                  <factor> at 12:64.
                                  </factor> at 12:65.
                                </term> at 12:65.
                              </simple> at 12:65.
                            </expr> at 12:65.
                          </factor> at 12:67.
                        </term> at 12:67.
                        <term> at 12:69.
                          <factor> at 12:69.
                          </factor> at 12:71.
                          <factor> at 12:73.
                            <expr> at 12:75.
                              <simple> at 12:75.
                                <term> at 12:75.
                                  <factor> at 12:75.
                                  </factor> at 12:80.
                                  <factor> at 12:82.
                                  </factor> at 12:85.
                                </term> at 12:85.
                              </simple> at 12:85.
                            </expr> at 12:85.
                          </factor> at 12:87.
                        </term> at 12:87.
                        <term> at 12:89.
                          <factor> at 12:89.
                            <expr> at 12:90.
                              <simple> at 12:90.
                                <term> at 12:90.
                                  <factor> at 12:90.
                                  </factor> at 12:95.
                                  <factor> at 12:97.
                                  </factor> at 12:100.
                                </term> at 12:100.
                              </simple> at 12:100.
                            </expr> at 12:100.
                          </factor> at 12:101.
                        </term> at 12:101.
                      </simple> at 12:101.
                    </expr> at 12:101.
                  </factor> at 12:103.
                  <factor> at 12:107.
                  </factor> at 14:5.
                </term> at 14:5.
              </simple> at 14:5.
            </expr> at 14:5.
          </return> at 14:5.
        </statement> at 14:5.
      </statements> at 14:5.
    </body> at 14:5.
  </subdef> at 14:5.
  <body> at 15:5.
    <vardef> at 15:5.
      <type> at 15:5.
      </type> at 15:9.
    </vardef> at 17:5.
    <vardef> at 17:5.
      <type> at 17:5.
      </type> at 17:15.
    </vardef> at 18:5.
    <vardef> at 18:5.
      <type> at 18:5.
      </type> at 18:15.
    </vardef> at 19:5.
    <vardef> at 19:5.
      <type> at 19:5.
      </type> at 19:15.
    </vardef> at 21:5.
    <statements> at 21:5.
      <statement> at 21:5.
        <assign> at 21:5.
          <simple> at 21:23.
            <term> at 21:23.
              <factor> at 21:23.
              </factor> at 21:24.
            </term> at 21:24.
          </simple> at 21:24.
        </assign> at 21:24.
      </statement> at 21:24.
      <statement> at 22:5.
        <assign> at 22:5.
          <simple> at 22:24.
            <term> at 22:24.
              <factor> at 22:24.
              </factor> at 22:25.
            </term> at 22:25.
          </simple> at 22:25.
        </assign> at 22:25.
      </statement> at 22:25.
      <statement> at 23:5.
        <assign> at 23:5.
          <simple> at 23:22.
            <term> at 23:22.
              <factor> at 23:22.
              </factor> at 23:23.
            </term> at 23:23.
          </simple> at 23:23.
        </assign> at 23:23.
      </statement> at 23:23.
      <statement> at 25:5.
        <assign> at 25:5.
          <index> at 25:14.
            <simple> at 25:15.
              <term> at 25:15.
                <factor> at 25:15.
                </factor> at 25:16.
              </term> at 25:16.
            </simple> at 25:16.
          </index> at 25:18.
          <expr> at 25:20.
            <simple> at 25:20.
              <term> at 25:20.
                <factor> at 25:20.
                </factor> at 25:24.
              </term> at 25:24.
            </simple> at 25:24.
          </expr> at 25:24.
        </assign> at 25:24.
      </statement> at 25:24.
      <statement> at 26:5.
        <assign> at 26:5.
          <index> at 26:14.
            <simple> at 26:15.
              <term> at 26:15.
                <factor> at 26:15.
                </factor> at 26:16.
              </term> at 26:16.
            </simple> at 26:16.
          </index> at 26:18.
          <expr> at 26:20.
            <simple> at 26:20.
              <term> at 26:20.
                <factor> at 26:20.
                </factor> at 26:24.
              </term> at 26:24.
            </simple> at 26:24.
          </expr> at 26:24.
        </assign> at 26:24.
      </statement> at 26:24.
      <statement> at 27:5.
        <assign> at 27:5.
          <index> at 27:14.
            <simple> at 27:15.
              <term> at 27:15.
                <factor> at 27:15.
                </factor> at 27:16.
              </term> at 27:16.
            </simple> at 27:16.
          </index> at 27:18.
          <expr> at 27:20.
            <simple> at 27:20.
              <term> at 27:20.
                <factor> at 27:20.
                </factor> at 27:24.
              </term> at 27:24.
            </simple> at 27:24.
          </expr> at 27:24.
        </assign> at 27:24.
      </statement> at 27:24.
      <statement> at 28:5.
        <assign> at 28:5.
          <index> at 28:14.
            <simple> at 28:15.
              <term> at 28:15.
                <factor> at 28:15.
                </factor> at 28:16.
              </term> at 28:16.
            </simple> at 28:16.
          </index> at 28:18.
          <expr> at 28:20.
            <simple> at 28:20.
              <term> at 28:20.
                <factor> at 28:20.
                </factor> at 28:24.
              </term> at 28:24.
            </simple> at 28:24.
          </expr> at 28:24.
        </assign> at 28:24.
      </statement> at 28:24.
      <statement> at 30:5.
        <assign> at 30:5.
          <index> at 30:15.
            <simple> at 30:16.
              <term> at 30:16.
                <factor> at 30:16.
                </factor> at 30:17.
              </term> at 30:17.
            </simple> at 30:17.
          </index> at 30:19.
          <expr> at 30:21.
            <simple> at 30:21.
              <term> at 30:21.
                <factor> at 30:21.
                </factor> at 30:22.
              </term> at 30:22.
            </simple> at 30:22.
          </expr> at 30:22.
        </assign> at 30:22.
      </statement> at 30:22.
      <statement> at 31:5.
        <assign> at 31:5.
          <index> at 31:15.
            <simple> at 31:16.
              <term> at 31:16.
                <factor> at 31:16.
                </factor> at 31:17.
              </term> at 31:17.
            </simple> at 31:17.
          </index> at 31:19.
          <expr> at 31:21.
            <simple> at 31:21.
              <term> at 31:21.
                <factor> at 31:21.
                </factor> at 31:22.
              </term> at 31:22.
            </simple> at 31:22.
          </expr> at 31:22.
        </assign> at 31:22.
      </statement> at 31:22.
      <statement> at 32:5.
        <assign> at 32:5.
          <index> at 32:15.
            <simple> at 32:16.
              <term> at 32:16.
                <factor> at 32:16.
                </factor> at 32:17.
              </term> at 32:17.
            </simple> at 32:17.
          </index> at 32:19.
          <expr> at 32:21.
            <simple> at 32:21.
              <term> at 32:21.
                <factor> at 32:21.
                </factor> at 32:23.
              </term> at 32:23.
            </simple> at 32:23.
          </expr> at 32:23.
        </assign> at 32:23.
      </statement> at 32:23.
      <statement> at 33:5.
        <assign> at 33:5.
          <index> at 33:15.
            <simple> at 33:16.
              <term> at 33:16.
                <factor> at 33:16.
                </factor> at 33:17.
              </term> at 33:17.
            </simple> at 33:17.
          </index> at 33:19.
          <expr> at 33:21.
            <simple> at 33:21.
              <term> at 33:21.
                <factor> at 33:21.
                </factor> at 33:22.
              </term> at 33:22.
            </simple> at 33:22.
          </expr> at 33:22.
        </assign> at 33:22.
      </statement> at 33:22.
      <statement> at 35:5.
        <assign> at 35:5.
          <index> at 35:13.
            <simple> at 35:14.
              <term> at 35:14.
                <factor> at 35:14.
                </factor> at 35:15.
              </term> at 35:15.
            </simple> at 35:15.
          </index> at 35:17.
          <expr> at 35:19.
            <simple> at 35:19.
              <term> at 35:19.
                <factor> at 35:19.
                </factor> at 35:21.
              </term> at 35:21.
            </simple> at 35:21.
          </expr> at 35:21.
        </assign> at 35:21.
      </statement> at 35:21.
      <statement> at 36:5.
        <assign> at 36:5.
          <index> at 36:13.
            <simple> at 36:14.
              <term> at 36:14.
                <factor> at 36:14.
                </factor> at 36:15.
              </term> at 36:15.
            </simple> at 36:15.
          </index> at 36:17.
          <expr> at 36:19.
            <simple> at 36:19.
              <term> at 36:19.
                <factor> at 36:19.
                </factor> at 36:20.
              </term> at 36:20.
            </simple> at 36:20.
          </expr> at 36:20.
        </assign> at 36:20.
      </statement> at 36:20.
      <statement> at 37:5.
        <assign> at 37:5.
          <index> at 37:13.
            <simple> at 37:14.
              <term> at 37:14.
                <factor> at 37:14.
                </factor> at 37:15.
              </term> at 37:15.
            </simple> at 37:15.
          </index> at 37:17.
          <expr> at 37:19.
            <simple> at 37:19.
              <term> at 37:19.
                <factor> at 37:19.
                </factor> at 37:21.
              </term> at 37:21.
            </simple> at 37:21.
          </expr> at 37:21.
        </assign> at 37:21.
      </statement> at 37:21.
      <statement> at 38:5.
        <assign> at 38:5.
          <index> at 38:13.
            <simple> at 38:14.
              <term> at 38:14.
                <factor> at 38:14.
                </factor> at 38:15.
              </term> at 38:15.
            </simple> at 38:15.
          </index> at 38:17.
          <expr> at 38:19.
            <simple> at 38:19.
              <term> at 38:19.
                <factor> at 38:19.
                </factor> at 38:20.
              </term> at 38:20.
            </simple> at 38:20.
          </expr> at 38:20.
        </assign> at 38:20.
      </statement> at 38:20.
      <statement> at 40:5.
        <assign> at 40:5.
          <expr> at 40:13.
            <simple> at 40:13.
              <term> at 40:13.
                <factor> at 40:13.
                </factor> at 40:14.
              </term> at 40:14.
            </simple> at 40:14.
          </expr> at 40:14.
        </assign> at 40:14.
      </statement> at 40:14.
      <statement> at 41:5.
        <while> at 41:5.
          <expr> at 41:11.
            <simple> at 41:11.
              <term> at 41:11.
                <factor> at 41:11.
                </factor> at 41:13.
              </term> at 41:13.
            </simple> at 41:13.
            <simple> at 41:15.
              <term> at 41:15.
                <factor> at 41:15.
                </factor> at 41:16.
              </term> at 41:16.
            </simple> at 41:16.
          </expr> at 41:16.
          <statements> at 43:9.
            <statement> at 43:9.
              <assign> at 43:9.
                <expr> at 43:19.
                  <simple> at 43:19.
                    <term> at 43:19.
                      <factor> at 43:19.
                        <arglist> at 43:29.
                          <expr> at 43:30.
                            <simple> at 43:30.
                              <term> at 43:30.
                                <factor> at 43:30.
                                  <index> at 43:35.
                                    <simple> at 43:36.
                                      <term> at 43:36.
                                        <factor> at 43:36.
                                        </factor> at 43:37.
                                      </term> at 43:37.
                                    </simple> at 43:37.
                                  </index> at 43:38.
                                </factor> at 43:38.
                              </term> at 43:38.
                            </simple> at 43:38.
                          </expr> at 43:38.
                          <expr> at 43:40.
                            <simple> at 43:40.
                              <term> at 43:40.
                                <factor> at 43:40.
                                  <index> at 43:46.
                                    <simple> at 43:47.
                                      <term> at 43:47.
                                        <factor> at 43:47.
                                        </factor> at 43:48.
                                      </term> at 43:48.
                                    </simple> at 43:48.
                                  </index> at 43:49.
                                </factor> at 43:49.
                              </term> at 43:49.
                            </simple> at 43:49.
                          </expr> at 43:49.
                          <expr> at 43:51.
                            <simple> at 43:51.
                              <term> at 43:51.
                                <factor> at 43:51.
                                  <index> at 43:55.
                                    <simple> at 43:56.
                                      <term> at 43:56.
                                        <factor> at 43:56.
                                        </factor> at 43:57.
                                      </term> at 43:57.
                                    </simple> at 43:57.
                                  </index> at 43:58.
                                </factor> at 43:58.
                              </term> at 43:58.
                            </simple> at 43:58.
                          </expr> at 43:58.
                        </arglist> at 43:59.
                      </factor> at 43:59.
                    </term> at 43:59.
                  </simple> at 43:59.
                </expr> at 43:59.
              </assign> at 43:59.
            </statement> at 43:59.
            <statement> at 45:9.
              <if> at 45:9.
                <expr> at 45:12.
                  <simple> at 45:12.
                    <term> at 45:12.
                      <factor> at 45:12.
                      </factor> at 45:16.
                    </term> at 45:16.
                  </simple> at 45:16.
                  <simple> at 45:18.
                    <term> at 45:18.
                      <factor> at 45:18.
                      </factor> at 45:19.
                    </term> at 45:19.
                  </simple> at 45:19.
                </expr> at 45:19.
                <statements> at 46:13.
                  <statement> at 46:13.
                    <output> at 46:13.
                      <expr> at 46:20.
                        <simple> at 46:20.
                          <term> at 46:20.
                            <factor> at 46:20.
                              <index> at 46:24.
                                <simple> at 46:25.
                                  <term> at 46:25.
                                    <factor> at 46:25.
                                    </factor> at 46:26.
                                  </term> at 46:26.
                                </simple> at 46:26.
                              </index> at 46:28.
                            </factor> at 46:28.
                          </term> at 46:28.
                        </simple> at 46:28.
                      </expr> at 46:28.
                      <expr> at 46:38.
                        <simple> at 46:38.
                          <term> at 46:38.
                            <factor> at 46:38.
                              <index> at 46:44.
                                <simple> at 46:45.
                                  <term> at 46:45.
                                    <factor> at 46:45.
                                    </factor> at 46:46.
                                  </term> at 46:46.
                                </simple> at 46:46.
                              </index> at 46:48.
                            </factor> at 46:48.
                          </term> at 46:48.
                        </simple> at 46:48.
                      </expr> at 46:48.
                      <expr> at 46:58.
                        <simple> at 46:58.
                          <term> at 46:58.
                            <factor> at 46:58.
                              <index> at 46:63.
                                <simple> at 46:64.
                                  <term> at 46:64.
                                    <factor> at 46:64.
                                    </factor> at 46:65.
                                  </term> at 46:65.
                                </simple> at 46:65.
                              </index> at 46:67.
                            </factor> at 46:67.
                          </term> at 46:67.
                        </simple> at 46:67.
                      </expr> at 46:67.
                    </output> at 47:9.
                  </statement> at 47:9.
                </statements> at 47:9.
                <elif> at 47:9.
                <expr> at 47:14.
                  <simple> at 47:14.
                    <term> at 47:14.
                      <factor> at 47:14.
                      </factor> at 47:18.
                    </term> at 47:18.
                  </simple> at 47:18.
                  <simple> at 47:20.
                    <term> at 47:20.
                      <factor> at 47:20.
                      </factor> at 47:21.
                    </term> at 47:21.
                  </simple> at 47:21.
                </expr> at 47:21.
                <statements> at 48:13.
                  <statement> at 48:13.
                    <output> at 48:13.
                      <expr> at 48:20.
                        <simple> at 48:20.
                          <term> at 48:20.
                            <factor> at 48:20.
                              <index> at 48:24.
                                <simple> at 48:25.
                                  <term> at 48:25.
                                    <factor> at 48:25.
                                    </factor> at 48:26.
                                  </term> at 48:26.
                                </simple> at 48:26.
                              </index> at 48:28.
                            </factor> at 48:28.
                          </term> at 48:28.
                        </simple> at 48:28.
                      </expr> at 48:28.
                      <expr> at 48:38.
                        <simple> at 48:38.
                          <term> at 48:38.
                            <factor> at 48:38.
                              <index> at 48:44.
                                <simple> at 48:45.
                                  <term> at 48:45.
                                    <factor> at 48:45.
                                    </factor> at 48:46.
                                  </term> at 48:46.
                                </simple> at 48:46.
                              </index> at 48:48.
                            </factor> at 48:48.
                          </term> at 48:48.
                        </simple> at 48:48.
                      </expr> at 48:48.
                      <expr> at 48:58.
                        <simple> at 48:58.
                          <term> at 48:58.
                            <factor> at 48:58.
                              <index> at 48:63.
                                <simple> at 48:64.
                                  <term> at 48:64.
                                    <factor> at 48:64.
                                    </factor> at 48:65.
                                  </term> at 48:65.
                                </simple> at 48:65.
                              </index> at 48:67.
                            </factor> at 48:67.
                          </term> at 48:67.
                        </simple> at 48:67.
                      </expr> at 48:67.
                    </output> at 49:9.
                  </statement> at 49:9.
                </statements> at 49:9.
                </elif> at 49:9.
                <elif> at 49:9.
                <expr> at 49:14.
                  <simple> at 49:14.
                    <term> at 49:14.
                      <factor> at 49:14.
                      </factor> at 49:18.
                    </term> at 49:18.
                  </simple> at 49:18.
                  <simple> at 49:20.
                    <term> at 49:20.
                      <factor> at 49:20.
                      </factor> at 49:21.
                    </term> at 49:21.
                  </simple> at 49:21.
                </expr> at 49:21.
                <statements> at 50:13.
                  <statement> at 50:13.
                    <output> at 50:13.
                      <expr> at 50:20.
                        <simple> at 50:20.
                          <term> at 50:20.
                            <factor> at 50:20.
                              <index> at 50:24.
                                <simple> at 50:25.
                                  <term> at 50:25.
                                    <factor> at 50:25.
                                    </factor> at 50:26.
                                  </term> at 50:26.
                                </simple> at 50:26.
                              </index> at 50:28.
                            </factor> at 50:28.
                          </term> at 50:28.
                        </simple> at 50:28.
                      </expr> at 50:28.
                      <expr> at 50:38.
                        <simple> at 50:38.
                          <term> at 50:38.
                            <factor> at 50:38.
                              <index> at 50:44.
                                <simple> at 50:45.
                                  <term> at 50:45.
                                    <factor> at 50:45.
                                    </factor> at 50:46.
                                  </term> at 50:46.
                                </simple> at 50:46.
                              </index> at 50:48.
                            </factor> at 50:48.
                          </term> at 50:48.
                        </simple> at 50:48.
                      </expr> at 50:48.
                      <expr> at 50:58.
                        <simple> at 50:58.
                          <term> at 50:58.
                            <factor> at 50:58.
                              <index> at 50:63.
                                <simple> at 50:64.
                                  <term> at 50:64.
                                    <factor> at 50:64.
                                    </factor> at 50:65.
                                  </term> at 50:65.
                                </simple> at 50:65.
                              </index> at 50:67.
                            </factor> at 50:67.
                          </term> at 50:67.
                        </simple> at 50:67.
                      </expr> at 50:67.
                    </output> at 51:9.
                  </statement> at 51:9.
                </statements> at 51:9.
                </elif> at 51:9.
                <elif> at 51:9.
                <expr> at 51:14.
                  <simple> at 51:14.
                    <term> at 51:14.
                      <factor> at 51:14.
                      </factor> at 51:18.
                    </term> at 51:18.
                  </simple> at 51:18.
                  <simple> at 51:20.
                    <term> at 51:20.
                      <factor> at 51:20.
                      </factor> at 51:21.
                    </term> at 51:21.
                  </simple> at 51:21.
                </expr> at 51:21.
                <statements> at 52:13.
                  <statement> at 52:13.
                    <output> at 52:13.
                      <expr> at 52:20.
                        <simple> at 52:20.
                          <term> at 52:20.
                            <factor> at 52:20.
                              <index> at 52:24.
                                <simple> at 52:25.
                                  <term> at 52:25.
                                    <factor> at 52:25.
                                    </factor> at 52:26.
                                  </term> at 52:26.
                                </simple> at 52:26.
                              </index> at 52:28.
                            </factor> at 52:28.
                          </term> at 52:28.
                        </simple> at 52:28.
                      </expr> at 52:28.
                      <expr> at 52:38.
                        <simple> at 52:38.
                          <term> at 52:38.
                            <factor> at 52:38.
                              <index> at 52:44.
                                <simple> at 52:45.
                                  <term> at 52:45.
                                    <factor> at 52:45.
                                    </factor> at 52:46.
                                  </term> at 52:46.
                                </simple> at 52:46.
                              </index> at 52:48.
                            </factor> at 52:48.
                          </term> at 52:48.
                        </simple> at 52:48.
                      </expr> at 52:48.
                      <expr> at 52:58.
                        <simple> at 52:58.
                          <term> at 52:58.
                            <factor> at 52:58.
                              <index> at 52:63.
                                <simple> at 52:64.
                                  <term> at 52:64.
                                    <factor> at 52:64.
                                    </factor> at 52:65.
                                  </term> at 52:65.
                                </simple> at 52:65.
                              </index> at 52:67.
                            </factor> at 52:67.
                          </term> at 52:67.
                        </simple> at 52:67.
                      </expr> at 52:67.
                    </output> at 53:9.
                  </statement> at 53:9.
                </statements> at 53:9.
                </elif> at 53:9.
                <elif> at 53:9.
                <expr> at 53:14.
                  <simple> at 53:14.
                    <term> at 53:14.
                      <factor> at 53:14.
                      </factor> at 53:18.
                    </term> at 53:18.
                  </simple> at 53:18.
                  <simple> at 53:20.
                    <term> at 53:20.
                      <factor> at 53:20.
                      </factor> at 53:21.
                    </term> at 53:21.
                  </simple> at 53:21.
                </expr> at 53:21.
                <statements> at 54:13.
                  <statement> at 54:13.
                    <output> at 54:13.
                      <expr> at 54:20.
                        <simple> at 54:20.
                          <term> at 54:20.
                            <factor> at 54:20.
                              <index> at 54:24.
                                <simple> at 54:25.
                                  <term> at 54:25.
                                    <factor> at 54:25.
                                    </factor> at 54:26.
                                  </term> at 54:26.
                                </simple> at 54:26.
                              </index> at 54:28.
                            </factor> at 54:28.
                          </term> at 54:28.
                        </simple> at 54:28.
                      </expr> at 54:28.
                      <expr> at 54:38.
                        <simple> at 54:38.
                          <term> at 54:38.
                            <factor> at 54:38.
                              <index> at 54:44.
                                <simple> at 54:45.
                                  <term> at 54:45.
                                    <factor> at 54:45.
                                    </factor> at 54:46.
                                  </term> at 54:46.
                                </simple> at 54:46.
                              </index> at 54:48.
                            </factor> at 54:48.
                          </term> at 54:48.
                        </simple> at 54:48.
                      </expr> at 54:48.
                      <expr> at 54:58.
                        <simple> at 54:58.
                          <term> at 54:58.
                            <factor> at 54:58.
                              <index> at 54:63.
                                <simple> at 54:64.
                                  <term> at 54:64.
                                    <factor> at 54:64.
                                    </factor> at 54:65.
                                  </term> at 54:65.
                                </simple> at 54:65.
                              </index> at 54:67.
                            </factor> at 54:67.
                          </term> at 54:67.
                        </simple> at 54:67.
                      </expr> at 54:67.
                    </output> at 55:9.
                  </statement> at 55:9.
                </statements> at 55:9.
                </elif> at 55:9.
                <elif> at 55:9.
                <expr> at 55:14.
                  <simple> at 55:14.
                    <term> at 55:14.
                      <factor> at 55:14.
                      </factor> at 55:18.
                    </term> at 55:18.
                  </simple> at 55:18.
                  <simple> at 55:20.
                    <term> at 55:20.
                      <factor> at 55:20.
                      </factor> at 55:21.
                    </term> at 55:21.
                  </simple> at 55:21.
                </expr> at 55:21.
                <statements> at 56:13.
                  <statement> at 56:13.
                    <output> at 56:13.
                      <expr> at 56:20.
                        <simple> at 56:20.
                          <term> at 56:20.
                            <factor> at 56:20.
                              <index> at 56:24.
                                <simple> at 56:25.
                                  <term> at 56:25.
                                    <factor> at 56:25.
                                    </factor> at 56:26.
                                  </term> at 56:26.
                                </simple> at 56:26.
                              </index> at 56:28.
                            </factor> at 56:28.
                          </term> at 56:28.
                        </simple> at 56:28.
                      </expr> at 56:28.
                      <expr> at 56:38.
                        <simple> at 56:38.
                          <term> at 56:38.
                            <factor> at 56:38.
                              <index> at 56:44.
                                <simple> at 56:45.
                                  <term> at 56:45.
                                    <factor> at 56:45.
                                    </factor> at 56:46.
                                  </term> at 56:46.
                                </simple> at 56:46.
                              </index> at 56:48.
                            </factor> at 56:48.
                          </term> at 56:48.
                        </simple> at 56:48.
                      </expr> at 56:48.
                      <expr> at 56:58.
                        <simple> at 56:58.
                          <term> at 56:58.
                            <factor> at 56:58.
                              <index> at 56:63.
                                <simple> at 56:64.
                                  <term> at 56:64.
                                    <factor> at 56:64.
                                    </factor> at 56:65.
                                  </term> at 56:65.
                                </simple> at 56:65.
                              </index> at 56:67.
                            </factor> at 56:67.
                          </term> at 56:67.
                        </simple> at 56:67.
                      </expr> at 56:67.
                    </output> at 57:9.
                  </statement> at 57:9.
                </statements> at 57:9.
                </elif> at 57:9.
                <elif> at 57:9.
                <expr> at 57:14.
                  <simple> at 57:14.
                    <term> at 57:14.
                      <factor> at 57:14.
                      </factor> at 57:18.
                    </term> at 57:18.
                  </simple> at 57:18.
                  <simple> at 57:20.
                    <term> at 57:20.
                      <factor> at 57:20.
                      </factor> at 57:21.
                    </term> at 57:21.
                  </simple> at 57:21.
                </expr> at 57:21.
                <statements> at 58:13.
                  <statement> at 58:13.
                    <output> at 58:13.
                      <expr> at 58:20.
                        <simple> at 58:20.
                          <term> at 58:20.
                            <factor> at 58:20.
                              <index> at 58:24.
                                <simple> at 58:25.
                                  <term> at 58:25.
                                    <factor> at 58:25.
                                    </factor> at 58:26.
                                  </term> at 58:26.
                                </simple> at 58:26.
                              </index> at 58:28.
                            </factor> at 58:28.
                          </term> at 58:28.
                        </simple> at 58:28.
                      </expr> at 58:28.
                      <expr> at 58:38.
                        <simple> at 58:38.
                          <term> at 58:38.
                            <factor> at 58:38.
                              <index> at 58:44.
                                <simple> at 58:45.
                                  <term> at 58:45.
                                    <factor> at 58:45.
                                    </factor> at 58:46.
                                  </term> at 58:46.
                                </simple> at 58:46.
                              </index> at 58:48.
                            </factor> at 58:48.
                          </term> at 58:48.
                        </simple> at 58:48.
                      </expr> at 58:48.
                      <expr> at 58:58.
                        <simple> at 58:58.
                          <term> at 58:58.
                            <factor> at 58:58.
                              <index> at 58:63.
                                <simple> at 58:64.
                                  <term> at 58:64.
                                    <factor> at 58:64.
                                    </factor> at 58:65.
                                  </term> at 58:65.
                                </simple> at 58:65.
                              </index> at 58:67.
                            </factor> at 58:67.
                          </term> at 58:67.
                        </simple> at 58:67.
                      </expr> at 58:67.
                    </output> at 59:9.
                  </statement> at 59:9.
                </statements> at 59:9.
                </elif> at 59:9.
                <else> at 59:9.
                <statements> at 60:13.
                  <statement> at 60:13.
                    <output> at 60:13.
                    </output> at 61:9.
                  </statement> at 61:9.
                </statements> at 61:9.
                </else> at 61:9.
              </if> at 61:12.
            </statement> at 61:12.
            <statement> at 63:9.
              <assign> at 63:9.
                <expr> at 63:17.
                  <simple> at 63:17.
                    <term> at 63:17.
                      <factor> at 63:17.
                      </factor> at 63:19.
                    </term> at 63:19.
                    <term> at 63:21.
                      <factor> at 63:21.
                      </factor> at 65:5.
                    </term> at 65:5.
                  </simple> at 65:5.
                </expr> at 65:5.
              </assign> at 65:5.
            </statement> at 65:5.
          </statements> at 65:5.
        </while> at 65:8.
      </statement> at 65:8.
    </statements> at 65:8.
  </body> at 65:8.
</program> at 65:8.
Generated: test65.class
.class public test65
.super java/lang/Object

.field private static final charsetName Ljava/lang/String;
.field private static final usLocale Ljava/util/Locale;
.field private static final scanner Ljava/util/Scanner;

.method static public <clinit>()V
.limit stack 5
.limit locals 1 
	ldc	"UTF-8"
	putstatic test65/charsetName Ljava/lang/String;
	new	java/util/Locale
	dup
	ldc	"en"
	ldc	"US"
	invokespecial java/util/Locale/<init>(Ljava/lang/String;Ljava/lang/String;)V
	putstatic test65/usLocale Ljava/util/Locale;
	new	java/util/Scanner
	dup
	new	java/io/BufferedInputStream
	dup
	getstatic java/lang/System/in Ljava/io/InputStream;
	invokespecial java/io/BufferedInputStream/<init>(Ljava/io/InputStream;)V
	getstatic test65/charsetName Ljava/lang/String;
	invokespecial java/util/Scanner/<init>(Ljava/io/InputStream;Ljava/lang/String;)V
	putstatic test65/scanner Ljava/util/Scanner;
	getstatic test65/scanner Ljava/util/Scanner;
	getstatic test65/usLocale Ljava/util/Locale;
	invokevirtual java/util/Scanner/useLocale(Ljava/util/Locale;)Ljava/util/Scanner;
	pop
	return
.end method

.method public <init>()V
	aload_0
	invokespecial java/lang/Object/<init>()V
	return
.end method

.method public static readInt()I
.limit stack 1
.limit locals 1
	getstatic test65/scanner Ljava/util/Scanner;
	invokevirtual java/util/Scanner/nextInt()I
	ireturn
.end method

.method public static readBoolean()Z
.limit stack 2
.limit locals 1
	getstatic test65/scanner Ljava/util/Scanner;
	invokevirtual java/util/Scanner/next()Ljava/lang/String;
	astore 0
	aload 0
	ldc	"true"
	invokevirtual java/lang/String/equalsIgnoreCase(Ljava/lang/String;)Z
	ifeq False
	iconst_1
	ireturn
False:
	aload 0
	ldc	"false"
	invokevirtual java/lang/String/equalsIgnoreCase(Ljava/lang/String;)Z
	ifeq Exception
	iconst_0
	ireturn
Exception:
	new	java/util/InputMismatchException
	dup
	invokespecial java/util/InputMismatchException/<init>()V
	athrow
.end method

.method public static main([Ljava/lang/String;)V
.limit stack 100
.limit locals 6
	ldc 4
	newarray int
	astore 3
	ldc 4
	newarray int
	astore 4
	ldc 4
	newarray int
	astore 5
	aload 3
	ldc 0
	ldc 2023
	iastore
	aload 3
	ldc 1
	ldc 2021
	iastore
	aload 3
	ldc 2
	ldc 1999
	iastore
	aload 3
	ldc 3
	ldc 1876
	iastore
	aload 4
	ldc 0
	ldc 3
	iastore
	aload 4
	ldc 1
	ldc 2
	iastore
	aload 4
	ldc 2
	ldc 11
	iastore
	aload 4
	ldc 3
	ldc 6
	iastore
	aload 5
	ldc 0
	ldc 26
	iastore
	aload 5
	ldc 1
	ldc 1
	iastore
	aload 5
	ldc 2
	ldc 20
	iastore
	aload 5
	ldc 3
	ldc 8
	iastore
	ldc 0
	istore 2
L5:
	iload 2
	ldc 4
	if_icmplt L7
	ldc 0
	goto L8
L7:
	ldc 1
L8:
	ifeq L6
	aload 3
	iload 2
	iaload
	aload 4
	iload 2
	iaload
	aload 5
	iload 2
	iaload
	invokestatic test65.getweekday(III)I
	istore 1
	iload 1
	ldc 1
	if_icmpeq L11
	ldc 0
	goto L12
L11:
	ldc 1
L12:
	ifeq L10
	aload 5
	iload 2
	iaload
	getstatic java/lang/System/out Ljava/io/PrintStream;
	swap
	invokevirtual java/io/PrintStream/print(I)V
	getstatic java/lang/System/out Ljava/io/PrintStream;
	ldc "/"
	invokevirtual java/io/PrintStream/print(Ljava/lang/String;)V
	aload 4
	iload 2
	iaload
	getstatic java/lang/System/out Ljava/io/PrintStream;
	swap
	invokevirtual java/io/PrintStream/print(I)V
	getstatic java/lang/System/out Ljava/io/PrintStream;
	ldc "/"
	invokevirtual java/io/PrintStream/print(Ljava/lang/String;)V
	aload 3
	iload 2
	iaload
	getstatic java/lang/System/out Ljava/io/PrintStream;
	swap
	invokevirtual java/io/PrintStream/print(I)V
	getstatic java/lang/System/out Ljava/io/PrintStream;
	ldc " is a Sunday\n"
	invokevirtual java/io/PrintStream/print(Ljava/lang/String;)V
	goto L9
L10:
	iload 1
	ldc 2
	if_icmpeq L14
	ldc 0
	goto L15
L14:
	ldc 1
L15:
	ifeq L13
	aload 5
	iload 2
	iaload
	getstatic java/lang/System/out Ljava/io/PrintStream;
	swap
	invokevirtual java/io/PrintStream/print(I)V
	getstatic java/lang/System/out Ljava/io/PrintStream;
	ldc "/"
	invokevirtual java/io/PrintStream/print(Ljava/lang/String;)V
	aload 4
	iload 2
	iaload
	getstatic java/lang/System/out Ljava/io/PrintStream;
	swap
	invokevirtual java/io/PrintStream/print(I)V
	getstatic java/lang/System/out Ljava/io/PrintStream;
	ldc "/"
	invokevirtual java/io/PrintStream/print(Ljava/lang/String;)V
	aload 3
	iload 2
	iaload
	getstatic java/lang/System/out Ljava/io/PrintStream;
	swap
	invokevirtual java/io/PrintStream/print(I)V
	getstatic java/lang/System/out Ljava/io/PrintStream;
	ldc " is a Monday\n"
	invokevirtual java/io/PrintStream/print(Ljava/lang/String;)V
	goto L9
L13:
	iload 1
	ldc 3
	if_icmpeq L17
	ldc 0
	goto L18
L17:
	ldc 1
L18:
	ifeq L16
	aload 5
	iload 2
	iaload
	getstatic java/lang/System/out Ljava/io/PrintStream;
	swap
	invokevirtual java/io/PrintStream/print(I)V
	getstatic java/lang/System/out Ljava/io/PrintStream;
	ldc "/"
	invokevirtual java/io/PrintStream/print(Ljava/lang/String;)V
	aload 4
	iload 2
	iaload
	getstatic java/lang/System/out Ljava/io/PrintStream;
	swap
	invokevirtual java/io/PrintStream/print(I)V
	getstatic java/lang/System/out Ljava/io/PrintStream;
	ldc "/"
	invokevirtual java/io/PrintStream/print(Ljava/lang/String;)V
	aload 3
	iload 2
	iaload
	getstatic java/lang/System/out Ljava/io/PrintStream;
	swap
	invokevirtual java/io/PrintStream/print(I)V
	getstatic java/lang/System/out Ljava/io/PrintStream;
	ldc " is a Tuesday\n"
	invokevirtual java/io/PrintStream/print(Ljava/lang/String;)V
	goto L9
L16:
	iload 1
	ldc 4
	if_icmpeq L20
	ldc 0
	goto L21
L20:
	ldc 1
L21:
	ifeq L19
	aload 5
	iload 2
	iaload
	getstatic java/lang/System/out Ljava/io/PrintStream;
	swap
	invokevirtual java/io/PrintStream/print(I)V
	getstatic java/lang/System/out Ljava/io/PrintStream;
	ldc "/"
	invokevirtual java/io/PrintStream/print(Ljava/lang/String;)V
	aload 4
	iload 2
	iaload
	getstatic java/lang/System/out Ljava/io/PrintStream;
	swap
	invokevirtual java/io/PrintStream/print(I)V
	getstatic java/lang/System/out Ljava/io/PrintStream;
	ldc "/"
	invokevirtual java/io/PrintStream/print(Ljava/lang/String;)V
	aload 3
	iload 2
	iaload
	getstatic java/lang/System/out Ljava/io/PrintStream;
	swap
	invokevirtual java/io/PrintStream/print(I)V
	getstatic java/lang/System/out Ljava/io/PrintStream;
	ldc " is a Wednesday\n"
	invokevirtual java/io/PrintStream/print(Ljava/lang/String;)V
	goto L9
L19:
	iload 1
	ldc 5
	if_icmpeq L23
	ldc 0
	goto L24
L23:
	ldc 1
L24:
	ifeq L22
	aload 5
	iload 2
	iaload
	getstatic java/lang/System/out Ljava/io/PrintStream;
	swap
	invokevirtual java/io/PrintStream/print(I)V
	getstatic java/lang/System/out Ljava/io/PrintStream;
	ldc "/"
	invokevirtual java/io/PrintStream/print(Ljava/lang/String;)V
	aload 4
	iload 2
	iaload
	getstatic java/lang/System/out Ljava/io/PrintStream;
	swap
	invokevirtual java/io/PrintStream/print(I)V
	getstatic java/lang/System/out Ljava/io/PrintStream;
	ldc "/"
	invokevirtual java/io/PrintStream/print(Ljava/lang/String;)V
	aload 3
	iload 2
	iaload
	getstatic java/lang/System/out Ljava/io/PrintStream;
	swap
	invokevirtual java/io/PrintStream/print(I)V
	getstatic java/lang/System/out Ljava/io/PrintStream;
	ldc " is a Thursday\n"
	invokevirtual java/io/PrintStream/print(Ljava/lang/String;)V
	goto L9
L22:
	iload 1
	ldc 6
	if_icmpeq L26
	ldc 0
	goto L27
L26:
	ldc 1
L27:
	ifeq L25
	aload 5
	iload 2
	iaload
	getstatic java/lang/System/out Ljava/io/PrintStream;
	swap
	invokevirtual java/io/PrintStream/print(I)V
	getstatic java/lang/System/out Ljava/io/PrintStream;
	ldc "/"
	invokevirtual java/io/PrintStream/print(Ljava/lang/String;)V
	aload 4
	iload 2
	iaload
	getstatic java/lang/System/out Ljava/io/PrintStream;
	swap
	invokevirtual java/io/PrintStream/print(I)V
	getstatic java/lang/System/out Ljava/io/PrintStream;
	ldc "/"
	invokevirtual java/io/PrintStream/print(Ljava/lang/String;)V
	aload 3
	iload 2
	iaload
	getstatic java/lang/System/out Ljava/io/PrintStream;
	swap
	invokevirtual java/io/PrintStream/print(I)V
	getstatic java/lang/System/out Ljava/io/PrintStream;
	ldc " is a Friday\n"
	invokevirtual java/io/PrintStream/print(Ljava/lang/String;)V
	goto L9
L25:
	iload 1
	ldc 0
	if_icmpeq L29
	ldc 0
	goto L30
L29:
	ldc 1
L30:
	ifeq L28
	aload 5
	iload 2
	iaload
	getstatic java/lang/System/out Ljava/io/PrintStream;
	swap
	invokevirtual java/io/PrintStream/print(I)V
	getstatic java/lang/System/out Ljava/io/PrintStream;
	ldc "/"
	invokevirtual java/io/PrintStream/print(Ljava/lang/String;)V
	aload 4
	iload 2
	iaload
	getstatic java/lang/System/out Ljava/io/PrintStream;
	swap
	invokevirtual java/io/PrintStream/print(I)V
	getstatic java/lang/System/out Ljava/io/PrintStream;
	ldc "/"
	invokevirtual java/io/PrintStream/print(Ljava/lang/String;)V
	aload 3
	iload 2
	iaload
	getstatic java/lang/System/out Ljava/io/PrintStream;
	swap
	invokevirtual java/io/PrintStream/print(I)V
	getstatic java/lang/System/out Ljava/io/PrintStream;
	ldc " is a Saturday\n"
	invokevirtual java/io/PrintStream/print(Ljava/lang/String;)V
	goto L9
L28:
	getstatic java/lang/System/out Ljava/io/PrintStream;
	ldc "Something went wrong\n"
	invokevirtual java/io/PrintStream/print(Ljava/lang/String;)V
L9:
	iload 2
	ldc 1
	iadd
	istore 2
	goto L5
L6:
	return
.end method

.method public static getweekday(III)I
.limit stack 6
.limit locals 3
	iload 1
	ldc 2
	if_icmple L3
	ldc 0
	goto L4
L3:
	ldc 1
L4:
	ifeq L2
	iload 0
	ldc 1
	isub
	istore 0
	iload 1
	ldc 12
	iadd
	istore 1
	goto L1
L2:
L1:
	iload 2
	ldc 26
	iload 1
	ldc 1
	iadd
	imul
	ldc 10
	idiv
	iadd
	iload 0
	iadd
	iload 0
	ldc 4
	idiv
	iadd
	ldc 6
	iload 0
	ldc 100
	idiv
	imul
	iadd
	iload 0
	ldc 400
	idiv
	iadd
	ldc 7
	irem
	ireturn
	return
.end method

Success!
