type "search <Enter>" to stop inserting and start searching.
Actions
=======
insert <id> -- insert <id> into current table
find <id>   -- find <id> in current table
open <id>   -- open subroutine <id> table
close       -- close current subroutine table
print       -- print current symbol table
quit        -- quit program
>> >> >> >> >> >> >> >> >> >> >> >> >> >> >> >> >> >> >> >> >> >> >> >> >> >> >> >> >> >> >> >> >> >> >> >> >> >> >> >> >> >> >> >> >> >> >> >> >> >> >> >> >> >> >> >> >> >> >> >> >> >> >> >> >> >> >> >> >> >> >> >> >> >> >> >> >> >> >> >> >> >> >> >> >> >> >> >> >> >> >> >> >> >> >> >> >> >> >> >> >> >> >> >> >> >> >> >> >> >> >> >> >> >> >> >> >> >> >> >> >> >> >> >> >> >> >> >> >> >> >> >> >> >> >> >> >> >> >> >> >> >> >> >> >> >> >> >> >> >> >> >> >> >> >> >> >> >> >> >> >> >> >> >> >> >> >> >> >> >> >> >> >> >> >> >> >> >> >> >> >> >> >> >> >> >> >> >> >> >> >> >> >> >> >> >> >> >> >> >> >> >> >> >> >> >> >> >> >> >> >> >> >> >> >> >> >> >> >> >> >> >> >> >> >> >> >> >> >> >> >> >> >> >> >> >> >> >> >> >> >> >> >> >> >> >> >> >> >> >> >> >> >> >> >> >> >> >> >> >> >> >> >> >> >> >> >> >> >> >> >> >> >> >> >> >> >> >> >> >> >> >> >> >> >> >> >> >> >> >> >> >> >> >> >> >> >> >> >> >> >> >> >> >> >> >> >> >> >> >> >> >> >> >> >> >> >> >> >> >> >> >> >> >> >> >> >> >> >> >> >> >> >> >> >> >> >> >> >> >> >> >> >> >> >> >> >> >> >> >> >> >> >> >> >> >> >> >> >> >> >> >> >> >> >> >> >> >> >> >> >> >> >> >> >> >> >> >> >> >> >> >> >> >> >> >> >> >> >> >> >> >> >> >> >> >> >> >> >> >> >> >> >> >> >> >> >> >> >> >> >> >> >> >> >> >> >> >> >> >> >> >> >> >> >> >> >> >> >> >> >> >> >> >> >> >> >> >> >> >> >> >> >> >> >> >> >> >> >> >> >> >> >> >> >> >> >> >> >> >> >> >> >> >> >> >> >> >> >> >> >> >> >> >> >> >> >> >> >> >> >> >> >> >> >> >> >> >> >> >> >> >> >> >> >> >> >> >> >> >> >> >> >> >> >> >> >> >> >> >> >> >> >> >> >> >> >> >> >> >> >> >> >> >> >> >> >> >> >> >> >> >> >> >> >> >> >> >> >> >> >> >> >> >> >> >> >> >> >> >> >> >> >> >> >> >> >> >> >> >> >> >> >> >> >> >> >> >> >> >> >> >> >> >> >> >> >> >> >> >> >> >> >> >> >> >> >> >> >> >> >> >> >> >> >> >> >> >> >> >> >> >> >> >> >> >> >> >> >> >> >> >> >> >> >> >> >> >> >> >> >> >> >> >> >> >> >> >> >> >> >> >> >> >> >> >> >> >> >> >> >> >> >> >> >> >> >> >> >> >> >> >> >> >> >> >> >> >> >> >> >> >> >> >> >> >> >> >> >> >> >> >> >> >> >> >> >> >> >> >> >> >> >> >> >> >> >> >> >> >> >> >> >> >> >> >> >> >> >> >> >> >> >> >> >> >> >> >> >> >> >> >> >> >> >> >> >> >> >> >> >> >> >> >> >> >> >> >> >> >> >> >> >> >> >> >> >> >> >> >> >> >> >> >> >> >> >> >> >> >> >> >> >> >> >> >> >> >> >> >> >> >> >> >> >> >> >> >> >> >> >> >> >> >> >> >> >> >> >> >> >> >> >> >> >> >> >> >> >> >> >> >> >> >> >> >> >> >> >> >> >> >> >> >> >> >> >> >> >> >> >> >> >> >> >> >> >> >> >> >> >> >> >> >> >> >> >> >> >> >> >> >> >> bucket[ 0] --> social@32[integer] --> NULL
bucket[ 1] --> NULL
bucket[ 2] --> NULL
bucket[ 3] --> NULL
bucket[ 4] --> NULL
bucket[ 5] --> NULL
bucket[ 6] --> society@33[integer] --> NULL
bucket[ 7] --> single@20[integer] --> NULL
bucket[ 8] --> station@64[integer] --> NULL
bucket[ 9] --> NULL
bucket[10] --> NULL
bucket[11] --> NULL
bucket[12] --> NULL
bucket[13] --> NULL
bucket[14] --> NULL
bucket[15] --> simple@16[integer] --> NULL
bucket[16] --> space@48[integer] --> shake@3[integer] --> NULL
bucket[17] --> NULL
bucket[18] --> NULL
bucket[19] --> NULL
bucket[20] --> should@9[integer] --> NULL
bucket[21] --> NULL
bucket[22] --> source@45[integer] --> since@18[integer] --> NULL
bucket[23] --> sexual@2[integer] --> share@4[integer] --> NULL
bucket[24] --> stage@57[integer] --> staff@56[integer] --> spring@55[integer] --> speak@49[integer] --> significant@14[integer] --> NULL
bucket[25] --> NULL
bucket[26] --> NULL
bucket[27] --> NULL
bucket[28] --> NULL
bucket[29] --> small@29[integer] --> NULL
bucket[30] --> stand@58[integer] --> spend@53[integer] --> smile@30[integer] --> NULL
bucket[31] --> sister@21[integer] --> NULL
bucket[32] --> NULL
bucket[33] --> NULL
bucket[34] --> NULL
bucket[35] --> simply@17[integer] --> skill@27[integer] --> NULL
bucket[36] --> NULL
bucket[37] --> state@62[integer] --> NULL
bucket[38] --> NULL
bucket[39] --> NULL
bucket[40] --> stock@68[integer] --> side@12[integer] --> NULL
bucket[41] --> NULL
bucket[42] --> NULL
bucket[43] --> NULL
bucket[44] --> still@67[integer] --> NULL
bucket[45] --> sound@44[integer] --> NULL
bucket[46] --> NULL
bucket[47] --> NULL
bucket[48] --> NULL
bucket[49] --> shoot@6[integer] --> NULL
bucket[50] --> start@61[integer] --> NULL
bucket[51] --> NULL
bucket[52] --> short@7[integer] --> sing@19[integer] --> sign@13[integer] --> NULL
bucket[53] --> NULL
bucket[54] --> NULL
bucket[55] --> south@46[integer] --> some@35[integer] --> NULL
bucket[56] --> site@23[integer] --> skin@28[integer] --> NULL
bucket[57] --> NULL
bucket[58] --> song@41[integer] --> NULL
bucket[59] --> NULL
bucket[60] --> sport@54[integer] --> NULL
bucket[61] --> star@60[integer] --> NULL
bucket[62] --> size@26[integer] --> NULL
bucket[63] --> step@66[integer] --> NULL
bucket[64] --> NULL
bucket[65] --> shot@8[integer] --> NULL
bucket[66] --> soon@42[integer] --> she@5[integer] --> NULL
bucket[67] --> NULL
bucket[68] --> stay@65[integer] --> show@11[integer] --> NULL
bucket[69] --> NULL
bucket[70] --> NULL
bucket[71] --> NULL
bucket[72] --> NULL
bucket[73] --> stop@69[integer] --> NULL
bucket[74] --> NULL
bucket[75] --> sort@43[integer] --> NULL
bucket[76] --> specific@51[integer] --> NULL
bucket[77] --> NULL
bucket[78] --> NULL
bucket[79] --> NULL
bucket[80] --> NULL
bucket[81] --> NULL
bucket[82] --> sit@22[integer] --> sex@1[integer] --> son@40[integer] --> NULL
bucket[83] --> NULL
bucket[84] --> NULL
bucket[85] --> something@38[integer] --> NULL
bucket[86] --> six@25[integer] --> NULL
bucket[87] --> standard@59[integer] --> NULL
bucket[88] --> NULL
bucket[89] --> NULL
bucket[90] --> NULL
bucket[91] --> NULL
bucket[92] --> statement@63[integer] --> NULL
bucket[93] --> sometimes@39[integer] --> NULL
bucket[94] --> NULL
bucket[95] --> NULL
bucket[96] --> NULL
bucket[97] --> NULL
bucket[98] --> NULL
bucket[99] --> so@31[integer] --> NULL
bucket[100] --> NULL
bucket[101] --> NULL
bucket[102] --> special@50[integer] --> NULL
bucket[103] --> situation@24[integer] --> NULL
bucket[104] --> somebody@36[integer] --> NULL
bucket[105] --> NULL
bucket[106] --> NULL
bucket[107] --> NULL
bucket[108] --> shoulder@10[integer] --> NULL
bucket[109] --> NULL
bucket[110] --> NULL
bucket[111] --> NULL
bucket[112] --> NULL
bucket[113] --> NULL
bucket[114] --> NULL
bucket[115] --> NULL
bucket[116] --> NULL
bucket[117] --> NULL
bucket[118] --> similar@15[integer] --> NULL
bucket[119] --> several@0[integer] --> soldier@34[integer] --> NULL
bucket[120] --> NULL
bucket[121] --> NULL
bucket[122] --> NULL
bucket[123] --> someone@37[integer] --> NULL
bucket[124] --> speech@52[integer] --> NULL
bucket[125] --> NULL
bucket[126] --> southern@47[integer] --> NULL
>> "step" found at offset 66
>> Identifier not found.
>> >> >> >> >> >> >> >> >> >> >> >> >> >> >> >> >> >> >> >> >> >> >> >> >> >> >> >> >> >> >> >> >> >> >> >> >> >> >> >> >> >> >> >> >> >> >> >> >> >> >> >> >> >> >> >> >> >> >> >> >> >> >> >> >> >> >> >> >> >> >> >> >> >> >> >> >> >> >> >> >> >> >> >> >> >> >> >> >> >> >> >> >> >> >> >> >> >> >> >> >> >> >> >> >> >> >> >> >> >> >> >> >> >> >> >> >> >> >> >> >> >> >> >> >> >> >> >> >> >> >> >> >> >> >> >> >> >> >> >> >> >> >> >> >> >> >> >> >> >> >> >> >> >> >> >> >> >> >> >> >> >> >> >> >> >> >> >> >> >> bucket[ 0] --> NULL
bucket[ 1] --> NULL
bucket[ 2] --> NULL
bucket[ 3] --> NULL
bucket[ 4] --> NULL
bucket[ 5] --> NULL
bucket[ 6] --> NULL
bucket[ 7] --> NULL
bucket[ 8] --> NULL
bucket[ 9] --> NULL
bucket[10] --> NULL
bucket[11] --> NULL
bucket[12] --> NULL
bucket[13] --> NULL
bucket[14] --> NULL
bucket[15] --> NULL
bucket[16] --> NULL
bucket[17] --> NULL
bucket[18] --> NULL
bucket[19] --> NULL
bucket[20] --> NULL
bucket[21] --> NULL
bucket[22] --> NULL
bucket[23] --> NULL
bucket[24] --> NULL
bucket[25] --> NULL
bucket[26] --> NULL
bucket[27] --> NULL
bucket[28] --> NULL
bucket[29] --> NULL
bucket[30] --> NULL
bucket[31] --> NULL
bucket[32] --> NULL
bucket[33] --> NULL
bucket[34] --> NULL
bucket[35] --> NULL
bucket[36] --> NULL
bucket[37] --> NULL
bucket[38] --> NULL
bucket[39] --> NULL
bucket[40] --> NULL
bucket[41] --> NULL
bucket[42] --> NULL
bucket[43] --> NULL
bucket[44] --> NULL
bucket[45] --> NULL
bucket[46] --> NULL
bucket[47] --> NULL
bucket[48] --> NULL
bucket[49] --> NULL
bucket[50] --> NULL
bucket[51] --> NULL
bucket[52] --> NULL
bucket[53] --> NULL
bucket[54] --> NULL
bucket[55] --> NULL
bucket[56] --> NULL
bucket[57] --> NULL
bucket[58] --> NULL
bucket[59] --> NULL
bucket[60] --> NULL
bucket[61] --> NULL
bucket[62] --> NULL
bucket[63] --> NULL
bucket[64] --> NULL
bucket[65] --> NULL
bucket[66] --> NULL
bucket[67] --> NULL
bucket[68] --> NULL
bucket[69] --> NULL
bucket[70] --> NULL
bucket[71] --> NULL
bucket[72] --> NULL
bucket[73] --> I@401[integer] --> NULL
bucket[74] --> NULL
bucket[75] --> NULL
bucket[76] --> NULL
bucket[77] --> NULL
bucket[78] --> NULL
bucket[79] --> NULL
bucket[80] --> NULL
bucket[81] --> NULL
bucket[82] --> NULL
bucket[83] --> NULL
bucket[84] --> NULL
bucket[85] --> NULL
bucket[86] --> NULL
bucket[87] --> NULL
bucket[88] --> NULL
bucket[89] --> NULL
bucket[90] --> NULL
bucket[91] --> NULL
bucket[92] --> NULL
bucket[93] --> NULL
bucket[94] --> NULL
bucket[95] --> NULL
bucket[96] --> NULL
bucket[97] --> a@1[integer] --> NULL
bucket[98] --> NULL
bucket[99] --> NULL
bucket[100] --> NULL
bucket[101] --> NULL
bucket[102] --> NULL
bucket[103] --> NULL
bucket[104] --> NULL
bucket[105] --> NULL
bucket[106] --> NULL
bucket[107] --> NULL
bucket[108] --> NULL
bucket[109] --> NULL
bucket[110] --> NULL
bucket[111] --> NULL
bucket[112] --> NULL
bucket[113] --> NULL
bucket[114] --> NULL
bucket[115] --> NULL
bucket[116] --> NULL
bucket[117] --> NULL
bucket[118] --> NULL
bucket[119] --> NULL
bucket[120] --> NULL
bucket[121] --> NULL
bucket[122] --> NULL
bucket[123] --> NULL
bucket[124] --> NULL
bucket[125] --> NULL
bucket[126] --> NULL
bucket[127] --> NULL
bucket[128] --> NULL
bucket[129] --> NULL
bucket[130] --> NULL
bucket[131] --> NULL
bucket[132] --> NULL
bucket[133] --> NULL
bucket[134] --> NULL
bucket[135] --> NULL
bucket[136] --> NULL
bucket[137] --> NULL
bucket[138] --> NULL
bucket[139] --> NULL
bucket[140] --> NULL
bucket[141] --> NULL
bucket[142] --> NULL
bucket[143] --> NULL
bucket[144] --> NULL
bucket[145] --> NULL
bucket[146] --> NULL
bucket[147] --> NULL
bucket[148] --> NULL
bucket[149] --> NULL
bucket[150] --> NULL
bucket[151] --> NULL
bucket[152] --> NULL
bucket[153] --> NULL
bucket[154] --> NULL
bucket[155] --> NULL
bucket[156] --> NULL
bucket[157] --> PM@638[integer] --> NULL
bucket[158] --> NULL
bucket[159] --> NULL
bucket[160] --> NULL
bucket[161] --> NULL
bucket[162] --> NULL
bucket[163] --> NULL
bucket[164] --> NULL
bucket[165] --> NULL
bucket[166] --> NULL
bucket[167] --> NULL
bucket[168] --> NULL
bucket[169] --> NULL
bucket[170] --> TV@89[integer] --> NULL
bucket[171] --> NULL
bucket[172] --> NULL
bucket[173] --> NULL
bucket[174] --> NULL
bucket[175] --> NULL
bucket[176] --> NULL
bucket[177] --> NULL
bucket[178] --> NULL
bucket[179] --> NULL
bucket[180] --> NULL
bucket[181] --> NULL
bucket[182] --> NULL
bucket[183] --> NULL
bucket[184] --> NULL
bucket[185] --> NULL
bucket[186] --> NULL
bucket[187] --> NULL
bucket[188] --> NULL
bucket[189] --> NULL
bucket[190] --> NULL
bucket[191] --> Mr@536[integer] --> NULL
bucket[192] --> NULL
bucket[193] --> NULL
bucket[194] --> NULL
bucket[195] --> NULL
bucket[196] --> NULL
bucket[197] --> NULL
bucket[198] --> NULL
bucket[199] --> be@83[integer] --> NULL
bucket[200] --> NULL
bucket[201] --> NULL
bucket[202] --> NULL
bucket[203] --> NULL
bucket[204] --> NULL
bucket[205] --> he@370[integer] --> NULL
bucket[206] --> NULL
bucket[207] --> if@404[integer] --> NULL
bucket[208] --> NULL
bucket[209] --> NULL
bucket[210] --> me@503[integer] --> NULL
bucket[211] --> do@233[integer] --> NULL
bucket[212] --> as@62[integer] --> NULL
bucket[213] --> at@65[integer] --> of@572[integer] --> NULL
bucket[214] --> go@349[integer] --> NULL
bucket[215] --> in@410[integer] --> oh@579[integer] --> NULL
bucket[216] --> NULL
bucket[217] --> NULL
bucket[218] --> ok@581[integer] --> NULL
bucket[219] --> by@122[integer] --> NULL
bucket[220] --> we@118[integer] --> NULL
bucket[221] --> it@430[integer] --> no@560[integer] --> on@583[integer] --> NULL
bucket[222] --> NULL
bucket[223] --> NULL
bucket[224] --> NULL
bucket[225] --> or@592[integer] --> NULL
bucket[226] --> NULL
bucket[227] --> to@65[integer] --> NULL
bucket[228] --> NULL
bucket[229] --> up@96[integer] --> NULL
bucket[230] --> my@541[integer] --> NULL
bucket[231] --> NULL
bucket[232] --> us@98[integer] --> NULL
bucket[233] --> NULL
bucket[234] --> NULL
bucket[235] --> NULL
bucket[236] --> NULL
bucket[237] --> NULL
bucket[238] --> NULL
bucket[239] --> NULL
bucket[240] --> NULL
bucket[241] --> NULL
bucket[242] --> NULL
bucket[243] --> NULL
bucket[244] --> NULL
bucket[245] --> NULL
bucket[246] --> NULL
bucket[247] --> NULL
bucket[248] --> NULL
bucket[249] --> NULL
bucket[250] --> NULL
bucket[251] --> NULL
bucket[252] --> NULL
bucket[253] --> NULL
bucket[254] --> NULL
bucket[255] --> NULL
bucket[256] --> NULL
bucket[257] --> NULL
bucket[258] --> NULL
bucket[259] --> NULL
bucket[260] --> NULL
bucket[261] --> NULL
bucket[262] --> NULL
bucket[263] --> NULL
bucket[264] --> NULL
bucket[265] --> n't@569[integer] --> NULL
bucket[266] --> NULL
bucket[267] --> NULL
bucket[268] --> NULL
bucket[269] --> NULL
bucket[270] --> NULL
bucket[271] --> NULL
bucket[272] --> NULL
bucket[273] --> NULL
bucket[274] --> NULL
bucket[275] --> NULL
bucket[276] --> NULL
bucket[277] --> NULL
bucket[278] --> NULL
bucket[279] --> NULL
bucket[280] --> NULL
bucket[281] --> NULL
bucket[282] --> NULL
bucket[283] --> NULL
bucket[284] --> NULL
bucket[285] --> NULL
bucket[286] --> NULL
bucket[287] --> NULL
bucket[288] --> NULL
bucket[289] --> NULL
bucket[290] --> NULL
bucket[291] --> NULL
bucket[292] --> NULL
bucket[293] --> NULL
bucket[294] --> NULL
bucket[295] --> bad@77[integer] --> NULL
bucket[296] --> NULL
bucket[297] --> add@14[integer] --> NULL
bucket[298] --> bag@78[integer] --> NULL
bucket[299] --> bed@88[integer] --> NULL
bucket[300] --> NULL
bucket[301] --> age@23[integer] --> NULL
bucket[302] --> NULL
bucket[303] --> NULL
bucket[304] --> NULL
bucket[305] --> NULL
bucket[306] --> die@222[integer] --> big@99[integer] --> can@126[integer] --> Mrs@537[integer] --> NULL
bucket[307] --> and@44[integer] --> NULL
bucket[308] --> NULL
bucket[309] --> bar@81[integer] --> NULL
bucket[310] --> car@130[integer] --> NULL
bucket[311] --> end@260[integer] --> ago@26[integer] --> NULL
bucket[312] --> act@10[integer] --> kid@439[integer] --> leg@461[integer] --> NULL
bucket[313] --> far@294[integer] --> all@31[integer] --> sea@744[integer] --> NULL
bucket[314] --> eat@248[integer] --> dog@235[integer] --> lie@467[integer] --> NULL
bucket[315] --> gas@342[integer] --> job@434[integer] --> off@573[integer] --> red@702[integer] --> NULL
bucket[316] --> air@30[integer] --> man@492[integer] --> NULL
bucket[317] --> see@750[integer] --> NULL
bucket[318] --> day@202[integer] --> him@382[integer] --> NULL
bucket[319] --> her@378[integer] --> ask@63[integer] --> bit@102[integer] --> old@582[integer] --> NULL
bucket[320] --> get@345[integer] --> arm@56[integer] --> NULL
bucket[321] --> the@41[integer] --> NULL
bucket[322] --> few@301[integer] --> one@585[integer] --> NULL
bucket[323] --> eye@287[integer] --> NULL
bucket[324] --> his@384[integer] --> law@452[integer] --> oil@580[integer] --> NULL
bucket[325] --> hit@386[integer] --> let@464[integer] --> NULL
bucket[326] --> lay@454[integer] --> NULL
bucket[327] --> ten@34[integer] --> for@325[integer] --> art@59[integer] --> may@501[integer] --> per@621[integer] --> NULL
bucket[328] --> cup@195[integer] --> any@48[integer] --> NULL
bucket[329] --> box@111[integer] --> key@438[integer] --> NULL
bucket[330] --> war@114[integer] --> gun@360[integer] --> boy@112[integer] --> new@554[integer] --> pay@618[integer] --> NULL
bucket[331] --> fly@320[integer] --> but@120[integer] --> hot@391[integer] --> NULL
bucket[332] --> cut@198[integer] --> set@761[integer] --> NULL
bucket[333] --> use@99[integer] --> tax@27[integer] --> say@738[integer] --> NULL
bucket[334] --> win@142[integer] --> who@134[integer] --> how@395[integer] --> NULL
bucket[335] --> lot@482[integer] --> nor@562[integer] --> NULL
bucket[336] --> buy@121[integer] --> its@432[integer] --> NULL
bucket[337] --> yes@163[integer] --> way@117[integer] --> not@564[integer] --> NULL
bucket[338] --> yet@164[integer] --> too@69[integer] --> low@484[integer] --> NULL
bucket[339] --> top@70[integer] --> NULL
bucket[340] --> now@568[integer] --> own@601[integer] --> NULL
bucket[341] --> guy@361[integer] --> run@734[integer] --> NULL
bucket[342] --> our@597[integer] --> NULL
bucket[343] --> NULL
bucket[344] --> why@138[integer] --> out@598[integer] --> NULL
bucket[345] --> put@678[integer] --> NULL
bucket[346] --> two@90[integer] --> NULL
bucket[347] --> NULL
bucket[348] --> NULL
bucket[349] --> you@165[integer] --> NULL
bucket[350] --> NULL
bucket[351] --> try@87[integer] --> NULL
bucket[352] --> NULL
bucket[353] --> NULL
bucket[354] --> NULL
bucket[355] --> NULL
bucket[356] --> NULL
bucket[357] --> NULL
bucket[358] --> NULL
bucket[359] --> NULL
bucket[360] --> NULL
bucket[361] --> NULL
bucket[362] --> NULL
bucket[363] --> NULL
bucket[364] --> NULL
bucket[365] --> NULL
bucket[366] --> NULL
bucket[367] --> NULL
bucket[368] --> NULL
bucket[369] --> NULL
bucket[370] --> NULL
bucket[371] --> NULL
bucket[372] --> NULL
bucket[373] --> NULL
bucket[374] --> NULL
bucket[375] --> NULL
bucket[376] --> NULL
bucket[377] --> NULL
bucket[378] --> NULL
bucket[379] --> NULL
bucket[380] --> NULL
bucket[381] --> NULL
bucket[382] --> NULL
bucket[383] --> NULL
bucket[384] --> NULL
bucket[385] --> NULL
bucket[386] --> NULL
bucket[387] --> NULL
bucket[388] --> NULL
bucket[389] --> NULL
bucket[390] --> NULL
bucket[391] --> NULL
bucket[392] --> NULL
bucket[393] --> NULL
bucket[394] --> NULL
bucket[395] --> NULL
bucket[396] --> NULL
bucket[397] --> NULL
bucket[398] --> dead@203[integer] --> NULL
bucket[399] --> face@288[integer] --> NULL
bucket[400] --> NULL
bucket[401] --> each@244[integer] --> back@76[integer] --> NULL
bucket[402] --> head@371[integer] --> NULL
bucket[403] --> idea@402[integer] --> NULL
bucket[404] --> able@3[integer] --> NULL
bucket[405] --> edge@251[integer] --> NULL
bucket[406] --> deal@204[integer] --> lead@455[integer] --> NULL
bucket[407] --> NULL
bucket[408] --> NULL
bucket[409] --> area@54[integer] --> NULL
bucket[410] --> game@340[integer] --> data@200[integer] --> card@131[integer] --> NULL
bucket[411] --> hand@364[integer] --> half@363[integer] --> base@82[integer] --> ball@79[integer] --> care@132[integer] --> race@683[integer] --> NULL
bucket[412] --> feel@299[integer] --> fail@291[integer] --> beat@84[integer] --> bank@80[integer] --> call@123[integer] --> case@135[integer] --> need@551[integer] --> read@690[integer] --> NULL
bucket[413] --> page@603[integer] --> NULL
bucket[414] --> hang@365[integer] --> fear@297[integer] --> fact@289[integer] --> deep@210[integer] --> baby@75[integer] --> make@491[integer] --> NULL
bucket[415] --> hard@368[integer] --> fall@292[integer] --> land@445[integer] --> nice@558[integer] --> safe@735[integer] --> NULL
bucket[416] --> high@381[integer] --> hear@373[integer] --> cell@138[integer] --> life@468[integer] --> NULL
bucket[417] --> find@310[integer] --> mean@504[integer] --> name@543[integer] --> NULL
bucket[418] --> heat@375[integer] --> free@333[integer] --> fine@311[integer] --> dark@199[integer] --> cold@164[integer] --> NULL
bucket[419] --> goal@350[integer] --> bill@100[integer] --> NULL
bucket[420] --> here@379[integer] --> have@369[integer] --> hair@362[integer] --> come@168[integer] --> real@692[integer] --> NULL
bucket[421] --> take@24[integer] --> keep@437[integer] --> like@470[integer] --> main@487[integer] --> once@584[integer] --> NULL
bucket[422] --> fire@314[integer] --> kind@441[integer] --> late@449[integer] --> near@548[integer] --> rich@725[integer] --> road@729[integer] --> same@736[integer] --> NULL
bucket[423] --> yeah@161[integer] --> team@30[integer] --> fill@305[integer] --> hold@387[integer] --> pick@630[integer] --> NULL
bucket[424] --> food@323[integer] --> film@306[integer] --> blue@105[integer] --> line@472[integer] --> mind@519[integer] --> pain@604[integer] --> seek@751[integer] --> NULL
bucket[425] --> wide@139[integer] --> help@377[integer] --> good@351[integer] --> else@258[integer] --> home@388[integer] --> huge@397[integer] --> NULL
bucket[426] --> five@318[integer] --> fish@317[integer] --> seem@752[integer] --> send@754[integer] --> NULL
bucket[427] --> wife@140[integer] --> than@38[integer] --> tend@35[integer] --> give@347[integer] --> book@108[integer] --> left@460[integer] --> meet@508[integer] --> plan@634[integer] --> NULL
bucket[428] --> week@121[integer] --> talk@25[integer] --> hope@389[integer] --> kill@440[integer] --> rate@687[integer] --> NULL
bucket[429] --> fund@338[integer] --> east@246[integer] --> both@110[integer] --> much@538[integer] --> seat@746[integer] --> NULL
bucket[430] --> them@43[integer] --> girl@346[integer] --> firm@315[integer] --> fast@295[integer] --> even@270[integer] --> draw@238[integer] --> best@95[integer] --> body@107[integer] --> NULL
bucket[431] --> wear@120[integer] --> walk@111[integer] --> time@64[integer] --> then@45[integer] --> also@37[integer] --> item@431[integer] --> rock@730[integer] --> save@737[integer] --> NULL
bucket[432] --> yard@160[integer] --> wall@112[integer] --> tree@81[integer] --> join@435[integer] --> live@476[integer] --> long@478[integer] --> none@561[integer] --> sell@753[integer] --> NULL
bucket[433] --> year@162[integer] --> that@40[integer] --> tell@33[integer] --> born@109[integer] --> NULL
bucket[434] --> wind@143[integer] --> when@128[integer] --> ever@273[integer] --> easy@247[integer] --> drug@242[integer] --> away@74[integer] --> open@588[integer] --> role@731[integer] --> NULL
bucket[435] --> task@26[integer] --> such@14[integer] --> full@337[integer] --> lose@480[integer] --> more@528[integer] --> rise@727[integer] --> NULL
bucket[436] --> what@126[integer] --> well@123[integer] --> from@335[integer] --> form@329[integer] --> door@236[integer] --> last@448[integer] --> NULL
bucket[437] --> wait@110[integer] --> drop@241[integer] --> look@479[integer] --> many@496[integer] --> NULL
bucket[438] --> love@483[integer] --> note@565[integer] --> play@636[integer] --> NULL
bucket[439] --> less@463[integer] --> move@533[integer] --> part@608[integer] --> pass@614[integer] --> NULL
bucket[440] --> will@141[integer] --> this@53[integer] --> term@36[integer] --> foot@324[integer] --> down@237[integer] --> past@615[integer] --> rule@733[integer] --> NULL
bucket[441] --> city@156[integer] --> cost@184[integer] --> risk@728[integer] --> NULL
bucket[442] --> want@113[integer] --> they@49[integer] --> into@426[integer] --> NULL
bucket[443] --> wish@145[integer] --> whom@136[integer] --> view@105[integer] --> NULL
bucket[444] --> word@151[integer] --> with@146[integer] --> four@332[integer] --> list@473[integer] --> miss@521[integer] --> over@600[integer] --> NULL
bucket[445] --> news@555[integer] --> pull@675[integer] --> room@732[integer] --> NULL
bucket[446] --> vote@109[integer] --> hour@393[integer] --> rest@721[integer] --> NULL
bucket[447] --> trip@83[integer] --> sure@20[integer] --> grow@357[integer] --> know@443[integer] --> next@557[integer] --> NULL
bucket[448] --> unit@94[integer] --> true@85[integer] --> test@37[integer] --> onto@587[integer] --> poor@644[integer] --> push@677[integer] --> NULL
bucket[449] --> loss@481[integer] --> NULL
bucket[450] --> upon@97[integer] --> type@91[integer] --> only@586[integer] --> NULL
bucket[451] --> work@152[integer] --> west@124[integer] --> most@530[integer] --> NULL
bucket[452] --> thus@63[integer] --> NULL
bucket[453] --> NULL
bucket[454] --> very@103[integer] --> just@436[integer] --> NULL
bucket[455] --> NULL
bucket[456] --> town@74[integer] --> NULL
bucket[457] --> turn@88[integer] --> must@540[integer] --> NULL
bucket[458] --> NULL
bucket[459] --> NULL
bucket[460] --> NULL
bucket[461] --> NULL
bucket[462] --> NULL
bucket[463] --> your@167[integer] --> NULL
bucket[464] --> NULL
bucket[465] --> NULL
bucket[466] --> NULL
bucket[467] --> NULL
bucket[468] --> NULL
bucket[469] --> NULL
bucket[470] --> NULL
bucket[471] --> NULL
bucket[472] --> NULL
bucket[473] --> NULL
bucket[474] --> NULL
bucket[475] --> NULL
bucket[476] --> NULL
bucket[477] --> NULL
bucket[478] --> NULL
bucket[479] --> NULL
bucket[480] --> NULL
bucket[481] --> NULL
bucket[482] --> NULL
bucket[483] --> NULL
bucket[484] --> NULL
bucket[485] --> NULL
bucket[486] --> NULL
bucket[487] --> NULL
bucket[488] --> NULL
bucket[489] --> NULL
bucket[490] --> NULL
bucket[491] --> NULL
bucket[492] --> NULL
bucket[493] --> NULL
bucket[494] --> NULL
bucket[495] --> NULL
bucket[496] --> NULL
bucket[497] --> NULL
bucket[498] --> NULL
bucket[499] --> ahead@29[integer] --> NULL
bucket[500] --> NULL
bucket[501] --> NULL
bucket[502] --> NULL
bucket[503] --> NULL
bucket[504] --> NULL
bucket[505] --> NULL
bucket[506] --> NULL
bucket[507] --> NULL
bucket[508] --> NULL
bucket[509] --> black@103[integer] --> NULL
bucket[510] --> check@150[integer] --> coach@163[integer] --> peace@619[integer] --> NULL
bucket[511] --> NULL
bucket[512] --> again@21[integer] --> media@506[integer] --> NULL
bucket[513] --> NULL
bucket[514] --> NULL
bucket[515] --> catch@136[integer] --> image@405[integer] --> reach@689[integer] --> NULL
bucket[516] --> field@302[integer] --> agree@27[integer] --> child@151[integer] --> NULL
bucket[517] --> teach@28[integer] --> begin@90[integer] --> break@113[integer] --> legal@462[integer] --> place@633[integer] --> NULL
bucket[518] --> death@205[integer] --> claim@158[integer] --> piece@632[integer] --> NULL
bucket[519] --> chair@144[integer] --> clear@160[integer] --> NULL
bucket[520] --> table@23[integer] --> board@106[integer] --> NULL
bucket[521] --> dream@239[integer] --> NULL
bucket[522] --> final@307[integer] --> NULL
bucket[523] --> large@447[integer] --> local@477[integer] --> NULL
bucket[524] --> NULL
bucket[525] --> above@5[integer] --> leave@459[integer] --> range@686[integer] --> NULL
bucket[526] --> maybe@502[integer] --> scene@739[integer] --> NULL
bucket[527] --> force@326[integer] --> admit@17[integer] --> agent@25[integer] --> alone@34[integer] --> radio@684[integer] --> NULL
bucket[528] --> trade@75[integer] --> crime@192[integer] --> blood@104[integer] --> build@117[integer] --> NULL
bucket[529] --> green@354[integer] --> eight@255[integer] --> along@35[integer] --> cause@137[integer] --> laugh@451[integer] --> model@523[integer] --> NULL
bucket[530] --> fight@303[integer] --> after@20[integer] --> among@41[integer] --> bring@114[integer] --> learn@457[integer] --> offer@574[integer] --> NULL
bucket[531] --> which@131[integer] --> great@353[integer] --> avoid@73[integer] --> price@658[integer] --> NULL
bucket[532] --> heart@374[integer] --> argue@55[integer] --> raise@685[integer] --> NULL
bucket[533] --> ready@691[integer] --> NULL
bucket[534] --> voice@108[integer] --> thank@39[integer] --> class@159[integer] --> close@162[integer] --> NULL
bucket[535] --> watch@115[integer] --> civil@157[integer] --> could@185[integer] --> NULL
bucket[536] --> three@59[integer] --> there@47[integer] --> later@450[integer] --> level@466[integer] --> light@469[integer] --> paper@606[integer] --> NULL
bucket[537] --> while@132[integer] --> these@48[integer] --> human@398[integer] --> least@458[integer] --> major@489[integer] --> might@516[integer] --> NULL
bucket[538] --> thing@50[integer] --> glass@348[integer] --> drive@240[integer] --> adult@18[integer] --> night@559[integer] --> phone@628[integer] --> NULL
bucket[539] --> where@129[integer] --> third@52[integer] --> about@4[integer] --> NULL
bucket[540] --> trial@82[integer] --> their@42[integer] --> hotel@392[integer] --> occur@571[integer] --> often@578[integer] --> order@593[integer] --> score@743[integer] --> NULL
bucket[541] --> value@101[integer] --> heavy@376[integer] --> early@245[integer] --> NULL
bucket[542] --> under@92[integer] --> think@51[integer] --> enter@264[integer] --> right@726[integer] --> sense@756[integer] --> NULL
bucket[543] --> whole@135[integer] --> cover@190[integer] --> allow@32[integer] --> color@167[integer] --> plant@635[integer] --> NULL
bucket[544] --> treat@79[integer] --> focus@321[integer] --> movie@535[integer] --> never@553[integer] --> NULL
bucket[545] --> white@133[integer] --> today@66[integer] --> carry@134[integer] --> music@539[integer] --> seven@_[integer function] --> NULL
bucket[546] --> woman@149[integer] --> happy@367[integer] --> floor@319[integer] --> event@272[integer] --> other@595[integer] --> NULL
bucket[547] --> water@116[integer] --> those@54[integer] --> NULL
bucket[548] --> total@71[integer] --> house@394[integer] --> NULL
bucket[549] --> enjoy@262[integer] --> serve@759[integer] --> NULL
bucket[550] --> whose@137[integer] --> apply@52[integer] --> month@527[integer] --> NULL
bucket[551] --> tough@72[integer] --> guess@359[integer] --> NULL
bucket[552] --> world@154[integer] --> stuff@9[integer] --> first@316[integer] --> money@526[integer] --> quite@682[integer] --> NULL
bucket[553] --> front@336[integer] --> issue@429[integer] --> NULL
bucket[554] --> point@639[integer] --> NULL
bucket[555] --> write@157[integer] --> would@156[integer] --> every@274[integer] --> north@563[integer] --> owner@602[integer] --> NULL
bucket[556] --> until@95[integer] --> prove@672[integer] --> NULL
bucket[557] --> wrong@159[integer] --> group@356[integer] --> exist@282[integer] --> court@189[integer] --> mouth@532[integer] --> power@650[integer] --> store@1[integer] --> NULL
bucket[558] --> NULL
bucket[559] --> visit@107[integer] --> NULL
bucket[560] --> party@613[integer] --> NULL
bucket[561] --> style@10[integer] --> NULL
bucket[562] --> young@166[integer] --> NULL
bucket[563] --> NULL
bucket[564] --> throw@62[integer] --> NULL
bucket[565] --> NULL
bucket[566] --> NULL
bucket[567] --> truth@86[integer] --> NULL
bucket[568] --> NULL
bucket[569] --> study@8[integer] --> NULL
bucket[570] --> NULL
bucket[571] --> NULL
bucket[572] --> NULL
bucket[573] --> NULL
bucket[574] --> NULL
bucket[575] --> NULL
bucket[576] --> NULL
bucket[577] --> story@2[integer] --> NULL
bucket[578] --> NULL
bucket[579] --> worry@155[integer] --> NULL
bucket[580] --> NULL
bucket[581] --> NULL
bucket[582] --> NULL
bucket[583] --> NULL
bucket[584] --> NULL
bucket[585] --> NULL
bucket[586] --> NULL
bucket[587] --> NULL
bucket[588] --> NULL
bucket[589] --> NULL
bucket[590] --> NULL
bucket[591] --> NULL
bucket[592] --> NULL
bucket[593] --> NULL
bucket[594] --> NULL
bucket[595] --> NULL
bucket[596] --> NULL
bucket[597] --> NULL
bucket[598] --> decade@207[integer] --> NULL
bucket[599] --> NULL
bucket[600] --> NULL
bucket[601] --> NULL
bucket[602] --> NULL
bucket[603] --> NULL
bucket[604] --> NULL
bucket[605] --> NULL
bucket[606] --> decide@208[integer] --> NULL
bucket[607] --> NULL
bucket[608] --> NULL
bucket[609] --> NULL
bucket[610] --> chance@146[integer] --> NULL
bucket[611] --> NULL
bucket[612] --> NULL
bucket[613] --> debate@206[integer] --> NULL
bucket[614] --> change@147[integer] --> NULL
bucket[615] --> NULL
bucket[616] --> NULL
bucket[617] --> affect@19[integer] --> camera@124[integer] --> indeed@414[integer] --> manage@493[integer] --> NULL
bucket[618] --> behind@92[integer] --> charge@149[integer] --> NULL
bucket[619] --> become@87[integer] --> choice@152[integer] --> NULL
bucket[620] --> degree@212[integer] --> cancer@127[integer] --> office@575[integer] --> NULL
bucket[621] --> effect@253[integer] --> leader@456[integer] --> NULL
bucket[622] --> NULL
bucket[623] --> middle@515[integer] --> NULL
bucket[624] --> accept@6[integer] --> NULL
bucket[625] --> garden@341[integer] --> NULL
bucket[626] --> animal@45[integer] --> career@133[integer] --> NULL
bucket[627] --> detail@218[integer] --> before@89[integer] --> NULL
bucket[628] --> create@191[integer] --> NULL
bucket[629] --> NULL
bucket[630] --> health@372[integer] --> NULL
bucket[631] --> agency@24[integer] --> NULL
bucket[632] --> friend@334[integer] --> attack@66[integer] --> member@510[integer] --> reduce@703[integer] --> NULL
bucket[633] --> appear@51[integer] --> NULL
bucket[634] --> father@296[integer] --> design@216[integer] --> NULL
bucket[635] --> finger@312[integer] --> budget@116[integer] --> NULL
bucket[636] --> happen@366[integer] --> inside@419[integer] --> police@640[integer] --> remain@709[integer] --> second@747[integer] --> NULL
bucket[637] --> church@154[integer] --> relate@706[integer] --> NULL
bucket[638] --> action@11[integer] --> impact@407[integer] --> NULL
bucket[639] --> factor@290[integer] --> public@674[integer] --> record@701[integer] --> reveal@724[integer] --> NULL
bucket[640] --> dinner@226[integer] --> NULL
bucket[641] --> finish@313[integer] --> either@256[integer] --> beyond@98[integer] --> center@139[integer] --> choose@153[integer] --> method@514[integer] --> recent@698[integer] --> NULL
bucket[642] --> figure@304[integer] --> family@293[integer] --> notice@567[integer] --> NULL
bucket[643] --> period@625[integer] --> NULL
bucket[644] --> market@497[integer] --> region@705[integer] --> NULL
bucket[645] --> modern@524[integer] --> people@620[integer] --> NULL
bucket[646] --> enough@263[integer] --> effort@254[integer] --> better@96[integer] --> rather@688[integer] --> NULL
bucket[647] --> forget@328[integer] --> entire@265[integer] --> itself@433[integer] --> NULL
bucket[648] --> weight@122[integer] --> threat@58[integer] --> couple@187[integer] --> reason@696[integer] --> school@740[integer] --> NULL
bucket[649] --> expect@283[integer] --> during@243[integer] --> arrive@58[integer] --> around@57[integer] --> common@170[integer] --> nation@544[integer] --> number@570[integer] --> really@695[integer] --> season@745[integer] --> NULL
bucket[650] --> weapon@119[integer] --> energy@261[integer] --> anyone@49[integer] --> likely@471[integer] --> parent@607[integer] --> NULL
bucket[651] --> suffer@16[integer] --> former@330[integer] --> doctor@234[integer] --> across@9[integer] --> nearly@549[integer] --> series@757[integer] --> NULL
bucket[652] --> victim@104[integer] --> NULL
bucket[653] --> matter@500[integer] --> player@637[integer] --> NULL
bucket[654] --> travel@78[integer] --> assume@64[integer] --> little@475[integer] --> remove@711[integer] --> NULL
bucket[655] --> wonder@150[integer] --> though@55[integer] --> ground@355[integer] --> listen@474[integer] --> mother@531[integer] --> nature@547[integer] --> NULL
bucket[656] --> answer@47[integer] --> almost@33[integer] --> letter@465[integer] --> moment@525[integer] --> myself@542[integer] --> policy@641[integer] --> senior@755[integer] --> NULL
bucket[657] --> toward@73[integer] --> always@39[integer] --> course@188[integer] --> NULL
bucket[658] --> minute@520[integer] --> NULL
bucket[659] --> within@147[integer] --> follow@322[integer] --> author@70[integer] --> NULL
bucket[660] --> amount@42[integer] --> lawyer@453[integer] --> NULL
bucket[661] --> others@596[integer] --> NULL
bucket[662] --> NULL
bucket[663] --> street@4[integer] --> artist@61[integer] --> person@626[integer] --> NULL
bucket[664] --> window@144[integer] --> expert@285[integer] --> NULL
bucket[665] --> summer@18[integer] --> memory@511[integer] --> option@591[integer] --> NULL
bucket[666] --> worker@153[integer] --> NULL
bucket[667] --> theory@46[integer] --> growth@358[integer] --> future@339[integer] --> NULL
bucket[668] --> report@712[integer] --> NULL
bucket[669] --> writer@158[integer] --> strong@5[integer] --> NULL
bucket[670] --> NULL
bucket[671] --> result@722[integer] --> NULL
bucket[672] --> return@723[integer] --> NULL
bucket[673] --> NULL
bucket[674] --> NULL
bucket[675] --> NULL
bucket[676] --> NULL
bucket[677] --> system@22[integer] --> NULL
bucket[678] --> NULL
bucket[679] --> NULL
bucket[680] --> pretty@656[integer] --> NULL
bucket[681] --> NULL
bucket[682] --> NULL
bucket[683] --> NULL
bucket[684] --> NULL
bucket[685] --> NULL
bucket[686] --> NULL
bucket[687] --> NULL
bucket[688] --> NULL
bucket[689] --> NULL
bucket[690] --> NULL
bucket[691] --> NULL
bucket[692] --> NULL
bucket[693] --> NULL
bucket[694] --> NULL
bucket[695] --> NULL
bucket[696] --> NULL
bucket[697] --> NULL
bucket[698] --> NULL
bucket[699] --> NULL
bucket[700] --> NULL
bucket[701] --> NULL
bucket[702] --> NULL
bucket[703] --> NULL
bucket[704] --> NULL
bucket[705] --> NULL
bucket[706] --> NULL
bucket[707] --> NULL
bucket[708] --> NULL
bucket[709] --> NULL
bucket[710] --> NULL
bucket[711] --> NULL
bucket[712] --> NULL
bucket[713] --> NULL
bucket[714] --> NULL
bucket[715] --> NULL
bucket[716] --> NULL
bucket[717] --> NULL
bucket[718] --> NULL
bucket[719] --> medical@507[integer] --> NULL
bucket[720] --> NULL
bucket[721] --> NULL
bucket[722] --> NULL
bucket[723] --> federal@298[integer] --> NULL
bucket[724] --> NULL
bucket[725] --> machine@485[integer] --> NULL
bucket[726] --> NULL
bucket[727] --> NULL
bucket[728] --> because@86[integer] --> NULL
bucket[729] --> NULL
bucket[730] --> feeling@300[integer] --> defense@211[integer] --> imagine@406[integer] --> science@741[integer] --> NULL
bucket[731] --> college@166[integer] --> manager@495[integer] --> NULL
bucket[732] --> teacher@29[integer] --> believe@93[integer] --> NULL
bucket[733] --> benefit@94[integer] --> NULL
bucket[734] --> general@343[integer] --> disease@232[integer] --> capital@129[integer] --> officer@576[integer] --> NULL
bucket[735] --> NULL
bucket[736] --> NULL
bucket[737] --> NULL
bucket[738] --> already@36[integer] --> NULL
bucket[739] --> receive@697[integer] --> NULL
bucket[740] --> article@60[integer] --> include@411[integer] --> NULL
bucket[741] --> husband@400[integer] --> message@513[integer] --> reflect@704[integer] --> NULL
bucket[742] --> address@15[integer] --> certain@142[integer] --> kitchen@442[integer] --> NULL
bucket[743] --> against@22[integer] --> compare@173[integer] --> NULL
bucket[744] --> concern@175[integer] --> himself@383[integer] --> instead@420[integer] --> NULL
bucket[745] --> surface@21[integer] --> herself@380[integer] --> billion@101[integer] --> central@140[integer] --> meeting@509[integer] --> NULL
bucket[746] --> foreign@327[integer] --> between@97[integer] --> hundred@399[integer] --> NULL
bucket[747] --> NULL
bucket[748] --> example@280[integer] --> evening@271[integer] --> clearly@161[integer] --> contain@181[integer] --> realize@694[integer] --> NULL
bucket[749] --> account@8[integer] --> NULL
bucket[750] --> despite@217[integer] --> ability@2[integer] --> NULL
bucket[751] --> finally@308[integer] --> develop@220[integer] --> prepare@652[integer] --> NULL
bucket[752] --> subject@11[integer] --> NULL
bucket[753] --> explain@286[integer] --> another@46[integer] --> problem@661[integer] --> service@760[integer] --> NULL
bucket[754] --> measure@505[integer] --> produce@663[integer] --> NULL
bucket[755] --> perhaps@624[integer] --> NULL
bucket[756] --> million@518[integer] --> NULL
bucket[757] --> forward@331[integer] --> patient@616[integer] --> section@748[integer] --> NULL
bucket[758] --> brother@115[integer] --> citizen@155[integer] --> NULL
bucket[759] --> whether@130[integer] --> company@172[integer] --> natural@546[integer] --> nothing@566[integer] --> project@669[integer] --> NULL
bucket[760] --> program@668[integer] --> NULL
bucket[761] --> success@12[integer] --> provide@673[integer] --> NULL
bucket[762] --> exactly@279[integer] --> economy@250[integer] --> mention@512[integer] --> morning@529[integer] --> reality@693[integer] --> NULL
bucket[763] --> perform@622[integer] --> private@659[integer] --> respond@718[integer] --> NULL
bucket[764] --> partner@612[integer] --> picture@631[integer] --> NULL
bucket[765] --> trouble@84[integer] --> tonight@68[integer] --> outside@599[integer] --> require@715[integer] --> NULL
bucket[766] --> discuss@230[integer] --> pattern@617[integer] --> NULL
bucket[767] --> process@662[integer] --> NULL
bucket[768] --> however@396[integer] --> NULL
bucket[769] --> through@60[integer] --> control@183[integer] --> present@653[integer] --> product@664[integer] --> protect@671[integer] --> NULL
bucket[770] --> suggest@17[integer] --> improve@409[integer] --> mission@522[integer] --> quickly@681[integer] --> NULL
bucket[771] --> thought@56[integer] --> current@196[integer] --> involve@428[integer] --> popular@645[integer] --> NULL
bucket[772] --> culture@194[integer] --> prevent@657[integer] --> NULL
bucket[773] --> NULL
bucket[774] --> NULL
bucket[775] --> student@7[integer] --> NULL
bucket[776] --> western@125[integer] --> NULL
bucket[777] --> various@102[integer] --> quality@679[integer] --> NULL
bucket[778] --> century@141[integer] --> network@552[integer] --> serious@758[integer] --> NULL
bucket[779] --> NULL
bucket[780] --> NULL
bucket[781] --> NULL
bucket[782] --> purpose@676[integer] --> NULL
bucket[783] --> usually@100[integer] --> NULL
bucket[784] --> NULL
bucket[785] --> NULL
bucket[786] --> history@385[integer] --> NULL
bucket[787] --> NULL
bucket[788] --> without@148[integer] --> country@186[integer] --> NULL
bucket[789] --> NULL
bucket[790] --> NULL
bucket[791] --> NULL
bucket[792] --> NULL
bucket[793] --> NULL
bucket[794] --> NULL
bucket[795] --> NULL
bucket[796] --> NULL
bucket[797] --> support@19[integer] --> NULL
bucket[798] --> NULL
bucket[799] --> NULL
bucket[800] --> American@40[integer] --> NULL
bucket[801] --> NULL
bucket[802] --> NULL
bucket[803] --> NULL
bucket[804] --> NULL
bucket[805] --> NULL
bucket[806] --> NULL
bucket[807] --> NULL
bucket[808] --> NULL
bucket[809] --> NULL
bucket[810] --> NULL
bucket[811] --> NULL
bucket[812] --> NULL
bucket[813] --> NULL
bucket[814] --> NULL
bucket[815] --> Democrat@213[integer] --> NULL
bucket[816] --> NULL
bucket[817] --> NULL
bucket[818] --> NULL
bucket[819] --> NULL
bucket[820] --> NULL
bucket[821] --> NULL
bucket[822] --> NULL
bucket[823] --> NULL
bucket[824] --> NULL
bucket[825] --> NULL
bucket[826] --> NULL
bucket[827] --> NULL
bucket[828] --> NULL
bucket[829] --> official@577[integer] --> NULL
bucket[830] --> audience@69[integer] --> NULL
bucket[831] --> NULL
bucket[832] --> campaign@125[integer] --> NULL
bucket[833] --> describe@215[integer] --> indicate@415[integer] --> NULL
bucket[834] --> NULL
bucket[835] --> evidence@278[integer] --> NULL
bucket[836] --> Congress@178[integer] --> language@446[integer] --> NULL
bucket[837] --> NULL
bucket[838] --> NULL
bucket[839] --> NULL
bucket[840] --> marriage@498[integer] --> NULL
bucket[841] --> NULL
bucket[842] --> increase@413[integer] --> NULL
bucket[843] --> practice@651[integer] --> NULL
bucket[844] --> magazine@486[integer] --> NULL
bucket[845] --> economic@249[integer] --> research@716[integer] --> NULL
bucket[846] --> decision@209[integer] --> approach@53[integer] --> building@118[integer] --> NULL
bucket[847] --> material@499[integer] --> remember@710[integer] --> NULL
bucket[848] --> behavior@91[integer] --> NULL
bucket[849] --> maintain@488[integer] --> NULL
bucket[850] --> NULL
bucket[851] --> election@257[integer] --> NULL
bucket[852] --> daughter@201[integer] --> NULL
bucket[853] --> violence@106[integer] --> NULL
bucket[854] --> national@545[integer] --> NULL
bucket[855] --> consider@179[integer] --> NULL
bucket[856] --> NULL
bucket[857] --> NULL
bucket[858] --> painting@605[integer] --> NULL
bucket[859] --> probably@660[integer] --> NULL
bucket[860] --> training@77[integer] --> director@228[integer] --> although@38[integer] --> identify@403[integer] --> NULL
bucket[861] --> physical@629[integer] --> NULL
bucket[862] --> NULL
bucket[863] --> discover@229[integer] --> actually@13[integer] --> NULL
bucket[864] --> employee@259[integer] --> NULL
bucket[865] --> possible@649[integer] --> NULL
bucket[866] --> together@67[integer] --> anything@50[integer] --> NULL
bucket[867] --> NULL
bucket[868] --> analysis@43[integer] --> hospital@390[integer] --> personal@627[integer] --> NULL
bucket[869] --> continue@182[integer] --> NULL
bucket[870] --> whatever@127[integer] --> thousand@57[integer] --> recently@699[integer] --> NULL
bucket[871] --> politics@643[integer] --> NULL
bucket[872] --> suddenly@15[integer] --> resource@717[integer] --> NULL
bucket[873] --> NULL
bucket[874] --> NULL
bucket[875] --> military@517[integer] --> movement@534[integer] --> NULL
bucket[876] --> cultural@193[integer] --> business@119[integer] --> consumer@180[integer] --> NULL
bucket[877] --> everyone@276[integer] --> activity@12[integer] --> NULL
bucket[878] --> interest@422[integer] --> NULL
bucket[879] --> computer@174[integer] --> majority@490[integer] --> response@719[integer] --> NULL
bucket[880] --> NULL
bucket[881] --> NULL
bucket[882] --> customer@197[integer] --> NULL
bucket[883] --> positive@648[integer] --> strategy@3[integer] --> NULL
bucket[884] --> NULL
bucket[885] --> position@647[integer] --> NULL
bucket[886] --> attorney@68[integer] --> NULL
bucket[887] --> NULL
bucket[888] --> question@680[integer] --> security@749[integer] --> NULL
bucket[889] --> yourself@168[integer] --> pressure@655[integer] --> NULL
bucket[890] --> NULL
bucket[891] --> NULL
bucket[892] --> NULL
bucket[893] --> NULL
bucket[894] --> NULL
bucket[895] --> NULL
bucket[896] --> NULL
bucket[897] --> NULL
bucket[898] --> industry@417[integer] --> NULL
bucket[899] --> NULL
bucket[900] --> NULL
bucket[901] --> property@670[integer] --> NULL
bucket[902] --> NULL
bucket[903] --> NULL
bucket[904] --> NULL
bucket[905] --> NULL
bucket[906] --> NULL
bucket[907] --> NULL
bucket[908] --> NULL
bucket[909] --> NULL
bucket[910] --> NULL
bucket[911] --> NULL
bucket[912] --> NULL
bucket[913] --> NULL
bucket[914] --> NULL
bucket[915] --> NULL
bucket[916] --> NULL
bucket[917] --> NULL
bucket[918] --> NULL
bucket[919] --> NULL
bucket[920] --> NULL
bucket[921] --> NULL
bucket[922] --> NULL
bucket[923] --> NULL
bucket[924] --> NULL
bucket[925] --> candidate@128[integer] --> NULL
bucket[926] --> NULL
bucket[927] --> NULL
bucket[928] --> NULL
bucket[929] --> available@72[integer] --> NULL
bucket[930] --> NULL
bucket[931] --> challenge@145[integer] --> NULL
bucket[932] --> NULL
bucket[933] --> financial@309[integer] --> NULL
bucket[934] --> NULL
bucket[935] --> NULL
bucket[936] --> NULL
bucket[937] --> NULL
bucket[938] --> according@7[integer] --> NULL
bucket[939] --> NULL
bucket[940] --> NULL
bucket[941] --> character@148[integer] --> NULL
bucket[942] --> NULL
bucket[943] --> NULL
bucket[944] --> NULL
bucket[945] --> NULL
bucket[946] --> NULL
bucket[947] --> NULL
bucket[948] --> NULL
bucket[949] --> NULL
bucket[950] --> NULL
bucket[951] --> different@224[integer] --> NULL
bucket[952] --> agreement@28[integer] --> NULL
bucket[953] --> NULL
bucket[954] --> difficult@225[integer] --> NULL
bucket[955] --> NULL
bucket[956] --> education@252[integer] --> NULL
bucket[957] --> determine@219[integer] --> including@412[integer] --> NULL
bucket[958] --> NULL
bucket[959] --> establish@269[integer] --> NULL
bucket[960] --> knowledge@444[integer] --> NULL
bucket[961] --> direction@227[integer] --> beautiful@85[integer] --> political@642[integer] --> NULL
bucket[962] --> NULL
bucket[963] --> NULL
bucket[964] --> NULL
bucket[965] --> NULL
bucket[966] --> recognize@700[integer] --> NULL
bucket[967] --> condition@176[integer] --> NULL
bucket[968] --> NULL
bucket[969] --> NULL
bucket[970] --> NULL
bucket[971] --> certainly@143[integer] --> NULL
bucket[972] --> NULL
bucket[973] --> necessary@550[integer] --> NULL
bucket[974] --> president@654[integer] --> NULL
bucket[975] --> NULL
bucket[976] --> NULL
bucket[977] --> operation@589[integer] --> NULL
bucket[978] --> executive@281[integer] --> NULL
bucket[979] --> religious@708[integer] --> NULL
bucket[980] --> treatment@80[integer] --> NULL
bucket[981] --> newspaper@556[integer] --> NULL
bucket[982] --> attention@67[integer] --> scientist@742[integer] --> NULL
bucket[983] --> NULL
bucket[984] --> represent@713[integer] --> NULL
bucket[985] --> everybody@275[integer] --> NULL
bucket[986] --> NULL
bucket[987] --> NULL
bucket[988] --> NULL
bucket[989] --> interview@425[integer] --> NULL
bucket[990] --> important@408[integer] --> NULL
bucket[991] --> NULL
bucket[992] --> NULL
bucket[993] --> NULL
bucket[994] --> NULL
bucket[995] --> professor@667[integer] --> NULL
bucket[996] --> NULL
bucket[997] --> community@171[integer] --> NULL
bucket[998] --> NULL
bucket[999] --> NULL
bucket[1000] --> NULL
bucket[1001] --> authority@71[integer] --> NULL
bucket[1002] --> NULL
bucket[1003] --> NULL
bucket[1004] --> NULL
bucket[1005] --> NULL
bucket[1006] --> NULL
bucket[1007] --> NULL
bucket[1008] --> NULL
bucket[1009] --> structure@6[integer] --> NULL
bucket[1010] --> NULL
bucket[1011] --> NULL
bucket[1012] --> NULL
bucket[1013] --> NULL
bucket[1014] --> NULL
bucket[1015] --> NULL
bucket[1016] --> NULL
bucket[1017] --> NULL
bucket[1018] --> NULL
bucket[1019] --> NULL
bucket[1020] --> NULL
bucket[1021] --> NULL
bucket[1022] --> NULL
bucket[1023] --> NULL
bucket[1024] --> NULL
bucket[1025] --> NULL
bucket[1026] --> NULL
bucket[1027] --> NULL
bucket[1028] --> NULL
bucket[1029] --> Republican@714[integer] --> NULL
bucket[1030] --> NULL
bucket[1031] --> NULL
bucket[1032] --> NULL
bucket[1033] --> NULL
bucket[1034] --> NULL
bucket[1035] --> difference@223[integer] --> NULL
bucket[1036] --> NULL
bucket[1037] --> NULL
bucket[1038] --> NULL
bucket[1039] --> NULL
bucket[1040] --> NULL
bucket[1041] --> NULL
bucket[1042] --> NULL
bucket[1043] --> NULL
bucket[1044] --> NULL
bucket[1045] --> NULL
bucket[1046] --> NULL
bucket[1047] --> NULL
bucket[1048] --> conference@177[integer] --> NULL
bucket[1049] --> NULL
bucket[1050] --> NULL
bucket[1051] --> democratic@214[integer] --> NULL
bucket[1052] --> commercial@169[integer] --> NULL
bucket[1053] --> management@494[integer] --> NULL
bucket[1054] --> NULL
bucket[1055] --> NULL
bucket[1056] --> NULL
bucket[1057] --> NULL
bucket[1058] --> NULL
bucket[1059] --> NULL
bucket[1060] --> NULL
bucket[1061] --> NULL
bucket[1062] --> NULL
bucket[1063] --> NULL
bucket[1064] --> experience@284[integer] --> NULL
bucket[1065] --> individual@416[integer] --> NULL
bucket[1066] --> NULL
bucket[1067] --> especially@268[integer] --> NULL
bucket[1068] --> generation@344[integer] --> collection@165[integer] --> NULL
bucket[1069] --> NULL
bucket[1070] --> NULL
bucket[1071] --> NULL
bucket[1072] --> NULL
bucket[1073] --> NULL
bucket[1074] --> NULL
bucket[1075] --> NULL
bucket[1076] --> NULL
bucket[1077] --> NULL
bucket[1078] --> NULL
bucket[1079] --> particular@610[integer] --> NULL
bucket[1080] --> understand@93[integer] --> NULL
bucket[1081] --> NULL
bucket[1082] --> NULL
bucket[1083] --> NULL
bucket[1084] --> technology@31[integer] --> NULL
bucket[1085] --> NULL
bucket[1086] --> NULL
bucket[1087] --> NULL
bucket[1088] --> themselves@44[integer] --> successful@13[integer] --> NULL
bucket[1089] --> NULL
bucket[1090] --> television@32[integer] --> NULL
bucket[1091] --> NULL
bucket[1092] --> discussion@231[integer] --> NULL
bucket[1093] --> government@352[integer] --> everything@277[integer] --> NULL
bucket[1094] --> NULL
bucket[1095] --> production@665[integer] --> NULL
bucket[1096] --> NULL
bucket[1097] --> NULL
bucket[1098] --> NULL
bucket[1099] --> population@646[integer] --> NULL
bucket[1100] --> NULL
bucket[1101] --> investment@427[integer] --> NULL
bucket[1102] --> NULL
bucket[1103] --> NULL
bucket[1104] --> NULL
bucket[1105] --> NULL
bucket[1106] --> NULL
bucket[1107] --> NULL
bucket[1108] --> NULL
bucket[1109] --> NULL
bucket[1110] --> NULL
bucket[1111] --> NULL
bucket[1112] --> NULL
bucket[1113] --> throughout@61[integer] --> NULL
bucket[1114] --> NULL
bucket[1115] --> NULL
bucket[1116] --> NULL
bucket[1117] --> NULL
bucket[1118] --> NULL
bucket[1119] --> NULL
bucket[1120] --> NULL
bucket[1121] --> NULL
bucket[1122] --> NULL
bucket[1123] --> NULL
bucket[1124] --> NULL
bucket[1125] --> NULL
bucket[1126] --> NULL
bucket[1127] --> NULL
bucket[1128] --> NULL
bucket[1129] --> NULL
bucket[1130] --> NULL
bucket[1131] --> NULL
bucket[1132] --> NULL
bucket[1133] --> NULL
bucket[1134] --> NULL
bucket[1135] --> NULL
bucket[1136] --> NULL
bucket[1137] --> NULL
bucket[1138] --> NULL
bucket[1139] --> NULL
bucket[1140] --> NULL
bucket[1141] --> NULL
bucket[1142] --> NULL
bucket[1143] --> NULL
bucket[1144] --> NULL
bucket[1145] --> NULL
bucket[1146] --> NULL
bucket[1147] --> NULL
bucket[1148] --> NULL
bucket[1149] --> NULL
bucket[1150] --> NULL
bucket[1151] --> NULL
bucket[1152] --> NULL
bucket[1153] --> NULL
bucket[1154] --> NULL
bucket[1155] --> NULL
bucket[1156] --> NULL
bucket[1157] --> NULL
bucket[1158] --> NULL
bucket[1159] --> NULL
bucket[1160] --> NULL
bucket[1161] --> NULL
bucket[1162] --> NULL
bucket[1163] --> NULL
bucket[1164] --> NULL
bucket[1165] --> NULL
bucket[1166] --> NULL
bucket[1167] --> NULL
bucket[1168] --> NULL
bucket[1169] --> NULL
bucket[1170] --> performance@623[integer] --> NULL
bucket[1171] --> NULL
bucket[1172] --> NULL
bucket[1173] --> NULL
bucket[1174] --> NULL
bucket[1175] --> NULL
bucket[1176] --> NULL
bucket[1177] --> NULL
bucket[1178] --> NULL
bucket[1179] --> traditional@76[integer] --> NULL
bucket[1180] --> NULL
bucket[1181] --> NULL
bucket[1182] --> NULL
bucket[1183] --> participant@609[integer] --> NULL
bucket[1184] --> NULL
bucket[1185] --> NULL
bucket[1186] --> NULL
bucket[1187] --> development@221[integer] --> NULL
bucket[1188] --> NULL
bucket[1189] --> NULL
bucket[1190] --> information@418[integer] --> NULL
bucket[1191] --> NULL
bucket[1192] --> NULL
bucket[1193] --> NULL
bucket[1194] --> NULL
bucket[1195] --> NULL
bucket[1196] --> interesting@423[integer] --> NULL
bucket[1197] --> NULL
bucket[1198] --> NULL
bucket[1199] --> NULL
bucket[1200] --> NULL
bucket[1201] --> NULL
bucket[1202] --> NULL
bucket[1203] --> NULL
bucket[1204] --> NULL
bucket[1205] --> environment@266[integer] --> NULL
bucket[1206] --> NULL
bucket[1207] --> NULL
bucket[1208] --> NULL
bucket[1209] --> NULL
bucket[1210] --> NULL
bucket[1211] --> NULL
bucket[1212] --> NULL
bucket[1213] --> NULL
bucket[1214] --> NULL
bucket[1215] --> NULL
bucket[1216] --> NULL
bucket[1217] --> NULL
bucket[1218] --> NULL
bucket[1219] --> NULL
bucket[1220] --> NULL
bucket[1221] --> NULL
bucket[1222] --> NULL
bucket[1223] --> NULL
bucket[1224] --> NULL
bucket[1225] --> NULL
bucket[1226] --> institution@421[integer] --> NULL
bucket[1227] --> NULL
bucket[1228] --> NULL
bucket[1229] --> NULL
bucket[1230] --> NULL
bucket[1231] --> NULL
bucket[1232] --> NULL
bucket[1233] --> NULL
bucket[1234] --> NULL
bucket[1235] --> NULL
bucket[1236] --> NULL
bucket[1237] --> NULL
bucket[1238] --> NULL
bucket[1239] --> NULL
bucket[1240] --> NULL
bucket[1241] --> NULL
bucket[1242] --> NULL
bucket[1243] --> NULL
bucket[1244] --> NULL
bucket[1245] --> opportunity@590[integer] --> NULL
bucket[1246] --> NULL
bucket[1247] --> NULL
bucket[1248] --> NULL
bucket[1249] --> NULL
bucket[1250] --> NULL
bucket[1251] --> NULL
bucket[1252] --> NULL
bucket[1253] --> NULL
bucket[1254] --> NULL
bucket[1255] --> NULL
bucket[1256] --> NULL
bucket[1257] --> NULL
bucket[1258] --> NULL
bucket[1259] --> NULL
bucket[1260] --> NULL
bucket[1261] --> NULL
bucket[1262] --> NULL
bucket[1263] --> NULL
bucket[1264] --> NULL
bucket[1265] --> NULL
bucket[1266] --> NULL
bucket[1267] --> NULL
bucket[1268] --> NULL
bucket[1269] --> NULL
bucket[1270] --> NULL
bucket[1271] --> NULL
bucket[1272] --> NULL
bucket[1273] --> NULL
bucket[1274] --> NULL
bucket[1275] --> NULL
bucket[1276] --> NULL
bucket[1277] --> NULL
bucket[1278] --> NULL
bucket[1279] --> NULL
bucket[1280] --> NULL
bucket[1281] --> NULL
bucket[1282] --> NULL
bucket[1283] --> NULL
bucket[1284] --> NULL
bucket[1285] --> NULL
bucket[1286] --> NULL
bucket[1287] --> NULL
bucket[1288] --> NULL
bucket[1289] --> NULL
bucket[1290] --> NULL
bucket[1291] --> NULL
bucket[1292] --> NULL
bucket[1293] --> NULL
bucket[1294] --> NULL
bucket[1295] --> NULL
bucket[1296] --> NULL
bucket[1297] --> NULL
bucket[1298] --> relationship@707[integer] --> NULL
bucket[1299] --> NULL
bucket[1300] --> NULL
bucket[1301] --> organization@594[integer] --> professional@666[integer] --> NULL
bucket[1302] --> NULL
bucket[1303] --> NULL
bucket[1304] --> NULL
bucket[1305] --> NULL
bucket[1306] --> NULL
bucket[1307] --> NULL
bucket[1308] --> particularly@611[integer] --> NULL
bucket[1309] --> NULL
bucket[1310] --> NULL
bucket[1311] --> NULL
bucket[1312] --> NULL
bucket[1313] --> NULL
bucket[1314] --> NULL
bucket[1315] --> NULL
bucket[1316] --> NULL
bucket[1317] --> NULL
bucket[1318] --> NULL
bucket[1319] --> NULL
bucket[1320] --> NULL
bucket[1321] --> NULL
bucket[1322] --> NULL
bucket[1323] --> NULL
bucket[1324] --> NULL
bucket[1325] --> NULL
bucket[1326] --> NULL
bucket[1327] --> NULL
bucket[1328] --> NULL
bucket[1329] --> NULL
bucket[1330] --> NULL
bucket[1331] --> NULL
bucket[1332] --> NULL
bucket[1333] --> NULL
bucket[1334] --> NULL
bucket[1335] --> NULL
bucket[1336] --> NULL
bucket[1337] --> NULL
bucket[1338] --> NULL
bucket[1339] --> NULL
bucket[1340] --> NULL
bucket[1341] --> NULL
bucket[1342] --> NULL
bucket[1343] --> NULL
bucket[1344] --> NULL
bucket[1345] --> NULL
bucket[1346] --> NULL
bucket[1347] --> NULL
bucket[1348] --> NULL
bucket[1349] --> NULL
bucket[1350] --> NULL
bucket[1351] --> NULL
bucket[1352] --> NULL
bucket[1353] --> NULL
bucket[1354] --> NULL
bucket[1355] --> NULL
bucket[1356] --> NULL
bucket[1357] --> NULL
bucket[1358] --> NULL
bucket[1359] --> NULL
bucket[1360] --> NULL
bucket[1361] --> NULL
bucket[1362] --> NULL
bucket[1363] --> NULL
bucket[1364] --> NULL
bucket[1365] --> NULL
bucket[1366] --> NULL
bucket[1367] --> NULL
bucket[1368] --> NULL
bucket[1369] --> NULL
bucket[1370] --> NULL
bucket[1371] --> NULL
bucket[1372] --> NULL
bucket[1373] --> NULL
bucket[1374] --> NULL
bucket[1375] --> NULL
bucket[1376] --> NULL
bucket[1377] --> NULL
bucket[1378] --> NULL
bucket[1379] --> NULL
bucket[1380] --> NULL
bucket[1381] --> NULL
bucket[1382] --> NULL
bucket[1383] --> NULL
bucket[1384] --> NULL
bucket[1385] --> NULL
bucket[1386] --> NULL
bucket[1387] --> NULL
bucket[1388] --> NULL
bucket[1389] --> NULL
bucket[1390] --> NULL
bucket[1391] --> NULL
bucket[1392] --> NULL
bucket[1393] --> NULL
bucket[1394] --> NULL
bucket[1395] --> NULL
bucket[1396] --> NULL
bucket[1397] --> NULL
bucket[1398] --> NULL
bucket[1399] --> NULL
bucket[1400] --> international@424[integer] --> NULL
bucket[1401] --> NULL
bucket[1402] --> NULL
bucket[1403] --> NULL
bucket[1404] --> NULL
bucket[1405] --> NULL
bucket[1406] --> NULL
bucket[1407] --> NULL
bucket[1408] --> NULL
bucket[1409] --> NULL
bucket[1410] --> environmental@267[integer] --> NULL
bucket[1411] --> NULL
bucket[1412] --> NULL
bucket[1413] --> NULL
bucket[1414] --> NULL
bucket[1415] --> NULL
bucket[1416] --> NULL
bucket[1417] --> NULL
bucket[1418] --> NULL
bucket[1419] --> NULL
bucket[1420] --> NULL
bucket[1421] --> NULL
bucket[1422] --> NULL
bucket[1423] --> NULL
bucket[1424] --> NULL
bucket[1425] --> NULL
bucket[1426] --> NULL
bucket[1427] --> NULL
bucket[1428] --> NULL
bucket[1429] --> NULL
bucket[1430] --> NULL
bucket[1431] --> NULL
bucket[1432] --> NULL
bucket[1433] --> NULL
bucket[1434] --> NULL
bucket[1435] --> NULL
bucket[1436] --> NULL
bucket[1437] --> NULL
bucket[1438] --> NULL
bucket[1439] --> NULL
bucket[1440] --> NULL
bucket[1441] --> NULL
bucket[1442] --> NULL
bucket[1443] --> NULL
bucket[1444] --> NULL
bucket[1445] --> NULL
bucket[1446] --> NULL
bucket[1447] --> NULL
bucket[1448] --> NULL
bucket[1449] --> NULL
bucket[1450] --> NULL
bucket[1451] --> NULL
bucket[1452] --> NULL
bucket[1453] --> NULL
bucket[1454] --> NULL
bucket[1455] --> NULL
bucket[1456] --> NULL
bucket[1457] --> NULL
bucket[1458] --> NULL
bucket[1459] --> NULL
bucket[1460] --> NULL
bucket[1461] --> NULL
bucket[1462] --> NULL
bucket[1463] --> NULL
bucket[1464] --> NULL
bucket[1465] --> NULL
bucket[1466] --> NULL
bucket[1467] --> NULL
bucket[1468] --> NULL
bucket[1469] --> NULL
bucket[1470] --> NULL
bucket[1471] --> NULL
bucket[1472] --> NULL
bucket[1473] --> NULL
bucket[1474] --> NULL
bucket[1475] --> NULL
bucket[1476] --> NULL
bucket[1477] --> NULL
bucket[1478] --> NULL
bucket[1479] --> NULL
bucket[1480] --> NULL
bucket[1481] --> NULL
bucket[1482] --> NULL
bucket[1483] --> NULL
bucket[1484] --> NULL
bucket[1485] --> NULL
bucket[1486] --> NULL
bucket[1487] --> NULL
bucket[1488] --> NULL
bucket[1489] --> NULL
bucket[1490] --> NULL
bucket[1491] --> NULL
bucket[1492] --> NULL
bucket[1493] --> NULL
bucket[1494] --> NULL
bucket[1495] --> NULL
bucket[1496] --> NULL
bucket[1497] --> NULL
bucket[1498] --> NULL
bucket[1499] --> NULL
bucket[1500] --> NULL
bucket[1501] --> NULL
bucket[1502] --> NULL
bucket[1503] --> NULL
bucket[1504] --> NULL
bucket[1505] --> NULL
bucket[1506] --> NULL
bucket[1507] --> NULL
bucket[1508] --> NULL
bucket[1509] --> NULL
bucket[1510] --> administration@16[integer] --> NULL
bucket[1511] --> NULL
bucket[1512] --> NULL
bucket[1513] --> NULL
bucket[1514] --> NULL
bucket[1515] --> NULL
bucket[1516] --> NULL
bucket[1517] --> NULL
bucket[1518] --> NULL
bucket[1519] --> NULL
bucket[1520] --> NULL
bucket[1521] --> NULL
bucket[1522] --> NULL
bucket[1523] --> NULL
bucket[1524] --> NULL
bucket[1525] --> NULL
bucket[1526] --> NULL
bucket[1527] --> NULL
bucket[1528] --> NULL
bucket[1529] --> NULL
bucket[1530] --> NULL
bucket[1531] --> NULL
bucket[1532] --> NULL
bucket[1533] --> NULL
bucket[1534] --> NULL
bucket[1535] --> NULL
bucket[1536] --> responsibility@720[integer] --> NULL
bucket[1537] --> NULL
bucket[1538] --> NULL
bucket[1539] --> NULL
bucket[1540] --> NULL
bucket[1541] --> NULL
bucket[1542] --> NULL
bucket[1543] --> NULL
bucket[1544] --> NULL
bucket[1545] --> NULL
bucket[1546] --> NULL
bucket[1547] --> NULL
bucket[1548] --> NULL
bucket[1549] --> NULL
bucket[1550] --> NULL
bucket[1551] --> NULL
bucket[1552] --> NULL
bucket[1553] --> NULL
bucket[1554] --> NULL
bucket[1555] --> NULL
bucket[1556] --> NULL
bucket[1557] --> NULL
bucket[1558] --> NULL
bucket[1559] --> NULL
bucket[1560] --> NULL
bucket[1561] --> NULL
bucket[1562] --> NULL
bucket[1563] --> NULL
bucket[1564] --> NULL
bucket[1565] --> NULL
bucket[1566] --> NULL
bucket[1567] --> NULL
bucket[1568] --> NULL
bucket[1569] --> NULL
bucket[1570] --> NULL
bucket[1571] --> NULL
bucket[1572] --> NULL
bucket[1573] --> NULL
bucket[1574] --> NULL
bucket[1575] --> NULL
bucket[1576] --> NULL
bucket[1577] --> NULL
bucket[1578] --> NULL
bucket[1579] --> NULL
bucket[1580] --> NULL
bucket[1581] --> NULL
bucket[1582] --> NULL
bucket[1583] --> NULL
bucket[1584] --> NULL
bucket[1585] --> NULL
bucket[1586] --> NULL
bucket[1587] --> NULL
bucket[1588] --> NULL
bucket[1589] --> NULL
bucket[1590] --> NULL
bucket[1591] --> NULL
bucket[1592] --> NULL
bucket[1593] --> NULL
bucket[1594] --> NULL
bucket[1595] --> NULL
bucket[1596] --> NULL
bucket[1597] --> NULL
bucket[1598] --> NULL
bucket[1599] --> NULL
bucket[1600] --> NULL
bucket[1601] --> NULL
bucket[1602] --> NULL
bucket[1603] --> NULL
bucket[1604] --> NULL
bucket[1605] --> NULL
bucket[1606] --> NULL
bucket[1607] --> NULL
bucket[1608] --> NULL
bucket[1609] --> NULL
bucket[1610] --> NULL
bucket[1611] --> NULL
bucket[1612] --> NULL
bucket[1613] --> NULL
bucket[1614] --> NULL
bucket[1615] --> NULL
bucket[1616] --> NULL
bucket[1617] --> NULL
bucket[1618] --> NULL
bucket[1619] --> NULL
bucket[1620] --> NULL
bucket[1621] --> NULL
bucket[1622] --> NULL
bucket[1623] --> NULL
bucket[1624] --> NULL
bucket[1625] --> NULL
bucket[1626] --> NULL
bucket[1627] --> NULL
bucket[1628] --> NULL
bucket[1629] --> NULL
bucket[1630] --> NULL
bucket[1631] --> NULL
bucket[1632] --> NULL
bucket[1633] --> NULL
bucket[1634] --> NULL
bucket[1635] --> NULL
bucket[1636] --> NULL
bucket[1637] --> NULL
bucket[1638] --> NULL
bucket[1639] --> NULL
bucket[1640] --> NULL
bucket[1641] --> NULL
bucket[1642] --> NULL
bucket[1643] --> NULL
bucket[1644] --> NULL
bucket[1645] --> NULL
bucket[1646] --> NULL
bucket[1647] --> NULL
bucket[1648] --> NULL
bucket[1649] --> NULL
bucket[1650] --> NULL
bucket[1651] --> NULL
bucket[1652] --> NULL
bucket[1653] --> NULL
bucket[1654] --> NULL
bucket[1655] --> NULL
bucket[1656] --> NULL
bucket[1657] --> NULL
bucket[1658] --> NULL
bucket[1659] --> NULL
bucket[1660] --> NULL
bucket[1661] --> NULL
bucket[1662] --> NULL
bucket[1663] --> NULL
bucket[1664] --> NULL
bucket[1665] --> NULL
bucket[1666] --> NULL
bucket[1667] --> NULL
bucket[1668] --> NULL
bucket[1669] --> NULL
bucket[1670] --> NULL
bucket[1671] --> NULL
bucket[1672] --> NULL
bucket[1673] --> NULL
bucket[1674] --> NULL
bucket[1675] --> NULL
bucket[1676] --> NULL
bucket[1677] --> NULL
bucket[1678] --> NULL
bucket[1679] --> NULL
bucket[1680] --> NULL
bucket[1681] --> NULL
bucket[1682] --> NULL
bucket[1683] --> NULL
bucket[1684] --> NULL
bucket[1685] --> NULL
bucket[1686] --> NULL
bucket[1687] --> NULL
bucket[1688] --> NULL
bucket[1689] --> NULL
bucket[1690] --> NULL
bucket[1691] --> NULL
bucket[1692] --> NULL
bucket[1693] --> NULL
bucket[1694] --> NULL
bucket[1695] --> NULL
bucket[1696] --> NULL
bucket[1697] --> NULL
bucket[1698] --> NULL
bucket[1699] --> NULL
bucket[1700] --> NULL
bucket[1701] --> NULL
bucket[1702] --> NULL
bucket[1703] --> NULL
bucket[1704] --> NULL
bucket[1705] --> NULL
bucket[1706] --> NULL
bucket[1707] --> NULL
bucket[1708] --> NULL
bucket[1709] --> NULL
bucket[1710] --> NULL
bucket[1711] --> NULL
bucket[1712] --> NULL
bucket[1713] --> NULL
bucket[1714] --> NULL
bucket[1715] --> NULL
bucket[1716] --> NULL
bucket[1717] --> NULL
bucket[1718] --> NULL
bucket[1719] --> NULL
bucket[1720] --> NULL
bucket[1721] --> NULL
bucket[1722] --> NULL
bucket[1723] --> NULL
bucket[1724] --> NULL
bucket[1725] --> NULL
bucket[1726] --> NULL
bucket[1727] --> NULL
bucket[1728] --> NULL
bucket[1729] --> NULL
bucket[1730] --> NULL
bucket[1731] --> NULL
bucket[1732] --> NULL
bucket[1733] --> NULL
bucket[1734] --> NULL
bucket[1735] --> NULL
bucket[1736] --> NULL
bucket[1737] --> NULL
bucket[1738] --> NULL
bucket[1739] --> NULL
bucket[1740] --> NULL
bucket[1741] --> NULL
bucket[1742] --> NULL
bucket[1743] --> NULL
bucket[1744] --> NULL
bucket[1745] --> NULL
bucket[1746] --> NULL
bucket[1747] --> NULL
bucket[1748] --> NULL
bucket[1749] --> NULL
bucket[1750] --> NULL
bucket[1751] --> NULL
bucket[1752] --> NULL
bucket[1753] --> NULL
bucket[1754] --> NULL
bucket[1755] --> NULL
bucket[1756] --> NULL
bucket[1757] --> NULL
bucket[1758] --> NULL
bucket[1759] --> NULL
bucket[1760] --> NULL
bucket[1761] --> NULL
bucket[1762] --> NULL
bucket[1763] --> NULL
bucket[1764] --> NULL
bucket[1765] --> NULL
bucket[1766] --> NULL
bucket[1767] --> NULL
bucket[1768] --> NULL
bucket[1769] --> NULL
bucket[1770] --> NULL
bucket[1771] --> NULL
bucket[1772] --> NULL
bucket[1773] --> NULL
bucket[1774] --> NULL
bucket[1775] --> NULL
bucket[1776] --> NULL
bucket[1777] --> NULL
bucket[1778] --> NULL
bucket[1779] --> NULL
bucket[1780] --> NULL
bucket[1781] --> NULL
bucket[1782] --> NULL
bucket[1783] --> NULL
bucket[1784] --> NULL
bucket[1785] --> NULL
bucket[1786] --> NULL
bucket[1787] --> NULL
bucket[1788] --> NULL
bucket[1789] --> NULL
bucket[1790] --> NULL
bucket[1791] --> NULL
bucket[1792] --> NULL
bucket[1793] --> NULL
bucket[1794] --> NULL
bucket[1795] --> NULL
bucket[1796] --> NULL
bucket[1797] --> NULL
bucket[1798] --> NULL
bucket[1799] --> NULL
bucket[1800] --> NULL
bucket[1801] --> NULL
bucket[1802] --> NULL
bucket[1803] --> NULL
bucket[1804] --> NULL
bucket[1805] --> NULL
bucket[1806] --> NULL
bucket[1807] --> NULL
bucket[1808] --> NULL
bucket[1809] --> NULL
bucket[1810] --> NULL
bucket[1811] --> NULL
bucket[1812] --> NULL
bucket[1813] --> NULL
bucket[1814] --> NULL
bucket[1815] --> NULL
bucket[1816] --> NULL
bucket[1817] --> NULL
bucket[1818] --> NULL
bucket[1819] --> NULL
bucket[1820] --> NULL
bucket[1821] --> NULL
bucket[1822] --> NULL
bucket[1823] --> NULL
bucket[1824] --> NULL
bucket[1825] --> NULL
bucket[1826] --> NULL
bucket[1827] --> NULL
bucket[1828] --> NULL
bucket[1829] --> NULL
bucket[1830] --> NULL
bucket[1831] --> NULL
bucket[1832] --> NULL
bucket[1833] --> NULL
bucket[1834] --> NULL
bucket[1835] --> NULL
bucket[1836] --> NULL
bucket[1837] --> NULL
bucket[1838] --> NULL
bucket[1839] --> NULL
bucket[1840] --> NULL
bucket[1841] --> NULL
bucket[1842] --> NULL
bucket[1843] --> NULL
bucket[1844] --> NULL
bucket[1845] --> NULL
bucket[1846] --> NULL
bucket[1847] --> NULL
bucket[1848] --> NULL
bucket[1849] --> NULL
bucket[1850] --> NULL
bucket[1851] --> NULL
bucket[1852] --> NULL
bucket[1853] --> NULL
bucket[1854] --> NULL
bucket[1855] --> NULL
bucket[1856] --> NULL
bucket[1857] --> NULL
bucket[1858] --> NULL
bucket[1859] --> NULL
bucket[1860] --> NULL
bucket[1861] --> NULL
bucket[1862] --> NULL
bucket[1863] --> NULL
bucket[1864] --> NULL
bucket[1865] --> NULL
bucket[1866] --> NULL
bucket[1867] --> NULL
bucket[1868] --> NULL
bucket[1869] --> NULL
bucket[1870] --> NULL
bucket[1871] --> NULL
bucket[1872] --> NULL
bucket[1873] --> NULL
bucket[1874] --> NULL
bucket[1875] --> NULL
bucket[1876] --> NULL
bucket[1877] --> NULL
bucket[1878] --> NULL
bucket[1879] --> NULL
bucket[1880] --> NULL
bucket[1881] --> NULL
bucket[1882] --> NULL
bucket[1883] --> NULL
bucket[1884] --> NULL
bucket[1885] --> NULL
bucket[1886] --> NULL
bucket[1887] --> NULL
bucket[1888] --> NULL
bucket[1889] --> NULL
bucket[1890] --> NULL
bucket[1891] --> NULL
bucket[1892] --> NULL
bucket[1893] --> NULL
bucket[1894] --> NULL
bucket[1895] --> NULL
bucket[1896] --> NULL
bucket[1897] --> NULL
bucket[1898] --> NULL
bucket[1899] --> NULL
bucket[1900] --> NULL
bucket[1901] --> NULL
bucket[1902] --> NULL
bucket[1903] --> NULL
bucket[1904] --> NULL
bucket[1905] --> NULL
bucket[1906] --> NULL
bucket[1907] --> NULL
bucket[1908] --> NULL
bucket[1909] --> NULL
bucket[1910] --> NULL
bucket[1911] --> NULL
bucket[1912] --> NULL
bucket[1913] --> NULL
bucket[1914] --> NULL
bucket[1915] --> NULL
bucket[1916] --> NULL
bucket[1917] --> NULL
bucket[1918] --> NULL
bucket[1919] --> NULL
bucket[1920] --> NULL
bucket[1921] --> NULL
bucket[1922] --> NULL
bucket[1923] --> NULL
bucket[1924] --> NULL
bucket[1925] --> NULL
bucket[1926] --> NULL
bucket[1927] --> NULL
bucket[1928] --> NULL
bucket[1929] --> NULL
bucket[1930] --> NULL
bucket[1931] --> NULL
bucket[1932] --> NULL
bucket[1933] --> NULL
bucket[1934] --> NULL
bucket[1935] --> NULL
bucket[1936] --> NULL
bucket[1937] --> NULL
bucket[1938] --> NULL
bucket[1939] --> NULL
bucket[1940] --> NULL
bucket[1941] --> NULL
bucket[1942] --> NULL
bucket[1943] --> NULL
bucket[1944] --> NULL
bucket[1945] --> NULL
bucket[1946] --> NULL
bucket[1947] --> NULL
bucket[1948] --> NULL
bucket[1949] --> NULL
bucket[1950] --> NULL
bucket[1951] --> NULL
bucket[1952] --> NULL
bucket[1953] --> NULL
bucket[1954] --> NULL
bucket[1955] --> NULL
bucket[1956] --> NULL
bucket[1957] --> NULL
bucket[1958] --> NULL
bucket[1959] --> NULL
bucket[1960] --> NULL
bucket[1961] --> NULL
bucket[1962] --> NULL
bucket[1963] --> NULL
bucket[1964] --> NULL
bucket[1965] --> NULL
bucket[1966] --> NULL
bucket[1967] --> NULL
bucket[1968] --> NULL
bucket[1969] --> NULL
bucket[1970] --> NULL
bucket[1971] --> NULL
bucket[1972] --> NULL
bucket[1973] --> NULL
bucket[1974] --> NULL
bucket[1975] --> NULL
bucket[1976] --> NULL
bucket[1977] --> NULL
bucket[1978] --> NULL
bucket[1979] --> NULL
bucket[1980] --> NULL
bucket[1981] --> NULL
bucket[1982] --> NULL
bucket[1983] --> NULL
bucket[1984] --> NULL
bucket[1985] --> NULL
bucket[1986] --> NULL
bucket[1987] --> NULL
bucket[1988] --> NULL
bucket[1989] --> NULL
bucket[1990] --> NULL
bucket[1991] --> NULL
bucket[1992] --> NULL
bucket[1993] --> NULL
bucket[1994] --> NULL
bucket[1995] --> NULL
bucket[1996] --> NULL
bucket[1997] --> NULL
bucket[1998] --> NULL
bucket[1999] --> NULL
bucket[2000] --> NULL
bucket[2001] --> NULL
bucket[2002] --> NULL
bucket[2003] --> NULL
bucket[2004] --> NULL
bucket[2005] --> NULL
bucket[2006] --> NULL
bucket[2007] --> NULL
bucket[2008] --> NULL
bucket[2009] --> NULL
bucket[2010] --> NULL
bucket[2011] --> NULL
bucket[2012] --> NULL
bucket[2013] --> NULL
bucket[2014] --> NULL
bucket[2015] --> NULL
bucket[2016] --> NULL
bucket[2017] --> NULL
bucket[2018] --> NULL
bucket[2019] --> NULL
bucket[2020] --> NULL
bucket[2021] --> NULL
bucket[2022] --> NULL
bucket[2023] --> NULL
bucket[2024] --> NULL
bucket[2025] --> NULL
bucket[2026] --> NULL
bucket[2027] --> NULL
bucket[2028] --> NULL
bucket[2029] --> NULL
bucket[2030] --> NULL
bucket[2031] --> NULL
bucket[2032] --> NULL
bucket[2033] --> NULL
bucket[2034] --> NULL
bucket[2035] --> NULL
bucket[2036] --> NULL
bucket[2037] --> NULL
bucket[2038] --> NULL
>> "ability" found at offset 2
>> Identifier not found.
>> "yard" found at offset 160
>> "yeah" found at offset 161
>> Goodbye!
