<program> at 1:1.
  <body> at 3:5.
    <vardef> at 3:5.
      <type> at 3:5.
      </type> at 3:9.
    </vardef> at 4:5.
    <statements> at 4:5.
      <statement> at 4:5.
        <assign> at 4:5.
          <expr> at 4:13.
            <simple> at 4:13.
              <term> at 4:13.
                <factor> at 4:13.
                </factor> at 4:24.
              </term> at 4:24.
            </simple> at 4:24.
          </expr> at 4:24.
        </assign> at 4:24.
      </statement> at 4:24.
      <statement> at 5:5.
        <assign> at 5:5.
