<program> at 1:1.
  <body> at 4:5.
    <vardef> at 4:5.
      <type> at 4:5.
      </type> at 4:10.
    </vardef> at 6:5.
    <statements> at 6:5.
      <statement> at 6:5.
        <if> at 6:5.
          <expr> at 6:8.
            <simple> at 6:8.
              <term> at 6:8.
                <factor> at 6:8.
                </factor> at 6:10.
              </term> at 6:10.
            </simple> at 6:10.
          </expr> at 6:10.
          <statements> at 7:9.
            <statement> at 7:9.
              <if> at 7:9.
                <expr> at 7:12.
                  <simple> at 7:12.
                    <term> at 7:12.
                      <factor> at 7:12.
                      </factor> at 7:14.
                    </term> at 7:14.
                  </simple> at 7:14.
                </expr> at 7:14.
                <statements> at 8:13.
                </statements> at 9:9.
                <elif> at 9:9.
                <expr> at 9:14.
                  <simple> at 9:14.
                    <term> at 9:14.
                      <factor> at 9:14.
                      </factor> at 9:16.
                    </term> at 9:16.
                  </simple> at 9:16.
                </expr> at 9:16.
                <statements> at 10:13.
                  <statement> at 10:13.
                    <if> at 10:13.
                      <expr> at 10:16.
                        <simple> at 10:16.
                          <term> at 10:16.
                            <factor> at 10:16.
                            </factor> at 10:18.
                          </term> at 10:18.
                        </simple> at 10:18.
                      </expr> at 10:18.
                      <statements> at 11:17.
                      </statements> at 12:13.
                      <elif> at 12:13.
                      <expr> at 12:18.
                        <simple> at 12:18.
                          <term> at 12:18.
                            <factor> at 12:18.
                            </factor> at 12:20.
                          </term> at 12:20.
                        </simple> at 12:20.
                      </expr> at 12:20.
                      <statements> at 13:17.
                      </statements> at 14:13.
                      </elif> at 14:13.
                      <elif> at 14:13.
                      <expr> at 14:18.
                        <simple> at 14:18.
                          <term> at 14:18.
                            <factor> at 14:18.
                            </factor> at 14:20.
                          </term> at 14:20.
                        </simple> at 14:20.
                      </expr> at 14:20.
                      <statements> at 15:17.
                      </statements> at 16:13.
                      </elif> at 16:13.
                      <else> at 16:13.
                      <statements> at 17:17.
                      </statements> at 18:13.
                      </else> at 18:13.
                    </if> at 19:9.
                  </statement> at 19:9.
                </statements> at 19:9.
                </elif> at 19:9.
                <else> at 19:9.
                <statements> at 20:13.
                  <statement> at 20:13.
                    <if> at 20:13.
                      <expr> at 20:16.
                        <simple> at 20:16.
                          <term> at 20:16.
                            <factor> at 20:16.
                            </factor> at 20:18.
                          </term> at 20:18.
                        </simple> at 20:18.
                      </expr> at 20:18.
                      <statements> at 21:17.
                      </statements> at 22:13.
                      <else> at 22:13.
                      <statements> at 23:17.
                      </statements> at 24:13.
                      </else> at 24:13.
                    </if> at 25:9.
                  </statement> at 25:9.
                </statements> at 25:9.
                </else> at 25:9.
              </if> at 25:12.
            </statement> at 25:12.
            <statement> at 26:9.
              <if> at 26:9.
                <expr> at 26:12.
                  <simple> at 26:12.
                    <term> at 26:12.
                      <factor> at 26:12.
                      </factor> at 26:14.
                    </term> at 26:14.
                  </simple> at 26:14.
                </expr> at 26:14.
                <statements> at 27:13.
                </statements> at 28:9.
                <elif> at 28:9.
                <expr> at 28:14.
                  <simple> at 28:14.
                    <term> at 28:14.
                      <factor> at 28:14.
                      </factor> at 28:16.
                    </term> at 28:16.
                  </simple> at 28:16.
                </expr> at 28:16.
                <statements> at 29:13.
                </statements> at 30:9.
                </elif> at 30:9.
              </if> at 31:5.
            </statement> at 31:5.
          </statements> at 31:5.
        </if> at 31:8.
      </statement> at 31:8.
      <statement> at 33:5.
        <if> at 33:5.
          <expr> at 33:8.
            <simple> at 33:8.
              <term> at 33:8.
                <factor> at 33:8.
                </factor> at 33:10.
              </term> at 33:10.
            </simple> at 33:10.
          </expr> at 33:10.
          <statements> at 34:9.
          </statements> at 35:5.
        </if> at 35:8.
      </statement> at 35:8.
    </statements> at 35:8.
  </body> at 35:8.
</program> at 35:8.
Success!
