<program> at 2:1.
  <body> at 4:5.
    <vardef> at 4:5.
      <type> at 4:5.
      </type> at 4:9.
    </vardef> at 5:5.
    <vardef> at 5:5.
      <type> at 5:5.
      </type> at 5:16.
    </vardef> at 6:5.
    <vardef> at 6:5.
      <type> at 6:5.
      </type> at 6:15.
    </vardef> at 7:5.
    <vardef> at 7:5.
      <type> at 7:5.
      </type> at 7:9.
    </vardef> at 10:5.
    <statements> at 10:5.
      <statement> at 10:5.
        <input> at 10:5.
        </input> at 10:13.
      </statement> at 10:13.
      <statement> at 11:5.
        <input> at 11:5.
        </input> at 11:13.
      </statement> at 11:13.
      <statement> at 12:5.
        <input> at 12:5.
          <index> at 12:13.
            <simple> at 12:14.
              <term> at 12:14.
                <factor> at 12:14.
                </factor> at 12:16.
              </term> at 12:16.
            </simple> at 12:16.
          </index> at 12:17.
        </input> at 12:18.
      </statement> at 12:18.
      <statement> at 14:5.
        <output> at 14:5.
          <expr> at 14:12.
            <simple> at 14:12.
              <term> at 14:12.
                <factor> at 14:12.
                  <expr> at 14:13.
                    <simple> at 14:13.
                      <term> at 14:13.
                        <factor> at 14:13.
                        </factor> at 14:15.
                        <factor> at 14:17.
                        </factor> at 14:19.
                      </term> at 14:19.
                      <term> at 14:21.
                        <factor> at 14:21.
                        </factor> at 14:23.
                      </term> at 14:23.
                    </simple> at 14:23.
                    <simple> at 14:25.
                      <term> at 14:25.
                        <factor> at 14:25.
                        </factor> at 14:27.
                      </term> at 14:27.
                    </simple> at 14:27.
                  </expr> at 14:27.
                </factor> at 14:29.
              </term> at 14:29.
            </simple> at 14:29.
            <simple> at 14:31.
              <term> at 14:31.
                <factor> at 14:31.
                </factor> at 14:35.
              </term> at 14:35.
            </simple> at 14:35.
          </expr> at 14:35.
        </output> at 14:36.
      </statement> at 14:36.
      <statement> at 15:5.
        <output> at 15:5.
          <expr> at 15:12.
            <simple> at 15:12.
              <term> at 15:12.
                <factor> at 15:12.
                  <index> at 15:14.
                    <simple> at 15:15.
                      <term> at 15:15.
                        <factor> at 15:15.
                          <index> at 15:17.
                            <simple> at 15:18.
                              <term> at 15:18.
                                <factor> at 15:18.
                                </factor> at 15:19.
                              </term> at 15:19.
                            </simple> at 15:19.
                          </index> at 15:20.
                        </factor> at 15:20.
                      </term> at 15:20.
                    </simple> at 15:20.
                  </index> at 15:21.
                </factor> at 15:21.
              </term> at 15:21.
            </simple> at 15:21.
          </expr> at 15:21.
        </output> at 15:22.
      </statement> at 15:22.
      <statement> at 17:5.
        <while> at 17:5.
          <expr> at 17:11.
            <simple> at 17:11.
              <term> at 17:11.
                <factor> at 17:11.
                  <expr> at 17:12.
                    <simple> at 17:12.
                      <term> at 17:12.
                        <factor> at 17:12.
                          <index> at 17:14.
                            <simple> at 17:15.
                              <term> at 17:15.
                                <factor> at 17:15.
                                </factor> at 17:16.
                              </term> at 17:16.
                            </simple> at 17:16.
                          </index> at 17:18.
                        </factor> at 17:18.
                      </term> at 17:18.
                      <term> at 17:21.
                        <factor> at 17:21.
                        </factor> at 17:26.
                      </term> at 17:26.
                    </simple> at 17:26.
                  </expr> at 17:26.
                </factor> at 17:28.
                <factor> at 17:32.
                  <expr> at 17:33.
                    <simple> at 17:33.
                      <term> at 17:33.
                        <factor> at 17:33.
                        </factor> at 17:35.
                        <factor> at 17:37.
                          <index> at 17:39.
                            <simple> at 17:40.
                              <term> at 17:40.
                                <factor> at 17:40.
                                </factor> at 17:42.
                              </term> at 17:42.
                            </simple> at 17:42.
                          </index> at 17:44.
                        </factor> at 17:44.
                      </term> at 17:44.
                    </simple> at 17:44.
                    <simple> at 17:47.
                      <term> at 17:47.
                        <factor> at 17:47.
                        </factor> at 17:49.
                      </term> at 17:49.
                    </simple> at 17:49.
                  </expr> at 17:49.
                </factor> at 17:50.
              </term> at 17:50.
            </simple> at 17:50.
          </expr> at 17:50.
          <statements> at 18:9.
            <statement> at 18:9.
              <input> at 18:9.
                <index> at 18:17.
                  <simple> at 18:18.
                    <term> at 18:18.
                      <factor> at 18:18.
                      </factor> at 18:19.
                    </term> at 18:19.
                  </simple> at 18:19.
                </index> at 18:20.
              </input> at 18:21.
            </statement> at 18:21.
            <statement> at 19:9.
              <output> at 19:9.
                <expr> at 19:16.
                  <simple> at 19:16.
                    <term> at 19:16.
                      <factor> at 19:16.
                      </factor> at 19:17.
                    </term> at 19:17.
                  </simple> at 19:17.
                </expr> at 19:17.
              </output> at 19:18.
            </statement> at 19:18.
            <statement> at 20:9.
              <if> at 20:9.
                <expr> at 20:12.
                  <simple> at 20:12.
                    <term> at 20:12.
                      <factor> at 20:12.
                        <factor> at 20:16.
                        </factor> at 20:21.
                      </factor> at 20:21.
                      <factor> at 20:25.
                        <expr> at 20:26.
                          <simple> at 20:26.
                            <term> at 20:26.
                              <factor> at 20:26.
                              </factor> at 20:32.
                            </term> at 20:32.
                            <term> at 20:35.
                              <factor> at 20:35.
                              </factor> at 20:41.
                              <factor> at 20:45.
                              </factor> at 20:49.
                            </term> at 20:49.
                          </simple> at 20:49.
                        </expr> at 20:49.
                      </factor> at 20:50.
                    </term> at 20:50.
                  </simple> at 20:50.
                </expr> at 20:50.
                <statements> at 21:13.
                  <statement> at 21:13.
                    <assign> at 21:13.
                      <index> at 21:19.
                        <simple> at 21:20.
                          <term> at 21:20.
                            <factor> at 21:20.
                            </factor> at 21:21.
                          </term> at 21:21.
                        </simple> at 21:21.
                      </index> at 21:23.
                      <expr> at 21:25.
                        <simple> at 21:25.
                          <term> at 21:25.
                            <factor> at 21:25.
                              <expr> at 21:26.
                                <simple> at 21:26.
                                  <term> at 21:26.
                                    <factor> at 21:26.
                                    </factor> at 21:32.
                                  </term> at 21:32.
                                  <term> at 21:35.
                                    <factor> at 21:35.
                                    </factor> at 21:40.
                                    <factor> at 21:44.
                                      <expr> at 21:45.
                                        <simple> at 21:45.
                                          <term> at 21:45.
                                            <factor> at 21:45.
                                              <factor> at 21:49.
                                                <expr> at 21:50.
                                                  <simple> at 21:50.
                                                    <term> at 21:50.
                                                      <factor> at 21:50.
                                                      </factor> at 21:52.
                                                    </term> at 21:52.
                                                  </simple> at 21:52.
                                                  <simple> at 21:54.
                                                    <term> at 21:54.
                                                      <factor> at 21:54.
                                                      </factor> at 21:55.
                                                    </term> at 21:55.
                                                  </simple> at 21:55.
                                                </expr> at 21:55.
                                              </factor> at 21:57.
                                            </factor> at 21:57.
                                          </term> at 21:57.
                                          <term> at 21:60.
                                            <factor> at 21:60.
                                              <expr> at 21:61.
                                                <simple> at 21:61.
                                                  <term> at 21:61.
                                                    <factor> at 21:61.
                                                    </factor> at 21:63.
                                                  </term> at 21:63.
                                                </simple> at 21:63.
                                                <simple> at 21:65.
                                                  <term> at 21:65.
                                                    <factor> at 21:65.
                                                    </factor> at 21:66.
                                                  </term> at 21:66.
                                                </simple> at 21:66.
                                              </expr> at 21:66.
                                            </factor> at 21:68.
                                          </term> at 21:68.
                                          <term> at 21:71.
                                            <factor> at 21:71.
                                              <expr> at 21:72.
                                                <simple> at 21:72.
                                                  <term> at 21:72.
                                                    <factor> at 21:72.
                                                    </factor> at 21:74.
                                                  </term> at 21:74.
                                                </simple> at 21:74.
                                                <simple> at 21:76.
                                                  <term> at 21:76.
                                                    <factor> at 21:76.
                                                    </factor> at 21:77.
                                                  </term> at 21:77.
                                                </simple> at 21:77.
                                              </expr> at 21:77.
                                            </factor> at 22:25.
                                            <factor> at 22:29.
                                              <expr> at 22:30.
                                                <simple> at 22:30.
                                                  <term> at 22:30.
                                                    <factor> at 22:30.
                                                    </factor> at 22:32.
                                                  </term> at 22:32.
                                                </simple> at 22:32.
                                                <simple> at 22:35.
                                                  <term> at 22:35.
                                                    <factor> at 22:35.
                                                    </factor> at 22:36.
                                                  </term> at 22:36.
                                                </simple> at 22:36.
                                              </expr> at 22:36.
                                            </factor> at 22:38.
                                          </term> at 22:38.
                                          <term> at 22:41.
                                            <factor> at 22:41.
                                              <factor> at 22:45.
                                                <expr> at 22:46.
                                                  <simple> at 22:46.
                                                    <term> at 22:46.
                                                      <factor> at 22:46.
                                                      </factor> at 22:48.
                                                    </term> at 22:48.
                                                  </simple> at 22:48.
                                                  <simple> at 22:51.
                                                    <term> at 22:51.
                                                      <factor> at 22:51.
                                                      </factor> at 22:52.
                                                    </term> at 22:52.
                                                  </simple> at 22:52.
                                                </expr> at 22:52.
                                              </factor> at 22:53.
                                            </factor> at 22:53.
                                          </term> at 22:53.
                                        </simple> at 22:53.
                                      </expr> at 22:53.
                                    </factor> at 22:54.
                                  </term> at 22:54.
                                </simple> at 22:54.
                              </expr> at 22:54.
                            </factor> at 22:55.
                          </term> at 22:55.
                        </simple> at 22:55.
                      </expr> at 22:55.
                    </assign> at 22:55.
                  </statement> at 22:55.
                  <statement> at 23:13.
                    <output> at 23:13.
                      <expr> at 23:20.
                        <simple> at 23:20.
                          <term> at 23:20.
                            <factor> at 23:20.
                              <index> at 23:22.
                                <simple> at 23:23.
                                  <term> at 23:23.
                                    <factor> at 23:23.
                                    </factor> at 23:24.
                                  </term> at 23:24.
                                </simple> at 23:24.
                              </index> at 23:25.
                            </factor> at 23:25.
                          </term> at 23:25.
                        </simple> at 23:25.
                      </expr> at 23:25.
                    </output> at 23:26.
                  </statement> at 23:26.
                  <statement> at 24:13.
                    <while> at 24:13.
                      <expr> at 24:19.
                        <simple> at 24:19.
                          <term> at 24:19.
                            <factor> at 24:19.
                            </factor> at 24:24.
                            <factor> at 24:28.
                            </factor> at 24:33.
                          </term> at 24:33.
                        </simple> at 24:33.
                      </expr> at 24:33.
                      <statements> at 25:17.
                      </statements> at 26:13.
                    </while> at 27:9.
                  </statement> at 27:9.
                </statements> at 27:9.
                <elif> at 27:9.
                <expr> at 27:14.
                  <simple> at 27:14.
                    <term> at 27:14.
                      <factor> at 27:14.
                      </factor> at 27:19.
                    </term> at 27:19.
                  </simple> at 27:19.
                </expr> at 27:19.
                <statements> at 28:13.
                </statements> at 29:9.
                </elif> at 29:9.
                <elif> at 29:9.
                <expr> at 29:14.
                  <simple> at 29:14.
                    <term> at 29:14.
                      <factor> at 29:14.
                      </factor> at 29:19.
                      <factor> at 29:23.
                      </factor> at 29:27.
                    </term> at 29:27.
                  </simple> at 29:27.
                </expr> at 29:27.
                <statements> at 30:13.
                  <statement> at 30:13.
                    <input> at 30:13.
                    </input> at 30:21.
                  </statement> at 30:21.
                  <statement> at 31:13.
                    <assign> at 31:13.
                      <expr> at 31:21.
                        <simple> at 31:21.
                          <term> at 31:21.
                            <factor> at 31:21.
                              <expr> at 31:22.
                                <simple> at 31:22.
                                  <term> at 31:22.
                                    <factor> at 31:22.
                                      <expr> at 31:23.
                                        <simple> at 31:23.
                                          <term> at 31:23.
                                            <factor> at 31:23.
                                            </factor> at 31:25.
                                          </term> at 31:25.
                                          <term> at 31:27.
                                            <factor> at 31:27.
                                            </factor> at 31:28.
                                            <factor> at 31:29.
                                            </factor> at 31:30.
                                          </term> at 31:30.
                                        </simple> at 31:30.
                                      </expr> at 31:30.
                                    </factor> at 31:32.
                                    <factor> at 31:34.
                                    </factor> at 31:35.
                                  </term> at 31:35.
                                </simple> at 31:35.
                              </expr> at 31:35.
                            </factor> at 32:9.
                          </term> at 32:9.
                        </simple> at 32:9.
                      </expr> at 32:9.
                    </assign> at 32:9.
                  </statement> at 32:9.
                </statements> at 32:9.
                </elif> at 32:9.
                <else> at 32:9.
                <statements> at 33:13.
                </statements> at 34:9.
                </else> at 34:9.
              </if> at 35:5.
            </statement> at 35:5.
          </statements> at 35:5.
        </while> at 35:8.
      </statement> at 35:8.
      <statement> at 37:5.
        <assign> at 37:5.
          <index> at 37:11.
            <simple> at 37:12.
              <term> at 37:12.
                <factor> at 37:12.
                </factor> at 37:13.
              </term> at 37:13.
            </simple> at 37:13.
          </index> at 37:15.
          <expr> at 37:17.
            <simple> at 37:17.
              <term> at 37:18.
                <factor> at 37:18.
                  <index> at 37:20.
                    <simple> at 37:21.
                      <term> at 37:21.
                        <factor> at 37:21.
                          <index> at 37:23.
                            <simple> at 37:24.
                              <term> at 37:24.
                                <factor> at 37:24.
                                  <index> at 37:26.
                                    <simple> at 37:27.
                                      <term> at 37:27.
                                        <factor> at 37:27.
                                          <index> at 37:29.
                                            <simple> at 37:30.
                                              <term> at 37:30.
                                                <factor> at 37:30.
                                                  <index> at 37:32.
                                                    <simple> at 37:33.
                                                      <term> at 37:33.
                                                        <factor> at 37:33.
                                                          <index> at 37:35.
                                                            <simple> at 37:36.
                                                              <term> at 37:36.
                                                                <factor> at 37:36.
                                                                  <index> at 37:38.
                                                                    <simple> at 37:39.
                                                                      <term> at 37:39.
                                                                        <factor> at 37:39.
                                                                          <index> at 37:41.
                                                                            <simple> at 37:42.
                                                                              <term> at 37:42.
                                                                                <factor> at 37:42.
                                                                                </factor> at 37:43.
                                                                              </term> at 37:43.
                                                                            </simple> at 37:43.
                                                                          </index> at 37:44.
                                                                        </factor> at 37:44.
                                                                      </term> at 37:44.
                                                                    </simple> at 37:44.
                                                                  </index> at 37:45.
                                                                </factor> at 37:45.
                                                              </term> at 37:45.
                                                            </simple> at 37:45.
                                                          </index> at 37:46.
                                                        </factor> at 37:46.
                                                      </term> at 37:46.
                                                    </simple> at 37:46.
                                                  </index> at 37:47.
                                                </factor> at 37:47.
                                              </term> at 37:47.
                                            </simple> at 37:47.
                                          </index> at 37:48.
                                        </factor> at 37:48.
                                      </term> at 37:48.
                                    </simple> at 37:48.
                                  </index> at 37:49.
                                </factor> at 37:49.
                              </term> at 37:49.
                            </simple> at 37:49.
                          </index> at 37:50.
                        </factor> at 37:50.
                      </term> at 37:50.
                    </simple> at 37:50.
                  </index> at 37:51.
                </factor> at 37:51.
              </term> at 37:51.
            </simple> at 37:51.
          </expr> at 37:51.
        </assign> at 37:51.
      </statement> at 37:51.
      <statement> at 38:5.
        <assign> at 38:5.
          <index> at 38:11.
            <simple> at 38:12.
              <term> at 38:12.
                <factor> at 38:12.
                </factor> at 38:13.
              </term> at 38:13.
            </simple> at 38:13.
          </index> at 38:15.
          <expr> at 38:17.
            <simple> at 38:17.
              <term> at 38:17.
                <factor> at 38:17.
                  <index> at 38:19.
                    <simple> at 38:20.
                      <term> at 38:20.
                        <factor> at 38:20.
                        </factor> at 38:21.
                      </term> at 38:21.
                    </simple> at 38:21.
                  </index> at 38:23.
                </factor> at 38:23.
                <factor> at 38:25.
                </factor> at 38:27.
                <factor> at 38:29.
                </factor> at 38:31.
              </term> at 38:31.
              <term> at 38:33.
                <factor> at 38:33.
                </factor> at 38:35.
              </term> at 38:35.
              <term> at 38:37.
                <factor> at 38:37.
                </factor> at 40:28.
              </term> at 40:28.
            </simple> at 40:28.
          </expr> at 40:28.
        </assign> at 40:28.
      </statement> at 40:28.
    </statements> at 40:28.
  </body> at 40:28.
</program> at 40:28.
Success!
