Type "search <Enter>" to stop inserting and start searching.
>> Insert a with 1
>> Insert ability with 2
>> Insert able with 3
>> Insert about with 4
>> Insert above with 5
>> Insert accept with 6
>> Insert according with 7
>> Insert account with 8
>> Insert across with 9
>> Insert act with 10
>> Insert action with 11
>> Insert activity with 12
>> Insert actually with 13
>> Insert add with 14
>> Insert address with 15
>> Insert administration with 16
>> Insert admit with 17
>> Insert adult with 18
>> Insert affect with 19
>> Insert after with 20
>> Insert again with 21
>> Insert against with 22
>> Insert age with 23
>> Insert agency with 24
>> Insert agent with 25
>> Insert ago with 26
>> Insert agree with 27
>> Insert agreement with 28
>> Insert ahead with 29
>> Insert air with 30
>> Insert all with 31
>> Insert allow with 32
>> Insert almost with 33
>> Insert alone with 34
>> Insert along with 35
>> Insert already with 36
>> Insert also with 37
>> Insert although with 38
>> Insert always with 39
>> Insert American with 40
>> Insert among with 41
>> Insert amount with 42
>> Insert analysis with 43
>> Insert and with 44
>> Insert animal with 45
>> Insert another with 46
>> Insert answer with 47
>> Insert any with 48
>> Insert anyone with 49
>> Insert anything with 50
>> Insert appear with 51
>> Insert apply with 52
>> Insert approach with 53
>> Insert area with 54
>> Insert argue with 55
>> Insert arm with 56
>> Insert around with 57
>> Insert arrive with 58
>> Insert art with 59
>> Insert article with 60
>> Insert artist with 61
>> Insert as with 62
>> Insert ask with 63
>> Insert assume with 64
>> Insert at with 65
>> Insert attack with 66
>> Insert attention with 67
>> Insert attorney with 68
>> Insert audience with 69
>> Insert author with 70
>> Insert authority with 71
>> Insert available with 72
>> Insert avoid with 73
>> Insert away with 74
>> Insert baby with 75
>> Insert back with 76
>> Insert bad with 77
>> Insert bag with 78
>> Insert ball with 79
>> Insert bank with 80
>> Insert bar with 81
>> Insert base with 82
>> Insert be with 83
>> Insert beat with 84
>> Insert beautiful with 85
>> Insert because with 86
>> Insert become with 87
>> Insert bed with 88
>> Insert before with 89
>> Insert begin with 90
>> Insert behavior with 91
>> Insert behind with 92
>> Insert believe with 93
>> Insert benefit with 94
>> Insert best with 95
>> Insert better with 96
>> Insert between with 97
>> Insert beyond with 98
>> Insert big with 99
>> Insert bill with 100
>> Insert billion with 101
>> Insert bit with 102
>> Insert black with 103
>> Insert blood with 104
>> Insert blue with 105
>> Insert board with 106
>> Insert body with 107
>> Insert book with 108
>> Insert born with 109
>> Insert both with 110
>> Insert box with 111
>> Insert boy with 112
>> Insert break with 113
>> Insert bring with 114
>> Insert brother with 115
>> Insert budget with 116
>> Insert build with 117
>> Insert building with 118
>> Insert business with 119
>> Insert but with 120
>> Insert buy with 121
>> Insert by with 122
>> Insert call with 123
>> Insert camera with 124
>> Insert campaign with 125
>> Insert can with 126
>> Insert cancer with 127
>> Insert candidate with 128
>> Insert capital with 129
>> Insert car with 130
>> Insert card with 131
>> Insert care with 132
>> Insert career with 133
>> Insert carry with 134
>> Insert case with 135
>> Insert catch with 136
>> Insert cause with 137
>> Insert cell with 138
>> Insert center with 139
>> Insert central with 140
>> Insert century with 141
>> Insert certain with 142
>> Insert certainly with 143
>> Insert chair with 144
>> Insert challenge with 145
>> Insert chance with 146
>> Insert change with 147
>> Insert character with 148
>> Insert charge with 149
>> Insert check with 150
>> Insert child with 151
>> Insert choice with 152
>> Insert choose with 153
>> Insert church with 154
>> Insert citizen with 155
>> Insert city with 156
>> Insert civil with 157
>> Insert claim with 158
>> Insert class with 159
>> Insert clear with 160
>> Insert clearly with 161
>> Insert close with 162
>> Insert coach with 163
>> Insert cold with 164
>> Insert collection with 165
>> Insert college with 166
>> Insert color with 167
>> Insert come with 168
>> Insert commercial with 169
>> Insert common with 170
>> Insert community with 171
>> Insert company with 172
>> Insert compare with 173
>> Insert computer with 174
>> Insert concern with 175
>> Insert condition with 176
>> Insert conference with 177
>> Insert Congress with 178
>> Insert consider with 179
>> Insert consumer with 180
>> Insert contain with 181
>> Insert continue with 182
>> Insert control with 183
>> Insert cost with 184
>> Insert could with 185
>> Insert country with 186
>> Insert couple with 187
>> Insert course with 188
>> Insert court with 189
>> Insert cover with 190
>> Insert create with 191
>> Insert crime with 192
>> Insert cultural with 193
>> Insert culture with 194
>> Insert cup with 195
>> Insert current with 196
>> Insert customer with 197
>> Insert cut with 198
>> Insert dark with 199
>> Insert data with 200
>> Insert daughter with 201
>> Insert day with 202
>> Insert dead with 203
>> Insert deal with 204
>> Insert death with 205
>> Insert debate with 206
>> Insert decade with 207
>> Insert decide with 208
>> Insert decision with 209
>> Insert deep with 210
>> Insert defense with 211
>> Insert degree with 212
>> Insert Democrat with 213
>> Insert democratic with 214
>> Insert describe with 215
>> Insert design with 216
>> Insert despite with 217
>> Insert detail with 218
>> Insert determine with 219
>> Insert develop with 220
>> Insert development with 221
>> Insert die with 222
>> Insert difference with 223
>> Insert different with 224
>> Insert difficult with 225
>> Insert dinner with 226
>> Insert direction with 227
>> Insert director with 228
>> Insert discover with 229
>> Insert discuss with 230
>> Insert discussion with 231
>> Insert disease with 232
>> Insert do with 233
>> Insert doctor with 234
>> Insert dog with 235
>> Insert door with 236
>> Insert down with 237
>> Insert draw with 238
>> Insert dream with 239
>> Insert drive with 240
>> Insert drop with 241
>> Insert drug with 242
>> Insert during with 243
>> Insert each with 244
>> Insert early with 245
>> Insert east with 246
>> Insert easy with 247
>> Insert eat with 248
>> Insert economic with 249
>> Insert economy with 250
>> Insert edge with 251
>> Insert education with 252
>> Insert effect with 253
>> Insert effort with 254
>> Insert eight with 255
>> Insert either with 256
>> Insert election with 257
>> Insert else with 258
>> Insert employee with 259
>> Insert end with 260
>> Insert energy with 261
>> Insert enjoy with 262
>> Insert enough with 263
>> Insert enter with 264
>> Insert entire with 265
>> Insert environment with 266
>> Insert environmental with 267
>> Insert especially with 268
>> Insert establish with 269
>> Insert even with 270
>> Insert evening with 271
>> Insert event with 272
>> Insert ever with 273
>> Insert every with 274
>> Insert everybody with 275
>> Insert everyone with 276
>> Insert everything with 277
>> Insert evidence with 278
>> Insert exactly with 279
>> Insert example with 280
>> Insert executive with 281
>> Insert exist with 282
>> Insert expect with 283
>> Insert experience with 284
>> Insert expert with 285
>> Insert explain with 286
>> Insert eye with 287
>> Insert face with 288
>> Insert fact with 289
>> Insert factor with 290
>> Insert fail with 291
>> Insert fall with 292
>> Insert family with 293
>> Insert far with 294
>> Insert fast with 295
>> Insert father with 296
>> Insert fear with 297
>> Insert federal with 298
>> Insert feel with 299
>> Insert feeling with 300
>> Insert few with 301
>> Insert field with 302
>> Insert fight with 303
>> Insert figure with 304
>> Insert fill with 305
>> Insert film with 306
>> Insert final with 307
>> Insert finally with 308
>> Insert financial with 309
>> Insert find with 310
>> Insert fine with 311
>> Insert finger with 312
>> Insert finish with 313
>> Insert fire with 314
>> Insert firm with 315
>> Insert first with 316
>> Insert fish with 317
>> Insert five with 318
>> Insert floor with 319
>> Insert fly with 320
>> Insert focus with 321
>> Insert follow with 322
>> Insert food with 323
>> Insert foot with 324
>> Insert for with 325
>> Insert force with 326
>> Insert foreign with 327
>> Insert forget with 328
>> Insert form with 329
>> Insert former with 330
>> Insert forward with 331
>> Insert four with 332
>> Insert free with 333
>> Insert friend with 334
>> Insert from with 335
>> Insert front with 336
>> Insert full with 337
>> Insert fund with 338
>> Insert future with 339
>> Insert game with 340
>> Insert garden with 341
>> Insert gas with 342
>> Insert general with 343
>> Insert generation with 344
>> Insert get with 345
>> Insert girl with 346
>> Insert give with 347
>> Insert glass with 348
>> Insert go with 349
>> Insert goal with 350
>> Insert good with 351
>> Insert government with 352
>> Insert great with 353
>> Insert green with 354
>> Insert ground with 355
>> Insert group with 356
>> Insert grow with 357
>> Insert growth with 358
>> Insert guess with 359
>> Insert gun with 360
>> Insert guy with 361
>> Insert hair with 362
>> Insert half with 363
>> Insert hand with 364
>> Insert hang with 365
>> Insert happen with 366
>> Insert happy with 367
>> Insert hard with 368
>> Insert have with 369
>> Insert he with 370
>> Insert head with 371
>> Insert health with 372
>> Insert hear with 373
>> Insert heart with 374
>> Insert heat with 375
>> Insert heavy with 376
>> Insert help with 377
>> Insert her with 378
>> Insert here with 379
>> Insert herself with 380
>> Insert high with 381
>> Insert him with 382
>> Insert himself with 383
>> Insert his with 384
>> Insert history with 385
>> Insert hit with 386
>> Insert hold with 387
>> Insert home with 388
>> Insert hope with 389
>> Insert hospital with 390
>> Insert hot with 391
>> Insert hotel with 392
>> Insert hour with 393
>> Insert house with 394
>> Insert how with 395
>> Insert however with 396
>> Insert huge with 397
>> Insert human with 398
>> Insert hundred with 399
>> Insert husband with 400
>> Insert I with 401
>> Insert idea with 402
>> Insert identify with 403
>> Insert if with 404
>> Insert image with 405
>> Insert imagine with 406
>> Insert impact with 407
>> Insert important with 408
>> Insert improve with 409
>> Insert in with 410
>> Insert include with 411
>> Insert including with 412
>> Insert increase with 413
>> Insert indeed with 414
>> Insert indicate with 415
>> Insert individual with 416
>> Insert industry with 417
>> Insert information with 418
>> Insert inside with 419
>> Insert instead with 420
>> Insert institution with 421
>> Insert interest with 422
>> Insert interesting with 423
>> Insert international with 424
>> Insert interview with 425
>> Insert into with 426
>> Insert investment with 427
>> Insert involve with 428
>> Insert issue with 429
>> Insert it with 430
>> Insert item with 431
>> Insert its with 432
>> Insert itself with 433
>> Insert job with 434
>> Insert join with 435
>> Insert just with 436
>> Insert keep with 437
>> Insert key with 438
>> Insert kid with 439
>> Insert kill with 440
>> Insert kind with 441
>> Insert kitchen with 442
>> Insert know with 443
>> Insert knowledge with 444
>> Insert land with 445
>> Insert language with 446
>> Insert large with 447
>> Insert last with 448
>> Insert late with 449
>> Insert later with 450
>> Insert laugh with 451
>> Insert law with 452
>> Insert lawyer with 453
>> Insert lay with 454
>> Insert lead with 455
>> Insert leader with 456
>> Insert learn with 457
>> Insert least with 458
>> Insert leave with 459
>> Insert left with 460
>> Insert leg with 461
>> Insert legal with 462
>> Insert less with 463
>> Insert let with 464
>> Insert letter with 465
>> Insert level with 466
>> Insert lie with 467
>> Insert life with 468
>> Insert light with 469
>> Insert like with 470
>> Insert likely with 471
>> Insert line with 472
>> Insert list with 473
>> Insert listen with 474
>> Insert little with 475
>> Insert live with 476
>> Insert local with 477
>> Insert long with 478
>> Insert look with 479
>> Insert lose with 480
>> Insert loss with 481
>> Insert lot with 482
>> Insert love with 483
>> Insert low with 484
>> Insert machine with 485
>> Insert magazine with 486
>> Insert main with 487
>> Insert maintain with 488
>> Insert major with 489
>> Insert majority with 490
>> Insert make with 491
>> Insert man with 492
>> Insert manage with 493
>> Insert management with 494
>> Insert manager with 495
>> Insert many with 496
>> Insert market with 497
>> Insert marriage with 498
>> Insert material with 499
>> Insert matter with 500
>> Insert may with 501
>> Insert maybe with 502
>> Insert me with 503
>> Insert mean with 504
>> Insert measure with 505
>> Insert media with 506
>> Insert medical with 507
>> Insert meet with 508
>> Insert meeting with 509
>> Insert member with 510
>> Insert memory with 511
>> Insert mention with 512
>> Insert message with 513
>> Insert method with 514
>> Insert middle with 515
>> Insert might with 516
>> Insert military with 517
>> Insert million with 518
>> Insert mind with 519
>> Insert minute with 520
>> Insert miss with 521
>> Insert mission with 522
>> Insert model with 523
>> Insert modern with 524
>> Insert moment with 525
>> Insert money with 526
>> Insert month with 527
>> Insert more with 528
>> Insert morning with 529
>> Insert most with 530
>> Insert mother with 531
>> Insert mouth with 532
>> Insert move with 533
>> Insert movement with 534
>> Insert movie with 535
>> Insert Mr with 536
>> Insert Mrs with 537
>> Insert much with 538
>> Insert music with 539
>> Insert must with 540
>> Insert my with 541
>> Insert myself with 542
>> Insert name with 543
>> Insert nation with 544
>> Insert national with 545
>> Insert natural with 546
>> Insert nature with 547
>> Insert near with 548
>> Insert nearly with 549
>> Insert necessary with 550
>> Insert need with 551
>> Insert network with 552
>> Insert never with 553
>> Insert new with 554
>> Insert news with 555
>> Insert newspaper with 556
>> Insert next with 557
>> Insert nice with 558
>> Insert night with 559
>> Insert no with 560
>> Insert none with 561
>> Insert nor with 562
>> Insert north with 563
>> Insert not with 564
>> Insert note with 565
>> Insert nothing with 566
>> Insert notice with 567
>> Insert now with 568
>> Insert n't with 569
>> Insert number with 570
>> Insert occur with 571
>> Insert of with 572
>> Insert off with 573
>> Insert offer with 574
>> Insert office with 575
>> Insert officer with 576
>> Insert official with 577
>> Insert often with 578
>> Insert oh with 579
>> Insert oil with 580
>> Insert ok with 581
>> Insert old with 582
>> Insert on with 583
>> Insert once with 584
>> Insert one with 585
>> Insert only with 586
>> Insert onto with 587
>> Insert open with 588
>> Insert operation with 589
>> Insert opportunity with 590
>> Insert option with 591
>> Insert or with 592
>> Insert order with 593
>> Insert organization with 594
>> Insert other with 595
>> Insert others with 596
>> Insert our with 597
>> Insert out with 598
>> Insert outside with 599
>> Insert over with 600
>> Insert own with 601
>> Insert owner with 602
>> Insert page with 603
>> Insert pain with 604
>> Insert painting with 605
>> Insert paper with 606
>> Insert parent with 607
>> Insert part with 608
>> Insert participant with 609
>> Insert particular with 610
>> Insert particularly with 611
>> Insert partner with 612
>> Insert party with 613
>> Insert pass with 614
>> Insert past with 615
>> Insert patient with 616
>> Insert pattern with 617
>> Insert pay with 618
>> Insert peace with 619
>> Insert people with 620
>> Insert per with 621
>> Insert perform with 622
>> Insert performance with 623
>> Insert perhaps with 624
>> Insert period with 625
>> Insert person with 626
>> Insert personal with 627
>> Insert phone with 628
>> Insert physical with 629
>> Insert pick with 630
>> Insert picture with 631
>> Insert piece with 632
>> Insert place with 633
>> Insert plan with 634
>> Insert plant with 635
>> Insert play with 636
>> Insert player with 637
>> Insert PM with 638
>> Insert point with 639
>> Insert police with 640
>> Insert policy with 641
>> Insert political with 642
>> Insert politics with 643
>> Insert poor with 644
>> Insert popular with 645
>> Insert population with 646
>> Insert position with 647
>> Insert positive with 648
>> Insert possible with 649
>> Insert power with 650
>> Insert practice with 651
>> Insert prepare with 652
>> Insert present with 653
>> Insert president with 654
>> Insert pressure with 655
>> Insert pretty with 656
>> Insert prevent with 657
>> Insert price with 658
>> Insert private with 659
>> Insert probably with 660
>> Insert problem with 661
>> Insert process with 662
>> Insert produce with 663
>> Insert product with 664
>> Insert production with 665
>> Insert professional with 666
>> Insert professor with 667
>> Insert program with 668
>> Insert project with 669
>> Insert property with 670
>> Insert protect with 671
>> Insert prove with 672
>> Insert provide with 673
>> Insert public with 674
>> Insert pull with 675
>> Insert purpose with 676
>> Insert push with 677
>> Insert put with 678
>> Insert quality with 679
>> Insert question with 680
>> Insert quickly with 681
>> Insert quite with 682
>> Insert race with 683
>> Insert radio with 684
>> Insert raise with 685
>> Insert range with 686
>> Insert rate with 687
>> Insert rather with 688
>> Insert reach with 689
>> Insert read with 690
>> Insert ready with 691
>> Insert real with 692
>> Insert reality with 693
>> Insert realize with 694
>> Insert really with 695
>> Insert reason with 696
>> Insert receive with 697
>> Insert recent with 698
>> Insert recently with 699
>> Insert recognize with 700
>> Insert record with 701
>> Insert red with 702
>> Insert reduce with 703
>> Insert reflect with 704
>> Insert region with 705
>> Insert relate with 706
>> Insert relationship with 707
>> Insert religious with 708
>> Insert remain with 709
>> Insert remember with 710
>> Insert remove with 711
>> Insert report with 712
>> Insert represent with 713
>> Insert Republican with 714
>> Insert require with 715
>> Insert research with 716
>> Insert resource with 717
>> Insert respond with 718
>> Insert response with 719
>> Insert responsibility with 720
>> Insert rest with 721
>> Insert result with 722
>> Insert return with 723
>> Insert reveal with 724
>> Insert rich with 725
>> Insert right with 726
>> Insert rise with 727
>> Insert risk with 728
>> Insert road with 729
>> Insert rock with 730
>> Insert role with 731
>> Insert room with 732
>> Insert rule with 733
>> Insert run with 734
>> Insert safe with 735
>> Insert same with 736
>> Insert save with 737
>> Insert say with 738
>> Insert scene with 739
>> Insert school with 740
>> Insert science with 741
>> Insert scientist with 742
>> Insert score with 743
>> Insert sea with 744
>> Insert season with 745
>> Insert seat with 746
>> Insert second with 747
>> Insert section with 748
>> Insert security with 749
>> Insert see with 750
>> Insert seek with 751
>> Insert seem with 752
>> Insert sell with 753
>> Insert send with 754
>> Insert senior with 755
>> Insert sense with 756
>> Insert series with 757
>> Insert serious with 758
>> Insert serve with 759
>> Insert service with 760
>> Insert set with 761
>> Insert seven with 762
>> Insert several with 763
>> Insert sex with 764
>> Insert sexual with 765
>> Insert shake with 766
>> Insert share with 767
>> Insert she with 768
>> Insert shoot with 769
>> Insert short with 770
>> Insert shot with 771
>> Insert should with 772
>> Insert shoulder with 773
>> Insert show with 774
>> Insert side with 775
>> Insert sign with 776
>> Insert significant with 777
>> Insert similar with 778
>> Insert simple with 779
>> Insert simply with 780
>> Insert since with 781
>> Insert sing with 782
>> Insert single with 783
>> Insert sister with 784
>> Insert sit with 785
>> Insert site with 786
>> Insert situation with 787
>> Insert six with 788
>> Insert size with 789
>> Insert skill with 790
>> Insert skin with 791
>> Insert small with 792
>> Insert smile with 793
>> Insert so with 794
>> Insert social with 795
>> Insert society with 796
>> Insert soldier with 797
>> Insert some with 798
>> Insert somebody with 799
>> Insert someone with 800
>> Insert something with 801
>> Insert sometimes with 802
>> Insert son with 803
>> Insert song with 804
>> Insert soon with 805
>> Insert sort with 806
>> Insert sound with 807
>> Insert source with 808
>> Insert south with 809
>> Insert southern with 810
>> Insert space with 811
>> Insert speak with 812
>> Insert special with 813
>> Insert specific with 814
>> Insert speech with 815
>> Insert spend with 816
>> Insert sport with 817
>> Insert spring with 818
>> Insert staff with 819
>> Insert stage with 820
>> Insert stand with 821
>> Insert standard with 822
>> Insert star with 823
>> Insert start with 824
>> Insert state with 825
>> Insert statement with 826
>> Insert station with 827
>> Insert stay with 828
>> Insert step with 829
>> Insert still with 830
>> Insert stock with 831
>> Insert stop with 832
>> Insert store with 833
>> Insert story with 834
>> Insert strategy with 835
>> Insert street with 836
>> Insert strong with 837
>> Insert structure with 838
>> Insert student with 839
>> Insert study with 840
>> Insert stuff with 841
>> Insert style with 842
>> Insert subject with 843
>> Insert success with 844
>> Insert successful with 845
>> Insert such with 846
>> Insert suddenly with 847
>> Insert suffer with 848
>> Insert suggest with 849
>> Insert summer with 850
>> Insert support with 851
>> Insert sure with 852
>> Insert surface with 853
>> Insert system with 854
>> Insert table with 855
>> Insert take with 856
>> Insert talk with 857
>> Insert task with 858
>> Insert tax with 859
>> Insert teach with 860
>> Insert teacher with 861
>> Insert team with 862
>> Insert technology with 863
>> Insert television with 864
>> Insert tell with 865
>> Insert ten with 866
>> Insert tend with 867
>> Insert term with 868
>> Insert test with 869
>> Insert than with 870
>> Insert thank with 871
>> Insert that with 872
>> Insert the with 873
>> Insert their with 874
>> Insert them with 875
>> Insert themselves with 876
>> Insert then with 877
>> Insert theory with 878
>> Insert there with 879
>> Insert these with 880
>> Insert they with 881
>> Insert thing with 882
>> Insert think with 883
>> Insert third with 884
>> Insert this with 885
>> Insert those with 886
>> Insert though with 887
>> Insert thought with 888
>> Insert thousand with 889
>> Insert threat with 890
>> Insert three with 891
>> Insert through with 892
>> Insert throughout with 893
>> Insert throw with 894
>> Insert thus with 895
>> Insert time with 896
>> Insert to with 897
>> Insert today with 898
>> Insert together with 899
>> Insert tonight with 900
>> Insert too with 901
>> Insert top with 902
>> Insert total with 903
>> Insert tough with 904
>> Insert toward with 905
>> Insert town with 906
>> Insert trade with 907
>> Insert traditional with 908
>> Insert training with 909
>> Insert travel with 910
>> Insert treat with 911
>> Insert treatment with 912
>> Insert tree with 913
>> Insert trial with 914
>> Insert trip with 915
>> Insert trouble with 916
>> Insert true with 917
>> Insert truth with 918
>> Insert try with 919
>> Insert turn with 920
>> Insert TV with 921
>> Insert two with 922
>> Insert type with 923
>> Insert under with 924
>> Insert understand with 925
>> Insert unit with 926
>> Insert until with 927
>> Insert up with 928
>> Insert upon with 929
>> Insert us with 930
>> Insert use with 931
>> Insert usually with 932
>> Insert value with 933
>> Insert various with 934
>> Insert very with 935
>> Insert victim with 936
>> Insert view with 937
>> Insert violence with 938
>> Insert visit with 939
>> Insert voice with 940
>> Insert vote with 941
>> Insert wait with 942
>> Insert walk with 943
>> Insert wall with 944
>> Insert want with 945
>> Insert war with 946
>> Insert watch with 947
>> Insert water with 948
>> Insert way with 949
>> Insert we with 950
>> Insert weapon with 951
>> Insert wear with 952
>> Insert week with 953
>> Insert weight with 954
>> Insert well with 955
>> Insert west with 956
>> Insert western with 957
>> Insert what with 958
>> Insert whatever with 959
>> Insert when with 960
>> Insert where with 961
>> Insert whether with 962
>> Insert which with 963
>> Insert while with 964
>> Insert white with 965
>> Insert who with 966
>> Insert whole with 967
>> Insert whom with 968
>> Insert whose with 969
>> Insert why with 970
>> Insert wide with 971
>> Insert wife with 972
>> Insert will with 973
>> Insert win with 974
>> Insert wind with 975
>> Insert window with 976
>> Insert wish with 977
>> Insert with with 978
>> Insert within with 979
>> Insert without with 980
>> Insert woman with 981
>> Insert wonder with 982
>> Insert word with 983
>> Insert work with 984
>> Insert worker with 985
>> Insert world with 986
>> Insert worry with 987
>> Insert would with 988
>> Insert write with 989
>> Insert writer with 990
>> Insert wrong with 991
>> Insert yard with 992
>> Insert yeah with 993
>> Insert year with 994
>> Insert yes with 995
>> Insert yet with 996
>> Insert you with 997
>> Insert young with 998
>> Insert your with 999
>> Insert yourself with 1000
>> bucket[ 0] --> NULL
bucket[ 1] --> NULL
bucket[ 2] --> NULL
bucket[ 3] --> NULL
bucket[ 4] --> NULL
bucket[ 5] --> NULL
bucket[ 6] --> NULL
bucket[ 7] --> NULL
bucket[ 8] --> NULL
bucket[ 9] --> NULL
bucket[10] --> NULL
bucket[11] --> NULL
bucket[12] --> NULL
bucket[13] --> NULL
bucket[14] --> NULL
bucket[15] --> NULL
bucket[16] --> NULL
bucket[17] --> NULL
bucket[18] --> NULL
bucket[19] --> NULL
bucket[20] --> NULL
bucket[21] --> NULL
bucket[22] --> NULL
bucket[23] --> NULL
bucket[24] --> NULL
bucket[25] --> NULL
bucket[26] --> NULL
bucket[27] --> NULL
bucket[28] --> NULL
bucket[29] --> NULL
bucket[30] --> NULL
bucket[31] --> NULL
bucket[32] --> NULL
bucket[33] --> NULL
bucket[34] --> NULL
bucket[35] --> NULL
bucket[36] --> NULL
bucket[37] --> NULL
bucket[38] --> NULL
bucket[39] --> NULL
bucket[40] --> NULL
bucket[41] --> NULL
bucket[42] --> NULL
bucket[43] --> NULL
bucket[44] --> NULL
bucket[45] --> NULL
bucket[46] --> NULL
bucket[47] --> NULL
bucket[48] --> NULL
bucket[49] --> NULL
bucket[50] --> NULL
bucket[51] --> NULL
bucket[52] --> NULL
bucket[53] --> NULL
bucket[54] --> NULL
bucket[55] --> NULL
bucket[56] --> NULL
bucket[57] --> NULL
bucket[58] --> NULL
bucket[59] --> NULL
bucket[60] --> NULL
bucket[61] --> NULL
bucket[62] --> NULL
bucket[63] --> NULL
bucket[64] --> NULL
bucket[65] --> NULL
bucket[66] --> NULL
bucket[67] --> NULL
bucket[68] --> NULL
bucket[69] --> NULL
bucket[70] --> NULL
bucket[71] --> NULL
bucket[72] --> NULL
bucket[73] --> I:[401] --> NULL
bucket[74] --> NULL
bucket[75] --> NULL
bucket[76] --> NULL
bucket[77] --> NULL
bucket[78] --> NULL
bucket[79] --> NULL
bucket[80] --> NULL
bucket[81] --> NULL
bucket[82] --> NULL
bucket[83] --> NULL
bucket[84] --> NULL
bucket[85] --> NULL
bucket[86] --> NULL
bucket[87] --> NULL
bucket[88] --> NULL
bucket[89] --> NULL
bucket[90] --> NULL
bucket[91] --> NULL
bucket[92] --> NULL
bucket[93] --> NULL
bucket[94] --> NULL
bucket[95] --> NULL
bucket[96] --> NULL
bucket[97] --> a:[1] --> NULL
bucket[98] --> NULL
bucket[99] --> NULL
bucket[100] --> NULL
bucket[101] --> NULL
bucket[102] --> NULL
bucket[103] --> NULL
bucket[104] --> NULL
bucket[105] --> NULL
bucket[106] --> NULL
bucket[107] --> NULL
bucket[108] --> NULL
bucket[109] --> NULL
bucket[110] --> NULL
bucket[111] --> NULL
bucket[112] --> NULL
bucket[113] --> NULL
bucket[114] --> NULL
bucket[115] --> NULL
bucket[116] --> NULL
bucket[117] --> NULL
bucket[118] --> NULL
bucket[119] --> NULL
bucket[120] --> NULL
bucket[121] --> NULL
bucket[122] --> NULL
bucket[123] --> NULL
bucket[124] --> NULL
bucket[125] --> NULL
bucket[126] --> NULL
bucket[127] --> NULL
bucket[128] --> NULL
bucket[129] --> NULL
bucket[130] --> NULL
bucket[131] --> NULL
bucket[132] --> NULL
bucket[133] --> NULL
bucket[134] --> NULL
bucket[135] --> NULL
bucket[136] --> NULL
bucket[137] --> NULL
bucket[138] --> NULL
bucket[139] --> NULL
bucket[140] --> NULL
bucket[141] --> NULL
bucket[142] --> NULL
bucket[143] --> NULL
bucket[144] --> NULL
bucket[145] --> NULL
bucket[146] --> NULL
bucket[147] --> NULL
bucket[148] --> NULL
bucket[149] --> NULL
bucket[150] --> NULL
bucket[151] --> NULL
bucket[152] --> NULL
bucket[153] --> NULL
bucket[154] --> NULL
bucket[155] --> NULL
bucket[156] --> NULL
bucket[157] --> PM:[638] --> NULL
bucket[158] --> NULL
bucket[159] --> NULL
bucket[160] --> NULL
bucket[161] --> NULL
bucket[162] --> NULL
bucket[163] --> NULL
bucket[164] --> NULL
bucket[165] --> NULL
bucket[166] --> NULL
bucket[167] --> NULL
bucket[168] --> NULL
bucket[169] --> NULL
bucket[170] --> TV:[921] --> NULL
bucket[171] --> NULL
bucket[172] --> NULL
bucket[173] --> NULL
bucket[174] --> NULL
bucket[175] --> NULL
bucket[176] --> NULL
bucket[177] --> NULL
bucket[178] --> NULL
bucket[179] --> NULL
bucket[180] --> NULL
bucket[181] --> NULL
bucket[182] --> NULL
bucket[183] --> NULL
bucket[184] --> NULL
bucket[185] --> NULL
bucket[186] --> NULL
bucket[187] --> NULL
bucket[188] --> NULL
bucket[189] --> NULL
bucket[190] --> NULL
bucket[191] --> Mr:[536] --> NULL
bucket[192] --> NULL
bucket[193] --> NULL
bucket[194] --> NULL
bucket[195] --> NULL
bucket[196] --> NULL
bucket[197] --> NULL
bucket[198] --> NULL
bucket[199] --> be:[83] --> NULL
bucket[200] --> NULL
bucket[201] --> NULL
bucket[202] --> NULL
bucket[203] --> NULL
bucket[204] --> NULL
bucket[205] --> he:[370] --> NULL
bucket[206] --> NULL
bucket[207] --> if:[404] --> NULL
bucket[208] --> NULL
bucket[209] --> NULL
bucket[210] --> me:[503] --> NULL
bucket[211] --> do:[233] --> NULL
bucket[212] --> as:[62] --> NULL
bucket[213] --> of:[572] --> at:[65] --> NULL
bucket[214] --> go:[349] --> NULL
bucket[215] --> oh:[579] --> in:[410] --> NULL
bucket[216] --> NULL
bucket[217] --> NULL
bucket[218] --> ok:[581] --> NULL
bucket[219] --> by:[122] --> NULL
bucket[220] --> we:[950] --> NULL
bucket[221] --> on:[583] --> no:[560] --> it:[430] --> NULL
bucket[222] --> NULL
bucket[223] --> NULL
bucket[224] --> NULL
bucket[225] --> or:[592] --> NULL
bucket[226] --> so:[794] --> NULL
bucket[227] --> to:[897] --> NULL
bucket[228] --> NULL
bucket[229] --> up:[928] --> NULL
bucket[230] --> my:[541] --> NULL
bucket[231] --> NULL
bucket[232] --> us:[930] --> NULL
bucket[233] --> NULL
bucket[234] --> NULL
bucket[235] --> NULL
bucket[236] --> NULL
bucket[237] --> NULL
bucket[238] --> NULL
bucket[239] --> NULL
bucket[240] --> NULL
bucket[241] --> NULL
bucket[242] --> NULL
bucket[243] --> NULL
bucket[244] --> NULL
bucket[245] --> NULL
bucket[246] --> NULL
bucket[247] --> NULL
bucket[248] --> NULL
bucket[249] --> NULL
bucket[250] --> NULL
bucket[251] --> NULL
bucket[252] --> NULL
bucket[253] --> NULL
bucket[254] --> NULL
bucket[255] --> NULL
bucket[256] --> NULL
bucket[257] --> NULL
bucket[258] --> NULL
bucket[259] --> NULL
bucket[260] --> NULL
bucket[261] --> NULL
bucket[262] --> NULL
bucket[263] --> NULL
bucket[264] --> NULL
bucket[265] --> n't:[569] --> NULL
bucket[266] --> NULL
bucket[267] --> NULL
bucket[268] --> NULL
bucket[269] --> NULL
bucket[270] --> NULL
bucket[271] --> NULL
bucket[272] --> NULL
bucket[273] --> NULL
bucket[274] --> NULL
bucket[275] --> NULL
bucket[276] --> NULL
bucket[277] --> NULL
bucket[278] --> NULL
bucket[279] --> NULL
bucket[280] --> NULL
bucket[281] --> NULL
bucket[282] --> NULL
bucket[283] --> NULL
bucket[284] --> NULL
bucket[285] --> NULL
bucket[286] --> NULL
bucket[287] --> NULL
bucket[288] --> NULL
bucket[289] --> NULL
bucket[290] --> NULL
bucket[291] --> NULL
bucket[292] --> NULL
bucket[293] --> NULL
bucket[294] --> NULL
bucket[295] --> bad:[77] --> NULL
bucket[296] --> NULL
bucket[297] --> add:[14] --> NULL
bucket[298] --> bag:[78] --> NULL
bucket[299] --> bed:[88] --> NULL
bucket[300] --> NULL
bucket[301] --> age:[23] --> NULL
bucket[302] --> NULL
bucket[303] --> NULL
bucket[304] --> NULL
bucket[305] --> NULL
bucket[306] --> Mrs:[537] --> can:[126] --> big:[99] --> die:[222] --> NULL
bucket[307] --> and:[44] --> NULL
bucket[308] --> NULL
bucket[309] --> bar:[81] --> NULL
bucket[310] --> car:[130] --> NULL
bucket[311] --> ago:[26] --> end:[260] --> NULL
bucket[312] --> leg:[461] --> kid:[439] --> act:[10] --> NULL
bucket[313] --> sea:[744] --> all:[31] --> far:[294] --> NULL
bucket[314] --> lie:[467] --> dog:[235] --> eat:[248] --> NULL
bucket[315] --> red:[702] --> off:[573] --> job:[434] --> gas:[342] --> NULL
bucket[316] --> man:[492] --> air:[30] --> NULL
bucket[317] --> see:[750] --> NULL
bucket[318] --> day:[202] --> him:[382] --> NULL
bucket[319] --> old:[582] --> bit:[102] --> ask:[63] --> her:[378] --> NULL
bucket[320] --> arm:[56] --> get:[345] --> she:[768] --> NULL
bucket[321] --> the:[873] --> NULL
bucket[322] --> one:[585] --> few:[301] --> NULL
bucket[323] --> eye:[287] --> NULL
bucket[324] --> oil:[580] --> law:[452] --> his:[384] --> NULL
bucket[325] --> let:[464] --> hit:[386] --> NULL
bucket[326] --> lay:[454] --> NULL
bucket[327] --> per:[621] --> may:[501] --> art:[59] --> for:[325] --> ten:[866] --> NULL
bucket[328] --> any:[48] --> cup:[195] --> NULL
bucket[329] --> key:[438] --> box:[111] --> NULL
bucket[330] --> pay:[618] --> new:[554] --> boy:[112] --> gun:[360] --> war:[946] --> NULL
bucket[331] --> hot:[391] --> but:[120] --> fly:[320] --> NULL
bucket[332] --> set:[761] --> cut:[198] --> NULL
bucket[333] --> say:[738] --> tax:[859] --> use:[931] --> NULL
bucket[334] --> how:[395] --> who:[966] --> win:[974] --> NULL
bucket[335] --> nor:[562] --> lot:[482] --> NULL
bucket[336] --> sex:[764] --> its:[432] --> buy:[121] --> sit:[785] --> son:[803] --> NULL
bucket[337] --> not:[564] --> way:[949] --> yes:[995] --> NULL
bucket[338] --> low:[484] --> too:[901] --> yet:[996] --> NULL
bucket[339] --> top:[902] --> NULL
bucket[340] --> own:[601] --> now:[568] --> six:[788] --> NULL
bucket[341] --> run:[734] --> guy:[361] --> NULL
bucket[342] --> our:[597] --> NULL
bucket[343] --> NULL
bucket[344] --> out:[598] --> why:[970] --> NULL
bucket[345] --> put:[678] --> NULL
bucket[346] --> two:[922] --> NULL
bucket[347] --> NULL
bucket[348] --> NULL
bucket[349] --> you:[997] --> NULL
bucket[350] --> NULL
bucket[351] --> try:[919] --> NULL
bucket[352] --> NULL
bucket[353] --> NULL
bucket[354] --> NULL
bucket[355] --> NULL
bucket[356] --> NULL
bucket[357] --> NULL
bucket[358] --> NULL
bucket[359] --> NULL
bucket[360] --> NULL
bucket[361] --> NULL
bucket[362] --> NULL
bucket[363] --> NULL
bucket[364] --> NULL
bucket[365] --> NULL
bucket[366] --> NULL
bucket[367] --> NULL
bucket[368] --> NULL
bucket[369] --> NULL
bucket[370] --> NULL
bucket[371] --> NULL
bucket[372] --> NULL
bucket[373] --> NULL
bucket[374] --> NULL
bucket[375] --> NULL
bucket[376] --> NULL
bucket[377] --> NULL
bucket[378] --> NULL
bucket[379] --> NULL
bucket[380] --> NULL
bucket[381] --> NULL
bucket[382] --> NULL
bucket[383] --> NULL
bucket[384] --> NULL
bucket[385] --> NULL
bucket[386] --> NULL
bucket[387] --> NULL
bucket[388] --> NULL
bucket[389] --> NULL
bucket[390] --> NULL
bucket[391] --> NULL
bucket[392] --> NULL
bucket[393] --> NULL
bucket[394] --> NULL
bucket[395] --> NULL
bucket[396] --> NULL
bucket[397] --> NULL
bucket[398] --> dead:[203] --> NULL
bucket[399] --> face:[288] --> NULL
bucket[400] --> NULL
bucket[401] --> back:[76] --> each:[244] --> NULL
bucket[402] --> head:[371] --> NULL
bucket[403] --> idea:[402] --> NULL
bucket[404] --> able:[3] --> NULL
bucket[405] --> edge:[251] --> NULL
bucket[406] --> lead:[455] --> deal:[204] --> NULL
bucket[407] --> NULL
bucket[408] --> NULL
bucket[409] --> area:[54] --> NULL
bucket[410] --> card:[131] --> data:[200] --> game:[340] --> NULL
bucket[411] --> race:[683] --> care:[132] --> ball:[79] --> base:[82] --> half:[363] --> hand:[364] --> NULL
bucket[412] --> read:[690] --> need:[551] --> case:[135] --> call:[123] --> bank:[80] --> beat:[84] --> fail:[291] --> feel:[299] --> NULL
bucket[413] --> page:[603] --> NULL
bucket[414] --> make:[491] --> baby:[75] --> deep:[210] --> fact:[289] --> fear:[297] --> hang:[365] --> NULL
bucket[415] --> safe:[735] --> nice:[558] --> land:[445] --> fall:[292] --> hard:[368] --> NULL
bucket[416] --> life:[468] --> cell:[138] --> hear:[373] --> high:[381] --> NULL
bucket[417] --> name:[543] --> mean:[504] --> find:[310] --> NULL
bucket[418] --> cold:[164] --> dark:[199] --> fine:[311] --> free:[333] --> heat:[375] --> NULL
bucket[419] --> bill:[100] --> goal:[350] --> NULL
bucket[420] --> real:[692] --> come:[168] --> hair:[362] --> have:[369] --> here:[379] --> NULL
bucket[421] --> once:[584] --> main:[487] --> like:[470] --> keep:[437] --> side:[775] --> take:[856] --> NULL
bucket[422] --> same:[736] --> road:[729] --> rich:[725] --> near:[548] --> late:[449] --> kind:[441] --> fire:[314] --> NULL
bucket[423] --> pick:[630] --> hold:[387] --> fill:[305] --> team:[862] --> yeah:[993] --> NULL
bucket[424] --> seek:[751] --> pain:[604] --> mind:[519] --> line:[472] --> blue:[105] --> film:[306] --> food:[323] --> NULL
bucket[425] --> huge:[397] --> home:[388] --> else:[258] --> good:[351] --> help:[377] --> wide:[971] --> NULL
bucket[426] --> send:[754] --> seem:[752] --> fish:[317] --> five:[318] --> NULL
bucket[427] --> plan:[634] --> meet:[508] --> left:[460] --> book:[108] --> give:[347] --> tend:[867] --> than:[870] --> wife:[972] --> NULL
bucket[428] --> rate:[687] --> kill:[440] --> hope:[389] --> talk:[857] --> week:[953] --> NULL
bucket[429] --> seat:[746] --> much:[538] --> both:[110] --> east:[246] --> fund:[338] --> NULL
bucket[430] --> body:[107] --> best:[95] --> draw:[238] --> even:[270] --> fast:[295] --> firm:[315] --> girl:[346] --> them:[875] --> NULL
bucket[431] --> save:[737] --> rock:[730] --> item:[431] --> also:[37] --> then:[877] --> time:[896] --> walk:[943] --> wear:[952] --> NULL
bucket[432] --> sell:[753] --> none:[561] --> long:[478] --> live:[476] --> join:[435] --> tree:[913] --> wall:[944] --> yard:[992] --> NULL
bucket[433] --> born:[109] --> sign:[776] --> sing:[782] --> tell:[865] --> that:[872] --> year:[994] --> NULL
bucket[434] --> role:[731] --> open:[588] --> away:[74] --> drug:[242] --> easy:[247] --> ever:[273] --> when:[960] --> wind:[975] --> NULL
bucket[435] --> rise:[727] --> more:[528] --> lose:[480] --> full:[337] --> such:[846] --> task:[858] --> NULL
bucket[436] --> last:[448] --> door:[236] --> form:[329] --> from:[335] --> some:[798] --> well:[955] --> what:[958] --> NULL
bucket[437] --> many:[496] --> look:[479] --> drop:[241] --> site:[786] --> skin:[791] --> wait:[942] --> NULL
bucket[438] --> play:[636] --> note:[565] --> love:[483] --> NULL
bucket[439] --> pass:[614] --> part:[608] --> move:[533] --> less:[463] --> song:[804] --> NULL
bucket[440] --> rule:[733] --> past:[615] --> down:[237] --> foot:[324] --> term:[868] --> this:[885] --> will:[973] --> NULL
bucket[441] --> risk:[728] --> cost:[184] --> city:[156] --> NULL
bucket[442] --> into:[426] --> star:[823] --> they:[881] --> want:[945] --> NULL
bucket[443] --> size:[789] --> view:[937] --> whom:[968] --> wish:[977] --> NULL
bucket[444] --> over:[600] --> miss:[521] --> list:[473] --> four:[332] --> step:[829] --> with:[978] --> word:[983] --> NULL
bucket[445] --> room:[732] --> pull:[675] --> news:[555] --> NULL
bucket[446] --> rest:[721] --> hour:[393] --> shot:[771] --> vote:[941] --> NULL
bucket[447] --> next:[557] --> know:[443] --> grow:[357] --> soon:[805] --> sure:[852] --> trip:[915] --> NULL
bucket[448] --> push:[677] --> poor:[644] --> onto:[587] --> test:[869] --> true:[917] --> unit:[926] --> NULL
bucket[449] --> loss:[481] --> show:[774] --> stay:[828] --> NULL
bucket[450] --> only:[586] --> type:[923] --> upon:[929] --> NULL
bucket[451] --> most:[530] --> west:[956] --> work:[984] --> NULL
bucket[452] --> thus:[895] --> NULL
bucket[453] --> NULL
bucket[454] --> just:[436] --> stop:[832] --> very:[935] --> NULL
bucket[455] --> NULL
bucket[456] --> sort:[806] --> town:[906] --> NULL
bucket[457] --> must:[540] --> turn:[920] --> NULL
bucket[458] --> NULL
bucket[459] --> NULL
bucket[460] --> NULL
bucket[461] --> NULL
bucket[462] --> NULL
bucket[463] --> your:[999] --> NULL
bucket[464] --> NULL
bucket[465] --> NULL
bucket[466] --> NULL
bucket[467] --> NULL
bucket[468] --> NULL
bucket[469] --> NULL
bucket[470] --> NULL
bucket[471] --> NULL
bucket[472] --> NULL
bucket[473] --> NULL
bucket[474] --> NULL
bucket[475] --> NULL
bucket[476] --> NULL
bucket[477] --> NULL
bucket[478] --> NULL
bucket[479] --> NULL
bucket[480] --> NULL
bucket[481] --> NULL
bucket[482] --> NULL
bucket[483] --> NULL
bucket[484] --> NULL
bucket[485] --> NULL
bucket[486] --> NULL
bucket[487] --> NULL
bucket[488] --> NULL
bucket[489] --> NULL
bucket[490] --> NULL
bucket[491] --> NULL
bucket[492] --> NULL
bucket[493] --> NULL
bucket[494] --> NULL
bucket[495] --> NULL
bucket[496] --> NULL
bucket[497] --> NULL
bucket[498] --> NULL
bucket[499] --> ahead:[29] --> NULL
bucket[500] --> NULL
bucket[501] --> NULL
bucket[502] --> NULL
bucket[503] --> NULL
bucket[504] --> NULL
bucket[505] --> NULL
bucket[506] --> NULL
bucket[507] --> NULL
bucket[508] --> NULL
bucket[509] --> black:[103] --> NULL
bucket[510] --> peace:[619] --> coach:[163] --> check:[150] --> NULL
bucket[511] --> NULL
bucket[512] --> media:[506] --> again:[21] --> NULL
bucket[513] --> NULL
bucket[514] --> NULL
bucket[515] --> reach:[689] --> image:[405] --> catch:[136] --> NULL
bucket[516] --> child:[151] --> agree:[27] --> field:[302] --> NULL
bucket[517] --> place:[633] --> legal:[462] --> break:[113] --> begin:[90] --> teach:[860] --> NULL
bucket[518] --> piece:[632] --> claim:[158] --> death:[205] --> NULL
bucket[519] --> clear:[160] --> chair:[144] --> NULL
bucket[520] --> board:[106] --> table:[855] --> NULL
bucket[521] --> dream:[239] --> NULL
bucket[522] --> final:[307] --> NULL
bucket[523] --> local:[477] --> large:[447] --> NULL
bucket[524] --> shake:[766] --> space:[811] --> NULL
bucket[525] --> range:[686] --> leave:[459] --> above:[5] --> NULL
bucket[526] --> scene:[739] --> maybe:[502] --> NULL
bucket[527] --> radio:[684] --> alone:[34] --> agent:[25] --> admit:[17] --> force:[326] --> NULL
bucket[528] --> build:[117] --> blood:[104] --> crime:[192] --> trade:[907] --> NULL
bucket[529] --> model:[523] --> laugh:[451] --> cause:[137] --> along:[35] --> eight:[255] --> green:[354] --> NULL
bucket[530] --> offer:[574] --> learn:[457] --> bring:[114] --> among:[41] --> after:[20] --> fight:[303] --> since:[781] --> NULL
bucket[531] --> price:[658] --> avoid:[73] --> great:[353] --> share:[767] --> which:[963] --> NULL
bucket[532] --> raise:[685] --> argue:[55] --> heart:[374] --> speak:[812] --> staff:[819] --> stage:[820] --> NULL
bucket[533] --> ready:[691] --> NULL
bucket[534] --> close:[162] --> class:[159] --> thank:[871] --> voice:[940] --> NULL
bucket[535] --> could:[185] --> civil:[157] --> watch:[947] --> NULL
bucket[536] --> paper:[606] --> light:[469] --> level:[466] --> later:[450] --> there:[879] --> three:[891] --> NULL
bucket[537] --> might:[516] --> major:[489] --> least:[458] --> human:[398] --> small:[792] --> these:[880] --> while:[964] --> NULL
bucket[538] --> phone:[628] --> night:[559] --> adult:[18] --> drive:[240] --> glass:[348] --> smile:[793] --> spend:[816] --> stand:[821] --> thing:[882] --> NULL
bucket[539] --> about:[4] --> third:[884] --> where:[961] --> NULL
bucket[540] --> score:[743] --> order:[593] --> often:[578] --> occur:[571] --> hotel:[392] --> their:[874] --> trial:[914] --> NULL
bucket[541] --> early:[245] --> heavy:[376] --> value:[933] --> NULL
bucket[542] --> sense:[756] --> right:[726] --> enter:[264] --> think:[883] --> under:[924] --> NULL
bucket[543] --> plant:[635] --> color:[167] --> allow:[32] --> cover:[190] --> skill:[790] --> whole:[967] --> NULL
bucket[544] --> never:[553] --> movie:[535] --> focus:[321] --> treat:[911] --> NULL
bucket[545] --> seven:[762] --> music:[539] --> carry:[134] --> state:[825] --> today:[898] --> white:[965] --> NULL
bucket[546] --> other:[595] --> event:[272] --> floor:[319] --> happy:[367] --> woman:[981] --> NULL
bucket[547] --> those:[886] --> water:[948] --> NULL
bucket[548] --> house:[394] --> stock:[831] --> total:[903] --> NULL
bucket[549] --> serve:[759] --> enjoy:[262] --> NULL
bucket[550] --> month:[527] --> apply:[52] --> whose:[969] --> NULL
bucket[551] --> guess:[359] --> tough:[904] --> NULL
bucket[552] --> quite:[682] --> money:[526] --> first:[316] --> still:[830] --> stuff:[841] --> world:[986] --> NULL
bucket[553] --> issue:[429] --> front:[336] --> sound:[807] --> NULL
bucket[554] --> point:[639] --> NULL
bucket[555] --> owner:[602] --> north:[563] --> every:[274] --> would:[988] --> write:[989] --> NULL
bucket[556] --> prove:[672] --> until:[927] --> NULL
bucket[557] --> power:[650] --> mouth:[532] --> court:[189] --> exist:[282] --> group:[356] --> shoot:[769] --> store:[833] --> wrong:[991] --> NULL
bucket[558] --> start:[824] --> NULL
bucket[559] --> visit:[939] --> NULL
bucket[560] --> party:[613] --> short:[770] --> NULL
bucket[561] --> style:[842] --> NULL
bucket[562] --> young:[998] --> NULL
bucket[563] --> south:[809] --> NULL
bucket[564] --> throw:[894] --> NULL
bucket[565] --> NULL
bucket[566] --> NULL
bucket[567] --> truth:[918] --> NULL
bucket[568] --> sport:[817] --> NULL
bucket[569] --> study:[840] --> NULL
bucket[570] --> NULL
bucket[571] --> NULL
bucket[572] --> NULL
bucket[573] --> NULL
bucket[574] --> NULL
bucket[575] --> NULL
bucket[576] --> NULL
bucket[577] --> story:[834] --> NULL
bucket[578] --> NULL
bucket[579] --> worry:[987] --> NULL
bucket[580] --> NULL
bucket[581] --> NULL
bucket[582] --> NULL
bucket[583] --> NULL
bucket[584] --> NULL
bucket[585] --> NULL
bucket[586] --> NULL
bucket[587] --> NULL
bucket[588] --> NULL
bucket[589] --> NULL
bucket[590] --> NULL
bucket[591] --> NULL
bucket[592] --> NULL
bucket[593] --> NULL
bucket[594] --> NULL
bucket[595] --> NULL
bucket[596] --> NULL
bucket[597] --> NULL
bucket[598] --> decade:[207] --> NULL
bucket[599] --> NULL
bucket[600] --> NULL
bucket[601] --> NULL
bucket[602] --> NULL
bucket[603] --> NULL
bucket[604] --> NULL
bucket[605] --> NULL
bucket[606] --> decide:[208] --> NULL
bucket[607] --> NULL
bucket[608] --> NULL
bucket[609] --> NULL
bucket[610] --> chance:[146] --> NULL
bucket[611] --> NULL
bucket[612] --> NULL
bucket[613] --> debate:[206] --> NULL
bucket[614] --> change:[147] --> NULL
bucket[615] --> NULL
bucket[616] --> NULL
bucket[617] --> manage:[493] --> indeed:[414] --> camera:[124] --> affect:[19] --> NULL
bucket[618] --> charge:[149] --> behind:[92] --> NULL
bucket[619] --> choice:[152] --> become:[87] --> NULL
bucket[620] --> office:[575] --> cancer:[127] --> degree:[212] --> NULL
bucket[621] --> leader:[456] --> effect:[253] --> NULL
bucket[622] --> NULL
bucket[623] --> middle:[515] --> NULL
bucket[624] --> accept:[6] --> NULL
bucket[625] --> garden:[341] --> NULL
bucket[626] --> career:[133] --> animal:[45] --> NULL
bucket[627] --> before:[89] --> detail:[218] --> NULL
bucket[628] --> create:[191] --> NULL
bucket[629] --> NULL
bucket[630] --> health:[372] --> NULL
bucket[631] --> agency:[24] --> NULL
bucket[632] --> reduce:[703] --> member:[510] --> attack:[66] --> friend:[334] --> speech:[815] --> NULL
bucket[633] --> appear:[51] --> NULL
bucket[634] --> design:[216] --> father:[296] --> NULL
bucket[635] --> budget:[116] --> finger:[312] --> social:[795] --> NULL
bucket[636] --> second:[747] --> remain:[709] --> police:[640] --> inside:[419] --> happen:[366] --> NULL
bucket[637] --> relate:[706] --> church:[154] --> NULL
bucket[638] --> impact:[407] --> action:[11] --> NULL
bucket[639] --> reveal:[724] --> record:[701] --> public:[674] --> factor:[290] --> NULL
bucket[640] --> dinner:[226] --> NULL
bucket[641] --> recent:[698] --> method:[514] --> choose:[153] --> center:[139] --> beyond:[98] --> either:[256] --> finish:[313] --> NULL
bucket[642] --> notice:[567] --> family:[293] --> figure:[304] --> single:[783] --> NULL
bucket[643] --> period:[625] --> NULL
bucket[644] --> region:[705] --> market:[497] --> NULL
bucket[645] --> people:[620] --> modern:[524] --> NULL
bucket[646] --> rather:[688] --> better:[96] --> effort:[254] --> enough:[263] --> NULL
bucket[647] --> itself:[433] --> entire:[265] --> forget:[328] --> NULL
bucket[648] --> school:[740] --> reason:[696] --> couple:[187] --> threat:[890] --> weight:[954] --> NULL
bucket[649] --> season:[745] --> really:[695] --> number:[570] --> nation:[544] --> common:[170] --> around:[57] --> arrive:[58] --> during:[243] --> expect:[283] --> NULL
bucket[650] --> parent:[607] --> likely:[471] --> anyone:[49] --> energy:[261] --> simple:[779] --> weapon:[951] --> NULL
bucket[651] --> series:[757] --> nearly:[549] --> across:[9] --> doctor:[234] --> former:[330] --> suffer:[848] --> NULL
bucket[652] --> victim:[936] --> NULL
bucket[653] --> player:[637] --> matter:[500] --> NULL
bucket[654] --> remove:[711] --> little:[475] --> assume:[64] --> travel:[910] --> NULL
bucket[655] --> nature:[547] --> mother:[531] --> listen:[474] --> ground:[355] --> should:[772] --> though:[887] --> wonder:[982] --> NULL
bucket[656] --> senior:[755] --> policy:[641] --> myself:[542] --> moment:[525] --> letter:[465] --> almost:[33] --> answer:[47] --> NULL
bucket[657] --> course:[188] --> always:[39] --> source:[808] --> toward:[905] --> NULL
bucket[658] --> sexual:[765] --> minute:[520] --> NULL
bucket[659] --> author:[70] --> follow:[322] --> spring:[818] --> within:[979] --> NULL
bucket[660] --> lawyer:[453] --> amount:[42] --> NULL
bucket[661] --> others:[596] --> NULL
bucket[662] --> NULL
bucket[663] --> person:[626] --> artist:[61] --> street:[836] --> NULL
bucket[664] --> expert:[285] --> window:[976] --> NULL
bucket[665] --> option:[591] --> memory:[511] --> summer:[850] --> NULL
bucket[666] --> sister:[784] --> worker:[985] --> NULL
bucket[667] --> future:[339] --> growth:[358] --> theory:[878] --> NULL
bucket[668] --> report:[712] --> NULL
bucket[669] --> strong:[837] --> writer:[990] --> NULL
bucket[670] --> simply:[780] --> NULL
bucket[671] --> result:[722] --> NULL
bucket[672] --> return:[723] --> NULL
bucket[673] --> NULL
bucket[674] --> NULL
bucket[675] --> NULL
bucket[676] --> NULL
bucket[677] --> system:[854] --> NULL
bucket[678] --> NULL
bucket[679] --> NULL
bucket[680] --> pretty:[656] --> NULL
bucket[681] --> NULL
bucket[682] --> NULL
bucket[683] --> NULL
bucket[684] --> NULL
bucket[685] --> NULL
bucket[686] --> NULL
bucket[687] --> NULL
bucket[688] --> NULL
bucket[689] --> NULL
bucket[690] --> NULL
bucket[691] --> NULL
bucket[692] --> NULL
bucket[693] --> NULL
bucket[694] --> NULL
bucket[695] --> NULL
bucket[696] --> NULL
bucket[697] --> NULL
bucket[698] --> NULL
bucket[699] --> NULL
bucket[700] --> NULL
bucket[701] --> NULL
bucket[702] --> NULL
bucket[703] --> NULL
bucket[704] --> NULL
bucket[705] --> NULL
bucket[706] --> NULL
bucket[707] --> NULL
bucket[708] --> NULL
bucket[709] --> NULL
bucket[710] --> NULL
bucket[711] --> NULL
bucket[712] --> NULL
bucket[713] --> NULL
bucket[714] --> NULL
bucket[715] --> NULL
bucket[716] --> NULL
bucket[717] --> NULL
bucket[718] --> NULL
bucket[719] --> medical:[507] --> NULL
bucket[720] --> NULL
bucket[721] --> NULL
bucket[722] --> NULL
bucket[723] --> federal:[298] --> NULL
bucket[724] --> NULL
bucket[725] --> machine:[485] --> NULL
bucket[726] --> NULL
bucket[727] --> NULL
bucket[728] --> because:[86] --> NULL
bucket[729] --> NULL
bucket[730] --> science:[741] --> imagine:[406] --> defense:[211] --> feeling:[300] --> NULL
bucket[731] --> manager:[495] --> college:[166] --> NULL
bucket[732] --> believe:[93] --> teacher:[861] --> NULL
bucket[733] --> benefit:[94] --> NULL
bucket[734] --> officer:[576] --> capital:[129] --> disease:[232] --> general:[343] --> NULL
bucket[735] --> NULL
bucket[736] --> NULL
bucket[737] --> special:[813] --> NULL
bucket[738] --> already:[36] --> NULL
bucket[739] --> receive:[697] --> NULL
bucket[740] --> include:[411] --> article:[60] --> NULL
bucket[741] --> reflect:[704] --> message:[513] --> husband:[400] --> NULL
bucket[742] --> kitchen:[442] --> certain:[142] --> address:[15] --> NULL
bucket[743] --> compare:[173] --> against:[22] --> NULL
bucket[744] --> instead:[420] --> himself:[383] --> concern:[175] --> NULL
bucket[745] --> meeting:[509] --> central:[140] --> billion:[101] --> herself:[380] --> surface:[853] --> NULL
bucket[746] --> hundred:[399] --> between:[97] --> foreign:[327] --> NULL
bucket[747] --> NULL
bucket[748] --> realize:[694] --> contain:[181] --> clearly:[161] --> evening:[271] --> example:[280] --> NULL
bucket[749] --> account:[8] --> NULL
bucket[750] --> ability:[2] --> despite:[217] --> NULL
bucket[751] --> prepare:[652] --> develop:[220] --> finally:[308] --> NULL
bucket[752] --> subject:[843] --> NULL
bucket[753] --> service:[760] --> problem:[661] --> another:[46] --> explain:[286] --> similar:[778] --> NULL
bucket[754] --> several:[763] --> produce:[663] --> measure:[505] --> soldier:[797] --> NULL
bucket[755] --> perhaps:[624] --> NULL
bucket[756] --> million:[518] --> NULL
bucket[757] --> section:[748] --> patient:[616] --> forward:[331] --> NULL
bucket[758] --> citizen:[155] --> brother:[115] --> someone:[800] --> NULL
bucket[759] --> project:[669] --> nothing:[566] --> natural:[546] --> company:[172] --> whether:[962] --> NULL
bucket[760] --> program:[668] --> NULL
bucket[761] --> provide:[673] --> success:[844] --> NULL
bucket[762] --> reality:[693] --> morning:[529] --> mention:[512] --> economy:[250] --> exactly:[279] --> NULL
bucket[763] --> respond:[718] --> private:[659] --> perform:[622] --> NULL
bucket[764] --> picture:[631] --> partner:[612] --> NULL
bucket[765] --> require:[715] --> outside:[599] --> tonight:[900] --> trouble:[916] --> NULL
bucket[766] --> pattern:[617] --> discuss:[230] --> NULL
bucket[767] --> process:[662] --> NULL
bucket[768] --> however:[396] --> society:[796] --> NULL
bucket[769] --> protect:[671] --> product:[664] --> present:[653] --> control:[183] --> through:[892] --> NULL
bucket[770] --> quickly:[681] --> mission:[522] --> improve:[409] --> station:[827] --> suggest:[849] --> NULL
bucket[771] --> popular:[645] --> involve:[428] --> current:[196] --> thought:[888] --> NULL
bucket[772] --> prevent:[657] --> culture:[194] --> NULL
bucket[773] --> NULL
bucket[774] --> NULL
bucket[775] --> student:[839] --> NULL
bucket[776] --> western:[957] --> NULL
bucket[777] --> quality:[679] --> various:[934] --> NULL
bucket[778] --> serious:[758] --> network:[552] --> century:[141] --> NULL
bucket[779] --> NULL
bucket[780] --> NULL
bucket[781] --> NULL
bucket[782] --> purpose:[676] --> NULL
bucket[783] --> usually:[932] --> NULL
bucket[784] --> NULL
bucket[785] --> NULL
bucket[786] --> history:[385] --> NULL
bucket[787] --> NULL
bucket[788] --> country:[186] --> without:[980] --> NULL
bucket[789] --> NULL
bucket[790] --> NULL
bucket[791] --> NULL
bucket[792] --> NULL
bucket[793] --> NULL
bucket[794] --> NULL
bucket[795] --> NULL
bucket[796] --> NULL
bucket[797] --> support:[851] --> NULL
bucket[798] --> NULL
bucket[799] --> NULL
bucket[800] --> American:[40] --> NULL
bucket[801] --> NULL
bucket[802] --> NULL
bucket[803] --> NULL
bucket[804] --> NULL
bucket[805] --> NULL
bucket[806] --> NULL
bucket[807] --> NULL
bucket[808] --> NULL
bucket[809] --> NULL
bucket[810] --> NULL
bucket[811] --> NULL
bucket[812] --> NULL
bucket[813] --> NULL
bucket[814] --> NULL
bucket[815] --> Democrat:[213] --> NULL
bucket[816] --> NULL
bucket[817] --> NULL
bucket[818] --> NULL
bucket[819] --> NULL
bucket[820] --> NULL
bucket[821] --> NULL
bucket[822] --> NULL
bucket[823] --> NULL
bucket[824] --> NULL
bucket[825] --> NULL
bucket[826] --> NULL
bucket[827] --> NULL
bucket[828] --> NULL
bucket[829] --> official:[577] --> NULL
bucket[830] --> audience:[69] --> NULL
bucket[831] --> NULL
bucket[832] --> campaign:[125] --> NULL
bucket[833] --> indicate:[415] --> describe:[215] --> NULL
bucket[834] --> NULL
bucket[835] --> evidence:[278] --> NULL
bucket[836] --> language:[446] --> Congress:[178] --> NULL
bucket[837] --> NULL
bucket[838] --> specific:[814] --> NULL
bucket[839] --> NULL
bucket[840] --> marriage:[498] --> NULL
bucket[841] --> NULL
bucket[842] --> increase:[413] --> NULL
bucket[843] --> practice:[651] --> NULL
bucket[844] --> magazine:[486] --> NULL
bucket[845] --> research:[716] --> economic:[249] --> NULL
bucket[846] --> building:[118] --> approach:[53] --> decision:[209] --> NULL
bucket[847] --> remember:[710] --> material:[499] --> NULL
bucket[848] --> behavior:[91] --> NULL
bucket[849] --> maintain:[488] --> standard:[822] --> NULL
bucket[850] --> NULL
bucket[851] --> election:[257] --> NULL
bucket[852] --> daughter:[201] --> NULL
bucket[853] --> violence:[938] --> NULL
bucket[854] --> national:[545] --> NULL
bucket[855] --> consider:[179] --> NULL
bucket[856] --> NULL
bucket[857] --> NULL
bucket[858] --> painting:[605] --> NULL
bucket[859] --> probably:[660] --> NULL
bucket[860] --> identify:[403] --> although:[38] --> director:[228] --> training:[909] --> NULL
bucket[861] --> physical:[629] --> NULL
bucket[862] --> NULL
bucket[863] --> actually:[13] --> discover:[229] --> NULL
bucket[864] --> employee:[259] --> NULL
bucket[865] --> possible:[649] --> NULL
bucket[866] --> anything:[50] --> somebody:[799] --> together:[899] --> NULL
bucket[867] --> NULL
bucket[868] --> personal:[627] --> hospital:[390] --> analysis:[43] --> NULL
bucket[869] --> continue:[182] --> NULL
bucket[870] --> recently:[699] --> shoulder:[773] --> thousand:[889] --> whatever:[959] --> NULL
bucket[871] --> politics:[643] --> NULL
bucket[872] --> resource:[717] --> suddenly:[847] --> NULL
bucket[873] --> NULL
bucket[874] --> NULL
bucket[875] --> movement:[534] --> military:[517] --> NULL
bucket[876] --> consumer:[180] --> business:[119] --> cultural:[193] --> NULL
bucket[877] --> activity:[12] --> everyone:[276] --> NULL
bucket[878] --> interest:[422] --> NULL
bucket[879] --> response:[719] --> majority:[490] --> computer:[174] --> NULL
bucket[880] --> NULL
bucket[881] --> NULL
bucket[882] --> customer:[197] --> NULL
bucket[883] --> positive:[648] --> strategy:[835] --> NULL
bucket[884] --> NULL
bucket[885] --> position:[647] --> NULL
bucket[886] --> attorney:[68] --> NULL
bucket[887] --> NULL
bucket[888] --> security:[749] --> question:[680] --> southern:[810] --> NULL
bucket[889] --> pressure:[655] --> yourself:[1000] --> NULL
bucket[890] --> NULL
bucket[891] --> NULL
bucket[892] --> NULL
bucket[893] --> NULL
bucket[894] --> NULL
bucket[895] --> NULL
bucket[896] --> NULL
bucket[897] --> NULL
bucket[898] --> industry:[417] --> NULL
bucket[899] --> NULL
bucket[900] --> NULL
bucket[901] --> property:[670] --> NULL
bucket[902] --> NULL
bucket[903] --> NULL
bucket[904] --> NULL
bucket[905] --> NULL
bucket[906] --> NULL
bucket[907] --> NULL
bucket[908] --> NULL
bucket[909] --> NULL
bucket[910] --> NULL
bucket[911] --> NULL
bucket[912] --> NULL
bucket[913] --> NULL
bucket[914] --> NULL
bucket[915] --> NULL
bucket[916] --> NULL
bucket[917] --> NULL
bucket[918] --> NULL
bucket[919] --> NULL
bucket[920] --> NULL
bucket[921] --> NULL
bucket[922] --> NULL
bucket[923] --> NULL
bucket[924] --> NULL
bucket[925] --> candidate:[128] --> NULL
bucket[926] --> NULL
bucket[927] --> NULL
bucket[928] --> NULL
bucket[929] --> available:[72] --> NULL
bucket[930] --> NULL
bucket[931] --> challenge:[145] --> NULL
bucket[932] --> NULL
bucket[933] --> financial:[309] --> NULL
bucket[934] --> NULL
bucket[935] --> NULL
bucket[936] --> NULL
bucket[937] --> NULL
bucket[938] --> according:[7] --> NULL
bucket[939] --> NULL
bucket[940] --> NULL
bucket[941] --> character:[148] --> NULL
bucket[942] --> NULL
bucket[943] --> NULL
bucket[944] --> NULL
bucket[945] --> NULL
bucket[946] --> NULL
bucket[947] --> NULL
bucket[948] --> NULL
bucket[949] --> NULL
bucket[950] --> NULL
bucket[951] --> different:[224] --> NULL
bucket[952] --> agreement:[28] --> NULL
bucket[953] --> NULL
bucket[954] --> difficult:[225] --> NULL
bucket[955] --> NULL
bucket[956] --> education:[252] --> NULL
bucket[957] --> including:[412] --> determine:[219] --> NULL
bucket[958] --> NULL
bucket[959] --> establish:[269] --> NULL
bucket[960] --> knowledge:[444] --> NULL
bucket[961] --> political:[642] --> beautiful:[85] --> direction:[227] --> NULL
bucket[962] --> NULL
bucket[963] --> NULL
bucket[964] --> NULL
bucket[965] --> NULL
bucket[966] --> recognize:[700] --> NULL
bucket[967] --> condition:[176] --> NULL
bucket[968] --> NULL
bucket[969] --> NULL
bucket[970] --> NULL
bucket[971] --> certainly:[143] --> NULL
bucket[972] --> NULL
bucket[973] --> necessary:[550] --> NULL
bucket[974] --> president:[654] --> something:[801] --> NULL
bucket[975] --> NULL
bucket[976] --> NULL
bucket[977] --> operation:[589] --> NULL
bucket[978] --> executive:[281] --> NULL
bucket[979] --> religious:[708] --> NULL
bucket[980] --> treatment:[912] --> NULL
bucket[981] --> newspaper:[556] --> statement:[826] --> NULL
bucket[982] --> scientist:[742] --> attention:[67] --> sometimes:[802] --> NULL
bucket[983] --> NULL
bucket[984] --> represent:[713] --> NULL
bucket[985] --> everybody:[275] --> NULL
bucket[986] --> NULL
bucket[987] --> NULL
bucket[988] --> NULL
bucket[989] --> interview:[425] --> NULL
bucket[990] --> important:[408] --> NULL
bucket[991] --> NULL
bucket[992] --> situation:[787] --> NULL
bucket[993] --> NULL
bucket[994] --> NULL
bucket[995] --> professor:[667] --> NULL
bucket[996] --> NULL
bucket[997] --> community:[171] --> NULL
bucket[998] --> NULL
bucket[999] --> NULL
bucket[1000] --> NULL
bucket[1001] --> authority:[71] --> NULL
bucket[1002] --> NULL
bucket[1003] --> NULL
bucket[1004] --> NULL
bucket[1005] --> NULL
bucket[1006] --> NULL
bucket[1007] --> NULL
bucket[1008] --> NULL
bucket[1009] --> structure:[838] --> NULL
bucket[1010] --> NULL
bucket[1011] --> NULL
bucket[1012] --> NULL
bucket[1013] --> NULL
bucket[1014] --> NULL
bucket[1015] --> NULL
bucket[1016] --> NULL
bucket[1017] --> NULL
bucket[1018] --> NULL
bucket[1019] --> NULL
bucket[1020] --> NULL
bucket[1021] --> NULL
bucket[1022] --> NULL
bucket[1023] --> NULL
bucket[1024] --> NULL
bucket[1025] --> NULL
bucket[1026] --> NULL
bucket[1027] --> NULL
bucket[1028] --> NULL
bucket[1029] --> Republican:[714] --> NULL
bucket[1030] --> NULL
bucket[1031] --> NULL
bucket[1032] --> NULL
bucket[1033] --> NULL
bucket[1034] --> NULL
bucket[1035] --> difference:[223] --> NULL
bucket[1036] --> NULL
bucket[1037] --> NULL
bucket[1038] --> NULL
bucket[1039] --> NULL
bucket[1040] --> NULL
bucket[1041] --> NULL
bucket[1042] --> NULL
bucket[1043] --> NULL
bucket[1044] --> NULL
bucket[1045] --> NULL
bucket[1046] --> NULL
bucket[1047] --> NULL
bucket[1048] --> conference:[177] --> NULL
bucket[1049] --> NULL
bucket[1050] --> NULL
bucket[1051] --> democratic:[214] --> NULL
bucket[1052] --> commercial:[169] --> NULL
bucket[1053] --> management:[494] --> NULL
bucket[1054] --> NULL
bucket[1055] --> NULL
bucket[1056] --> NULL
bucket[1057] --> NULL
bucket[1058] --> NULL
bucket[1059] --> NULL
bucket[1060] --> NULL
bucket[1061] --> NULL
bucket[1062] --> NULL
bucket[1063] --> NULL
bucket[1064] --> experience:[284] --> NULL
bucket[1065] --> individual:[416] --> NULL
bucket[1066] --> NULL
bucket[1067] --> especially:[268] --> NULL
bucket[1068] --> collection:[165] --> generation:[344] --> NULL
bucket[1069] --> NULL
bucket[1070] --> NULL
bucket[1071] --> NULL
bucket[1072] --> NULL
bucket[1073] --> NULL
bucket[1074] --> NULL
bucket[1075] --> NULL
bucket[1076] --> NULL
bucket[1077] --> NULL
bucket[1078] --> NULL
bucket[1079] --> particular:[610] --> NULL
bucket[1080] --> understand:[925] --> NULL
bucket[1081] --> NULL
bucket[1082] --> NULL
bucket[1083] --> NULL
bucket[1084] --> technology:[863] --> NULL
bucket[1085] --> NULL
bucket[1086] --> NULL
bucket[1087] --> NULL
bucket[1088] --> successful:[845] --> themselves:[876] --> NULL
bucket[1089] --> NULL
bucket[1090] --> television:[864] --> NULL
bucket[1091] --> NULL
bucket[1092] --> discussion:[231] --> NULL
bucket[1093] --> everything:[277] --> government:[352] --> NULL
bucket[1094] --> NULL
bucket[1095] --> production:[665] --> NULL
bucket[1096] --> NULL
bucket[1097] --> NULL
bucket[1098] --> NULL
bucket[1099] --> population:[646] --> NULL
bucket[1100] --> NULL
bucket[1101] --> investment:[427] --> NULL
bucket[1102] --> NULL
bucket[1103] --> NULL
bucket[1104] --> NULL
bucket[1105] --> NULL
bucket[1106] --> NULL
bucket[1107] --> NULL
bucket[1108] --> NULL
bucket[1109] --> NULL
bucket[1110] --> NULL
bucket[1111] --> NULL
bucket[1112] --> NULL
bucket[1113] --> throughout:[893] --> NULL
bucket[1114] --> NULL
bucket[1115] --> NULL
bucket[1116] --> NULL
bucket[1117] --> NULL
bucket[1118] --> NULL
bucket[1119] --> NULL
bucket[1120] --> NULL
bucket[1121] --> NULL
bucket[1122] --> NULL
bucket[1123] --> NULL
bucket[1124] --> NULL
bucket[1125] --> NULL
bucket[1126] --> NULL
bucket[1127] --> NULL
bucket[1128] --> NULL
bucket[1129] --> NULL
bucket[1130] --> NULL
bucket[1131] --> NULL
bucket[1132] --> NULL
bucket[1133] --> NULL
bucket[1134] --> NULL
bucket[1135] --> NULL
bucket[1136] --> NULL
bucket[1137] --> NULL
bucket[1138] --> NULL
bucket[1139] --> NULL
bucket[1140] --> NULL
bucket[1141] --> NULL
bucket[1142] --> NULL
bucket[1143] --> NULL
bucket[1144] --> NULL
bucket[1145] --> NULL
bucket[1146] --> NULL
bucket[1147] --> NULL
bucket[1148] --> NULL
bucket[1149] --> NULL
bucket[1150] --> NULL
bucket[1151] --> NULL
bucket[1152] --> NULL
bucket[1153] --> NULL
bucket[1154] --> NULL
bucket[1155] --> NULL
bucket[1156] --> NULL
bucket[1157] --> NULL
bucket[1158] --> NULL
bucket[1159] --> NULL
bucket[1160] --> NULL
bucket[1161] --> NULL
bucket[1162] --> NULL
bucket[1163] --> NULL
bucket[1164] --> NULL
bucket[1165] --> NULL
bucket[1166] --> NULL
bucket[1167] --> significant:[777] --> NULL
bucket[1168] --> NULL
bucket[1169] --> NULL
bucket[1170] --> performance:[623] --> NULL
bucket[1171] --> NULL
bucket[1172] --> NULL
bucket[1173] --> NULL
bucket[1174] --> NULL
bucket[1175] --> NULL
bucket[1176] --> NULL
bucket[1177] --> NULL
bucket[1178] --> NULL
bucket[1179] --> traditional:[908] --> NULL
bucket[1180] --> NULL
bucket[1181] --> NULL
bucket[1182] --> NULL
bucket[1183] --> participant:[609] --> NULL
bucket[1184] --> NULL
bucket[1185] --> NULL
bucket[1186] --> NULL
bucket[1187] --> development:[221] --> NULL
bucket[1188] --> NULL
bucket[1189] --> NULL
bucket[1190] --> information:[418] --> NULL
bucket[1191] --> NULL
bucket[1192] --> NULL
bucket[1193] --> NULL
bucket[1194] --> NULL
bucket[1195] --> NULL
bucket[1196] --> interesting:[423] --> NULL
bucket[1197] --> NULL
bucket[1198] --> NULL
bucket[1199] --> NULL
bucket[1200] --> NULL
bucket[1201] --> NULL
bucket[1202] --> NULL
bucket[1203] --> NULL
bucket[1204] --> NULL
bucket[1205] --> environment:[266] --> NULL
bucket[1206] --> NULL
bucket[1207] --> NULL
bucket[1208] --> NULL
bucket[1209] --> NULL
bucket[1210] --> NULL
bucket[1211] --> NULL
bucket[1212] --> NULL
bucket[1213] --> NULL
bucket[1214] --> NULL
bucket[1215] --> NULL
bucket[1216] --> NULL
bucket[1217] --> NULL
bucket[1218] --> NULL
bucket[1219] --> NULL
bucket[1220] --> NULL
bucket[1221] --> NULL
bucket[1222] --> NULL
bucket[1223] --> NULL
bucket[1224] --> NULL
bucket[1225] --> NULL
bucket[1226] --> institution:[421] --> NULL
bucket[1227] --> NULL
bucket[1228] --> NULL
bucket[1229] --> NULL
bucket[1230] --> NULL
bucket[1231] --> NULL
bucket[1232] --> NULL
bucket[1233] --> NULL
bucket[1234] --> NULL
bucket[1235] --> NULL
bucket[1236] --> NULL
bucket[1237] --> NULL
bucket[1238] --> NULL
bucket[1239] --> NULL
bucket[1240] --> NULL
bucket[1241] --> NULL
bucket[1242] --> NULL
bucket[1243] --> NULL
bucket[1244] --> NULL
bucket[1245] --> opportunity:[590] --> NULL
bucket[1246] --> NULL
bucket[1247] --> NULL
bucket[1248] --> NULL
bucket[1249] --> NULL
bucket[1250] --> NULL
bucket[1251] --> NULL
bucket[1252] --> NULL
bucket[1253] --> NULL
bucket[1254] --> NULL
bucket[1255] --> NULL
bucket[1256] --> NULL
bucket[1257] --> NULL
bucket[1258] --> NULL
bucket[1259] --> NULL
bucket[1260] --> NULL
bucket[1261] --> NULL
bucket[1262] --> NULL
bucket[1263] --> NULL
bucket[1264] --> NULL
bucket[1265] --> NULL
bucket[1266] --> NULL
bucket[1267] --> NULL
bucket[1268] --> NULL
bucket[1269] --> NULL
bucket[1270] --> NULL
bucket[1271] --> NULL
bucket[1272] --> NULL
bucket[1273] --> NULL
bucket[1274] --> NULL
bucket[1275] --> NULL
bucket[1276] --> NULL
bucket[1277] --> NULL
bucket[1278] --> NULL
bucket[1279] --> NULL
bucket[1280] --> NULL
bucket[1281] --> NULL
bucket[1282] --> NULL
bucket[1283] --> NULL
bucket[1284] --> NULL
bucket[1285] --> NULL
bucket[1286] --> NULL
bucket[1287] --> NULL
bucket[1288] --> NULL
bucket[1289] --> NULL
bucket[1290] --> NULL
bucket[1291] --> NULL
bucket[1292] --> NULL
bucket[1293] --> NULL
bucket[1294] --> NULL
bucket[1295] --> NULL
bucket[1296] --> NULL
bucket[1297] --> NULL
bucket[1298] --> relationship:[707] --> NULL
bucket[1299] --> NULL
bucket[1300] --> NULL
bucket[1301] --> professional:[666] --> organization:[594] --> NULL
bucket[1302] --> NULL
bucket[1303] --> NULL
bucket[1304] --> NULL
bucket[1305] --> NULL
bucket[1306] --> NULL
bucket[1307] --> NULL
bucket[1308] --> particularly:[611] --> NULL
bucket[1309] --> NULL
bucket[1310] --> NULL
bucket[1311] --> NULL
bucket[1312] --> NULL
bucket[1313] --> NULL
bucket[1314] --> NULL
bucket[1315] --> NULL
bucket[1316] --> NULL
bucket[1317] --> NULL
bucket[1318] --> NULL
bucket[1319] --> NULL
bucket[1320] --> NULL
bucket[1321] --> NULL
bucket[1322] --> NULL
bucket[1323] --> NULL
bucket[1324] --> NULL
bucket[1325] --> NULL
bucket[1326] --> NULL
bucket[1327] --> NULL
bucket[1328] --> NULL
bucket[1329] --> NULL
bucket[1330] --> NULL
bucket[1331] --> NULL
bucket[1332] --> NULL
bucket[1333] --> NULL
bucket[1334] --> NULL
bucket[1335] --> NULL
bucket[1336] --> NULL
bucket[1337] --> NULL
bucket[1338] --> NULL
bucket[1339] --> NULL
bucket[1340] --> NULL
bucket[1341] --> NULL
bucket[1342] --> NULL
bucket[1343] --> NULL
bucket[1344] --> NULL
bucket[1345] --> NULL
bucket[1346] --> NULL
bucket[1347] --> NULL
bucket[1348] --> NULL
bucket[1349] --> NULL
bucket[1350] --> NULL
bucket[1351] --> NULL
bucket[1352] --> NULL
bucket[1353] --> NULL
bucket[1354] --> NULL
bucket[1355] --> NULL
bucket[1356] --> NULL
bucket[1357] --> NULL
bucket[1358] --> NULL
bucket[1359] --> NULL
bucket[1360] --> NULL
bucket[1361] --> NULL
bucket[1362] --> NULL
bucket[1363] --> NULL
bucket[1364] --> NULL
bucket[1365] --> NULL
bucket[1366] --> NULL
bucket[1367] --> NULL
bucket[1368] --> NULL
bucket[1369] --> NULL
bucket[1370] --> NULL
bucket[1371] --> NULL
bucket[1372] --> NULL
bucket[1373] --> NULL
bucket[1374] --> NULL
bucket[1375] --> NULL
bucket[1376] --> NULL
bucket[1377] --> NULL
bucket[1378] --> NULL
bucket[1379] --> NULL
bucket[1380] --> NULL
bucket[1381] --> NULL
bucket[1382] --> NULL
bucket[1383] --> NULL
bucket[1384] --> NULL
bucket[1385] --> NULL
bucket[1386] --> NULL
bucket[1387] --> NULL
bucket[1388] --> NULL
bucket[1389] --> NULL
bucket[1390] --> NULL
bucket[1391] --> NULL
bucket[1392] --> NULL
bucket[1393] --> NULL
bucket[1394] --> NULL
bucket[1395] --> NULL
bucket[1396] --> NULL
bucket[1397] --> NULL
bucket[1398] --> NULL
bucket[1399] --> NULL
bucket[1400] --> international:[424] --> NULL
bucket[1401] --> NULL
bucket[1402] --> NULL
bucket[1403] --> NULL
bucket[1404] --> NULL
bucket[1405] --> NULL
bucket[1406] --> NULL
bucket[1407] --> NULL
bucket[1408] --> NULL
bucket[1409] --> NULL
bucket[1410] --> environmental:[267] --> NULL
bucket[1411] --> NULL
bucket[1412] --> NULL
bucket[1413] --> NULL
bucket[1414] --> NULL
bucket[1415] --> NULL
bucket[1416] --> NULL
bucket[1417] --> NULL
bucket[1418] --> NULL
bucket[1419] --> NULL
bucket[1420] --> NULL
bucket[1421] --> NULL
bucket[1422] --> NULL
bucket[1423] --> NULL
bucket[1424] --> NULL
bucket[1425] --> NULL
bucket[1426] --> NULL
bucket[1427] --> NULL
bucket[1428] --> NULL
bucket[1429] --> NULL
bucket[1430] --> NULL
bucket[1431] --> NULL
bucket[1432] --> NULL
bucket[1433] --> NULL
bucket[1434] --> NULL
bucket[1435] --> NULL
bucket[1436] --> NULL
bucket[1437] --> NULL
bucket[1438] --> NULL
bucket[1439] --> NULL
bucket[1440] --> NULL
bucket[1441] --> NULL
bucket[1442] --> NULL
bucket[1443] --> NULL
bucket[1444] --> NULL
bucket[1445] --> NULL
bucket[1446] --> NULL
bucket[1447] --> NULL
bucket[1448] --> NULL
bucket[1449] --> NULL
bucket[1450] --> NULL
bucket[1451] --> NULL
bucket[1452] --> NULL
bucket[1453] --> NULL
bucket[1454] --> NULL
bucket[1455] --> NULL
bucket[1456] --> NULL
bucket[1457] --> NULL
bucket[1458] --> NULL
bucket[1459] --> NULL
bucket[1460] --> NULL
bucket[1461] --> NULL
bucket[1462] --> NULL
bucket[1463] --> NULL
bucket[1464] --> NULL
bucket[1465] --> NULL
bucket[1466] --> NULL
bucket[1467] --> NULL
bucket[1468] --> NULL
bucket[1469] --> NULL
bucket[1470] --> NULL
bucket[1471] --> NULL
bucket[1472] --> NULL
bucket[1473] --> NULL
bucket[1474] --> NULL
bucket[1475] --> NULL
bucket[1476] --> NULL
bucket[1477] --> NULL
bucket[1478] --> NULL
bucket[1479] --> NULL
bucket[1480] --> NULL
bucket[1481] --> NULL
bucket[1482] --> NULL
bucket[1483] --> NULL
bucket[1484] --> NULL
bucket[1485] --> NULL
bucket[1486] --> NULL
bucket[1487] --> NULL
bucket[1488] --> NULL
bucket[1489] --> NULL
bucket[1490] --> NULL
bucket[1491] --> NULL
bucket[1492] --> NULL
bucket[1493] --> NULL
bucket[1494] --> NULL
bucket[1495] --> NULL
bucket[1496] --> NULL
bucket[1497] --> NULL
bucket[1498] --> NULL
bucket[1499] --> NULL
bucket[1500] --> NULL
bucket[1501] --> NULL
bucket[1502] --> NULL
bucket[1503] --> NULL
bucket[1504] --> NULL
bucket[1505] --> NULL
bucket[1506] --> NULL
bucket[1507] --> NULL
bucket[1508] --> NULL
bucket[1509] --> NULL
bucket[1510] --> administration:[16] --> NULL
bucket[1511] --> NULL
bucket[1512] --> NULL
bucket[1513] --> NULL
bucket[1514] --> NULL
bucket[1515] --> NULL
bucket[1516] --> NULL
bucket[1517] --> NULL
bucket[1518] --> NULL
bucket[1519] --> NULL
bucket[1520] --> NULL
bucket[1521] --> NULL
bucket[1522] --> NULL
bucket[1523] --> NULL
bucket[1524] --> NULL
bucket[1525] --> NULL
bucket[1526] --> NULL
bucket[1527] --> NULL
bucket[1528] --> NULL
bucket[1529] --> NULL
bucket[1530] --> NULL
bucket[1531] --> NULL
bucket[1532] --> NULL
bucket[1533] --> NULL
bucket[1534] --> NULL
bucket[1535] --> NULL
bucket[1536] --> responsibility:[720] --> NULL
bucket[1537] --> NULL
bucket[1538] --> NULL
bucket[1539] --> NULL
bucket[1540] --> NULL
bucket[1541] --> NULL
bucket[1542] --> NULL
bucket[1543] --> NULL
bucket[1544] --> NULL
bucket[1545] --> NULL
bucket[1546] --> NULL
bucket[1547] --> NULL
bucket[1548] --> NULL
bucket[1549] --> NULL
bucket[1550] --> NULL
bucket[1551] --> NULL
bucket[1552] --> NULL
bucket[1553] --> NULL
bucket[1554] --> NULL
bucket[1555] --> NULL
bucket[1556] --> NULL
bucket[1557] --> NULL
bucket[1558] --> NULL
bucket[1559] --> NULL
bucket[1560] --> NULL
bucket[1561] --> NULL
bucket[1562] --> NULL
bucket[1563] --> NULL
bucket[1564] --> NULL
bucket[1565] --> NULL
bucket[1566] --> NULL
bucket[1567] --> NULL
bucket[1568] --> NULL
bucket[1569] --> NULL
bucket[1570] --> NULL
bucket[1571] --> NULL
bucket[1572] --> NULL
bucket[1573] --> NULL
bucket[1574] --> NULL
bucket[1575] --> NULL
bucket[1576] --> NULL
bucket[1577] --> NULL
bucket[1578] --> NULL
bucket[1579] --> NULL
bucket[1580] --> NULL
bucket[1581] --> NULL
bucket[1582] --> NULL
bucket[1583] --> NULL
bucket[1584] --> NULL
bucket[1585] --> NULL
bucket[1586] --> NULL
bucket[1587] --> NULL
bucket[1588] --> NULL
bucket[1589] --> NULL
bucket[1590] --> NULL
bucket[1591] --> NULL
bucket[1592] --> NULL
bucket[1593] --> NULL
bucket[1594] --> NULL
bucket[1595] --> NULL
bucket[1596] --> NULL
bucket[1597] --> NULL
bucket[1598] --> NULL
bucket[1599] --> NULL
bucket[1600] --> NULL
bucket[1601] --> NULL
bucket[1602] --> NULL
bucket[1603] --> NULL
bucket[1604] --> NULL
bucket[1605] --> NULL
bucket[1606] --> NULL
bucket[1607] --> NULL
bucket[1608] --> NULL
bucket[1609] --> NULL
bucket[1610] --> NULL
bucket[1611] --> NULL
bucket[1612] --> NULL
bucket[1613] --> NULL
bucket[1614] --> NULL
bucket[1615] --> NULL
bucket[1616] --> NULL
bucket[1617] --> NULL
bucket[1618] --> NULL
bucket[1619] --> NULL
bucket[1620] --> NULL
bucket[1621] --> NULL
bucket[1622] --> NULL
bucket[1623] --> NULL
bucket[1624] --> NULL
bucket[1625] --> NULL
bucket[1626] --> NULL
bucket[1627] --> NULL
bucket[1628] --> NULL
bucket[1629] --> NULL
bucket[1630] --> NULL
bucket[1631] --> NULL
bucket[1632] --> NULL
bucket[1633] --> NULL
bucket[1634] --> NULL
bucket[1635] --> NULL
bucket[1636] --> NULL
bucket[1637] --> NULL
bucket[1638] --> NULL
bucket[1639] --> NULL
bucket[1640] --> NULL
bucket[1641] --> NULL
bucket[1642] --> NULL
bucket[1643] --> NULL
bucket[1644] --> NULL
bucket[1645] --> NULL
bucket[1646] --> NULL
bucket[1647] --> NULL
bucket[1648] --> NULL
bucket[1649] --> NULL
bucket[1650] --> NULL
bucket[1651] --> NULL
bucket[1652] --> NULL
bucket[1653] --> NULL
bucket[1654] --> NULL
bucket[1655] --> NULL
bucket[1656] --> NULL
bucket[1657] --> NULL
bucket[1658] --> NULL
bucket[1659] --> NULL
bucket[1660] --> NULL
bucket[1661] --> NULL
bucket[1662] --> NULL
bucket[1663] --> NULL
bucket[1664] --> NULL
bucket[1665] --> NULL
bucket[1666] --> NULL
bucket[1667] --> NULL
bucket[1668] --> NULL
bucket[1669] --> NULL
bucket[1670] --> NULL
bucket[1671] --> NULL
bucket[1672] --> NULL
bucket[1673] --> NULL
bucket[1674] --> NULL
bucket[1675] --> NULL
bucket[1676] --> NULL
bucket[1677] --> NULL
bucket[1678] --> NULL
bucket[1679] --> NULL
bucket[1680] --> NULL
bucket[1681] --> NULL
bucket[1682] --> NULL
bucket[1683] --> NULL
bucket[1684] --> NULL
bucket[1685] --> NULL
bucket[1686] --> NULL
bucket[1687] --> NULL
bucket[1688] --> NULL
bucket[1689] --> NULL
bucket[1690] --> NULL
bucket[1691] --> NULL
bucket[1692] --> NULL
bucket[1693] --> NULL
bucket[1694] --> NULL
bucket[1695] --> NULL
bucket[1696] --> NULL
bucket[1697] --> NULL
bucket[1698] --> NULL
bucket[1699] --> NULL
bucket[1700] --> NULL
bucket[1701] --> NULL
bucket[1702] --> NULL
bucket[1703] --> NULL
bucket[1704] --> NULL
bucket[1705] --> NULL
bucket[1706] --> NULL
bucket[1707] --> NULL
bucket[1708] --> NULL
bucket[1709] --> NULL
bucket[1710] --> NULL
bucket[1711] --> NULL
bucket[1712] --> NULL
bucket[1713] --> NULL
bucket[1714] --> NULL
bucket[1715] --> NULL
bucket[1716] --> NULL
bucket[1717] --> NULL
bucket[1718] --> NULL
bucket[1719] --> NULL
bucket[1720] --> NULL
bucket[1721] --> NULL
bucket[1722] --> NULL
bucket[1723] --> NULL
bucket[1724] --> NULL
bucket[1725] --> NULL
bucket[1726] --> NULL
bucket[1727] --> NULL
bucket[1728] --> NULL
bucket[1729] --> NULL
bucket[1730] --> NULL
bucket[1731] --> NULL
bucket[1732] --> NULL
bucket[1733] --> NULL
bucket[1734] --> NULL
bucket[1735] --> NULL
bucket[1736] --> NULL
bucket[1737] --> NULL
bucket[1738] --> NULL
bucket[1739] --> NULL
bucket[1740] --> NULL
bucket[1741] --> NULL
bucket[1742] --> NULL
bucket[1743] --> NULL
bucket[1744] --> NULL
bucket[1745] --> NULL
bucket[1746] --> NULL
bucket[1747] --> NULL
bucket[1748] --> NULL
bucket[1749] --> NULL
bucket[1750] --> NULL
bucket[1751] --> NULL
bucket[1752] --> NULL
bucket[1753] --> NULL
bucket[1754] --> NULL
bucket[1755] --> NULL
bucket[1756] --> NULL
bucket[1757] --> NULL
bucket[1758] --> NULL
bucket[1759] --> NULL
bucket[1760] --> NULL
bucket[1761] --> NULL
bucket[1762] --> NULL
bucket[1763] --> NULL
bucket[1764] --> NULL
bucket[1765] --> NULL
bucket[1766] --> NULL
bucket[1767] --> NULL
bucket[1768] --> NULL
bucket[1769] --> NULL
bucket[1770] --> NULL
bucket[1771] --> NULL
bucket[1772] --> NULL
bucket[1773] --> NULL
bucket[1774] --> NULL
bucket[1775] --> NULL
bucket[1776] --> NULL
bucket[1777] --> NULL
bucket[1778] --> NULL
bucket[1779] --> NULL
bucket[1780] --> NULL
bucket[1781] --> NULL
bucket[1782] --> NULL
bucket[1783] --> NULL
bucket[1784] --> NULL
bucket[1785] --> NULL
bucket[1786] --> NULL
bucket[1787] --> NULL
bucket[1788] --> NULL
bucket[1789] --> NULL
bucket[1790] --> NULL
bucket[1791] --> NULL
bucket[1792] --> NULL
bucket[1793] --> NULL
bucket[1794] --> NULL
bucket[1795] --> NULL
bucket[1796] --> NULL
bucket[1797] --> NULL
bucket[1798] --> NULL
bucket[1799] --> NULL
bucket[1800] --> NULL
bucket[1801] --> NULL
bucket[1802] --> NULL
bucket[1803] --> NULL
bucket[1804] --> NULL
bucket[1805] --> NULL
bucket[1806] --> NULL
bucket[1807] --> NULL
bucket[1808] --> NULL
bucket[1809] --> NULL
bucket[1810] --> NULL
bucket[1811] --> NULL
bucket[1812] --> NULL
bucket[1813] --> NULL
bucket[1814] --> NULL
bucket[1815] --> NULL
bucket[1816] --> NULL
bucket[1817] --> NULL
bucket[1818] --> NULL
bucket[1819] --> NULL
bucket[1820] --> NULL
bucket[1821] --> NULL
bucket[1822] --> NULL
bucket[1823] --> NULL
bucket[1824] --> NULL
bucket[1825] --> NULL
bucket[1826] --> NULL
bucket[1827] --> NULL
bucket[1828] --> NULL
bucket[1829] --> NULL
bucket[1830] --> NULL
bucket[1831] --> NULL
bucket[1832] --> NULL
bucket[1833] --> NULL
bucket[1834] --> NULL
bucket[1835] --> NULL
bucket[1836] --> NULL
bucket[1837] --> NULL
bucket[1838] --> NULL
bucket[1839] --> NULL
bucket[1840] --> NULL
bucket[1841] --> NULL
bucket[1842] --> NULL
bucket[1843] --> NULL
bucket[1844] --> NULL
bucket[1845] --> NULL
bucket[1846] --> NULL
bucket[1847] --> NULL
bucket[1848] --> NULL
bucket[1849] --> NULL
bucket[1850] --> NULL
bucket[1851] --> NULL
bucket[1852] --> NULL
bucket[1853] --> NULL
bucket[1854] --> NULL
bucket[1855] --> NULL
bucket[1856] --> NULL
bucket[1857] --> NULL
bucket[1858] --> NULL
bucket[1859] --> NULL
bucket[1860] --> NULL
bucket[1861] --> NULL
bucket[1862] --> NULL
bucket[1863] --> NULL
bucket[1864] --> NULL
bucket[1865] --> NULL
bucket[1866] --> NULL
bucket[1867] --> NULL
bucket[1868] --> NULL
bucket[1869] --> NULL
bucket[1870] --> NULL
bucket[1871] --> NULL
bucket[1872] --> NULL
bucket[1873] --> NULL
bucket[1874] --> NULL
bucket[1875] --> NULL
bucket[1876] --> NULL
bucket[1877] --> NULL
bucket[1878] --> NULL
bucket[1879] --> NULL
bucket[1880] --> NULL
bucket[1881] --> NULL
bucket[1882] --> NULL
bucket[1883] --> NULL
bucket[1884] --> NULL
bucket[1885] --> NULL
bucket[1886] --> NULL
bucket[1887] --> NULL
bucket[1888] --> NULL
bucket[1889] --> NULL
bucket[1890] --> NULL
bucket[1891] --> NULL
bucket[1892] --> NULL
bucket[1893] --> NULL
bucket[1894] --> NULL
bucket[1895] --> NULL
bucket[1896] --> NULL
bucket[1897] --> NULL
bucket[1898] --> NULL
bucket[1899] --> NULL
bucket[1900] --> NULL
bucket[1901] --> NULL
bucket[1902] --> NULL
bucket[1903] --> NULL
bucket[1904] --> NULL
bucket[1905] --> NULL
bucket[1906] --> NULL
bucket[1907] --> NULL
bucket[1908] --> NULL
bucket[1909] --> NULL
bucket[1910] --> NULL
bucket[1911] --> NULL
bucket[1912] --> NULL
bucket[1913] --> NULL
bucket[1914] --> NULL
bucket[1915] --> NULL
bucket[1916] --> NULL
bucket[1917] --> NULL
bucket[1918] --> NULL
bucket[1919] --> NULL
bucket[1920] --> NULL
bucket[1921] --> NULL
bucket[1922] --> NULL
bucket[1923] --> NULL
bucket[1924] --> NULL
bucket[1925] --> NULL
bucket[1926] --> NULL
bucket[1927] --> NULL
bucket[1928] --> NULL
bucket[1929] --> NULL
bucket[1930] --> NULL
bucket[1931] --> NULL
bucket[1932] --> NULL
bucket[1933] --> NULL
bucket[1934] --> NULL
bucket[1935] --> NULL
bucket[1936] --> NULL
bucket[1937] --> NULL
bucket[1938] --> NULL
bucket[1939] --> NULL
bucket[1940] --> NULL
bucket[1941] --> NULL
bucket[1942] --> NULL
bucket[1943] --> NULL
bucket[1944] --> NULL
bucket[1945] --> NULL
bucket[1946] --> NULL
bucket[1947] --> NULL
bucket[1948] --> NULL
bucket[1949] --> NULL
bucket[1950] --> NULL
bucket[1951] --> NULL
bucket[1952] --> NULL
bucket[1953] --> NULL
bucket[1954] --> NULL
bucket[1955] --> NULL
bucket[1956] --> NULL
bucket[1957] --> NULL
bucket[1958] --> NULL
bucket[1959] --> NULL
bucket[1960] --> NULL
bucket[1961] --> NULL
bucket[1962] --> NULL
bucket[1963] --> NULL
bucket[1964] --> NULL
bucket[1965] --> NULL
bucket[1966] --> NULL
bucket[1967] --> NULL
bucket[1968] --> NULL
bucket[1969] --> NULL
bucket[1970] --> NULL
bucket[1971] --> NULL
bucket[1972] --> NULL
bucket[1973] --> NULL
bucket[1974] --> NULL
bucket[1975] --> NULL
bucket[1976] --> NULL
bucket[1977] --> NULL
bucket[1978] --> NULL
bucket[1979] --> NULL
bucket[1980] --> NULL
bucket[1981] --> NULL
bucket[1982] --> NULL
bucket[1983] --> NULL
bucket[1984] --> NULL
bucket[1985] --> NULL
bucket[1986] --> NULL
bucket[1987] --> NULL
bucket[1988] --> NULL
bucket[1989] --> NULL
bucket[1990] --> NULL
bucket[1991] --> NULL
bucket[1992] --> NULL
bucket[1993] --> NULL
bucket[1994] --> NULL
bucket[1995] --> NULL
bucket[1996] --> NULL
bucket[1997] --> NULL
bucket[1998] --> NULL
bucket[1999] --> NULL
bucket[2000] --> NULL
bucket[2001] --> NULL
bucket[2002] --> NULL
bucket[2003] --> NULL
bucket[2004] --> NULL
bucket[2005] --> NULL
bucket[2006] --> NULL
bucket[2007] --> NULL
bucket[2008] --> NULL
bucket[2009] --> NULL
bucket[2010] --> NULL
bucket[2011] --> NULL
bucket[2012] --> NULL
bucket[2013] --> NULL
bucket[2014] --> NULL
bucket[2015] --> NULL
bucket[2016] --> NULL
bucket[2017] --> NULL
bucket[2018] --> NULL
bucket[2019] --> NULL
bucket[2020] --> NULL
bucket[2021] --> NULL
bucket[2022] --> NULL
bucket[2023] --> NULL
bucket[2024] --> NULL
bucket[2025] --> NULL
bucket[2026] --> NULL
bucket[2027] --> NULL
bucket[2028] --> NULL
bucket[2029] --> NULL
bucket[2030] --> NULL
bucket[2031] --> NULL
bucket[2032] --> NULL
bucket[2033] --> NULL
bucket[2034] --> NULL
bucket[2035] --> NULL
bucket[2036] --> NULL
bucket[2037] --> NULL
bucket[2038] --> NULL
Type "quit <Enter>" to exit.
>> 
